#
# A fatal error has been detected by the Java Runtime Environment:
#
#  SIGSEGV (0xb) at pc=0x00007efe82792060, pid=10243, tid=139632907462400
#
# JRE version: Java(TM) SE Runtime Environment (8.0_25-b17) (build 1.8.0_25-b17)
# Java VM: Java HotSpot(TM) 64-Bit Server VM (25.25-b02 mixed mode linux-amd64 compressed oops)
# Problematic frame:
# C  0x00007efe82792060
#
# Failed to write core dump. Core dumps have been disabled. To enable core dumping, try "ulimit -c unlimited" before starting Java again
#
# If you would like to submit a bug report, please visit:
#   http://bugreport.sun.com/bugreport/crash.jsp
#

---------------  T H R E A D  ---------------

Current thread (0x0000000000e0f000):  JavaThread "main" [_thread_in_Java, id=10259, stack(0x00007efed1c92000,0x00007efed1d93000)]

siginfo: si_signo: 11 (SIGSEGV), si_code: 1 (SEGV_MAPERR), si_addr: 0x00007efe82792060

Registers:
RAX=0x00000000ee644840, RBX=0x00000000ee6d15a8, RCX=0x00000000ee7e59a0, RDX=0x00000000ee6d15c0
RSP=0x00007efed1d7f448, RBP=0x00000000ee54d018, RSI=0x00000000ee644840, RDI=0x0000000084543838
R8 =0x0000000000000001, R9 =0x00000000ee7e59a0, R10=0x0000000084496208, R11=0x00007efeb27cbe50
R12=0x0000000000000000, R13=0x00000001003fe350, R14=0x0000000000000000, R15=0x0000000000e0f000
RIP=0x00007efe82792060, EFLAGS=0x0000000000010206, CSGSFS=0x0000000000000033, ERR=0x0000000000000014
  TRAPNO=0x000000000000000e

Top of Stack: (sp=0x00007efed1d7f448)
0x00007efed1d7f448:   00007efec1e78b04 00007efeb3247758
0x00007efed1d7f458:   0000000000e0f000 0000000000e0f000
0x00007efed1d7f468:   0000000000000000 00000001003fcef0
0x00007efed1d7f478:   0000000000000000 000000002007fea9
0x00007efed1d7f488:   0000000000000001 0000000000000000
0x00007efed1d7f498:   00000000ee7e4320 00000000ee6d15a8
0x00007efed1d7f4a8:   00000000ee7e59a0 00000000ee6469b0
0x00007efed1d7f4b8:   00000000ee644840 0000000084543838
0x00007efed1d7f4c8:   00000000ee47b8c8 0000000084496208
0x00007efed1d7f4d8:   00007efeb27d80d8 00000000ee54d018
0x00007efed1d7f4e8:   00007efec1eab8b4 ffffffffffffffff
0x00007efed1d7f4f8:   00007efeb32b8830 00000000ee54d018
0x00007efed1d7f508:   00007efec1eb0e9c 00000000ee7e5938
0x00007efed1d7f518:   00007efec15a11d4 00000000ee61f278
0x00007efed1d7f528:   00007efec0d26c00 0000000000000000
0x00007efed1d7f538:   00000000ee644840 00000000ee7e59a0
0x00007efed1d7f548:   00000000ee7e5940 00000000ee529708
0x00007efed1d7f558:   0000000000000000 00000000ee54d018
0x00007efed1d7f568:   00007efec1e9fe1c ffffffffffffffff
0x00007efed1d7f578:   00007efeb32b8518 00007efeb3207450
0x00007efed1d7f588:   0000000000e0f000 0000000100009268
0x00007efed1d7f598:   00007efeb3207450 00007efed1d7f5c0
0x00007efed1d7f5a8:   00007efed0b18639 00007efed1d7f660
0x00007efed1d7f5b8:   00007efed1d7f6b0 00007efed1d7f6a0
0x00007efed1d7f5c8:   00007efed1d7f690 00007efed1d7f6b0
0x00007efed1d7f5d8:   00007efed1d7f6a0 00007efed1d7f720
0x00007efed1d7f5e8:   00007efed08c69c3 0000000000000000
0x00007efed1d7f5f8:   0000000000e0f000 00000000ee529708
0x00007efed1d7f608:   00000000ee7e59a0 00000000ee644840
0x00007efed1d7f618:   00000000ee47b8c8 0000000084496208
0x00007efed1d7f628:   0000000000000000 00000000ee7e59a0
0x00007efed1d7f638:   00000000ee49b498 0000000000000000 

Instructions: (pc=0x00007efe82792060)
0x00007efe82792040:   
[error occurred during error reporting (printing registers, top of stack, instructions near pc), id 0xb]

Register to memory mapping:

RAX=0x00000000ee644840 is an oop
groovy.lang.MetaClassImpl 
 - klass: 'groovy/lang/MetaClassImpl'
RBX=0x00000000ee6d15a8 is an oop
org.codehaus.groovy.runtime.metaclass.MetaMethodIndex$CacheEntry 
 - klass: 'org/codehaus/groovy/runtime/metaclass/MetaMethodIndex$CacheEntry'
RCX=0x00000000ee7e59a0 is an oop
[Ljava.lang.Object; 
 - klass: 'java/lang/Object'[]
 - length: 1
RDX=0x00000000ee6d15c0 is an oop
[Ljava.lang.Class; 
 - klass: 'java/lang/Class'[]
 - length: 1
RSP=0x00007efed1d7f448 is pointing into the stack for thread: 0x0000000000e0f000
RBP=0x00000000ee54d018 is an oop
sun.reflect.DelegatingMethodAccessorImpl 
 - klass: 'sun/reflect/DelegatingMethodAccessorImpl'
RSI=0x00000000ee644840 is an oop
groovy.lang.MetaClassImpl 
 - klass: 'groovy/lang/MetaClassImpl'
RDI=0x0000000084543838 is an oop
org.codehaus.groovy.runtime.metaclass.NewInstanceMetaMethod 
 - klass: 'org/codehaus/groovy/runtime/metaclass/NewInstanceMetaMethod'
R8 =0x0000000000000001 is an unknown value
R9 =0x00000000ee7e59a0 is an oop
[Ljava.lang.Object; 
 - klass: 'java/lang/Object'[]
 - length: 1
R10=0x0000000084496208 is an oop
java.lang.String 
 - klass: 'java/lang/String'
R11=0x00007efeb27cbe50 is pointing into metadata
R12=0x0000000000000000 is an unknown value
R13=0x00000001003fe350 is pointing into metadata
R14=0x0000000000000000 is an unknown value
R15=0x0000000000e0f000 is a thread


Stack: [0x00007efed1c92000,0x00007efed1d93000],  sp=0x00007efed1d7f448,  free space=949k
Native frames: (J=compiled Java code, j=interpreted, Vv=VM code, C=native code)
C  0x00007efe82792060


---------------  P R O C E S S  ---------------

Java Threads: ( => current thread )
  0x00007efead87e800 JavaThread "process reaper" daemon [_thread_blocked, id=10325, stack(0x00007efeb318e000,0x00007efeb31c7000)]
  0x00007efeac003800 JavaThread "Service Thread" daemon [_thread_blocked, id=10271, stack(0x00007efeb93f0000,0x00007efeb94f1000)]
  0x00007efeb4035000 JavaThread "C1 CompilerThread2" daemon [_thread_blocked, id=10270, stack(0x00007efeb94f1000,0x00007efeb95f2000)]
  0x00007efeb4032800 JavaThread "C2 CompilerThread1" daemon [_thread_in_native, id=10269, stack(0x00007efeb95f2000,0x00007efeb96f3000)]
  0x00007efeb4030000 JavaThread "C2 CompilerThread0" daemon [_thread_in_native, id=10268, stack(0x00007efeb96f3000,0x00007efeb97f4000)]
  0x00007efeb402e000 JavaThread "Signal Dispatcher" daemon [_thread_blocked, id=10267, stack(0x00007efeb97f4000,0x00007efeb98f5000)]
  0x00007efeb4001000 JavaThread "Finalizer" daemon [_thread_blocked, id=10266, stack(0x00007efeb98f5000,0x00007efeb99f6000)]
  0x0000000000e7f800 JavaThread "Reference Handler" daemon [_thread_blocked, id=10265, stack(0x00007efeb99f6000,0x00007efeb9af7000)]
=>0x0000000000e0f000 JavaThread "main" [_thread_in_Java, id=10259, stack(0x00007efed1c92000,0x00007efed1d93000)]

Other Threads:
  0x0000000000e78800 VMThread [stack: 0x00007efeb9af7000,0x00007efeb9bf8000] [id=10264]
  0x00007efeac006000 WatcherThread [stack: 0x00007efeb92ef000,0x00007efeb93f0000] [id=10272]

VM state:not at safepoint (normal execution)

VM Mutex/Monitor currently owned by a thread: None

Heap:
 PSYoungGen      total 487424K, used 409524K [0x00000000d6500000, 0x0000000100000000, 0x0000000100000000)
  eden space 464384K, 86% used [0x00000000d6500000,0x00000000eee47aa8,0x00000000f2a80000)
  from space 23040K, 29% used [0x00000000f2a80000,0x00000000f31258a0,0x00000000f4100000)
  to   space 23040K, 0% used [0x00000000fe980000,0x00000000fe980000,0x0000000100000000)
 ParOldGen       total 91648K, used 30343K [0x0000000082e00000, 0x0000000088780000, 0x00000000d6500000)
  object space 91648K, 33% used [0x0000000082e00000,0x0000000084ba1cc8,0x0000000088780000)
 Metaspace       used 44649K, capacity 45752K, committed 45824K, reserved 1089536K
  class space    used 5302K, capacity 5609K, committed 5632K, reserved 1048576K

Card table byte_map: [0x00007efebffe3000,0x00007efec03cd000] byte_map_base: 0x00007efebfbcc000

Marking Bits: (ParMarkBitMap*) 0x00007efed11c72c0
 Begin Bits: [0x00007efebbab3000, 0x00007efebd9fb000)
 End Bits:   [0x00007efebd9fb000, 0x00007efebf943000)

Polling page: 0x00007efed1dce000

CodeCache: size=245760Kb used=24627Kb max_used=24952Kb free=221132Kb
 bounds [0x00007efec078d000, 0x00007efec201d000, 0x00007efecf78d000]
 total_blobs=7243 nmethods=6837 adapters=320
 compilation: enabled

Compilation events (10 events):
Event: 33.021 Thread 0x00007efeb4032800 7833       4       org.codehaus.groovy.runtime.metaclass.MetaClassRegistryImpl$MyThreadLocal::get (20 bytes)
Event: 33.021 Thread 0x00007efeb4035000 nmethod 7832 0x00007efec0dd6ad0 code [0x00007efec0dd6c80, 0x00007efec0dd70f8]
Event: 33.021 Thread 0x00007efeb4032800 nmethod 7833 0x00007efec0dd6790 code [0x00007efec0dd68e0, 0x00007efec0dd6978]
Event: 33.022 Thread 0x00007efeb4035000 7834       3       sun.reflect.ClassFileAssembler::emitConstantPoolNameAndType (28 bytes)
Event: 33.022 Thread 0x00007efeb4035000 nmethod 7834 0x00007efec0dfda90 code [0x00007efec0dfdca0, 0x00007efec0dfe368]
Event: 33.022 Thread 0x00007efeb4032800 7835       4       org.codehaus.groovy.runtime.InvokerHelper::invokeMethod (66 bytes)
Event: 33.023 Thread 0x00007efeb4030000 nmethod 7828 0x00007efec0cd7110 code [0x00007efec0cd7280, 0x00007efec0cd75c8]
Event: 33.023 Thread 0x00007efeb4030000 7837       4       groovy.lang.MetaClassImpl::sameClasses (90 bytes)
Event: 33.025 Thread 0x00007efeb4030000 nmethod 7837 0x00007efec09cdb50 code [0x00007efec09cdca0, 0x00007efec09cde38]
Event: 33.025 Thread 0x00007efeb4030000 7836       4       groovy.lang.MetaClassImpl::getNormalMethodWithCaching (103 bytes)

GC Heap History (10 events):
Event: 6.541 GC heap before
{Heap before GC invocations=7 (full 1):
 PSYoungGen      total 280064K, used 5334K [0x00000000d6500000, 0x00000000e8800000, 0x0000000100000000)
  eden space 262144K, 0% used [0x00000000d6500000,0x00000000d6500000,0x00000000e6500000)
  from space 17920K, 29% used [0x00000000e7680000,0x00000000e7bb5a08,0x00000000e8800000)
  to   space 17920K, 0% used [0x00000000e6500000,0x00000000e6500000,0x00000000e7680000)
 ParOldGen       total 86016K, used 23607K [0x0000000082e00000, 0x0000000088200000, 0x00000000d6500000)
  object space 86016K, 27% used [0x0000000082e00000,0x000000008450de18,0x0000000088200000)
 Metaspace       used 20519K, capacity 20990K, committed 21296K, reserved 1069056K
  class space    used 2490K, capacity 2663K, committed 2688K, reserved 1048576K
Event: 6.712 GC heap after
Heap after GC invocations=7 (full 1):
 PSYoungGen      total 280064K, used 0K [0x00000000d6500000, 0x00000000e8800000, 0x0000000100000000)
  eden space 262144K, 0% used [0x00000000d6500000,0x00000000d6500000,0x00000000e6500000)
  from space 17920K, 0% used [0x00000000e7680000,0x00000000e7680000,0x00000000e8800000)
  to   space 17920K, 0% used [0x00000000e6500000,0x00000000e6500000,0x00000000e7680000)
 ParOldGen       total 70656K, used 19625K [0x0000000082e00000, 0x0000000087300000, 0x00000000d6500000)
  object space 70656K, 27% used [0x0000000082e00000,0x000000008412a4c8,0x0000000087300000)
 Metaspace       used 20519K, capacity 20990K, committed 21296K, reserved 1069056K
  class space    used 2490K, capacity 2663K, committed 2688K, reserved 1048576K
}
Event: 10.825 GC heap before
{Heap before GC invocations=8 (full 1):
 PSYoungGen      total 280064K, used 262144K [0x00000000d6500000, 0x00000000e8800000, 0x0000000100000000)
  eden space 262144K, 100% used [0x00000000d6500000,0x00000000e6500000,0x00000000e6500000)
  from space 17920K, 0% used [0x00000000e7680000,0x00000000e7680000,0x00000000e8800000)
  to   space 17920K, 0% used [0x00000000e6500000,0x00000000e6500000,0x00000000e7680000)
 ParOldGen       total 70656K, used 19625K [0x0000000082e00000, 0x0000000087300000, 0x00000000d6500000)
  object space 70656K, 27% used [0x0000000082e00000,0x000000008412a4c8,0x0000000087300000)
 Metaspace       used 32550K, capacity 33228K, committed 33536K, reserved 1079296K
  class space    used 4044K, capacity 4295K, committed 4352K, reserved 1048576K
Event: 10.876 GC heap after
Heap after GC invocations=8 (full 1):
 PSYoungGen      total 280064K, used 17902K [0x00000000d6500000, 0x00000000f5980000, 0x0000000100000000)
  eden space 262144K, 0% used [0x00000000d6500000,0x00000000d6500000,0x00000000e6500000)
  from space 17920K, 99% used [0x00000000e6500000,0x00000000e767b958,0x00000000e7680000)
  to   space 23040K, 0% used [0x00000000f4300000,0x00000000f4300000,0x00000000f5980000)
 ParOldGen       total 70656K, used 24083K [0x0000000082e00000, 0x0000000087300000, 0x00000000d6500000)
  object space 70656K, 34% used [0x0000000082e00000,0x0000000084584c18,0x0000000087300000)
 Metaspace       used 32550K, capacity 33228K, committed 33536K, reserved 1079296K
  class space    used 4044K, capacity 4295K, committed 4352K, reserved 1048576K
}
Event: 11.225 GC heap before
{Heap before GC invocations=9 (full 1):
 PSYoungGen      total 280064K, used 38773K [0x00000000d6500000, 0x00000000f5980000, 0x0000000100000000)
  eden space 262144K, 7% used [0x00000000d6500000,0x00000000d7961c38,0x00000000e6500000)
  from space 17920K, 99% used [0x00000000e6500000,0x00000000e767b958,0x00000000e7680000)
  to   space 23040K, 0% used [0x00000000f4300000,0x00000000f4300000,0x00000000f5980000)
 ParOldGen       total 70656K, used 24083K [0x0000000082e00000, 0x0000000087300000, 0x00000000d6500000)
  object space 70656K, 34% used [0x0000000082e00000,0x0000000084584c18,0x0000000087300000)
 Metaspace       used 34424K, capacity 35076K, committed 35496K, reserved 1081344K
  class space    used 4265K, capacity 4523K, committed 4608K, reserved 1048576K
Event: 11.254 GC heap after
Heap after GC invocations=9 (full 1):
 PSYoungGen      total 485376K, used 14247K [0x00000000d6500000, 0x00000000f5780000, 0x0000000100000000)
  eden space 464384K, 0% used [0x00000000d6500000,0x00000000d6500000,0x00000000f2a80000)
  from space 20992K, 67% used [0x00000000f4300000,0x00000000f50e9f78,0x00000000f5780000)
  to   space 23040K, 0% used [0x00000000f2a80000,0x00000000f2a80000,0x00000000f4100000)
 ParOldGen       total 70656K, used 24091K [0x0000000082e00000, 0x0000000087300000, 0x00000000d6500000)
  object space 70656K, 34% used [0x0000000082e00000,0x0000000084586c18,0x0000000087300000)
 Metaspace       used 34424K, capacity 35076K, committed 35496K, reserved 1081344K
  class space    used 4265K, capacity 4523K, committed 4608K, reserved 1048576K
}
Event: 11.254 GC heap before
{Heap before GC invocations=10 (full 2):
 PSYoungGen      total 485376K, used 14247K [0x00000000d6500000, 0x00000000f5780000, 0x0000000100000000)
  eden space 464384K, 0% used [0x00000000d6500000,0x00000000d6500000,0x00000000f2a80000)
  from space 20992K, 67% used [0x00000000f4300000,0x00000000f50e9f78,0x00000000f5780000)
  to   space 23040K, 0% used [0x00000000f2a80000,0x00000000f2a80000,0x00000000f4100000)
 ParOldGen       total 70656K, used 24091K [0x0000000082e00000, 0x0000000087300000, 0x00000000d6500000)
  object space 70656K, 34% used [0x0000000082e00000,0x0000000084586c18,0x0000000087300000)
 Metaspace       used 34424K, capacity 35076K, committed 35496K, reserved 1081344K
  class space    used 4265K, capacity 4523K, committed 4608K, reserved 1048576K
Event: 11.457 GC heap after
Heap after GC invocations=10 (full 2):
 PSYoungGen      total 485376K, used 0K [0x00000000d6500000, 0x00000000f5780000, 0x0000000100000000)
  eden space 464384K, 0% used [0x00000000d6500000,0x00000000d6500000,0x00000000f2a80000)
  from space 20992K, 0% used [0x00000000f4300000,0x00000000f4300000,0x00000000f5780000)
  to   space 23040K, 0% used [0x00000000f2a80000,0x00000000f2a80000,0x00000000f4100000)
 ParOldGen       total 91648K, used 30335K [0x0000000082e00000, 0x0000000088780000, 0x00000000d6500000)
  object space 91648K, 33% used [0x0000000082e00000,0x0000000084b9fcc8,0x0000000088780000)
 Metaspace       used 34424K, capacity 35076K, committed 35496K, reserved 1081344K
  class space    used 4265K, capacity 4523K, committed 4608K, reserved 1048576K
}
Event: 16.547 GC heap before
{Heap before GC invocations=11 (full 2):
 PSYoungGen      total 485376K, used 464384K [0x00000000d6500000, 0x00000000f5780000, 0x0000000100000000)
  eden space 464384K, 100% used [0x00000000d6500000,0x00000000f2a80000,0x00000000f2a80000)
  from space 20992K, 0% used [0x00000000f4300000,0x00000000f4300000,0x00000000f5780000)
  to   space 23040K, 0% used [0x00000000f2a80000,0x00000000f2a80000,0x00000000f4100000)
 ParOldGen       total 91648K, used 30335K [0x0000000082e00000, 0x0000000088780000, 0x00000000d6500000)
  object space 91648K, 33% used [0x0000000082e00000,0x0000000084b9fcc8,0x0000000088780000)
 Metaspace       used 36119K, capacity 37020K, committed 37288K, reserved 1081344K
  class space    used 4347K, capacity 4607K, committed 4608K, reserved 1048576K
Event: 16.572 GC heap after
Heap after GC invocations=11 (full 2):
 PSYoungGen      total 487424K, used 6806K [0x00000000d6500000, 0x0000000100000000, 0x0000000100000000)
  eden space 464384K, 0% used [0x00000000d6500000,0x00000000d6500000,0x00000000f2a80000)
  from space 23040K, 29% used [0x00000000f2a80000,0x00000000f31258a0,0x00000000f4100000)
  to   space 23040K, 0% used [0x00000000fe980000,0x00000000fe980000,0x0000000100000000)
 ParOldGen       total 91648K, used 30343K [0x0000000082e00000, 0x0000000088780000, 0x00000000d6500000)
  object space 91648K, 33% used [0x0000000082e00000,0x0000000084ba1cc8,0x0000000088780000)
 Metaspace       used 36119K, capacity 37020K, committed 37288K, reserved 1081344K
  class space    used 4347K, capacity 4607K, committed 4608K, reserved 1048576K
}

Deoptimization events (10 events):
Event: 21.942 Thread 0x0000000000e0f000 Uncommon trap: reason=bimorphic action=maybe_recompile pc=0x00007efec1973068 method=java.util.AbstractList$Itr.hasNext()Z @ 8
Event: 21.942 Thread 0x0000000000e0f000 Uncommon trap: reason=bimorphic action=maybe_recompile pc=0x00007efec1973068 method=java.util.AbstractList$Itr.hasNext()Z @ 8
Event: 21.952 Thread 0x0000000000e0f000 Uncommon trap: reason=predicate action=maybe_recompile pc=0x00007efec1a2d694 method=java.util.AbstractCollection.addAll(Ljava/util/Collection;)Z @ 18
Event: 22.014 Thread 0x0000000000e0f000 Uncommon trap: reason=bimorphic action=maybe_recompile pc=0x00007efec0d4f870 method=java.util.regex.Matcher.search(I)Z @ 86
Event: 22.017 Thread 0x0000000000e0f000 Uncommon trap: reason=bimorphic action=maybe_recompile pc=0x00007efec0d4f870 method=java.util.regex.Matcher.search(I)Z @ 86
Event: 22.021 Thread 0x0000000000e0f000 Uncommon trap: reason=bimorphic action=maybe_recompile pc=0x00007efec0d4f870 method=java.util.regex.Matcher.search(I)Z @ 86
Event: 22.022 Thread 0x0000000000e0f000 Uncommon trap: reason=bimorphic action=maybe_recompile pc=0x00007efec0d4f870 method=java.util.regex.Matcher.search(I)Z @ 86
Event: 22.282 Thread 0x0000000000e0f000 Uncommon trap: reason=bimorphic action=maybe_recompile pc=0x00007efec1c628f4 method=java.nio.charset.CharsetEncoder.encode(Ljava/nio/CharBuffer;Ljava/nio/ByteBuffer;Z)Ljava/nio/charset/CoderResult; @ 57
Event: 22.723 Thread 0x0000000000e0f000 Uncommon trap: reason=class_check action=maybe_recompile pc=0x00007efec09473cc method=java.util.Hashtable.put(Ljava/lang/Object;Ljava/lang/Object;)Ljava/lang/Object; @ 60
Event: 22.723 Thread 0x0000000000e0f000 Uncommon trap: reason=class_check action=maybe_recompile pc=0x00007efec09473cc method=java.util.Hashtable.put(Ljava/lang/Object;Ljava/lang/Object;)Ljava/lang/Object; @ 60

Internal exceptions (10 events):
Event: 33.003 Thread 0x0000000000e0f000 Exception <a 'java/security/PrivilegedActionException'> (0x00000000ee72c888) thrown at [/HUDSON/workspace/8-2-build-linux-amd64/jdk8u25/1514/hotspot/src/share/vm/prims/jvm.cpp, line 1312]
Event: 33.003 Thread 0x0000000000e0f000 Exception <a 'java/security/PrivilegedActionException'> (0x00000000ee72df80) thrown at [/HUDSON/workspace/8-2-build-linux-amd64/jdk8u25/1514/hotspot/src/share/vm/prims/jvm.cpp, line 1312]
Event: 33.003 Thread 0x0000000000e0f000 Exception <a 'java/security/PrivilegedActionException'> (0x00000000ee72f6d0) thrown at [/HUDSON/workspace/8-2-build-linux-amd64/jdk8u25/1514/hotspot/src/share/vm/prims/jvm.cpp, line 1312]
Event: 33.006 Thread 0x0000000000e0f000 Exception <a 'java/security/PrivilegedActionException'> (0x00000000ee73bc08) thrown at [/HUDSON/workspace/8-2-build-linux-amd64/jdk8u25/1514/hotspot/src/share/vm/prims/jvm.cpp, line 1312]
Event: 33.007 Thread 0x0000000000e0f000 Exception <a 'java/security/PrivilegedActionException'> (0x00000000ee745428) thrown at [/HUDSON/workspace/8-2-build-linux-amd64/jdk8u25/1514/hotspot/src/share/vm/prims/jvm.cpp, line 1312]
Event: 33.007 Thread 0x0000000000e0f000 Exception <a 'java/security/PrivilegedActionException'> (0x00000000ee750510) thrown at [/HUDSON/workspace/8-2-build-linux-amd64/jdk8u25/1514/hotspot/src/share/vm/prims/jvm.cpp, line 1312]
Event: 33.007 Thread 0x0000000000e0f000 Exception <a 'java/security/PrivilegedActionException'> (0x00000000ee754980) thrown at [/HUDSON/workspace/8-2-build-linux-amd64/jdk8u25/1514/hotspot/src/share/vm/prims/jvm.cpp, line 1312]
Event: 33.007 Thread 0x0000000000e0f000 Exception <a 'java/security/PrivilegedActionException'> (0x00000000ee761598) thrown at [/HUDSON/workspace/8-2-build-linux-amd64/jdk8u25/1514/hotspot/src/share/vm/prims/jvm.cpp, line 1312]
Event: 33.007 Thread 0x0000000000e0f000 Exception <a 'java/security/PrivilegedActionException'> (0x00000000ee763910) thrown at [/HUDSON/workspace/8-2-build-linux-amd64/jdk8u25/1514/hotspot/src/share/vm/prims/jvm.cpp, line 1312]
Event: 33.008 Thread 0x0000000000e0f000 Exception <a 'java/security/PrivilegedActionException'> (0x00000000ee765ce0) thrown at [/HUDSON/workspace/8-2-build-linux-amd64/jdk8u25/1514/hotspot/src/share/vm/prims/jvm.cpp, line 1312]

Events (10 events):
Event: 33.006 loading class groovy/runtime/metaclass/groovy/xml/StreamingMarkupBuilder$_closure6_closure14MetaClass
Event: 33.006 loading class groovy/runtime/metaclass/groovy/xml/StreamingMarkupBuilder$_closure6_closure14MetaClass done
Event: 33.006 loading class groovy/runtime/metaclass/groovy/xml/StreamingMarkupBuilder$_closure6_closure14MetaClass
Event: 33.006 loading class groovy/runtime/metaclass/groovy/xml/StreamingMarkupBuilder$_closure6_closure14MetaClass done
Event: 33.007 loading class groovy/runtime/metaclass/groovy/xml/StreamingMarkupBuilder$_closure6_closure14MetaClass
Event: 33.007 loading class groovy/runtime/metaclass/groovy/xml/StreamingMarkupBuilder$_closure6_closure14MetaClass done
Event: 33.007 loading class groovy/runtime/metaclass/groovy/xml/StreamingMarkupBuilder$_closure6_closure14MetaClass
Event: 33.007 loading class groovy/runtime/metaclass/groovy/xml/StreamingMarkupBuilder$_closure6_closure14MetaClass done
Event: 33.007 loading class groovy/runtime/metaclass/groovy/xml/StreamingMarkupBuilder$_closure6_closure14MetaClass
Event: 33.007 loading class groovy/runtime/metaclass/groovy/xml/StreamingMarkupBuilder$_closure6_closure14MetaClass done


Dynamic libraries:
00400000-00401000 r-xp 00000000 00:14 138267735                          /gpfs/main/course/cs032/bin/jdk1.8.0_25/bin/java
00600000-00601000 rw-p 00000000 00:14 138267735                          /gpfs/main/course/cs032/bin/jdk1.8.0_25/bin/java
00e06000-01e49000 rw-p 00000000 00:00 0                                  [heap]
82e00000-88780000 rw-p 00000000 00:00 0 
88780000-d6500000 ---p 00000000 00:00 0 
d6500000-100000000 rw-p 00000000 00:00 0 
100000000-100580000 rw-p 00000000 00:00 0 
100580000-140000000 ---p 00000000 00:00 0 
7efeac000000-7efeadb9f000 rw-p 00000000 00:00 0 
7efeadb9f000-7efeb0000000 ---p 00000000 00:00 0 
7efeb24b9000-7efeb25f9000 rw-p 00000000 00:00 0 
7efeb25f9000-7efeb26b9000 ---p 00000000 00:00 0 
7efeb26b9000-7efeb28b9000 rw-p 00000000 00:00 0 
7efeb298e000-7efeb2b8e000 rw-p 00000000 00:00 0 
7efeb2b8e000-7efeb2d8e000 rw-p 00000000 00:00 0 
7efeb2d8e000-7efeb2f8e000 rw-p 00000000 00:00 0 
7efeb2f8e000-7efeb318e000 rw-p 00000000 00:00 0 
7efeb318e000-7efeb3191000 ---p 00000000 00:00 0 
7efeb3191000-7efeb33c7000 rw-p 00000000 00:00 0 
7efeb33c7000-7efeb33c9000 r--s 00001000 00:18 53610055                   /gpfs/nbu/people/ajl4/.m2/repository/org/sonatype/plexus/plexus-build-api/0.0.7/plexus-build-api-0.0.7.jar
7efeb33c9000-7efeb33ce000 r--s 00039000 00:18 53610045                   /gpfs/nbu/people/ajl4/.m2/repository/org/codehaus/plexus/plexus-utils/1.5.6/plexus-utils-1.5.6.jar
7efeb33ce000-7efeb33fc000 r--s 00347000 00:18 53610257                   /gpfs/nbu/people/ajl4/.m2/repository/com/google/code/findbugs/findbugs/3.0.0/findbugs-3.0.0.jar
7efeb33fc000-7efeb35fc000 rw-p 00000000 00:00 0 
7efeb35fc000-7efeb35ff000 ---p 00000000 00:00 0 
7efeb35ff000-7efeb36fd000 rw-p 00000000 00:00 0 
7efeb36fd000-7efeb3700000 ---p 00000000 00:00 0 
7efeb3700000-7efeb37fe000 rw-p 00000000 00:00 0 
7efeb37fe000-7efeb3801000 ---p 00000000 00:00 0 
7efeb3801000-7efeb38ff000 rw-p 00000000 00:00 0 
7efeb38ff000-7efeb3902000 ---p 00000000 00:00 0 
7efeb3902000-7efeb3c00000 rw-p 00000000 00:00 0 
7efeb3c00000-7efeb3e00000 rw-p 00000000 00:00 0 
7efeb3e00000-7efeb4000000 rw-p 00000000 00:00 0 
7efeb4000000-7efeb61c1000 rw-p 00000000 00:00 0 
7efeb61c1000-7efeb8000000 ---p 00000000 00:00 0 
7efeb8002000-7efeb8003000 r--p 00000000 00:00 0 
7efeb8003000-7efeb8008000 r--s 00034000 00:18 53610043                   /gpfs/nbu/people/ajl4/.m2/repository/jgoodies/plastic/1.2.0/plastic-1.2.0.jar
7efeb8008000-7efeb800d000 r--s 00058000 00:18 53610265                   /gpfs/nbu/people/ajl4/.m2/repository/org/ow2/asm/asm-debug-all/5.0.2/asm-debug-all-5.0.2.jar
7efeb800d000-7efeb8013000 r--s 00033000 00:18 53610263                   /gpfs/nbu/people/ajl4/.m2/repository/jaxen/jaxen/1.1.6/jaxen-1.1.6.jar
7efeb8013000-7efeb8015000 r--s 00007000 00:18 53610261                   /gpfs/nbu/people/ajl4/.m2/repository/com/google/code/findbugs/jFormatString/3.0.0/jFormatString-3.0.0.jar
7efeb8015000-7efeb8019000 r--s 0000f000 00:18 53610259                   /gpfs/nbu/people/ajl4/.m2/repository/com/google/code/findbugs/annotations/3.0.0/annotations-3.0.0.jar
7efeb8019000-7efeb8023000 r--s 0008c000 00:18 53610256                   /gpfs/nbu/people/ajl4/.m2/repository/com/google/code/findbugs/bcel-findbugs/6.0/bcel-findbugs-6.0.jar
7efeb8023000-7efeb8025000 r--s 00009000 00:18 53610253                   /gpfs/nbu/people/ajl4/.m2/repository/org/apache/maven/shared/maven-doxia-tools/1.2.1/maven-doxia-tools-1.2.1.jar
7efeb8025000-7efeb8027000 r--s 00008000 00:18 53610252                   /gpfs/nbu/people/ajl4/.m2/repository/org/apache/maven/doxia/doxia-module-fml/1.1.3/doxia-module-fml-1.1.3.jar
7efeb8027000-7efeb8028000 r--s 00003000 00:18 53610249                   /gpfs/nbu/people/ajl4/.m2/repository/org/apache/maven/doxia/doxia-module-xhtml/1.1.3/doxia-module-xhtml-1.1.3.jar
7efeb8028000-7efeb802a000 r--s 0000b000 00:18 53610247                   /gpfs/nbu/people/ajl4/.m2/repository/org/apache/maven/doxia/doxia-decoration-model/1.1.3/doxia-decoration-model-1.1.3.jar
7efeb802a000-7efeb802c000 r--s 00006000 00:18 53610245                   /gpfs/nbu/people/ajl4/.m2/repository/commons-codec/commons-codec/1.2/commons-codec-1.2.jar
7efeb802c000-7efeb8032000 r--s 00045000 00:18 53610243                   /gpfs/nbu/people/ajl4/.m2/repository/commons-httpclient/commons-httpclient/3.1/commons-httpclient-3.1.jar
7efeb8032000-7efeb8033000 r--s 00002000 00:18 53610028                   /gpfs/nbu/people/ajl4/.m2/repository/org/apache/maven/doxia/doxia-logging-api/1.1.3/doxia-logging-api-1.1.3.jar
7efeb8033000-7efeb8036000 r--s 00024000 00:18 53610023                   /gpfs/nbu/people/ajl4/.m2/repository/org/apache/maven/doxia/doxia-core/1.1.3/doxia-core-1.1.3.jar
7efeb8036000-7efeb8088000 r--s 004ce000 00:18 53609692                   /gpfs/nbu/people/ajl4/.m2/repository/org/codehaus/groovy/groovy-all/1.7.4/groovy-all-1.7.4.jar
7efeb8088000-7efeb808b000 r--s 00014000 00:18 53610006                   /gpfs/nbu/people/ajl4/.m2/repository/commons-validator/commons-validator/1.2.0/commons-validator-1.2.0.jar
7efeb808b000-7efeb808d000 r--s 00011000 00:18 53610011                   /gpfs/nbu/people/ajl4/.m2/repository/org/sonatype/gossip/gossip/1.2/gossip-1.2.jar
7efeb808d000-7efeb808e000 r--s 00005000 00:18 53610239                   /gpfs/nbu/people/ajl4/.m2/repository/org/slf4j/slf4j-api/1.5.10/slf4j-api-1.5.10.jar
7efeb808e000-7efeb8090000 r--s 00008000 00:18 53610238                   /gpfs/nbu/people/ajl4/.m2/repository/org/apache/maven/shared/maven-shared-io/1.1/maven-shared-io-1.1.jar
7efeb8090000-7efeb8092000 r--s 00008000 00:18 53610235                   /gpfs/nbu/people/ajl4/.m2/repository/org/apache/maven/shared/file-management/1.2.1/file-management-1.2.1.jar
7efeb8092000-7efeb8096000 r--s 00028000 00:18 53610233                   /gpfs/nbu/people/ajl4/.m2/repository/com/thoughtworks/qdox/qdox/1.12/qdox-1.12.jar
7efeb8096000-7efeb8098000 r--s 00006000 00:18 53610232                   /gpfs/nbu/people/ajl4/.m2/repository/org/sonatype/gshell/gshell-io/2.4/gshell-io-2.4.jar
7efeb8098000-7efeb809b000 r--s 00011000 00:18 53610231                   /gpfs/nbu/people/ajl4/.m2/repository/org/codehaus/gmaven/runtime/gmaven-runtime-support/1.4/gmaven-runtime-support-1.4.jar
7efeb809b000-7efeb809d000 r--s 00005000 00:18 53610227                   /gpfs/nbu/people/ajl4/.m2/repository/org/codehaus/gmaven/runtime/gmaven-runtime-loader/1.4/gmaven-runtime-loader-1.4.jar
7efeb809d000-7efeb809f000 r--s 00010000 00:18 53610225                   /gpfs/nbu/people/ajl4/.m2/repository/org/codehaus/gmaven/gmaven-plugin/1.4/gmaven-plugin-1.4.jar
7efeb809f000-7efeb80a1000 r--s 00007000 00:18 53610223                   /gpfs/nbu/people/ajl4/.m2/repository/org/codehaus/plexus/plexus-interpolation/1.1/plexus-interpolation-1.1.jar
7efeb80a1000-7efeb80a3000 r--s 00014000 00:18 53610221                   /gpfs/nbu/people/ajl4/.m2/repository/jline/jline/0.9.94/jline-0.9.94.jar
7efeb80a3000-7efeb80a5000 r--s 00002000 00:18 53610222                   /gpfs/nbu/people/ajl4/.m2/repository/org/apache/ant/ant-launcher/1.8.2/ant-launcher-1.8.2.jar
7efeb80a5000-7efeb80c3000 r--s 001bb000 00:18 53610219                   /gpfs/nbu/people/ajl4/.m2/repository/org/apache/ant/ant/1.8.2/ant-1.8.2.jar
7efeb80c3000-7efeb80eb000 r--s 0029a000 00:18 53610215                   /gpfs/nbu/people/ajl4/.m2/repository/org/codehaus/groovy/groovy-all-minimal/1.5.8/groovy-all-minimal-1.5.8.jar
7efeb80eb000-7efeb80ed000 r--s 00002000 00:18 53610212                   /gpfs/nbu/people/ajl4/.m2/repository/org/codehaus/gmaven/feature/gmaven-feature-support/1.4/gmaven-feature-support-1.4.jar
7efeb80ed000-7efeb80f0000 r--s 00009000 00:18 53610214                   /gpfs/nbu/people/ajl4/.m2/repository/org/codehaus/gmaven/runtime/gmaven-runtime-1.5/1.4/gmaven-runtime-1.5-1.4.jar
7efeb80f0000-7efeb80f2000 r--s 00003000 00:18 53610210                   /gpfs/nbu/people/ajl4/.m2/repository/org/codehaus/gmaven/feature/gmaven-feature-api/1.4/gmaven-feature-api-1.4.jar
7efeb80f2000-7efeb80f4000 r--s 00004000 00:18 53610213                   /gpfs/nbu/people/ajl4/.m2/repository/org/codehaus/gmaven/runtime/gmaven-runtime-api/1.4/gmaven-runtime-api-1.4.jar
7efeb80f4000-7efeb80f5000 r--s 00002000 00:18 53610209                   /gpfs/nbu/people/ajl4/.m2/repository/org/codehaus/gmaven/gmaven-mojo/1.4/gmaven-mojo-1.4.jar
7efeb80f5000-7efeb80f8000 r--s 0001e000 00:18 53609799                   /gpfs/nbu/people/ajl4/.m2/repository/org/codehaus/mojo/findbugs-maven-plugin/3.0.0/findbugs-maven-plugin-3.0.0.jar
7efeb80f8000-7efeb80fb000 r--s 00014000 00:18 53609564                   /gpfs/nbu/people/ajl4/.m2/repository/net/sourceforge/pmd/pmd-jsp/5.2.1/pmd-jsp-5.2.1.jar
7efeb80fb000-7efeb8108000 r--s 00109000 00:18 53609560                   /gpfs/nbu/people/ajl4/.m2/repository/org/mozilla/rhino/1.7R4/rhino-1.7R4.jar
7efeb8108000-7efeb810c000 r--s 00014000 00:18 53609782                   /gpfs/nbu/people/ajl4/.m2/repository/net/sourceforge/pmd/pmd-javascript/5.2.1/pmd-javascript-5.2.1.jar
7efeb810c000-7efeb8115000 r--s 0002d000 00:18 53609780                   /gpfs/nbu/people/ajl4/.m2/repository/xml-apis/xml-apis/1.4.01/xml-apis-1.4.01.jar
7efeb8115000-7efeb812e000 r--s 00135000 00:18 53609779                   /gpfs/nbu/people/ajl4/.m2/repository/xerces/xercesImpl/2.11.0/xercesImpl-2.11.0.jar
7efeb812e000-7efeb813b000 r--s 000a0000 00:18 53609777                   /gpfs/nbu/people/ajl4/.m2/repository/net/sourceforge/pmd/pmd-java/5.2.1/pmd-java-5.2.1.jar
7efeb813b000-7efeb813d000 r--s 0001e000 00:18 53609774                   /gpfs/nbu/people/ajl4/.m2/repository/net/sourceforge/saxon/saxon/9.1.0.8/saxon-9.1.0.8-dom.jar
7efeb813d000-7efeb813e000 r--s 0000c000 00:18 53609771                   /gpfs/nbu/people/ajl4/.m2/repository/org/ow2/asm/asm/5.0.3/asm-5.0.3.jar
7efeb813e000-7efeb8145000 r--s 0005e000 00:18 53609772                   /gpfs/nbu/people/ajl4/.m2/repository/org/apache/commons/commons-lang3/3.3.2/commons-lang3-3.3.2.jar
7efeb8145000-7efeb8160000 r--s 004b6000 00:18 53609770                   /gpfs/nbu/people/ajl4/.m2/repository/net/sourceforge/saxon/saxon/9.1.0.8/saxon-9.1.0.8.jar
7efeb8160000-7efeb8164000 r--s 00045000 00:18 53609767                   /gpfs/nbu/people/ajl4/.m2/repository/net/java/dev/javacc/javacc/5.0/javacc-5.0.jar
7efeb8164000-7efeb816a000 r--s 00032000 00:18 53609764                   /gpfs/nbu/people/ajl4/.m2/repository/jaxen/jaxen/1.1.4/jaxen-1.1.4.jar
7efeb816a000-7efeb816e000 r--s 0002a000 00:18 53609763                   /gpfs/nbu/people/ajl4/.m2/repository/commons-io/commons-io/2.4/commons-io-2.4.jar
7efeb816e000-7efeb8170000 r--s 0000d000 00:18 53609760                   /gpfs/nbu/people/ajl4/.m2/repository/com/beust/jcommander/1.35/jcommander-1.35.jar
7efeb8170000-7efeb817d000 r--s 00096000 00:18 53609759                   /gpfs/nbu/people/ajl4/.m2/repository/net/sourceforge/pmd/pmd-core/5.2.1/pmd-core-5.2.1.jar
7efeb817d000-7efeb8181000 r--s 00035000 00:18 53609758                   /gpfs/nbu/people/ajl4/.m2/repository/org/codehaus/plexus/plexus-utils/3.0.9/plexus-utils-3.0.9.jar
7efeb8181000-7efeb8186000 r--s 00048000 00:18 53609757                   /gpfs/nbu/people/ajl4/.m2/repository/dom4j/dom4j/1.6.1/dom4j-1.6.1.jar
7efeb8186000-7efeb8188000 r--s 00003000 00:18 53609756                   /gpfs/nbu/people/ajl4/.m2/repository/org/apache/maven/reporting/maven-reporting-impl/2.2/maven-reporting-impl-2.2.jar
7efeb8188000-7efeb818b000 r--s 00018000 00:18 53609558                   /gpfs/nbu/people/ajl4/.m2/repository/org/apache/maven/plugins/maven-pmd-plugin/3.3/maven-pmd-plugin-3.3.jar
7efeb818b000-7efeb81b2000 r--s 001c3000 00:18 53609655                   /gpfs/nbu/people/ajl4/.m2/repository/com/google/guava/guava-jdk5/14.0.1/guava-jdk5-14.0.1.jar
7efeb81b2000-7efeb81b6000 r--s 0002f000 00:18 53609654                   /gpfs/nbu/people/ajl4/.m2/repository/commons-beanutils/commons-beanutils-core/1.8.3/commons-beanutils-core-1.8.3.jar
7efeb81b6000-7efeb81bb000 r--s 00068000 00:18 53609652                   /gpfs/nbu/people/ajl4/.m2/repository/antlr/antlr/2.7.7/antlr-2.7.7.jar
7efeb81bb000-7efeb81cb000 r--s 00092000 00:18 53609649                   /gpfs/nbu/people/ajl4/.m2/repository/com/puppycrawl/tools/checkstyle/5.7/checkstyle-5.7.jar
7efeb81cb000-7efeb81ce000 r--s 0000d000 00:18 53609646                   /gpfs/nbu/people/ajl4/.m2/repository/org/codehaus/plexus/plexus-interpolation/1.19/plexus-interpolation-1.19.jar
7efeb81ce000-7efeb81d0000 r--s 00004000 00:18 53609648                   /gpfs/nbu/people/ajl4/.m2/repository/org/codehaus/plexus/plexus-resources/1.0-alpha-7/plexus-resources-1.0-alpha-7.jar
7efeb81d0000-7efeb81d1000 r--s 0000a000 00:18 53609647                   /gpfs/nbu/people/ajl4/.m2/repository/org/apache/maven/doxia/doxia-integration-tools/1.6/doxia-integration-tools-1.6.jar
7efeb81d1000-7efeb81d3000 r--s 0001a000 00:18 53609569                   /gpfs/nbu/people/ajl4/.m2/repository/org/apache/maven/plugins/maven-checkstyle-plugin/2.13/maven-checkstyle-plugin-2.13.jar
7efeb81d3000-7efeb81d7000 r--s 00037000 00:18 52782046                   /gpfs/nbu/people/ajl4/.m2/repository/org/codehaus/plexus/plexus-utils/3.0.15/plexus-utils-3.0.15.jar
7efeb81d7000-7efeb81de000 r--s 00053000 00:18 52782041                   /gpfs/nbu/people/ajl4/.m2/repository/org/apache/commons/commons-compress/1.8.1/commons-compress-1.8.1.jar
7efeb81de000-7efeb81e0000 r--s 0000d000 00:18 52781768                   /gpfs/nbu/people/ajl4/.m2/repository/org/codehaus/plexus/plexus-io/2.0.12/plexus-io-2.0.12.jar
7efeb81e0000-7efeb81e3000 r--s 0001c000 00:18 53609540                   /gpfs/nbu/people/ajl4/.m2/repository/org/codehaus/plexus/plexus-archiver/2.5/plexus-archiver-2.5.jar
7efeb81e3000-7efeb81e7000 r--s 00028000 00:18 53609537                   /gpfs/nbu/people/ajl4/.m2/repository/com/thoughtworks/qdox/qdox/1.12.1/qdox-1.12.1.jar
7efeb81e7000-7efeb81ee000 r--s 00053000 00:18 53609538                   /gpfs/nbu/people/ajl4/.m2/repository/log4j/log4j/1.2.14/log4j-1.2.14.jar
7efeb81ee000-7efeb81f4000 r--s 00033000 00:18 53609534                   /gpfs/nbu/people/ajl4/.m2/repository/commons-codec/commons-codec/1.6/commons-codec-1.6.jar
7efeb81f4000-7efeb81fa000 r--s 00031000 00:18 53609532                   /gpfs/nbu/people/ajl4/.m2/repository/org/apache/httpcomponents/httpcore/4.2.2/httpcore-4.2.2.jar
7efeb81fa000-7efeb8203000 r--s 00061000 00:18 53609531                   /gpfs/nbu/people/ajl4/.m2/repository/org/apache/httpcomponents/httpclient/4.2.3/httpclient-4.2.3.jar
7efeb8203000-7efeb8207000 r--s 00027000 00:18 53609528                   /gpfs/nbu/people/ajl4/.m2/repository/commons-io/commons-io/2.2/commons-io-2.2.jar
7efeb8207000-7efeb820b000 r--s 0003c000 00:18 53609529                   /gpfs/nbu/people/ajl4/.m2/repository/commons-lang/commons-lang/2.4/commons-lang-2.4.jar
7efeb820b000-7efeb820d000 r--s 00004000 00:18 53609526                   /gpfs/nbu/people/ajl4/.m2/repository/org/apache/maven/doxia/doxia-module-xhtml/1.0/doxia-module-xhtml-1.0.jar
7efeb820d000-7efeb820e000 r--s 00006000 00:18 53609523                   /gpfs/nbu/people/ajl4/.m2/repository/org/apache/maven/doxia/doxia-module-xdoc/1.0/doxia-module-xdoc-1.0.jar
7efeb820e000-7efeb820f000 r--s 00004000 00:18 53609521                   /gpfs/nbu/people/ajl4/.m2/repository/org/apache/maven/doxia/doxia-module-fml/1.0/doxia-module-fml-1.0.jar
7efeb820f000-7efeb8211000 r--s 0000a000 00:18 53609519                   /gpfs/nbu/people/ajl4/.m2/repository/org/apache/maven/doxia/doxia-module-apt/1.0/doxia-module-apt-1.0.jar
7efeb8211000-7efeb821e000 r--s 0007f000 00:18 53609516                   /gpfs/nbu/people/ajl4/.m2/repository/commons-collections/commons-collections/3.2/commons-collections-3.2.jar
7efeb821e000-7efeb821f000 r--s 0000b000 00:18 53609515                   /gpfs/nbu/people/ajl4/.m2/repository/org/apache/maven/doxia/doxia-decoration-model/1.0/doxia-decoration-model-1.0.jar
7efeb821f000-7efeb8222000 r--s 0000b000 00:18 53609514                   /gpfs/nbu/people/ajl4/.m2/repository/org/apache/maven/doxia/doxia-core/1.0/doxia-core-1.0.jar
7efeb8222000-7efeb8224000 r--s 00006000 00:18 53609513                   /gpfs/nbu/people/ajl4/.m2/repository/org/apache/maven/shared/maven-common-artifact-filters/1.3/maven-common-artifact-filters-1.3.jar
7efeb8224000-7efeb8225000 r--s 00006000 00:18 52782015                   /gpfs/nbu/people/ajl4/.m2/repository/org/apache/maven/shared/maven-invoker/2.0.9/maven-invoker-2.0.9.jar
7efeb8225000-7efeb8227000 r--s 00004000 00:18 52781999                   /gpfs/nbu/people/ajl4/.m2/repository/org/apache/maven/maven-archiver/2.5/maven-archiver-2.5.jar
7efeb8227000-7efeb8229000 r--s 00002000 00:18 53609512                   /gpfs/nbu/people/ajl4/.m2/repository/org/codehaus/plexus/plexus-interactivity-api/1.0-alpha-4/plexus-interactivity-api-1.0-alpha-4.jar
7efeb8229000-7efeb822b000 r--s 00009000 00:18 53609511                   /gpfs/nbu/people/ajl4/.m2/repository/commons-cli/commons-cli/1.2/commons-cli-1.2.jar
7efeb822b000-7efeb822d000 r--s 00003000 00:18 52781994                   /gpfs/nbu/people/ajl4/.m2/repository/org/slf4j/jcl-over-slf4j/1.5.6/jcl-over-slf4j-1.5.6.jar
7efeb822d000-7efeb822f000 r--s 00004000 00:18 53609510                   /gpfs/nbu/people/ajl4/.m2/repository/org/slf4j/slf4j-api/1.5.6/slf4j-api-1.5.6.jar
7efeb822f000-7efeb8231000 r--s 00001000 00:18 53609508                   /gpfs/nbu/people/ajl4/.m2/repository/org/slf4j/slf4j-jdk14/1.5.6/slf4j-jdk14-1.5.6.jar
7efeb8231000-7efeb8234000 r--s 00062000 00:18 52781627                   /gpfs/nbu/people/ajl4/.m2/repository/org/apache/maven/plugins/maven-javadoc-plugin/2.10.1/maven-javadoc-plugin-2.10.1.jar
7efeb8234000-7efeb8252000 r--s 0027d000 00:18 52781736                   /gpfs/nbu/people/ajl4/.m2/repository/xalan/xalan/2.7.0/xalan-2.7.0.jar
7efeb8252000-7efeb8257000 r--s 00016000 00:18 52781735                   /gpfs/nbu/people/ajl4/.m2/repository/xml-apis/xml-apis/1.0.b2/xml-apis-1.0.b2.jar
7efeb8257000-7efeb825b000 r--s 00038000 00:18 52781731                   /gpfs/nbu/people/ajl4/.m2/repository/org/codehaus/plexus/plexus-utils/3.0.20/plexus-utils-3.0.20.jar
7efeb825b000-7efeb825d000 r--s 00008000 00:18 52781730                   /gpfs/nbu/people/ajl4/.m2/repository/commons-logging/commons-logging/1.0.4/commons-logging-1.0.4.jar
7efeb825d000-7efeb8261000 r--s 00026000 00:18 52781728                   /gpfs/nbu/people/ajl4/.m2/repository/commons-digester/commons-digester/1.6/commons-digester-1.6.jar
7efeb8261000-7efeb8265000 r--s 00022000 00:18 52781726                   /gpfs/nbu/people/ajl4/.m2/repository/org/apache/maven/doxia/doxia-core/1.2/doxia-core-1.2.jar
7efeb8265000-7efeb8269000 r--s 00025000 00:18 52781725                   /gpfs/nbu/people/ajl4/.m2/repository/org/apache/maven/shared/maven-shared-utils/0.6/maven-shared-utils-0.6.jar
7efeb8269000-7efeb826a000 r--s 00004000 00:18 52781720                   /gpfs/nbu/people/ajl4/.m2/repository/org/apache/maven/reporting/maven-reporting-impl/2.3/maven-reporting-impl-2.3.jar
7efeb826a000-7efeb826c000 r--s 0000b000 00:18 52781717                   /gpfs/nbu/people/ajl4/.m2/repository/org/codehaus/plexus/plexus-interpolation/1.11/plexus-interpolation-1.11.jar
7efeb826c000-7efeb826f000 r--s 00024000 00:18 52781719                   /gpfs/nbu/people/ajl4/.m2/repository/commons-io/commons-io/2.0.1/commons-io-2.0.1.jar
7efeb826f000-7efeb8271000 r--s 0000a000 00:18 52781718                   /gpfs/nbu/people/ajl4/.m2/repository/org/apache/maven/maven-jxr/2.5/maven-jxr-2.5.jar
7efeb8271000-7efeb8275000 r--s 0002f000 00:18 52781721                   /gpfs/nbu/people/ajl4/.m2/repository/commons-lang/commons-lang/2.1/commons-lang-2.1.jar
7efeb8275000-7efeb8277000 r--s 00009000 00:18 52781669                   /gpfs/nbu/people/ajl4/.m2/repository/org/apache/maven/plugins/maven-jxr-plugin/2.5/maven-jxr-plugin-2.5.jar
7efeb8277000-7efeb8477000 rw-p 00000000 00:00 0 
7efeb8477000-7efeb8486000 r--s 00076000 00:18 52781615                   /gpfs/nbu/people/ajl4/.m2/repository/joda-time/joda-time/1.6.2/joda-time-1.6.2.jar
7efeb8486000-7efeb848b000 r--s 00034000 00:18 52781612                   /gpfs/nbu/people/ajl4/.m2/repository/commons-beanutils/commons-beanutils/1.8.3/commons-beanutils-1.8.3.jar
7efeb848b000-7efeb848f000 r--s 00028000 00:18 52781610                   /gpfs/nbu/people/ajl4/.m2/repository/commons-validator/commons-validator/1.4.0/commons-validator-1.4.0.jar
7efeb848f000-7efeb8491000 r--s 0000b000 00:18 52781608                   /gpfs/nbu/people/ajl4/.m2/repository/org/codehaus/plexus/plexus-interpolation/1.9/plexus-interpolation-1.9.jar
7efeb8491000-7efeb8495000 r--s 00035000 00:18 52781606                   /gpfs/nbu/people/ajl4/.m2/repository/org/codehaus/plexus/plexus-utils/3.0.8/plexus-utils-3.0.8.jar
7efeb8495000-7efeb8496000 r--s 00001000 00:18 52781604                   /gpfs/nbu/people/ajl4/.m2/repository/org/codehaus/plexus/plexus-velocity/1.1.7/plexus-velocity-1.1.7.jar
7efeb8496000-7efeb8498000 r--s 00008000 00:18 52781605                   /gpfs/nbu/people/ajl4/.m2/repository/org/apache/maven/doxia/doxia-module-fml/1.2/doxia-module-fml-1.2.jar
7efeb8498000-7efeb849a000 r--s 0000d000 00:18 52781599                   /gpfs/nbu/people/ajl4/.m2/repository/org/apache/maven/doxia/doxia-decoration-model/1.2/doxia-decoration-model-1.2.jar
7efeb849a000-7efeb849c000 r--s 00008000 00:18 52781598                   /gpfs/nbu/people/ajl4/.m2/repository/org/apache/maven/scm/maven-scm-provider-git-commons/1.8/maven-scm-provider-git-commons-1.8.jar
7efeb849c000-7efeb849f000 r--s 0000d000 00:18 52781596                   /gpfs/nbu/people/ajl4/.m2/repository/org/apache/maven/scm/maven-scm-provider-gitexe/1.8/maven-scm-provider-gitexe-1.8.jar
7efeb849f000-7efeb84a3000 r--s 00038000 00:18 52781593                   /gpfs/nbu/people/ajl4/.m2/repository/ch/ethz/ganymed/ganymed-ssh2/build210/ganymed-ssh2-build210.jar
7efeb84a3000-7efeb84ab000 r--s 00090000 00:18 52781591                   /gpfs/nbu/people/ajl4/.m2/repository/org/netbeans/lib/cvsclient/20060125/cvsclient-20060125.jar
7efeb84ab000-7efeb84ad000 r--s 00009000 00:18 52781590                   /gpfs/nbu/people/ajl4/.m2/repository/org/apache/maven/scm/maven-scm-provider-cvsjava/1.8/maven-scm-provider-cvsjava-1.8.jar
7efeb84ad000-7efeb84af000 r--s 00006000 00:18 52781592                   /gpfs/nbu/people/ajl4/.m2/repository/org/apache/maven/scm/maven-scm-provider-cvsexe/1.8/maven-scm-provider-cvsexe-1.8.jar
7efeb84af000-7efeb84b2000 r--s 00011000 00:18 52781586                   /gpfs/nbu/people/ajl4/.m2/repository/org/apache/maven/scm/maven-scm-provider-cvs-commons/1.8/maven-scm-provider-cvs-commons-1.8.jar
7efeb84b2000-7efeb84b7000 r--s 00041000 00:18 52781584                   /gpfs/nbu/people/ajl4/.m2/repository/commons-lang/commons-lang/2.6/commons-lang-2.6.jar
7efeb84b7000-7efeb84ba000 r--s 00010000 00:18 52781583                   /gpfs/nbu/people/ajl4/.m2/repository/org/apache/maven/scm/maven-scm-provider-svnexe/1.8/maven-scm-provider-svnexe-1.8.jar
7efeb84ba000-7efeb84bc000 r--s 00008000 00:18 52781582                   /gpfs/nbu/people/ajl4/.m2/repository/org/apache/maven/scm/maven-scm-provider-svn-commons/1.8/maven-scm-provider-svn-commons-1.8.jar
7efeb84bc000-7efeb84bf000 r--s 00010000 00:18 52781580                   /gpfs/nbu/people/ajl4/.m2/repository/org/apache/maven/scm/maven-scm-provider-starteam/1.8/maven-scm-provider-starteam-1.8.jar
7efeb84bf000-7efeb84c1000 r--s 00012000 00:18 52781576                   /gpfs/nbu/people/ajl4/.m2/repository/org/apache/maven/scm/maven-scm-provider-perforce/1.8/maven-scm-provider-perforce-1.8.jar
7efeb84c1000-7efeb84c3000 r--s 00005000 00:18 52781574                   /gpfs/nbu/people/ajl4/.m2/repository/regexp/regexp/1.3/regexp-1.3.jar
7efeb84c3000-7efeb84c6000 r--s 0000e000 00:18 52781474                   /gpfs/nbu/people/ajl4/.m2/repository/org/apache/maven/scm/maven-scm-provider-hg/1.8/maven-scm-provider-hg-1.8.jar
7efeb84c6000-7efeb84c7000 r--s 00002000 00:18 52781459                   /gpfs/nbu/people/ajl4/.m2/repository/org/apache/maven/scm/maven-scm-manager-plexus/1.8/maven-scm-manager-plexus-1.8.jar
7efeb84c7000-7efeb84cb000 r--s 00016000 00:18 52781468                   /gpfs/nbu/people/ajl4/.m2/repository/org/apache/maven/scm/maven-scm-api/1.8/maven-scm-api-1.8.jar
7efeb84cb000-7efeb84d0000 r--s 00040000 00:18 52781447                   /gpfs/nbu/people/ajl4/.m2/repository/org/jsoup/jsoup/1.6.1/jsoup-1.6.1.jar
7efeb84d0000-7efeb84d2000 r--s 00005000 00:18 52781571                   /gpfs/nbu/people/ajl4/.m2/repository/org/apache/maven/wagon/wagon-http-shared/1.0/wagon-http-shared-1.0.jar
7efeb84d2000-7efeb84d3000 r--s 00003000 00:18 52781570                   /gpfs/nbu/people/ajl4/.m2/repository/org/apache/maven/wagon/wagon-http-lightweight/1.0/wagon-http-lightweight-1.0.jar
7efeb84d3000-7efeb84d4000 r--s 00002000 00:18 52781566                   /gpfs/nbu/people/ajl4/.m2/repository/org/apache/maven/wagon/wagon-file/1.0/wagon-file-1.0.jar
7efeb84d4000-7efeb84d5000 r--s 00002000 00:18 52781565                   /gpfs/nbu/people/ajl4/.m2/repository/org/codehaus/plexus/plexus-interactivity-api/1.0-alpha-6/plexus-interactivity-api-1.0-alpha-6.jar
7efeb84d5000-7efeb84d7000 r--s 00005000 00:18 52781562                   /gpfs/nbu/people/ajl4/.m2/repository/org/apache/maven/wagon/wagon-ssh-common/1.0/wagon-ssh-common-1.0.jar
7efeb84d7000-7efeb84db000 r--s 00031000 00:18 52781560                   /gpfs/nbu/people/ajl4/.m2/repository/com/jcraft/jsch/0.1.44-1/jsch-0.1.44-1.jar
7efeb84db000-7efeb84dc000 r--s 00006000 00:18 52781559                   /gpfs/nbu/people/ajl4/.m2/repository/org/apache/maven/wagon/wagon-ssh/1.0/wagon-ssh-1.0.jar
7efeb84dc000-7efeb84e9000 r--s 0007c000 00:18 52781557                   /gpfs/nbu/people/ajl4/.m2/repository/commons-collections/commons-collections/3.1/commons-collections-3.1.jar
7efeb84e9000-7efeb84ea000 r--s 00006000 00:18 52781555                   /gpfs/nbu/people/ajl4/.m2/repository/jakarta-regexp/jakarta-regexp/1.4/jakarta-regexp-1.4.jar
7efeb84ea000-7efeb84f4000 r--s 00079000 00:18 52781554                   /gpfs/nbu/people/ajl4/.m2/repository/org/apache/bcel/bcel/5.2/bcel-5.2.jar
7efeb84f4000-7efeb84f5000 r--s 00002000 00:18 52781551                   /gpfs/nbu/people/ajl4/.m2/repository/org/codehaus/plexus/plexus-digest/1.0/plexus-digest-1.0.jar
7efeb84f5000-7efeb84f7000 r--s 00008000 00:18 52781548                   /gpfs/nbu/people/ajl4/.m2/repository/org/apache/maven/shared/maven-shared-jar/1.1/maven-shared-jar-1.1.jar
7efeb84f7000-7efeb84f9000 r--s 0000a000 00:18 52781441                   /gpfs/nbu/people/ajl4/.m2/repository/org/apache/maven/shared/maven-doxia-tools/1.4/maven-doxia-tools-1.4.jar
7efeb84f9000-7efeb84fc000 r--s 0000c000 00:18 52781436                   /gpfs/nbu/people/ajl4/.m2/repository/org/apache/maven/shared/maven-dependency-tree/2.1/maven-dependency-tree-2.1.jar
7efeb84fc000-7efeb8504000 r--s 00049000 00:18 52781547                   /gpfs/nbu/people/ajl4/.m2/repository/backport-util-concurrent/backport-util-concurrent/3.1/backport-util-concurrent-3.1.jar
7efeb8504000-7efeb8506000 r--s 00003000 00:18 52781546                   /gpfs/nbu/people/ajl4/.m2/repository/org/apache/maven/reporting/maven-reporting-impl/2.1/maven-reporting-impl-2.1.jar
7efeb8506000-7efeb8508000 r--s 0001a000 00:14 135783392                  /gpfs/main/course/cs032/bin/jdk1.8.0_25/jre/lib/jce.jar
7efeb8508000-7efeb850b000 r--s 00042000 00:18 52781058                   /gpfs/nbu/people/ajl4/.m2/repository/org/apache/maven/plugins/maven-project-info-reports-plugin/2.7/maven-project-info-reports-plugin-2.7.jar
7efeb850b000-7efeb870b000 rw-p 00000000 00:00 0 
7efeb870b000-7efeb870e000 r--s 00018000 00:18 51953608                   /gpfs/nbu/people/ajl4/.m2/repository/commons-io/commons-io/1.4/commons-io-1.4.jar
7efeb870e000-7efeb8713000 r--s 00040000 00:18 51953606                   /gpfs/nbu/people/ajl4/.m2/repository/commons-lang/commons-lang/2.5/commons-lang-2.5.jar
7efeb8713000-7efeb8717000 r--s 00028000 00:18 51953603                   /gpfs/nbu/people/ajl4/.m2/repository/org/mortbay/jetty/jetty-util/6.1.25/jetty-util-6.1.25.jar
7efeb8717000-7efeb8719000 r--s 0001f000 00:18 51953601                   /gpfs/nbu/people/ajl4/.m2/repository/org/mortbay/jetty/servlet-api/2.5-20081211/servlet-api-2.5-20081211.jar
7efeb8719000-7efeb8720000 r--s 0007d000 00:18 51953600                   /gpfs/nbu/people/ajl4/.m2/repository/org/mortbay/jetty/jetty/6.1.25/jetty-6.1.25.jar
7efeb8720000-7efeb8725000 r--s 00040000 00:18 51953598                   /gpfs/nbu/people/ajl4/.m2/repository/org/codehaus/plexus/plexus-utils/1.5.10/plexus-utils-1.5.10.jar
7efeb8725000-7efeb8726000 r--s 00001000 00:18 51953596                   /gpfs/nbu/people/ajl4/.m2/repository/org/codehaus/plexus/plexus-velocity/1.1.8/plexus-velocity-1.1.8.jar
7efeb8726000-7efeb8728000 r--s 0000e000 00:18 51953372                   /gpfs/nbu/people/ajl4/.m2/repository/oro/oro/2.0.8/oro-2.0.8.jar
7efeb8728000-7efeb8730000 r--s 00058000 00:18 51953367                   /gpfs/nbu/people/ajl4/.m2/repository/org/apache/velocity/velocity/1.5/velocity-1.5.jar
7efeb8730000-7efeb8731000 r--s 00002000 00:18 51953355                   /gpfs/nbu/people/ajl4/.m2/repository/org/codehaus/plexus/plexus-i18n/1.0-beta-7/plexus-i18n-1.0-beta-7.jar
7efeb8731000-7efeb8734000 r--s 0000a000 00:18 51953349                   /gpfs/nbu/people/ajl4/.m2/repository/org/codehaus/plexus/plexus-io/1.0/plexus-io-1.0.jar
7efeb8734000-7efeb8738000 r--s 00028000 00:18 51953338                   /gpfs/nbu/people/ajl4/.m2/repository/org/codehaus/plexus/plexus-archiver/1.0/plexus-archiver-1.0.jar
7efeb8738000-7efeb873a000 r--s 0000a000 00:18 51953327                   /gpfs/nbu/people/ajl4/.m2/repository/org/apache/maven/doxia/doxia-integration-tools/1.5/doxia-integration-tools-1.5.jar
7efeb873a000-7efeb8748000 r--s 0007f000 00:18 51953321                   /gpfs/nbu/people/ajl4/.m2/repository/commons-collections/commons-collections/3.2.1/commons-collections-3.2.1.jar
7efeb8748000-7efeb874b000 r--s 0001b000 00:18 51953594                   /gpfs/nbu/people/ajl4/.m2/repository/org/apache/struts/struts-tiles/1.3.8/struts-tiles-1.3.8.jar
7efeb874b000-7efeb8750000 r--s 00039000 00:18 51953593                   /gpfs/nbu/people/ajl4/.m2/repository/org/apache/struts/struts-taglib/1.3.8/struts-taglib-1.3.8.jar
7efeb8750000-7efeb8755000 r--s 00053000 00:18 51953591                   /gpfs/nbu/people/ajl4/.m2/repository/antlr/antlr/2.7.2/antlr-2.7.2.jar
7efeb8755000-7efeb875b000 r--s 0004b000 00:18 51953589                   /gpfs/nbu/people/ajl4/.m2/repository/org/apache/struts/struts-core/1.3.8/struts-core-1.3.8.jar
7efeb875b000-7efeb875d000 r--s 00005000 00:18 51953586                   /gpfs/nbu/people/ajl4/.m2/repository/sslext/sslext/1.2-0/sslext-1.2-0.jar
7efeb875d000-7efeb8765000 r--s 00068000 00:18 51953585                   /gpfs/nbu/people/ajl4/.m2/repository/dom4j/dom4j/1.1/dom4j-1.1.jar
7efeb8765000-7efeb8768000 r--s 0001f000 00:18 51953584                   /gpfs/nbu/people/ajl4/.m2/repository/commons-validator/commons-validator/1.3.1/commons-validator-1.3.1.jar
7efeb8768000-7efeb876a000 r--s 00014000 00:18 51953580                   /gpfs/nbu/people/ajl4/.m2/repository/commons-chain/commons-chain/1.1/commons-chain-1.1.jar
7efeb876a000-7efeb876e000 r--s 00020000 00:18 51953578                   /gpfs/nbu/people/ajl4/.m2/repository/commons-digester/commons-digester/1.8/commons-digester-1.8.jar
7efeb876e000-7efeb8773000 r--s 0002a000 00:18 51953577                   /gpfs/nbu/people/ajl4/.m2/repository/commons-beanutils/commons-beanutils/1.7.0/commons-beanutils-1.7.0.jar
7efeb8773000-7efeb8779000 r--s 0004f000 00:18 51953574                   /gpfs/nbu/people/ajl4/.m2/repository/org/apache/velocity/velocity-tools/2.0/velocity-tools-2.0.jar
7efeb8779000-7efeb877b000 r--s 0000b000 00:18 51953573                   /gpfs/nbu/people/ajl4/.m2/repository/org/apache/maven/doxia/doxia-site-renderer/1.4/doxia-site-renderer-1.4.jar
7efeb877b000-7efeb877c000 r--s 0000e000 00:18 51953572                   /gpfs/nbu/people/ajl4/.m2/repository/org/apache/maven/doxia/doxia-decoration-model/1.4/doxia-decoration-model-1.4.jar
7efeb877c000-7efeb877e000 r--s 00018000 00:18 51953568                   /gpfs/nbu/people/ajl4/.m2/repository/javax/servlet/servlet-api/2.5/servlet-api-2.5.jar
7efeb877e000-7efeb8780000 r--s 00008000 00:18 51953567                   /gpfs/nbu/people/ajl4/.m2/repository/org/ow2/asm/asm-util/4.1/asm-util-4.1.jar
7efeb8780000-7efeb8781000 r--s 00004000 00:18 51953566                   /gpfs/nbu/people/ajl4/.m2/repository/org/ow2/asm/asm-analysis/4.1/asm-analysis-4.1.jar
7efeb8781000-7efeb8783000 r--s 00004000 00:18 51953561                   /gpfs/nbu/people/ajl4/.m2/repository/org/ow2/asm/asm-tree/4.1/asm-tree-4.1.jar
7efeb8783000-7efeb8784000 r--s 0000b000 00:18 51953560                   /gpfs/nbu/people/ajl4/.m2/repository/org/ow2/asm/asm/4.1/asm-4.1.jar
7efeb8784000-7efeb878a000 r--s 00028000 00:18 51953562                   /gpfs/nbu/people/ajl4/.m2/repository/org/parboiled/parboiled-core/1.1.4/parboiled-core-1.1.4.jar
7efeb878a000-7efeb878c000 r--s 00010000 00:18 51953559                   /gpfs/nbu/people/ajl4/.m2/repository/org/parboiled/parboiled-java/1.1.4/parboiled-java-1.1.4.jar
7efeb878c000-7efeb878e000 r--s 0000d000 00:18 51953555                   /gpfs/nbu/people/ajl4/.m2/repository/org/pegdown/pegdown/1.2.1/pegdown-1.2.1.jar
7efeb878e000-7efeb878f000 r--s 00002000 00:18 51953553                   /gpfs/nbu/people/ajl4/.m2/repository/org/apache/maven/doxia/doxia-module-markdown/1.4/doxia-module-markdown-1.4.jar
7efeb878f000-7efeb8791000 r--s 00008000 00:18 51953552                   /gpfs/nbu/people/ajl4/.m2/repository/org/apache/maven/doxia/doxia-module-fml/1.4/doxia-module-fml-1.4.jar
7efeb8791000-7efeb8792000 r--s 00008000 00:18 51953548                   /gpfs/nbu/people/ajl4/.m2/repository/org/apache/maven/doxia/doxia-module-xdoc/1.4/doxia-module-xdoc-1.4.jar
7efeb8792000-7efeb8794000 r--s 0000b000 00:18 51953546                   /gpfs/nbu/people/ajl4/.m2/repository/org/apache/maven/doxia/doxia-module-apt/1.4/doxia-module-apt-1.4.jar
7efeb8794000-7efeb8795000 r--s 00003000 00:18 51953545                   /gpfs/nbu/people/ajl4/.m2/repository/org/apache/maven/doxia/doxia-module-xhtml/1.4/doxia-module-xhtml-1.4.jar
7efeb8795000-7efeb879a000 r--s 00026000 00:18 51953542                   /gpfs/nbu/people/ajl4/.m2/repository/org/apache/httpcomponents/httpcore/4.0.1/httpcore-4.0.1.jar
7efeb879a000-7efeb879c000 r--s 0000a000 00:18 51953541                   /gpfs/nbu/people/ajl4/.m2/repository/commons-codec/commons-codec/1.3/commons-codec-1.3.jar
7efeb879c000-7efeb879e000 r--s 0000d000 00:18 51953539                   /gpfs/nbu/people/ajl4/.m2/repository/commons-logging/commons-logging/1.1.1/commons-logging-1.1.1.jar
7efeb879e000-7efeb87a5000 r--s 00041000 00:18 51953537                   /gpfs/nbu/people/ajl4/.m2/repository/org/apache/httpcomponents/httpclient/4.0.2/httpclient-4.0.2.jar
7efeb87a5000-7efeb87ad000 r--s 00028000 00:18 51953533                   /gpfs/nbu/people/ajl4/.m2/repository/xml-apis/xml-apis/1.3.04/xml-apis-1.3.04.jar
7efeb87ad000-7efeb87c5000 r--s 00115000 00:18 51953534                   /gpfs/nbu/people/ajl4/.m2/repository/xerces/xercesImpl/2.9.1/xercesImpl-2.9.1.jar
7efeb87c5000-7efeb87c9000 r--s 00025000 00:18 51953532                   /gpfs/nbu/people/ajl4/.m2/repository/org/apache/maven/doxia/doxia-core/1.4/doxia-core-1.4.jar
7efeb87c9000-7efeb87cc000 r--s 0001b000 00:18 51953529                   /gpfs/nbu/people/ajl4/.m2/repository/junit/junit/3.8.1/junit-3.8.1.jar
7efeb87cc000-7efeb87cd000 r--s 00002000 00:18 51953527                   /gpfs/nbu/people/ajl4/.m2/repository/org/apache/maven/doxia/doxia-logging-api/1.4/doxia-logging-api-1.4.jar
7efeb87cd000-7efeb87ce000 r--s 00002000 00:18 51953310                   /gpfs/nbu/people/ajl4/.m2/repository/org/apache/maven/doxia/doxia-sink-api/1.4/doxia-sink-api-1.4.jar
7efeb87ce000-7efeb87cf000 r--s 00004000 00:18 51953296                   /gpfs/nbu/people/ajl4/.m2/repository/org/apache/maven/maven-archiver/2.4.2/maven-archiver-2.4.2.jar
7efeb87cf000-7efeb87d1000 r--s 00002000 00:18 51953277                   /gpfs/nbu/people/ajl4/.m2/repository/org/sonatype/plexus/plexus-cipher/1.4/plexus-cipher-1.4.jar
7efeb87d1000-7efeb87d2000 r--s 00006000 00:18 51953267                   /gpfs/nbu/people/ajl4/.m2/repository/org/sonatype/plexus/plexus-sec-dispatcher/1.3/plexus-sec-dispatcher-1.3.jar
7efeb87d2000-7efeb87d4000 r--s 0000d000 00:18 51953257                   /gpfs/nbu/people/ajl4/.m2/repository/org/codehaus/plexus/plexus-interpolation/1.14/plexus-interpolation-1.14.jar
7efeb87d4000-7efeb87df000 r--s 00069000 00:18 51953242                   /gpfs/nbu/people/ajl4/.m2/repository/org/sonatype/sisu/sisu-guice/2.1.7/sisu-guice-2.1.7-noaop.jar
7efeb87df000-7efeb87e4000 r--s 00021000 00:18 51953001                   /gpfs/nbu/people/ajl4/.m2/repository/org/sonatype/sisu/sisu-inject-bean/1.4.2/sisu-inject-bean-1.4.2.jar
7efeb87e4000-7efeb87e8000 r--s 0001d000 00:18 51952941                   /gpfs/nbu/people/ajl4/.m2/repository/org/eclipse/aether/aether-util/0.9.0.M2/aether-util-0.9.0.M2.jar
7efeb87e8000-7efeb87ec000 r--s 00017000 00:18 51952968                   /gpfs/nbu/people/ajl4/.m2/repository/org/sonatype/aether/aether-util/1.7/aether-util-1.7.jar
7efeb87ec000-7efeb87ee000 r--s 00000000 00:18 51953523                   /gpfs/nbu/people/ajl4/.m2/repository/org/codehaus/plexus/plexus-component-annotations/1.5.5/plexus-component-annotations-1.5.5.jar
7efeb87ee000-7efeb87f0000 r--s 00006000 00:18 51953522                   /gpfs/nbu/people/ajl4/.m2/repository/com/google/code/findbugs/jsr305/2.0.1/jsr305-2.0.1.jar
7efeb87f0000-7efeb87f3000 r--s 00023000 00:18 51953521                   /gpfs/nbu/people/ajl4/.m2/repository/org/apache/maven/shared/maven-shared-utils/0.3/maven-shared-utils-0.3.jar
7efeb87f3000-7efeb87f4000 r--s 00002000 00:18 51953520                   /gpfs/nbu/people/ajl4/.m2/repository/org/apache/maven/reporting/maven-reporting-api/3.0/maven-reporting-api-3.0.jar
7efeb87f4000-7efeb87f6000 r--s 00005000 00:18 51953519                   /gpfs/nbu/people/ajl4/.m2/repository/org/apache/maven/reporting/maven-reporting-exec/1.1/maven-reporting-exec-1.1.jar
7efeb87f6000-7efeb87f9000 r--s 0001c000 00:18 31917760                   /gpfs/nbu/people/ajl4/.m2/repository/org/apache/maven/plugins/maven-site-plugin/3.3/maven-site-plugin-3.3.jar
7efeb87f9000-7efeb89f9000 rw-p 00000000 00:00 0 
7efeb89f9000-7efeb8a0a000 r-xp 00000000 00:14 136611464                  /gpfs/main/course/cs032/bin/jdk1.8.0_25/jre/lib/amd64/libnio.so
7efeb8a0a000-7efeb8c09000 ---p 00011000 00:14 136611464                  /gpfs/main/course/cs032/bin/jdk1.8.0_25/jre/lib/amd64/libnio.so
7efeb8c09000-7efeb8c0a000 rw-p 00010000 00:14 136611464                  /gpfs/main/course/cs032/bin/jdk1.8.0_25/jre/lib/amd64/libnio.so
7efeb8c0a000-7efeb8c20000 r-xp 00000000 00:14 136610987                  /gpfs/main/course/cs032/bin/jdk1.8.0_25/jre/lib/amd64/libnet.so
7efeb8c20000-7efeb8e20000 ---p 00016000 00:14 136610987                  /gpfs/main/course/cs032/bin/jdk1.8.0_25/jre/lib/amd64/libnet.so
7efeb8e20000-7efeb8e21000 rw-p 00016000 00:14 136610987                  /gpfs/main/course/cs032/bin/jdk1.8.0_25/jre/lib/amd64/libnet.so
7efeb8e21000-7efeb8e25000 r--s 00093000 00:14 136611567                  /gpfs/main/course/cs032/bin/jdk1.8.0_25/jre/lib/jsse.jar
7efeb8e25000-7efeb9025000 rw-p 00000000 00:00 0 
7efeb9025000-7efeb9225000 rw-p 00000000 00:00 0 
7efeb9225000-7efeb9241000 r--s 00393000 00:14 136611667                  /gpfs/main/course/cs032/bin/jdk1.8.0_25/jre/lib/ext/cldrdata.jar
7efeb9241000-7efeb924b000 r--s 00116000 00:14 136611642                  /gpfs/main/course/cs032/bin/jdk1.8.0_25/jre/lib/ext/localedata.jar
7efeb924b000-7efeb924c000 r--s 00002000 00:14 50783475                   /gpfs/main/course/cs032/bin/apache-maven-3.2.3/lib/slf4j-simple-1.7.5.jar
7efeb924c000-7efeb924e000 r--s 00007000 00:14 50783474                   /gpfs/main/course/cs032/bin/apache-maven-3.2.3/lib/aether-connector-wagon-0.9.0.M2.jar
7efeb924e000-7efeb924f000 r--s 00002000 00:14 50783469                   /gpfs/main/course/cs032/bin/apache-maven-3.2.3/lib/wagon-file-2.6.jar
7efeb924f000-7efeb9253000 r--s 00027000 00:14 50783464                   /gpfs/main/course/cs032/bin/apache-maven-3.2.3/lib/commons-io-2.2.jar
7efeb9253000-7efeb9258000 r--s 00041000 00:14 50783460                   /gpfs/main/course/cs032/bin/apache-maven-3.2.3/lib/commons-lang-2.6.jar
7efeb9258000-7efeb925e000 r--s 00042000 00:14 50783457                   /gpfs/main/course/cs032/bin/apache-maven-3.2.3/lib/jsoup-1.7.2.jar
7efeb925e000-7efeb925f000 r--s 00002000 00:14 50783454                   /gpfs/main/course/cs032/bin/apache-maven-3.2.3/lib/wagon-http-shared-2.6.jar
7efeb925f000-7efeb927e000 r--s 00134000 00:14 50783453                   /gpfs/main/course/cs032/bin/apache-maven-3.2.3/lib/wagon-http-2.6-shaded.jar
7efeb927e000-7efeb9280000 r--s 00009000 00:14 50783447                   /gpfs/main/course/cs032/bin/apache-maven-3.2.3/lib/commons-cli-1.2.jar
7efeb9280000-7efeb9282000 r--s 00005000 00:14 50783446                   /gpfs/main/course/cs032/bin/apache-maven-3.2.3/lib/slf4j-api-1.7.5.jar
7efeb9282000-7efeb9284000 r--s 0000b000 00:14 50783445                   /gpfs/main/course/cs032/bin/apache-maven-3.2.3/lib/wagon-provider-api-2.6.jar
7efeb9284000-7efeb928b000 r--s 0003f000 00:14 50783443                   /gpfs/main/course/cs032/bin/apache-maven-3.2.3/lib/maven-compat-3.2.3.jar
7efeb928b000-7efeb928f000 r--s 00020000 00:14 50783441                   /gpfs/main/course/cs032/bin/apache-maven-3.2.3/lib/aether-impl-0.9.0.M2.jar
7efeb928f000-7efeb9293000 r--s 0001d000 00:14 50783440                   /gpfs/main/course/cs032/bin/apache-maven-3.2.3/lib/aether-util-0.9.0.M2.jar
7efeb9293000-7efeb9295000 r--s 00003000 00:14 50783439                   /gpfs/main/course/cs032/bin/apache-maven-3.2.3/lib/aether-spi-0.9.0.M2.jar
7efeb9295000-7efeb9299000 r--s 0001d000 00:14 50783438                   /gpfs/main/course/cs032/bin/apache-maven-3.2.3/lib/aether-api-0.9.0.M2.jar
7efeb9299000-7efeb929b000 r--s 0000e000 00:14 50783437                   /gpfs/main/course/cs032/bin/apache-maven-3.2.3/lib/maven-aether-provider-3.2.3.jar
7efeb929b000-7efeb92a0000 r--s 00025000 00:14 50783436                   /gpfs/main/course/cs032/bin/apache-maven-3.2.3/lib/maven-model-builder-3.2.3.jar
7efeb92a0000-7efeb92a6000 r--s 00042000 00:14 50783433                   /gpfs/main/course/cs032/bin/apache-maven-3.2.3/lib/org.eclipse.sisu.inject-0.0.0.M5.jar
7efeb92a6000-7efeb92a8000 r--s 00000000 00:14 50783432                   /gpfs/main/course/cs032/bin/apache-maven-3.2.3/lib/aopalliance-1.0.jar
7efeb92a8000-7efeb92b0000 r--s 00050000 00:14 50783431                   /gpfs/main/course/cs032/bin/apache-maven-3.2.3/lib/sisu-guice-3.1.3-no_aop.jar
7efeb92b0000-7efeb92d9000 r--s 001ee000 00:14 50783429                   /gpfs/main/course/cs032/bin/apache-maven-3.2.3/lib/guava-14.0.1.jar
7efeb92d9000-7efeb92da000 r--s 00000000 00:14 50783426                   /gpfs/main/course/cs032/bin/apache-maven-3.2.3/lib/javax.inject-1.jar
7efeb92da000-7efeb92dd000 r--s 00008000 00:14 50783419                   /gpfs/main/course/cs032/bin/apache-maven-3.2.3/lib/cdi-api-1.0.jar
7efeb92dd000-7efeb92e3000 r--s 0002a000 00:14 50783416                   /gpfs/main/course/cs032/bin/apache-maven-3.2.3/lib/org.eclipse.sisu.plexus-0.0.0.M5.jar
7efeb92e3000-7efeb92e5000 r--s 0000a000 00:14 50783415                   /gpfs/main/course/cs032/bin/apache-maven-3.2.3/lib/maven-plugin-api-3.2.3.jar
7efeb92e5000-7efeb92e8000 r--s 0000b000 00:14 50783414                   /gpfs/main/course/cs032/bin/apache-maven-3.2.3/lib/maven-artifact-3.2.3.jar
7efeb92e8000-7efeb92ea000 r--s 00005000 00:14 50783378                   /gpfs/main/course/cs032/bin/apache-maven-3.2.3/lib/maven-repository-metadata-3.2.3.jar
7efeb92ea000-7efeb92ec000 r--s 00002000 00:14 49955756                   /gpfs/main/course/cs032/bin/apache-maven-3.2.3/lib/plexus-cipher-1.7.jar
7efeb92ec000-7efeb92ef000 r--s 0000a000 00:14 50783308                   /gpfs/main/course/cs032/bin/apache-maven-3.2.3/boot/plexus-classworlds-2.5.1.jar
7efeb92ef000-7efeb92f0000 ---p 00000000 00:00 0 
7efeb92f0000-7efeb93f0000 rw-p 00000000 00:00 0 
7efeb93f0000-7efeb93f3000 ---p 00000000 00:00 0 
7efeb93f3000-7efeb94f1000 rw-p 00000000 00:00 0 
7efeb94f1000-7efeb94f4000 ---p 00000000 00:00 0 
7efeb94f4000-7efeb95f2000 rw-p 00000000 00:00 0 
7efeb95f2000-7efeb95f5000 ---p 00000000 00:00 0 
7efeb95f5000-7efeb96f3000 rw-p 00000000 00:00 0 
7efeb96f3000-7efeb96f6000 ---p 00000000 00:00 0 
7efeb96f6000-7efeb97f4000 rw-p 00000000 00:00 0 
7efeb97f4000-7efeb97f7000 ---p 00000000 00:00 0 
7efeb97f7000-7efeb98f5000 rw-p 00000000 00:00 0 
7efeb98f5000-7efeb98f8000 ---p 00000000 00:00 0 
7efeb98f8000-7efeb99f6000 rw-p 00000000 00:00 0 
7efeb99f6000-7efeb99f9000 ---p 00000000 00:00 0 
7efeb99f9000-7efeb9af7000 rw-p 00000000 00:00 0 
7efeb9af7000-7efeb9af8000 ---p 00000000 00:00 0 
7efeb9af8000-7efebabfb000 rw-p 00000000 00:00 0 
7efebabfb000-7efebadd1000 r--s 03caa000 00:14 136611550                  /gpfs/main/course/cs032/bin/jdk1.8.0_25/jre/lib/rt.jar
7efebadd1000-7efebf943000 rw-p 00000000 00:00 0 
7efebf943000-7efebf944000 ---p 00000000 00:00 0 
7efebf944000-7efebfa44000 rw-p 00000000 00:00 0 
7efebfa44000-7efebfa45000 ---p 00000000 00:00 0 
7efebfa45000-7efebfb45000 rw-p 00000000 00:00 0 
7efebfb45000-7efebfb46000 ---p 00000000 00:00 0 
7efebfb46000-7efebfc46000 rw-p 00000000 00:00 0 
7efebfc46000-7efebfc47000 ---p 00000000 00:00 0 
7efebfc47000-7efebfd74000 rw-p 00000000 00:00 0 
7efebfd74000-7efebffe3000 ---p 00000000 00:00 0 
7efebffe3000-7efec0010000 rw-p 00000000 00:00 0 
7efec0010000-7efec027e000 ---p 00000000 00:00 0 
7efec027e000-7efec03cc000 rw-p 00000000 00:00 0 
7efec03cc000-7efec0430000 rw-p 00000000 00:00 0 
7efec0430000-7efec078d000 ---p 00000000 00:00 0 
7efec078d000-7efec201d000 rwxp 00000000 00:00 0 
7efec201d000-7efecf78d000 ---p 00000000 00:00 0 
7efecf78d000-7efecf7a7000 r-xp 00000000 00:14 136610880                  /gpfs/main/course/cs032/bin/jdk1.8.0_25/jre/lib/amd64/libzip.so
7efecf7a7000-7efecf9a7000 ---p 0001a000 00:14 136610880                  /gpfs/main/course/cs032/bin/jdk1.8.0_25/jre/lib/amd64/libzip.so
7efecf9a7000-7efecf9a8000 rw-p 0001a000 00:14 136610880                  /gpfs/main/course/cs032/bin/jdk1.8.0_25/jre/lib/amd64/libzip.so
7efecf9a8000-7efecf9d2000 r-xp 00000000 00:14 136610822                  /gpfs/main/course/cs032/bin/jdk1.8.0_25/jre/lib/amd64/libjava.so
7efecf9d2000-7efecfbd2000 ---p 0002a000 00:14 136610822                  /gpfs/main/course/cs032/bin/jdk1.8.0_25/jre/lib/amd64/libjava.so
7efecfbd2000-7efecfbd4000 rw-p 0002a000 00:14 136610822                  /gpfs/main/course/cs032/bin/jdk1.8.0_25/jre/lib/amd64/libjava.so
7efecfbd4000-7efecfbe1000 r-xp 00000000 00:14 136610855                  /gpfs/main/course/cs032/bin/jdk1.8.0_25/jre/lib/amd64/libverify.so
7efecfbe1000-7efecfde1000 ---p 0000d000 00:14 136610855                  /gpfs/main/course/cs032/bin/jdk1.8.0_25/jre/lib/amd64/libverify.so
7efecfde1000-7efecfde3000 rw-p 0000d000 00:14 136610855                  /gpfs/main/course/cs032/bin/jdk1.8.0_25/jre/lib/amd64/libverify.so
7efecfde3000-7efecfdea000 r-xp 00000000 fe:00 2595                       /lib/x86_64-linux-gnu/librt-2.13.so
7efecfdea000-7efecffe9000 ---p 00007000 fe:00 2595                       /lib/x86_64-linux-gnu/librt-2.13.so
7efecffe9000-7efecffea000 r--p 00006000 fe:00 2595                       /lib/x86_64-linux-gnu/librt-2.13.so
7efecffea000-7efecffeb000 rw-p 00007000 fe:00 2595                       /lib/x86_64-linux-gnu/librt-2.13.so
7efecffeb000-7efed006c000 r-xp 00000000 fe:00 2470                       /lib/x86_64-linux-gnu/libm-2.13.so
7efed006c000-7efed026b000 ---p 00081000 fe:00 2470                       /lib/x86_64-linux-gnu/libm-2.13.so
7efed026b000-7efed026c000 r--p 00080000 fe:00 2470                       /lib/x86_64-linux-gnu/libm-2.13.so
7efed026c000-7efed026d000 rw-p 00081000 fe:00 2470                       /lib/x86_64-linux-gnu/libm-2.13.so
7efed026d000-7efed0eda000 r-xp 00000000 00:14 136611394                  /gpfs/main/course/cs032/bin/jdk1.8.0_25/jre/lib/amd64/server/libjvm.so
7efed0eda000-7efed10d9000 ---p 00c6d000 00:14 136611394                  /gpfs/main/course/cs032/bin/jdk1.8.0_25/jre/lib/amd64/server/libjvm.so
7efed10d9000-7efed11af000 rw-p 00c6c000 00:14 136611394                  /gpfs/main/course/cs032/bin/jdk1.8.0_25/jre/lib/amd64/server/libjvm.so
7efed11af000-7efed11f2000 rw-p 00000000 00:00 0 
7efed11f2000-7efed1373000 r-xp 00000000 fe:00 2496                       /lib/x86_64-linux-gnu/libc-2.13.so
7efed1373000-7efed1573000 ---p 00181000 fe:00 2496                       /lib/x86_64-linux-gnu/libc-2.13.so
7efed1573000-7efed1577000 r--p 00181000 fe:00 2496                       /lib/x86_64-linux-gnu/libc-2.13.so
7efed1577000-7efed1578000 rw-p 00185000 fe:00 2496                       /lib/x86_64-linux-gnu/libc-2.13.so
7efed1578000-7efed157d000 rw-p 00000000 00:00 0 
7efed157d000-7efed157f000 r-xp 00000000 fe:00 2564                       /lib/x86_64-linux-gnu/libdl-2.13.so
7efed157f000-7efed177f000 ---p 00002000 fe:00 2564                       /lib/x86_64-linux-gnu/libdl-2.13.so
7efed177f000-7efed1780000 r--p 00002000 fe:00 2564                       /lib/x86_64-linux-gnu/libdl-2.13.so
7efed1780000-7efed1781000 rw-p 00003000 fe:00 2564                       /lib/x86_64-linux-gnu/libdl-2.13.so
7efed1781000-7efed1796000 r-xp 00000000 00:14 174988983                  /gpfs/main/course/cs032/bin/jdk1.8.0_25/lib/amd64/jli/libjli.so
7efed1796000-7efed1995000 ---p 00015000 00:14 174988983                  /gpfs/main/course/cs032/bin/jdk1.8.0_25/lib/amd64/jli/libjli.so
7efed1995000-7efed1996000 rw-p 00014000 00:14 174988983                  /gpfs/main/course/cs032/bin/jdk1.8.0_25/lib/amd64/jli/libjli.so
7efed1996000-7efed19ad000 r-xp 00000000 fe:00 2603                       /lib/x86_64-linux-gnu/libpthread-2.13.so
7efed19ad000-7efed1bac000 ---p 00017000 fe:00 2603                       /lib/x86_64-linux-gnu/libpthread-2.13.so
7efed1bac000-7efed1bad000 r--p 00016000 fe:00 2603                       /lib/x86_64-linux-gnu/libpthread-2.13.so
7efed1bad000-7efed1bae000 rw-p 00017000 fe:00 2603                       /lib/x86_64-linux-gnu/libpthread-2.13.so
7efed1bae000-7efed1bb2000 rw-p 00000000 00:00 0 
7efed1bb2000-7efed1bd2000 r-xp 00000000 fe:00 2586                       /lib/x86_64-linux-gnu/ld-2.13.so
7efed1bd2000-7efed1bd4000 r--s 00000000 00:14 50783240                   /gpfs/main/course/cs032/bin/apache-maven-3.2.3/lib/plexus-component-annotations-1.5.5.jar
7efed1bd4000-7efed1bd7000 r--s 0000d000 00:14 49127297                   /gpfs/main/course/cs032/bin/apache-maven-3.2.3/lib/plexus-interpolation-1.19.jar
7efed1bd7000-7efed1bd9000 r--s 00009000 00:14 50783375                   /gpfs/main/course/cs032/bin/apache-maven-3.2.3/lib/maven-settings-builder-3.2.3.jar
7efed1bd9000-7efed1bdc000 r--s 00025000 00:14 50783269                   /gpfs/main/course/cs032/bin/apache-maven-3.2.3/lib/maven-model-3.2.3.jar
7efed1bdc000-7efed1be8000 r--s 00085000 00:14 49955830                   /gpfs/main/course/cs032/bin/apache-maven-3.2.3/lib/maven-core-3.2.3.jar
7efed1be8000-7efed1bec000 r--s 0003a000 00:14 50783382                   /gpfs/main/course/cs032/bin/apache-maven-3.2.3/lib/plexus-utils-3.0.17.jar
7efed1bec000-7efed1c92000 r--s 00000000 00:0e 5118                       /run/nscd/dbUYo3ip (deleted)
7efed1c92000-7efed1c95000 ---p 00000000 00:00 0 
7efed1c95000-7efed1d97000 rw-p 00000000 00:00 0 
7efed1d97000-7efed1d98000 r--s 00001000 00:14 50783425                   /gpfs/main/course/cs032/bin/apache-maven-3.2.3/lib/jsr250-api-1.0.jar
7efed1d98000-7efed1d99000 r--s 00006000 00:14 50783328                   /gpfs/main/course/cs032/bin/apache-maven-3.2.3/lib/plexus-sec-dispatcher-1.3.jar
7efed1d99000-7efed1d9b000 r--s 00009000 00:14 50783265                   /gpfs/main/course/cs032/bin/apache-maven-3.2.3/lib/maven-settings-3.2.3.jar
7efed1d9b000-7efed1d9d000 r--s 0000d000 00:14 49955724                   /gpfs/main/course/cs032/bin/apache-maven-3.2.3/lib/maven-embedder-3.2.3.jar
7efed1d9d000-7efed1dc5000 rw-p 00000000 00:00 0 
7efed1dc5000-7efed1dcd000 rw-s 00000000 fe:04 174                        /tmp/hsperfdata_ajl4/10243
7efed1dcd000-7efed1dce000 rw-p 00000000 00:00 0 
7efed1dce000-7efed1dcf000 r--p 00000000 00:00 0 
7efed1dcf000-7efed1dd1000 rw-p 00000000 00:00 0 
7efed1dd1000-7efed1dd2000 r--p 0001f000 fe:00 2586                       /lib/x86_64-linux-gnu/ld-2.13.so
7efed1dd2000-7efed1dd3000 rw-p 00020000 fe:00 2586                       /lib/x86_64-linux-gnu/ld-2.13.so
7efed1dd3000-7efed1dd4000 rw-p 00000000 00:00 0 
7ffdb4afd000-7ffdb4b1e000 rw-p 00000000 00:00 0                          [stack]
7ffdb4b4c000-7ffdb4b4d000 r-xp 00000000 00:00 0                          [vdso]
ffffffffff600000-ffffffffff601000 r-xp 00000000 00:00 0                  [vsyscall]

VM Arguments:
jvm_args: -Dclassworlds.conf=/course/cs032/bin/apache-maven-3.2.3/bin/m2.conf -Dmaven.home=/course/cs032/bin/apache-maven-3.2.3 
java_command: org.codehaus.plexus.classworlds.launcher.Launcher site
java_class_path (initial): /course/cs032/bin/apache-maven-3.2.3/boot/plexus-classworlds-2.5.1.jar
Launcher Type: SUN_STANDARD

Environment Variables:
JAVA_HOME=/gpfs/main/course/cs032/bin/jdk1.8.0_25
PATH=/course/cs032/bin:/local/bin:/usr/local/bin:/bin:/usr/bin:/usr/X11R6/bin:/usr/games:/contrib/bin:/course/cs032/bin:/course/cs019/bin:/course/cs146/bin
SHELL=/bin/bash
DISPLAY=:1.0

Signal Handlers:
SIGSEGV: [libjvm.so+0xa79a80], sa_mask[0]=11111111011111111101111111111110, sa_flags=SA_RESTART|SA_SIGINFO
SIGBUS: [libjvm.so+0xa79a80], sa_mask[0]=11111111011111111101111111111110, sa_flags=SA_RESTART|SA_SIGINFO
SIGFPE: [libjvm.so+0x8e24e0], sa_mask[0]=11111111011111111101111111111110, sa_flags=SA_RESTART|SA_SIGINFO
SIGPIPE: [libjvm.so+0x8e24e0], sa_mask[0]=11111111011111111101111111111110, sa_flags=SA_RESTART|SA_SIGINFO
SIGXFSZ: [libjvm.so+0x8e24e0], sa_mask[0]=11111111011111111101111111111110, sa_flags=SA_RESTART|SA_SIGINFO
SIGILL: [libjvm.so+0x8e24e0], sa_mask[0]=11111111011111111101111111111110, sa_flags=SA_RESTART|SA_SIGINFO
SIGUSR1: SIG_DFL, sa_mask[0]=00000000000000000000000000000000, sa_flags=none
SIGUSR2: [libjvm.so+0x8e3d10], sa_mask[0]=00000000000000000000000000000000, sa_flags=SA_RESTART|SA_SIGINFO
SIGHUP: [libjvm.so+0x8e50d0], sa_mask[0]=11111111011111111101111111111110, sa_flags=SA_RESTART|SA_SIGINFO
SIGINT: [libjvm.so+0x8e50d0], sa_mask[0]=11111111011111111101111111111110, sa_flags=SA_RESTART|SA_SIGINFO
SIGTERM: [libjvm.so+0x8e50d0], sa_mask[0]=11111111011111111101111111111110, sa_flags=SA_RESTART|SA_SIGINFO
SIGQUIT: [libjvm.so+0x8e50d0], sa_mask[0]=11111111011111111101111111111110, sa_flags=SA_RESTART|SA_SIGINFO


---------------  S Y S T E M  ---------------

OS:PRETTY_NAME="Debian GNU/Linux 7 (wheezy)"
NAME="Debian GNU/Linux"
VERSION_ID="7"
VERSION="7 (wheezy)"
ID=debian
ANSI_COLOR="1;31"
HOME_URL="http://www.debian.org/"
SUPPORT_URL="http://www.debian.org/support/"
BUG_REPORT_URL="http://bugs.debian.org/"

uname:Linux 3.2.0-4-amd64 #1 SMP Debian 3.2.68-1+deb7u1 x86_64
libc:glibc 2.13 NPTL 2.13 
rlimit: STACK 8192k, CORE 0k, NPROC 63961, NOFILE 4096, AS infinity
load average:1.85 1.18 1.19

/proc/meminfo:
MemTotal:        8199880 kB
MemFree:          462536 kB
Buffers:          218328 kB
Cached:          2881588 kB
SwapCached:         1512 kB
Active:          4884432 kB
Inactive:        2223728 kB
Active(anon):    3375552 kB
Inactive(anon):   738952 kB
Active(file):    1508880 kB
Inactive(file):  1484776 kB
Unevictable:          16 kB
Mlocked:              16 kB
SwapTotal:       8388604 kB
SwapFree:        8379240 kB
Dirty:               380 kB
Writeback:             0 kB
AnonPages:       4007380 kB
Mapped:           418300 kB
Shmem:            106260 kB
Slab:             445288 kB
SReclaimable:     392092 kB
SUnreclaim:        53196 kB
KernelStack:        6272 kB
PageTables:        62948 kB
NFS_Unstable:          4 kB
Bounce:                0 kB
WritebackTmp:          0 kB
CommitLimit:    12488544 kB
Committed_AS:    9542032 kB
VmallocTotal:   34359738367 kB
VmallocUsed:      326892 kB
VmallocChunk:   34359403516 kB
HardwareCorrupted:     0 kB
AnonHugePages:         0 kB
HugePages_Total:       0
HugePages_Free:        0
HugePages_Rsvd:        0
HugePages_Surp:        0
Hugepagesize:       2048 kB
DirectMap4k:     4390464 kB
DirectMap2M:     3997696 kB


CPU:total 4 (4 cores per cpu, 1 threads per core) family 6 model 15 stepping 11, cmov, cx8, fxsr, mmx, sse, sse2, sse3, ssse3, tsc

/proc/cpuinfo:
processor	: 0
vendor_id	: GenuineIntel
cpu family	: 6
model		: 15
model name	: Intel(R) Core(TM)2 Quad CPU    Q6600  @ 2.40GHz
stepping	: 11
microcode	: 0xb6
cpu MHz		: 2399.810
cache size	: 4096 KB
physical id	: 0
siblings	: 4
core id		: 0
cpu cores	: 4
apicid		: 0
initial apicid	: 0
fpu		: yes
fpu_exception	: yes
cpuid level	: 10
wp		: yes
flags		: fpu vme de pse tsc msr pae mce cx8 apic sep mtrr pge mca cmov pat pse36 clflush dts acpi mmx fxsr sse sse2 ss ht tm pbe syscall nx lm constant_tsc arch_perfmon pebs bts rep_good nopl aperfmperf pni dtes64 monitor ds_cpl vmx est tm2 ssse3 cx16 xtpr pdcm lahf_lm dtherm tpr_shadow vnmi flexpriority
bogomips	: 4799.62
clflush size	: 64
cache_alignment	: 64
address sizes	: 36 bits physical, 48 bits virtual
power management:

processor	: 1
vendor_id	: GenuineIntel
cpu family	: 6
model		: 15
model name	: Intel(R) Core(TM)2 Quad CPU    Q6600  @ 2.40GHz
stepping	: 11
microcode	: 0xb6
cpu MHz		: 2399.810
cache size	: 4096 KB
physical id	: 0
siblings	: 4
core id		: 1
cpu cores	: 4
apicid		: 1
initial apicid	: 1
fpu		: yes
fpu_exception	: yes
cpuid level	: 10
wp		: yes
flags		: fpu vme de pse tsc msr pae mce cx8 apic sep mtrr pge mca cmov pat pse36 clflush dts acpi mmx fxsr sse sse2 ss ht tm pbe syscall nx lm constant_tsc arch_perfmon pebs bts rep_good nopl aperfmperf pni dtes64 monitor ds_cpl vmx est tm2 ssse3 cx16 xtpr pdcm lahf_lm dtherm tpr_shadow vnmi flexpriority
bogomips	: 4800.23
clflush size	: 64
cache_alignment	: 64
address sizes	: 36 bits physical, 48 bits virtual
power management:

processor	: 2
vendor_id	: GenuineIntel
cpu family	: 6
model		: 15
model name	: Intel(R) Core(TM)2 Quad CPU    Q6600  @ 2.40GHz
stepping	: 11
microcode	: 0xb6
cpu MHz		: 2399.810
cache size	: 4096 KB
physical id	: 0
siblings	: 4
core id		: 2
cpu cores	: 4
apicid		: 2
initial apicid	: 2
fpu		: yes
fpu_exception	: yes
cpuid level	: 10
wp		: yes
flags		: fpu vme de pse tsc msr pae mce cx8 apic sep mtrr pge mca cmov pat pse36 clflush dts acpi mmx fxsr sse sse2 ss ht tm pbe syscall nx lm constant_tsc arch_perfmon pebs bts rep_good nopl aperfmperf pni dtes64 monitor ds_cpl vmx est tm2 ssse3 cx16 xtpr pdcm lahf_lm dtherm tpr_shadow vnmi flexpriority
bogomips	: 4800.28
clflush size	: 64
cache_alignment	: 64
address sizes	: 36 bits physical, 48 bits virtual
power management:

processor	: 3
vendor_id	: GenuineIntel
cpu family	: 6
model		: 15
model name	: Intel(R) Core(TM)2 Quad CPU    Q6600  @ 2.40GHz
stepping	: 11
microcode	: 0xb6
cpu MHz		: 2399.810
cache size	: 4096 KB
physical id	: 0
siblings	: 4
core id		: 3
cpu cores	: 4
apicid		: 3
initial apicid	: 3
fpu		: yes
fpu_exception	: yes
cpuid level	: 10
wp		: yes
flags		: fpu vme de pse tsc msr pae mce cx8 apic sep mtrr pge mca cmov pat pse36 clflush dts acpi mmx fxsr sse sse2 ss ht tm pbe syscall nx lm constant_tsc arch_perfmon pebs bts rep_good nopl aperfmperf pni dtes64 monitor ds_cpl vmx est tm2 ssse3 cx16 xtpr pdcm lahf_lm dtherm tpr_shadow vnmi flexpriority
bogomips	: 4800.27
clflush size	: 64
cache_alignment	: 64
address sizes	: 36 bits physical, 48 bits virtual
power management:



Memory: 4k page, physical 8199880k(462536k free), swap 8388604k(8379240k free)

vm_info: Java HotSpot(TM) 64-Bit Server VM (25.25-b02) for linux-amd64 JRE (1.8.0_25-b17), built on Sep 17 2014 17:32:11 by "java_re" with gcc 4.3.0 20080428 (Red Hat 4.3.0-8)

time: Thu May  7 22:01:55 2015
elapsed time: 33 seconds (0d 0h 0m 33s)

