#
# A fatal error has been detected by the Java Runtime Environment:
#
#  SIGSEGV (0xb) at pc=0x00007f3b2d606060, pid=4457, tid=139893489559296
#
# JRE version: Java(TM) SE Runtime Environment (8.0_25-b17) (build 1.8.0_25-b17)
# Java VM: Java HotSpot(TM) 64-Bit Server VM (25.25-b02 mixed mode linux-amd64 compressed oops)
# Problematic frame:
# C  0x00007f3b2d606060
#
# Failed to write core dump. Core dumps have been disabled. To enable core dumping, try "ulimit -c unlimited" before starting Java again
#
# If you would like to submit a bug report, please visit:
#   http://bugreport.sun.com/bugreport/crash.jsp
#

---------------  T H R E A D  ---------------

Current thread (0x0000000001b48800):  JavaThread "main" [_thread_in_Java, id=4458, stack(0x00007f3b7db06000,0x00007f3b7dc07000)]

siginfo: si_signo: 11 (SIGSEGV), si_code: 1 (SEGV_MAPERR), si_addr: 0x00007f3b2d606060

Registers:
RAX=0x00007f3b6ae464b0, RBX=0x0000000000000002, RCX=0x0000000000000002, RDX=0x0000000000000000
RSP=0x00007f3b7dc05428, RBP=0x00007f3b7dc05818, RSI=0x0000000083ab42e8, RDI=0x0000000083ab42e8
R8 =0x00000000d6be7d68, R9 =0x0000000000000000, R10=0x00000000d6be7d68, R11=0x00000000d6be7d50
R12=0x0000000000000000, R13=0x0000000000000003, R14=0x0000000000000055, R15=0x0000000001b48800
RIP=0x00007f3b2d606060, EFLAGS=0x0000000000010206, CSGSFS=0x0000000000000033, ERR=0x0000000000000014
  TRAPNO=0x000000000000000e

Top of Stack: (sp=0x00007f3b7dc05428)
0x00007f3b7dc05428:   00007f3b6c72149c 00000000d6be7b20
0x00007f3b7dc05438:   00007f3b6c774b2f 00000000d6be62b0
0x00007f3b7dc05448:   00000000daa30ee0 00000000d6be7d30
0x00007f3b7dc05458:   00007f3b6c774b2f 00000000d6be7d18
0x00007f3b7dc05468:   0000000000000005 0000000000000021
0x00007f3b7dc05478:   00000000d6be7d50 0000000083ab42e8
0x00007f3b7dc05488:   0000000000000002 00000000d6be5870
0x00007f3b7dc05498:   00007f3b0000005e 00007f3b7dc05818
0x00007f3b7dc054a8:   00007f3b6c873164 0000000000000071
0x00007f3b7dc054b8:   00007f3b6c82bbcc 00000000dab33fc0
0x00007f3b7dc054c8:   00000000d6be62b0 00000000d6be6280
0x00007f3b7dc054d8:   0000000100000000 00007f3b7dc05818
0x00007f3b7dc054e8:   00007f3b6c7e32a4 00007f3b7dc05818
0x00007f3b7dc054f8:   00007f3b6c7e3bbc 0000000000000001
0x00007f3b7dc05508:   00007f3b6c82f190 0000000001bb36c0
0x00007f3b7dc05518:   00007f3b7c84add7 00007f3b7d008600
0x00007f3b7dc05528:   0000000001bb36c0 00000000d6be6cc0
0x00007f3b7dc05538:   00000000daa30ee0 00000000d6be7738
0x00007f3b7dc05548:   00000000d6be7b20 00000000d6be7be0
0x00007f3b7dc05558:   00007f3b7c7d4145 00000000d6be7c28
0x00007f3b7dc05568:   00000000d6be7c58 00000000d6be7ca0
0x00007f3b7dc05578:   00000000d6be7cd0 00007f3b6ba40000
0x00007f3b7dc05588:   0000000083ab42e8 0000000083ab4300
0x00007f3b7dc05598:   00000000d6be7d18 00000000d6be7d50
0x00007f3b7dc055a8:   0000000000000400 00007f3b7dc05818
0x00007f3b7dc055b8:   00007f3b6c853c04 0000000100000071
0x00007f3b7dc055c8:   00007f3b00000000 00000000d6be6d88
0x00007f3b7dc055d8:   ffffffff00000000 00007f3b7dc05818
0x00007f3b7dc055e8:   00007f3b6c7e36bc 00000000d6be6be0
0x00007f3b7dc055f8:   00000000d6be75c8 00007f3b7dc05818
0x00007f3b7dc05608:   00007f3b6c8528a4 00007f3b7dc05818
0x00007f3b7dc05618:   00000000d6be6300 00007f3b7dc05818 

Instructions: (pc=0x00007f3b2d606060)
0x00007f3b2d606040:   
[error occurred during error reporting (printing registers, top of stack, instructions near pc), id 0xb]

Register to memory mapping:

RAX=0x00007f3b6ae464b0 is pointing into metadata
RBX=0x0000000000000002 is an unknown value
RCX=0x0000000000000002 is an unknown value
RDX=0x0000000000000000 is an unknown value
RSP=0x00007f3b7dc05428 is pointing into the stack for thread: 0x0000000001b48800
RBP=0x00007f3b7dc05818 is pointing into the stack for thread: 0x0000000001b48800
RSI=0x0000000083ab42e8 is an oop
java.lang.String 
 - klass: 'java/lang/String'
RDI=0x0000000083ab42e8 is an oop
java.lang.String 
 - klass: 'java/lang/String'
R8 =0x00000000d6be7d68 is an oop
[C 
 - klass: {type array char}
 - length: 16
R9 =0x0000000000000000 is an unknown value
R10=0x00000000d6be7d68 is an oop
[C 
 - klass: {type array char}
 - length: 16
R11=0x00000000d6be7d50 is an oop
java.lang.StringBuilder 
 - klass: 'java/lang/StringBuilder'
R12=0x0000000000000000 is an unknown value
R13=0x0000000000000003 is an unknown value
R14=0x0000000000000055 is an unknown value
R15=0x0000000001b48800 is a thread


Stack: [0x00007f3b7db06000,0x00007f3b7dc07000],  sp=0x00007f3b7dc05428,  free space=1021k
Native frames: (J=compiled Java code, j=interpreted, Vv=VM code, C=native code)
C  0x00007f3b2d606060
j  edu.brown.cs.group.term_project.Main.main([Ljava/lang/String;)V+70
v  ~StubRoutines::call_stub
V  [libjvm.so+0x664086]  JavaCalls::call_helper(JavaValue*, methodHandle*, JavaCallArguments*, Thread*)+0x1056
V  [libjvm.so+0x6ab096]  jni_invoke_static(JNIEnv_*, JavaValue*, _jobject*, JNICallType, _jmethodID*, JNI_ArgumentPusher*, Thread*)+0x346
V  [libjvm.so+0x6b1c2a]  jni_CallStaticVoidMethod+0x17a
C  [libjli.so+0x7b14]  JavaMain+0x844
C  [libpthread.so.0+0x6b50]  start_thread+0xd0


---------------  P R O C E S S  ---------------

Java Threads: ( => current thread )
  0x0000000001bd4800 JavaThread "Service Thread" daemon [_thread_blocked, id=4470, stack(0x00007f3b6911c000,0x00007f3b6921d000)]
  0x00007f3b64035000 JavaThread "C1 CompilerThread2" daemon [_thread_blocked, id=4469, stack(0x00007f3b6921d000,0x00007f3b6931e000)]
  0x00007f3b64032800 JavaThread "C2 CompilerThread1" daemon [_thread_in_native, id=4468, stack(0x00007f3b6931e000,0x00007f3b6941f000)]
  0x00007f3b6402f800 JavaThread "C2 CompilerThread0" daemon [_thread_in_native, id=4467, stack(0x00007f3b6941f000,0x00007f3b69520000)]
  0x00007f3b6402d800 JavaThread "Signal Dispatcher" daemon [_thread_blocked, id=4466, stack(0x00007f3b69520000,0x00007f3b69621000)]
  0x00007f3b64001000 JavaThread "Finalizer" daemon [_thread_blocked, id=4465, stack(0x00007f3b69621000,0x00007f3b69722000)]
  0x0000000001bb9000 JavaThread "Reference Handler" daemon [_thread_blocked, id=4464, stack(0x00007f3b69722000,0x00007f3b69823000)]
=>0x0000000001b48800 JavaThread "main" [_thread_in_Java, id=4458, stack(0x00007f3b7db06000,0x00007f3b7dc07000)]

Other Threads:
  0x0000000001bb2000 VMThread [stack: 0x00007f3b69823000,0x00007f3b69924000] [id=4463]
  0x0000000001bd7000 WatcherThread [stack: 0x00007f3b6901b000,0x00007f3b6911c000] [id=4471]

VM state:not at safepoint (normal execution)

VM Mutex/Monitor currently owned by a thread: None

Heap:
 PSYoungGen      total 70656K, used 12888K [0x00000000d6500000, 0x00000000daf00000, 0x0000000100000000)
  eden space 65536K, 11% used [0x00000000d6500000,0x00000000d6c9a260,0x00000000da500000)
  from space 5120K, 99% used [0x00000000daa00000,0x00000000daefc010,0x00000000daf00000)
  to   space 5120K, 0% used [0x00000000da500000,0x00000000da500000,0x00000000daa00000)
 ParOldGen       total 86016K, used 13280K [0x0000000082e00000, 0x0000000088200000, 0x00000000d6500000)
  object space 86016K, 15% used [0x0000000082e00000,0x0000000083af81e8,0x0000000088200000)
 Metaspace       used 5086K, capacity 5168K, committed 5248K, reserved 1056768K
  class space    used 542K, capacity 592K, committed 640K, reserved 1048576K

Card table byte_map: [0x00007f3b6be57000,0x00007f3b6c241000] byte_map_base: 0x00007f3b6ba40000

Marking Bits: (ParMarkBitMap*) 0x00007f3b7d03b2c0
 Begin Bits: [0x00007f3b60170000, 0x00007f3b620b8000)
 End Bits:   [0x00007f3b620b8000, 0x00007f3b64000000)

Polling page: 0x00007f3b7dc42000

CodeCache: size=245760Kb used=2512Kb max_used=2524Kb free=243247Kb
 bounds [0x00007f3b6c601000, 0x00007f3b6c881000, 0x00007f3b7b601000]
 total_blobs=820 nmethods=541 adapters=195
 compilation: enabled

Compilation events (10 events):
Event: 1.705 Thread 0x00007f3b64032800  549       4       java.util.regex.Pattern$Branch::study (162 bytes)
Event: 1.717 Thread 0x00007f3b6402f800 nmethod 514 0x00007f3b6c879690 code [0x00007f3b6c879960, 0x00007f3b6c87ab88]
Event: 1.717 Thread 0x00007f3b6402f800  508       4       java.util.regex.Pattern::expr (142 bytes)
Event: 1.724 Thread 0x00007f3b64032800 nmethod 549 0x00007f3b6c870690 code [0x00007f3b6c8707e0, 0x00007f3b6c870a38]
Event: 1.724 Thread 0x00007f3b64032800  475       4       java.util.regex.Pattern$Branch::match (66 bytes)
Event: 1.726 Thread 0x00007f3b64032800 nmethod 475 0x00007f3b6c86afd0 code [0x00007f3b6c86b120, 0x00007f3b6c86b278]
Event: 1.726 Thread 0x00007f3b64032800  464       4       java.util.regex.Pattern::group0 (994 bytes)
Event: 1.732 Thread 0x00007f3b6402f800 nmethod 508 0x00007f3b6c871350 code [0x00007f3b6c871520, 0x00007f3b6c871f28]
Event: 1.732 Thread 0x00007f3b6402f800  454       4       java.lang.String::getChars (62 bytes)
Event: 1.734 Thread 0x00007f3b6402f800 nmethod 454 0x00007f3b6c870f50 code [0x00007f3b6c8710a0, 0x00007f3b6c8711d8]

GC Heap History (4 events):
Event: 1.493 GC heap before
{Heap before GC invocations=1 (full 0):
 PSYoungGen      total 37888K, used 32768K [0x00000000d6500000, 0x00000000d8f00000, 0x0000000100000000)
  eden space 32768K, 100% used [0x00000000d6500000,0x00000000d8500000,0x00000000d8500000)
  from space 5120K, 0% used [0x00000000d8a00000,0x00000000d8a00000,0x00000000d8f00000)
  to   space 5120K, 0% used [0x00000000d8500000,0x00000000d8500000,0x00000000d8a00000)
 ParOldGen       total 86016K, used 0K [0x0000000082e00000, 0x0000000088200000, 0x00000000d6500000)
  object space 86016K, 0% used [0x0000000082e00000,0x0000000082e00000,0x0000000088200000)
 Metaspace       used 4988K, capacity 5104K, committed 5248K, reserved 1056768K
  class space    used 542K, capacity 592K, committed 640K, reserved 1048576K
Event: 1.533 GC heap after
Heap after GC invocations=1 (full 0):
 PSYoungGen      total 37888K, used 5088K [0x00000000d6500000, 0x00000000daf00000, 0x0000000100000000)
  eden space 32768K, 0% used [0x00000000d6500000,0x00000000d6500000,0x00000000d8500000)
  from space 5120K, 99% used [0x00000000d8500000,0x00000000d89f8020,0x00000000d8a00000)
  to   space 5120K, 0% used [0x00000000daa00000,0x00000000daa00000,0x00000000daf00000)
 ParOldGen       total 86016K, used 13008K [0x0000000082e00000, 0x0000000088200000, 0x00000000d6500000)
  object space 86016K, 15% used [0x0000000082e00000,0x0000000083ab41e8,0x0000000088200000)
 Metaspace       used 4988K, capacity 5104K, committed 5248K, reserved 1056768K
  class space    used 542K, capacity 592K, committed 640K, reserved 1048576K
}
Event: 1.706 GC heap before
{Heap before GC invocations=2 (full 0):
 PSYoungGen      total 37888K, used 37856K [0x00000000d6500000, 0x00000000daf00000, 0x0000000100000000)
  eden space 32768K, 100% used [0x00000000d6500000,0x00000000d8500000,0x00000000d8500000)
  from space 5120K, 99% used [0x00000000d8500000,0x00000000d89f8020,0x00000000d8a00000)
  to   space 5120K, 0% used [0x00000000daa00000,0x00000000daa00000,0x00000000daf00000)
 ParOldGen       total 86016K, used 13008K [0x0000000082e00000, 0x0000000088200000, 0x00000000d6500000)
  object space 86016K, 15% used [0x0000000082e00000,0x0000000083ab41e8,0x0000000088200000)
 Metaspace       used 5086K, capacity 5168K, committed 5248K, reserved 1056768K
  class space    used 542K, capacity 592K, committed 640K, reserved 1048576K
Event: 1.716 GC heap after
Heap after GC invocations=2 (full 0):
 PSYoungGen      total 70656K, used 5104K [0x00000000d6500000, 0x00000000daf00000, 0x0000000100000000)
  eden space 65536K, 0% used [0x00000000d6500000,0x00000000d6500000,0x00000000da500000)
  from space 5120K, 99% used [0x00000000daa00000,0x00000000daefc010,0x00000000daf00000)
  to   space 5120K, 0% used [0x00000000da500000,0x00000000da500000,0x00000000daa00000)
 ParOldGen       total 86016K, used 13280K [0x0000000082e00000, 0x0000000088200000, 0x00000000d6500000)
  object space 86016K, 15% used [0x0000000082e00000,0x0000000083af81e8,0x0000000088200000)
 Metaspace       used 5086K, capacity 5168K, committed 5248K, reserved 1056768K
  class space    used 542K, capacity 592K, committed 640K, reserved 1048576K
}

Deoptimization events (5 events):
Event: 1.374 Thread 0x0000000001b48800 Uncommon trap: reason=array_check action=maybe_recompile pc=0x00007f3b6c78ee60 method=java.util.AbstractCollection.toArray([Ljava/lang/Object;)[Ljava/lang/Object; @ 119
Event: 1.374 Thread 0x0000000001b48800 Uncommon trap: reason=array_check action=maybe_recompile pc=0x00007f3b6c78bddc method=java.util.AbstractCollection.toArray([Ljava/lang/Object;)[Ljava/lang/Object; @ 119
Event: 1.374 Thread 0x0000000001b48800 Uncommon trap: reason=array_check action=maybe_recompile pc=0x00007f3b6c78ee60 method=java.util.AbstractCollection.toArray([Ljava/lang/Object;)[Ljava/lang/Object; @ 119
Event: 1.374 Thread 0x0000000001b48800 Uncommon trap: reason=array_check action=maybe_recompile pc=0x00007f3b6c78ee60 method=java.util.AbstractCollection.toArray([Ljava/lang/Object;)[Ljava/lang/Object; @ 119
Event: 1.374 Thread 0x0000000001b48800 Uncommon trap: reason=array_check action=maybe_recompile pc=0x00007f3b6c78bddc method=java.util.AbstractCollection.toArray([Ljava/lang/Object;)[Ljava/lang/Object; @ 119

Internal exceptions (10 events):
Event: 1.283 Thread 0x0000000001b48800 Exception <a 'java/security/PrivilegedActionException'> (0x00000000d68e0fe8) thrown at [/HUDSON/workspace/8-2-build-linux-amd64/jdk8u25/1514/hotspot/src/share/vm/prims/jvm.cpp, line 1312]
Event: 1.284 Thread 0x0000000001b48800 Exception <a 'java/security/PrivilegedActionException'> (0x00000000d68e6000) thrown at [/HUDSON/workspace/8-2-build-linux-amd64/jdk8u25/1514/hotspot/src/share/vm/prims/jvm.cpp, line 1312]
Event: 1.284 Thread 0x0000000001b48800 Exception <a 'java/security/PrivilegedActionException'> (0x00000000d68eaa90) thrown at [/HUDSON/workspace/8-2-build-linux-amd64/jdk8u25/1514/hotspot/src/share/vm/prims/jvm.cpp, line 1312]
Event: 1.285 Thread 0x0000000001b48800 Exception <a 'java/security/PrivilegedActionException'> (0x00000000d68fcdf8) thrown at [/HUDSON/workspace/8-2-build-linux-amd64/jdk8u25/1514/hotspot/src/share/vm/prims/jvm.cpp, line 1312]
Event: 1.300 Thread 0x0000000001b48800 Exception <a 'java/security/PrivilegedActionException'> (0x00000000d69174a8) thrown at [/HUDSON/workspace/8-2-build-linux-amd64/jdk8u25/1514/hotspot/src/share/vm/prims/jvm.cpp, line 1312]
Event: 1.301 Thread 0x0000000001b48800 Exception <a 'java/security/PrivilegedActionException'> (0x00000000d691cc58) thrown at [/HUDSON/workspace/8-2-build-linux-amd64/jdk8u25/1514/hotspot/src/share/vm/prims/jvm.cpp, line 1312]
Event: 1.302 Thread 0x0000000001b48800 Exception <a 'java/security/PrivilegedActionException'> (0x00000000d69288d0) thrown at [/HUDSON/workspace/8-2-build-linux-amd64/jdk8u25/1514/hotspot/src/share/vm/prims/jvm.cpp, line 1312]
Event: 1.305 Thread 0x0000000001b48800 Exception <a 'java/security/PrivilegedActionException'> (0x00000000d6933e78) thrown at [/HUDSON/workspace/8-2-build-linux-amd64/jdk8u25/1514/hotspot/src/share/vm/prims/jvm.cpp, line 1312]
Event: 1.397 Thread 0x0000000001b48800 Exception <a 'java/security/PrivilegedActionException'> (0x00000000d80ec928) thrown at [/HUDSON/workspace/8-2-build-linux-amd64/jdk8u25/1514/hotspot/src/share/vm/prims/jvm.cpp, line 1312]
Event: 1.398 Thread 0x0000000001b48800 Exception <a 'java/security/PrivilegedActionException'> (0x00000000d80f1480) thrown at [/HUDSON/workspace/8-2-build-linux-amd64/jdk8u25/1514/hotspot/src/share/vm/prims/jvm.cpp, line 1312]

Events (10 events):
Event: 1.693 Thread 0x0000000001b48800 DEOPT PACKING pc=0x00007f3b6c81c478 sp=0x00007f3b7dc05450
Event: 1.693 Thread 0x0000000001b48800 DEOPT UNPACKING pc=0x00007f3b6c647f73 sp=0x00007f3b7dc05220 mode 0
Event: 1.702 Thread 0x0000000001b48800 DEOPT PACKING pc=0x00007f3b6c81c478 sp=0x00007f3b7dc05450
Event: 1.702 Thread 0x0000000001b48800 DEOPT UNPACKING pc=0x00007f3b6c647f73 sp=0x00007f3b7dc05220 mode 0
Event: 1.704 Thread 0x0000000001b48800 DEOPT PACKING pc=0x00007f3b6c81c478 sp=0x00007f3b7dc05450
Event: 1.704 Thread 0x0000000001b48800 DEOPT UNPACKING pc=0x00007f3b6c647f73 sp=0x00007f3b7dc05220 mode 0
Event: 1.706 Thread 0x0000000001b48800 DEOPT PACKING pc=0x00007f3b6c81c478 sp=0x00007f3b7dc05450
Event: 1.706 Thread 0x0000000001b48800 DEOPT UNPACKING pc=0x00007f3b6c647f73 sp=0x00007f3b7dc05220 mode 0
Event: 1.706 Executing VM operation: ParallelGCFailedAllocation
Event: 1.716 Executing VM operation: ParallelGCFailedAllocation done


Dynamic libraries:
00400000-00401000 r-xp 00000000 00:14 138267735                          /gpfs/main/course/cs032/bin/jdk1.8.0_25/bin/java
00600000-00601000 rw-p 00000000 00:14 138267735                          /gpfs/main/course/cs032/bin/jdk1.8.0_25/bin/java
01b3d000-02336000 rw-p 00000000 00:00 0                                  [heap]
82e00000-88200000 rw-p 00000000 00:00 0 
88200000-d6500000 ---p 00000000 00:00 0 
d6500000-daf00000 rw-p 00000000 00:00 0 
daf00000-100000000 ---p 00000000 00:00 0 
100000000-1000a0000 rw-p 00000000 00:00 0 
1000a0000-140000000 ---p 00000000 00:00 0 
7f3b5c000000-7f3b5c5b1000 rw-p 00000000 00:00 0 
7f3b5c5b1000-7f3b60000000 ---p 00000000 00:00 0 
7f3b60170000-7f3b64000000 rw-p 00000000 00:00 0 
7f3b64000000-7f3b643ff000 rw-p 00000000 00:00 0 
7f3b643ff000-7f3b68000000 ---p 00000000 00:00 0 
7f3b68c58000-7f3b68c69000 rw-p 00000000 00:00 0 
7f3b68c69000-7f3b68d1d000 r-xp 00000000 fe:04 29                         /tmp/sqlite-3.8.7-50fb3f95-4427-4bad-b48c-a185ee6b2d4a-libsqlitejdbc.so
7f3b68d1d000-7f3b68f1d000 ---p 000b4000 fe:04 29                         /tmp/sqlite-3.8.7-50fb3f95-4427-4bad-b48c-a185ee6b2d4a-libsqlitejdbc.so
7f3b68f1d000-7f3b68f22000 rw-p 000b4000 fe:04 29                         /tmp/sqlite-3.8.7-50fb3f95-4427-4bad-b48c-a185ee6b2d4a-libsqlitejdbc.so
7f3b68f22000-7f3b68f26000 r--s 00093000 00:14 136611567                  /gpfs/main/course/cs032/bin/jdk1.8.0_25/jre/lib/jsse.jar
7f3b68f26000-7f3b68f42000 r--s 00393000 00:14 136611667                  /gpfs/main/course/cs032/bin/jdk1.8.0_25/jre/lib/ext/cldrdata.jar
7f3b68f42000-7f3b68f4c000 r--s 00116000 00:14 136611642                  /gpfs/main/course/cs032/bin/jdk1.8.0_25/jre/lib/ext/localedata.jar
7f3b68f4c000-7f3b68f4e000 r--s 020ff000 00:18 17123846                   /gpfs/nbu/people/gpane/.m2/repository/edu/cmu/sphinx/sphinx4-data/1.0-SNAPSHOT/sphinx4-data-1.0-SNAPSHOT.jar
7f3b68f4e000-7f3b68f6c000 r--s 00180000 00:18 17123853                   /gpfs/nbu/people/gpane/.m2/repository/org/apache/commons/commons-math3/3.2/commons-math3-3.2.jar
7f3b68f6c000-7f3b68f7e000 r--s 00121000 00:18 17123855                   /gpfs/nbu/people/gpane/.m2/repository/edu/cmu/sphinx/sphinx4-core/1.0-SNAPSHOT/sphinx4-core-1.0-SNAPSHOT.jar
7f3b68f7e000-7f3b68f84000 r--s 00044000 00:18 17124041                   /gpfs/nbu/people/gpane/.m2/repository/org/jsoup/jsoup/1.8.1/jsoup-1.8.1.jar
7f3b68f84000-7f3b68f85000 r--s 00002000 00:18 518532                     /gpfs/nbu/people/gpane/.m2/repository/com/google/oauth-client/google-oauth-client-java6/1.15.0-rc/google-oauth-client-java6-1.15.0-rc.jar
7f3b68f85000-7f3b68f89000 r--s 0002f000 00:18 518533                     /gpfs/nbu/people/gpane/.m2/repository/com/fasterxml/jackson/core/jackson-core/2.1.3/jackson-core-2.1.3.jar
7f3b68f89000-7f3b68f8c000 r--s 0001b000 00:18 518525                     /gpfs/nbu/people/gpane/.m2/repository/xpp3/xpp3/1.1.4c/xpp3-1.1.4c.jar
7f3b68f8c000-7f3b68f8e000 r--s 0000a000 00:18 41221350                   /gpfs/nbu/people/gpane/.m2/repository/commons-codec/commons-codec/1.3/commons-codec-1.3.jar
7f3b68f8e000-7f3b68f90000 r--s 0000d000 00:18 41221215                   /gpfs/nbu/people/gpane/.m2/repository/commons-logging/commons-logging/1.1.1/commons-logging-1.1.1.jar
7f3b68f90000-7f3b68f95000 r--s 00026000 00:18 41221351                   /gpfs/nbu/people/gpane/.m2/repository/org/apache/httpcomponents/httpcore/4.0.1/httpcore-4.0.1.jar
7f3b68f95000-7f3b68f9d000 r--s 00040000 00:18 17123958                   /gpfs/nbu/people/gpane/.m2/repository/org/apache/httpcomponents/httpclient/4.0.1/httpclient-4.0.1.jar
7f3b68f9d000-7f3b68fa4000 r--s 0003e000 00:18 518520                     /gpfs/nbu/people/gpane/.m2/repository/com/google/http-client/google-http-client/1.15.0-rc/google-http-client-1.15.0-rc.jar
7f3b68fa4000-7f3b68fa5000 r--s 00001000 00:18 518519                     /gpfs/nbu/people/gpane/.m2/repository/com/google/http-client/google-http-client-jackson2/1.15.0-rc/google-http-client-jackson2-1.15.0-rc.jar
7f3b68fa5000-7f3b68fab000 r--s 00031000 00:18 17124026                   /gpfs/nbu/people/gpane/.m2/repository/com/google/apis/google-api-services-youtube/v3-rev130-1.20.0/google-api-services-youtube-v3-rev130-1.20.0.jar
7f3b68fab000-7f3b68fae000 r--s 00006000 00:18 17123960                   /gpfs/nbu/people/gpane/.m2/repository/com/google/code/findbugs/jsr305/1.3.9/jsr305-1.3.9.jar
7f3b68fae000-7f3b68fb0000 r--s 0000d000 00:18 17123956                   /gpfs/nbu/people/gpane/.m2/repository/com/google/oauth-client/google-oauth-client/1.18.0-rc/google-oauth-client-1.18.0-rc.jar
7f3b68fb0000-7f3b68fb4000 r--s 00025000 00:18 17123959                   /gpfs/nbu/people/gpane/.m2/repository/com/google/api-client/google-api-client/1.18.0-rc/google-api-client-1.18.0-rc.jar
7f3b68fb4000-7f3b68fb7000 r--s 003c4000 00:18 24839702                   /gpfs/nbu/people/gpane/.m2/repository/org/xerial/sqlite-jdbc/3.8.7/sqlite-jdbc-3.8.7.jar
7f3b68fb7000-7f3b68fc8000 r--s 000d3000 00:18 24839730                   /gpfs/nbu/people/gpane/.m2/repository/org/freemarker/freemarker/2.3.19/freemarker-2.3.19.jar
7f3b68fc8000-7f3b68fc9000 r--s 00000000 00:18 24839727                   /gpfs/nbu/people/gpane/.m2/repository/com/sparkjava/spark-template-freemarker/2.0.0/spark-template-freemarker-2.0.0.jar
7f3b68fc9000-7f3b68fcc000 r--s 00014000 00:18 24839726                   /gpfs/nbu/people/gpane/.m2/repository/org/eclipse/jetty/jetty-security/9.0.2.v20130417/jetty-security-9.0.2.v20130417.jar
7f3b68fcc000-7f3b68fce000 r--s 00018000 00:18 24839725                   /gpfs/nbu/people/gpane/.m2/repository/org/eclipse/jetty/jetty-servlet/9.0.2.v20130417/jetty-servlet-9.0.2.v20130417.jar
7f3b68fce000-7f3b68fd0000 r--s 00009000 00:18 24839721                   /gpfs/nbu/people/gpane/.m2/repository/org/eclipse/jetty/jetty-xml/9.0.2.v20130417/jetty-xml-9.0.2.v20130417.jar
7f3b68fd0000-7f3b68fd3000 r--s 00019000 00:18 24839719                   /gpfs/nbu/people/gpane/.m2/repository/org/eclipse/jetty/jetty-webapp/9.0.2.v20130417/jetty-webapp-9.0.2.v20130417.jar
7f3b68fd3000-7f3b68fd6000 r--s 00012000 00:18 24839717                   /gpfs/nbu/people/gpane/.m2/repository/org/eclipse/jetty/jetty-io/9.0.2.v20130417/jetty-io-9.0.2.v20130417.jar
7f3b68fd6000-7f3b68fdb000 r--s 0004c000 00:18 24839596                   /gpfs/nbu/people/gpane/.m2/repository/org/eclipse/jetty/jetty-util/9.0.2.v20130417/jetty-util-9.0.2.v20130417.jar
7f3b68fdb000-7f3b68fde000 r--s 00017000 00:18 24839575                   /gpfs/nbu/people/gpane/.m2/repository/org/eclipse/jetty/jetty-http/9.0.2.v20130417/jetty-http-9.0.2.v20130417.jar
7f3b68fde000-7f3b68fe1000 r--s 0002e000 00:18 24839562                   /gpfs/nbu/people/gpane/.m2/repository/org/eclipse/jetty/orbit/javax.servlet/3.0.0.v201112011016/javax.servlet-3.0.0.v201112011016.jar
7f3b68fe1000-7f3b68fe6000 r--s 0004d000 00:18 24839556                   /gpfs/nbu/people/gpane/.m2/repository/org/eclipse/jetty/jetty-server/9.0.2.v20130417/jetty-server-9.0.2.v20130417.jar
7f3b68fe6000-7f3b68fe9000 r--s 0000d000 00:18 24839714                   /gpfs/nbu/people/gpane/.m2/repository/com/sparkjava/spark-core/2.0.0/spark-core-2.0.0.jar
7f3b68fe9000-7f3b68fee000 r--s 0002f000 00:18 24839713                   /gpfs/nbu/people/gpane/.m2/repository/com/google/code/gson/gson/2.3.1/gson-2.3.1.jar
7f3b68fee000-7f3b69019000 r--s 001fc000 00:18 24839712                   /gpfs/nbu/people/gpane/.m2/repository/com/google/guava/guava/18.0/guava-18.0.jar
7f3b69019000-7f3b6901b000 r--s 0001f000 00:15 255829686                  /gpfs/main/home/gpane/course/cs032/term-project/target/term-project-1.0.jar
7f3b6901b000-7f3b6901c000 ---p 00000000 00:00 0 
7f3b6901c000-7f3b6911c000 rw-p 00000000 00:00 0 
7f3b6911c000-7f3b6911f000 ---p 00000000 00:00 0 
7f3b6911f000-7f3b6921d000 rw-p 00000000 00:00 0 
7f3b6921d000-7f3b69220000 ---p 00000000 00:00 0 
7f3b69220000-7f3b6931e000 rw-p 00000000 00:00 0 
7f3b6931e000-7f3b69321000 ---p 00000000 00:00 0 
7f3b69321000-7f3b6941f000 rw-p 00000000 00:00 0 
7f3b6941f000-7f3b69422000 ---p 00000000 00:00 0 
7f3b69422000-7f3b69520000 rw-p 00000000 00:00 0 
7f3b69520000-7f3b69523000 ---p 00000000 00:00 0 
7f3b69523000-7f3b69621000 rw-p 00000000 00:00 0 
7f3b69621000-7f3b69624000 ---p 00000000 00:00 0 
7f3b69624000-7f3b69722000 rw-p 00000000 00:00 0 
7f3b69722000-7f3b69725000 ---p 00000000 00:00 0 
7f3b69725000-7f3b69823000 rw-p 00000000 00:00 0 
7f3b69823000-7f3b69824000 ---p 00000000 00:00 0 
7f3b69824000-7f3b6a927000 rw-p 00000000 00:00 0 
7f3b6a927000-7f3b6aafd000 r--s 03caa000 00:14 136611550                  /gpfs/main/course/cs032/bin/jdk1.8.0_25/jre/lib/rt.jar
7f3b6aafd000-7f3b6b04e000 rw-p 00000000 00:00 0 
7f3b6b04e000-7f3b6b3ce000 ---p 00000000 00:00 0 
7f3b6b3ce000-7f3b6b7b7000 rw-p 00000000 00:00 0 
7f3b6b7b7000-7f3b6b7b8000 ---p 00000000 00:00 0 
7f3b6b7b8000-7f3b6b8b8000 rw-p 00000000 00:00 0 
7f3b6b8b8000-7f3b6b8b9000 ---p 00000000 00:00 0 
7f3b6b8b9000-7f3b6b9b9000 rw-p 00000000 00:00 0 
7f3b6b9b9000-7f3b6b9ba000 ---p 00000000 00:00 0 
7f3b6b9ba000-7f3b6baba000 rw-p 00000000 00:00 0 
7f3b6baba000-7f3b6babb000 ---p 00000000 00:00 0 
7f3b6babb000-7f3b6bbe5000 rw-p 00000000 00:00 0 
7f3b6bbe5000-7f3b6be57000 ---p 00000000 00:00 0 
7f3b6be57000-7f3b6be81000 rw-p 00000000 00:00 0 
7f3b6be81000-7f3b6c0f2000 ---p 00000000 00:00 0 
7f3b6c0f2000-7f3b6c118000 rw-p 00000000 00:00 0 
7f3b6c118000-7f3b6c240000 ---p 00000000 00:00 0 
7f3b6c240000-7f3b6c24b000 rw-p 00000000 00:00 0 
7f3b6c24b000-7f3b6c601000 ---p 00000000 00:00 0 
7f3b6c601000-7f3b6c881000 rwxp 00000000 00:00 0 
7f3b6c881000-7f3b7b601000 ---p 00000000 00:00 0 
7f3b7b601000-7f3b7b61b000 r-xp 00000000 00:14 136610880                  /gpfs/main/course/cs032/bin/jdk1.8.0_25/jre/lib/amd64/libzip.so
7f3b7b61b000-7f3b7b81b000 ---p 0001a000 00:14 136610880                  /gpfs/main/course/cs032/bin/jdk1.8.0_25/jre/lib/amd64/libzip.so
7f3b7b81b000-7f3b7b81c000 rw-p 0001a000 00:14 136610880                  /gpfs/main/course/cs032/bin/jdk1.8.0_25/jre/lib/amd64/libzip.so
7f3b7b81c000-7f3b7b846000 r-xp 00000000 00:14 136610822                  /gpfs/main/course/cs032/bin/jdk1.8.0_25/jre/lib/amd64/libjava.so
7f3b7b846000-7f3b7ba46000 ---p 0002a000 00:14 136610822                  /gpfs/main/course/cs032/bin/jdk1.8.0_25/jre/lib/amd64/libjava.so
7f3b7ba46000-7f3b7ba48000 rw-p 0002a000 00:14 136610822                  /gpfs/main/course/cs032/bin/jdk1.8.0_25/jre/lib/amd64/libjava.so
7f3b7ba48000-7f3b7ba55000 r-xp 00000000 00:14 136610855                  /gpfs/main/course/cs032/bin/jdk1.8.0_25/jre/lib/amd64/libverify.so
7f3b7ba55000-7f3b7bc55000 ---p 0000d000 00:14 136610855                  /gpfs/main/course/cs032/bin/jdk1.8.0_25/jre/lib/amd64/libverify.so
7f3b7bc55000-7f3b7bc57000 rw-p 0000d000 00:14 136610855                  /gpfs/main/course/cs032/bin/jdk1.8.0_25/jre/lib/amd64/libverify.so
7f3b7bc57000-7f3b7bc5e000 r-xp 00000000 fe:00 2217                       /lib/x86_64-linux-gnu/librt-2.13.so
7f3b7bc5e000-7f3b7be5d000 ---p 00007000 fe:00 2217                       /lib/x86_64-linux-gnu/librt-2.13.so
7f3b7be5d000-7f3b7be5e000 r--p 00006000 fe:00 2217                       /lib/x86_64-linux-gnu/librt-2.13.so
7f3b7be5e000-7f3b7be5f000 rw-p 00007000 fe:00 2217                       /lib/x86_64-linux-gnu/librt-2.13.so
7f3b7be5f000-7f3b7bee0000 r-xp 00000000 fe:00 2190                       /lib/x86_64-linux-gnu/libm-2.13.so
7f3b7bee0000-7f3b7c0df000 ---p 00081000 fe:00 2190                       /lib/x86_64-linux-gnu/libm-2.13.so
7f3b7c0df000-7f3b7c0e0000 r--p 00080000 fe:00 2190                       /lib/x86_64-linux-gnu/libm-2.13.so
7f3b7c0e0000-7f3b7c0e1000 rw-p 00081000 fe:00 2190                       /lib/x86_64-linux-gnu/libm-2.13.so
7f3b7c0e1000-7f3b7cd4e000 r-xp 00000000 00:14 136611394                  /gpfs/main/course/cs032/bin/jdk1.8.0_25/jre/lib/amd64/server/libjvm.so
7f3b7cd4e000-7f3b7cf4d000 ---p 00c6d000 00:14 136611394                  /gpfs/main/course/cs032/bin/jdk1.8.0_25/jre/lib/amd64/server/libjvm.so
7f3b7cf4d000-7f3b7d023000 rw-p 00c6c000 00:14 136611394                  /gpfs/main/course/cs032/bin/jdk1.8.0_25/jre/lib/amd64/server/libjvm.so
7f3b7d023000-7f3b7d066000 rw-p 00000000 00:00 0 
7f3b7d066000-7f3b7d1e7000 r-xp 00000000 fe:00 2197                       /lib/x86_64-linux-gnu/libc-2.13.so
7f3b7d1e7000-7f3b7d3e7000 ---p 00181000 fe:00 2197                       /lib/x86_64-linux-gnu/libc-2.13.so
7f3b7d3e7000-7f3b7d3eb000 r--p 00181000 fe:00 2197                       /lib/x86_64-linux-gnu/libc-2.13.so
7f3b7d3eb000-7f3b7d3ec000 rw-p 00185000 fe:00 2197                       /lib/x86_64-linux-gnu/libc-2.13.so
7f3b7d3ec000-7f3b7d3f1000 rw-p 00000000 00:00 0 
7f3b7d3f1000-7f3b7d3f3000 r-xp 00000000 fe:00 2205                       /lib/x86_64-linux-gnu/libdl-2.13.so
7f3b7d3f3000-7f3b7d5f3000 ---p 00002000 fe:00 2205                       /lib/x86_64-linux-gnu/libdl-2.13.so
7f3b7d5f3000-7f3b7d5f4000 r--p 00002000 fe:00 2205                       /lib/x86_64-linux-gnu/libdl-2.13.so
7f3b7d5f4000-7f3b7d5f5000 rw-p 00003000 fe:00 2205                       /lib/x86_64-linux-gnu/libdl-2.13.so
7f3b7d5f5000-7f3b7d60a000 r-xp 00000000 00:14 174988983                  /gpfs/main/course/cs032/bin/jdk1.8.0_25/lib/amd64/jli/libjli.so
7f3b7d60a000-7f3b7d809000 ---p 00015000 00:14 174988983                  /gpfs/main/course/cs032/bin/jdk1.8.0_25/lib/amd64/jli/libjli.so
7f3b7d809000-7f3b7d80a000 rw-p 00014000 00:14 174988983                  /gpfs/main/course/cs032/bin/jdk1.8.0_25/lib/amd64/jli/libjli.so
7f3b7d80a000-7f3b7d821000 r-xp 00000000 fe:00 2218                       /lib/x86_64-linux-gnu/libpthread-2.13.so
7f3b7d821000-7f3b7da20000 ---p 00017000 fe:00 2218                       /lib/x86_64-linux-gnu/libpthread-2.13.so
7f3b7da20000-7f3b7da21000 r--p 00016000 fe:00 2218                       /lib/x86_64-linux-gnu/libpthread-2.13.so
7f3b7da21000-7f3b7da22000 rw-p 00017000 fe:00 2218                       /lib/x86_64-linux-gnu/libpthread-2.13.so
7f3b7da22000-7f3b7da26000 rw-p 00000000 00:00 0 
7f3b7da26000-7f3b7da46000 r-xp 00000000 fe:00 2214                       /lib/x86_64-linux-gnu/ld-2.13.so
7f3b7da47000-7f3b7da48000 r--s 00001000 00:18 24839707                   /gpfs/nbu/people/gpane/.m2/repository/org/slf4j/slf4j-jdk14/1.7.7/slf4j-jdk14-1.7.7.jar
7f3b7da48000-7f3b7da4a000 r--s 00006000 00:18 24839706                   /gpfs/nbu/people/gpane/.m2/repository/org/slf4j/slf4j-api/1.7.7/slf4j-api-1.7.7.jar
7f3b7da4a000-7f3b7da4c000 r--s 00009000 00:18 24839701                   /gpfs/nbu/people/gpane/.m2/repository/org/hamcrest/hamcrest-core/1.3/hamcrest-core-1.3.jar
7f3b7da4c000-7f3b7da52000 r--s 00036000 00:18 24839698                   /gpfs/nbu/people/gpane/.m2/repository/junit/junit/4.11/junit-4.11.jar
7f3b7da52000-7f3b7da54000 r--s 0000e000 00:18 24839699                   /gpfs/nbu/people/gpane/.m2/repository/net/sf/jopt-simple/jopt-simple/4.8/jopt-simple-4.8.jar
7f3b7da54000-7f3b7da5b000 r--s 0005e000 00:18 42049789                   /gpfs/nbu/people/gpane/.m2/repository/org/apache/commons/commons-lang3/3.3.2/commons-lang3-3.3.2.jar
7f3b7da5b000-7f3b7da83000 rw-p 00000000 00:00 0 
7f3b7da83000-7f3b7db06000 r--s 00000000 00:0e 6629                       /run/nscd/dbfzWBdR (deleted)
7f3b7db06000-7f3b7db09000 ---p 00000000 00:00 0 
7f3b7db09000-7f3b7dc0b000 rw-p 00000000 00:00 0 
7f3b7dc0b000-7f3b7dc11000 r--s 00045000 00:18 24839705                   /gpfs/nbu/people/gpane/.m2/repository/org/hamcrest/hamcrest-all/1.3/hamcrest-all-1.3.jar
7f3b7dc11000-7f3b7dc39000 rw-p 00000000 00:00 0 
7f3b7dc39000-7f3b7dc41000 rw-s 00000000 fe:04 28                         /tmp/hsperfdata_gpane/4457
7f3b7dc41000-7f3b7dc42000 rw-p 00000000 00:00 0 
7f3b7dc42000-7f3b7dc43000 r--p 00000000 00:00 0 
7f3b7dc43000-7f3b7dc45000 rw-p 00000000 00:00 0 
7f3b7dc45000-7f3b7dc46000 r--p 0001f000 fe:00 2214                       /lib/x86_64-linux-gnu/ld-2.13.so
7f3b7dc46000-7f3b7dc47000 rw-p 00020000 fe:00 2214                       /lib/x86_64-linux-gnu/ld-2.13.so
7f3b7dc47000-7f3b7dc48000 rw-p 00000000 00:00 0 
7ffeb8275000-7ffeb8297000 rw-p 00000000 00:00 0                          [stack]
7ffeb8360000-7ffeb8361000 r-xp 00000000 00:00 0                          [vdso]
ffffffffff600000-ffffffffff601000 r-xp 00000000 00:00 0                  [vsyscall]

VM Arguments:
jvm_args: -verbose:gc 
java_command: edu.brown.cs.group.term_project.Main bigDB.sqlite3 alls.words NRCnice.txt
java_class_path (initial): target/term-project-1.0.jar:/home/gpane/.m2/repository/org/apache/commons/commons-lang3/3.3.2/commons-lang3-3.3.2.jar:/home/gpane/.m2/repository/net/sf/jopt-simple/jopt-simple/4.8/jopt-simple-4.8.jar:/home/gpane/.m2/repository/junit/junit/4.11/junit-4.11.jar:/home/gpane/.m2/repository/org/hamcrest/hamcrest-core/1.3/hamcrest-core-1.3.jar:/home/gpane/.m2/repository/org/hamcrest/hamcrest-all/1.3/hamcrest-all-1.3.jar:/home/gpane/.m2/repository/org/slf4j/slf4j-api/1.7.7/slf4j-api-1.7.7.jar:/home/gpane/.m2/repository/org/slf4j/slf4j-jdk14/1.7.7/slf4j-jdk14-1.7.7.jar:/home/gpane/.m2/repository/com/google/guava/guava/18.0/guava-18.0.jar:/home/gpane/.m2/repository/com/google/code/gson/gson/2.3.1/gson-2.3.1.jar:/home/gpane/.m2/repository/com/sparkjava/spark-core/2.0.0/spark-core-2.0.0.jar:/home/gpane/.m2/repository/org/eclipse/jetty/jetty-server/9.0.2.v20130417/jetty-server-9.0.2.v20130417.jar:/home/gpane/.m2/repository/org/eclipse/jetty/orbit/javax.servlet/3.0.0.v201112011016/javax.servlet-3.0.0.v201112011016.jar:/home/gpane/.m2/repository/org/eclipse/jetty/jetty-http/9.0.2.v20130417/jetty-http-9.0.2.v20130417.jar:/home/gpane/.m2/repository/org/eclipse/jetty/jetty-util/9.0.2.v20130417/jetty-util-9.0.2.v20130417.jar:/home/gpane/.m2/repository/org/eclipse/jetty/jetty-io/9.0.2.v20130417/jetty-io-9.0.2.v20130417.jar:/home/gpane/.m2/repository/org/eclipse/jetty/jetty-webapp/9.0.2.v20130417/jetty-webapp-9.0.2.v20130417.jar:/home/gpane/.m2/repository/org/eclipse/jetty/jetty-xml/9.0.2.v20130417/jetty-xml-9.0.2.v20130417.jar:/home/gpane/.m2/repository/org/eclipse/jetty/jetty-servlet/9.0.2.v20130417/jetty-servlet-9.0.2.v20130417.jar:/home/gpane/.m2/repository/org/eclipse/jetty/jetty-security/9.0.2.v20130417/jetty-security-9.0.2.v20130417.jar:/home/gpane/.m2/repository/com/sparkjava/spark-template-freemarker/2.0.0/spark-template-freemarker-2.0.0.jar:/home/gpane/.m2/repository/org/freemarker/freemarker/2.3.19/freemarker-2.3.19.jar:/home/gpane/.m2/repository/
Launcher Type: SUN_STANDARD

Environment Variables:
JAVA_HOME=/pro/java/linux/jdk1.8.0
JRE_HOME=/pro/java/linux/jdk1.8.0
PATH=/course/cs032/bin:/local/bin:/usr/local/bin:/bin:/usr/bin:/usr/X11R6/bin:/usr/games:/contrib/bin:/course/cs051/bin:/course/cs022/bin:/course/cs032/bin:/course/cs141/bin:/course/cs018/tabin:/course/cs018/bin:/admin/tasupport/bin:/course/cs033/bin:/course/cs195y/bin:/course/cs018/scala/bin
SHELL=/bin/bash
DISPLAY=:0.0

Signal Handlers:
SIGSEGV: [libjvm.so+0xa79a80], sa_mask[0]=11111111011111111101111111111110, sa_flags=SA_RESTART|SA_SIGINFO
SIGBUS: [libjvm.so+0xa79a80], sa_mask[0]=11111111011111111101111111111110, sa_flags=SA_RESTART|SA_SIGINFO
SIGFPE: [libjvm.so+0x8e24e0], sa_mask[0]=11111111011111111101111111111110, sa_flags=SA_RESTART|SA_SIGINFO
SIGPIPE: [libjvm.so+0x8e24e0], sa_mask[0]=11111111011111111101111111111110, sa_flags=SA_RESTART|SA_SIGINFO
SIGXFSZ: [libjvm.so+0x8e24e0], sa_mask[0]=11111111011111111101111111111110, sa_flags=SA_RESTART|SA_SIGINFO
SIGILL: [libjvm.so+0x8e24e0], sa_mask[0]=11111111011111111101111111111110, sa_flags=SA_RESTART|SA_SIGINFO
SIGUSR1: SIG_DFL, sa_mask[0]=00000000000000000000000000000000, sa_flags=none
SIGUSR2: [libjvm.so+0x8e3d10], sa_mask[0]=00000000000000000000000000000000, sa_flags=SA_RESTART|SA_SIGINFO
SIGHUP: [libjvm.so+0x8e50d0], sa_mask[0]=11111111011111111101111111111110, sa_flags=SA_RESTART|SA_SIGINFO
SIGINT: [libjvm.so+0x8e50d0], sa_mask[0]=11111111011111111101111111111110, sa_flags=SA_RESTART|SA_SIGINFO
SIGTERM: [libjvm.so+0x8e50d0], sa_mask[0]=11111111011111111101111111111110, sa_flags=SA_RESTART|SA_SIGINFO
SIGQUIT: [libjvm.so+0x8e50d0], sa_mask[0]=11111111011111111101111111111110, sa_flags=SA_RESTART|SA_SIGINFO


---------------  S Y S T E M  ---------------

OS:PRETTY_NAME="Debian GNU/Linux 7 (wheezy)"
NAME="Debian GNU/Linux"
VERSION_ID="7"
VERSION="7 (wheezy)"
ID=debian
ANSI_COLOR="1;31"
HOME_URL="http://www.debian.org/"
SUPPORT_URL="http://www.debian.org/support/"
BUG_REPORT_URL="http://bugs.debian.org/"

uname:Linux 3.2.0-4-amd64 #1 SMP Debian 3.2.68-1+deb7u1 x86_64
libc:glibc 2.13 NPTL 2.13 
rlimit: STACK 8192k, CORE 0k, NPROC 63961, NOFILE 4096, AS infinity
load average:1.15 0.45 0.16

/proc/meminfo:
MemTotal:        8199880 kB
MemFree:         7494996 kB
Buffers:           53324 kB
Cached:           282136 kB
SwapCached:            0 kB
Active:           324740 kB
Inactive:         269272 kB
Active(anon):     258972 kB
Inactive(anon):     1752 kB
Active(file):      65768 kB
Inactive(file):   267520 kB
Unevictable:           0 kB
Mlocked:               0 kB
SwapTotal:       8388604 kB
SwapFree:        8388604 kB
Dirty:               960 kB
Writeback:             0 kB
AnonPages:        258412 kB
Mapped:            83512 kB
Shmem:              2156 kB
Slab:              44412 kB
SReclaimable:      19336 kB
SUnreclaim:        25076 kB
KernelStack:        2592 kB
PageTables:        13672 kB
NFS_Unstable:          0 kB
Bounce:                0 kB
WritebackTmp:          0 kB
CommitLimit:    12488544 kB
Committed_AS:    1247384 kB
VmallocTotal:   34359738367 kB
VmallocUsed:      326284 kB
VmallocChunk:   34359407612 kB
HardwareCorrupted:     0 kB
AnonHugePages:         0 kB
HugePages_Total:       0
HugePages_Free:        0
HugePages_Rsvd:        0
HugePages_Surp:        0
Hugepagesize:       2048 kB
DirectMap4k:       65088 kB
DirectMap2M:     8323072 kB


CPU:total 4 (4 cores per cpu, 1 threads per core) family 6 model 15 stepping 11, cmov, cx8, fxsr, mmx, sse, sse2, sse3, ssse3, tsc

/proc/cpuinfo:
processor	: 0
vendor_id	: GenuineIntel
cpu family	: 6
model		: 15
model name	: Intel(R) Core(TM)2 Quad CPU    Q6600  @ 2.40GHz
stepping	: 11
microcode	: 0xb6
cpu MHz		: 2400.053
cache size	: 4096 KB
physical id	: 0
siblings	: 4
core id		: 0
cpu cores	: 4
apicid		: 0
initial apicid	: 0
fpu		: yes
fpu_exception	: yes
cpuid level	: 10
wp		: yes
flags		: fpu vme de pse tsc msr pae mce cx8 apic sep mtrr pge mca cmov pat pse36 clflush dts acpi mmx fxsr sse sse2 ss ht tm pbe syscall nx lm constant_tsc arch_perfmon pebs bts rep_good nopl aperfmperf pni dtes64 monitor ds_cpl vmx est tm2 ssse3 cx16 xtpr pdcm lahf_lm dtherm tpr_shadow vnmi flexpriority
bogomips	: 4800.10
clflush size	: 64
cache_alignment	: 64
address sizes	: 36 bits physical, 48 bits virtual
power management:

processor	: 1
vendor_id	: GenuineIntel
cpu family	: 6
model		: 15
model name	: Intel(R) Core(TM)2 Quad CPU    Q6600  @ 2.40GHz
stepping	: 11
microcode	: 0xb6
cpu MHz		: 2400.053
cache size	: 4096 KB
physical id	: 0
siblings	: 4
core id		: 1
cpu cores	: 4
apicid		: 1
initial apicid	: 1
fpu		: yes
fpu_exception	: yes
cpuid level	: 10
wp		: yes
flags		: fpu vme de pse tsc msr pae mce cx8 apic sep mtrr pge mca cmov pat pse36 clflush dts acpi mmx fxsr sse sse2 ss ht tm pbe syscall nx lm constant_tsc arch_perfmon pebs bts rep_good nopl aperfmperf pni dtes64 monitor ds_cpl vmx est tm2 ssse3 cx16 xtpr pdcm lahf_lm dtherm tpr_shadow vnmi flexpriority
bogomips	: 4800.23
clflush size	: 64
cache_alignment	: 64
address sizes	: 36 bits physical, 48 bits virtual
power management:

processor	: 2
vendor_id	: GenuineIntel
cpu family	: 6
model		: 15
model name	: Intel(R) Core(TM)2 Quad CPU    Q6600  @ 2.40GHz
stepping	: 11
microcode	: 0xb6
cpu MHz		: 2400.053
cache size	: 4096 KB
physical id	: 0
siblings	: 4
core id		: 2
cpu cores	: 4
apicid		: 2
initial apicid	: 2
fpu		: yes
fpu_exception	: yes
cpuid level	: 10
wp		: yes
flags		: fpu vme de pse tsc msr pae mce cx8 apic sep mtrr pge mca cmov pat pse36 clflush dts acpi mmx fxsr sse sse2 ss ht tm pbe syscall nx lm constant_tsc arch_perfmon pebs bts rep_good nopl aperfmperf pni dtes64 monitor ds_cpl vmx est tm2 ssse3 cx16 xtpr pdcm lahf_lm dtherm tpr_shadow vnmi flexpriority
bogomips	: 4800.28
clflush size	: 64
cache_alignment	: 64
address sizes	: 36 bits physical, 48 bits virtual
power management:

processor	: 3
vendor_id	: GenuineIntel
cpu family	: 6
model		: 15
model name	: Intel(R) Core(TM)2 Quad CPU    Q6600  @ 2.40GHz
stepping	: 11
microcode	: 0xb6
cpu MHz		: 2400.053
cache size	: 4096 KB
physical id	: 0
siblings	: 4
core id		: 3
cpu cores	: 4
apicid		: 3
initial apicid	: 3
fpu		: yes
fpu_exception	: yes
cpuid level	: 10
wp		: yes
flags		: fpu vme de pse tsc msr pae mce cx8 apic sep mtrr pge mca cmov pat pse36 clflush dts acpi mmx fxsr sse sse2 ss ht tm pbe syscall nx lm constant_tsc arch_perfmon pebs bts rep_good nopl aperfmperf pni dtes64 monitor ds_cpl vmx est tm2 ssse3 cx16 xtpr pdcm lahf_lm dtherm tpr_shadow vnmi flexpriority
bogomips	: 4800.27
clflush size	: 64
cache_alignment	: 64
address sizes	: 36 bits physical, 48 bits virtual
power management:



Memory: 4k page, physical 8199880k(7494996k free), swap 8388604k(8388604k free)

vm_info: Java HotSpot(TM) 64-Bit Server VM (25.25-b02) for linux-amd64 JRE (1.8.0_25-b17), built on Sep 17 2014 17:32:11 by "java_re" with gcc 4.3.0 20080428 (Red Hat 4.3.0-8)

time: Thu May  7 20:18:56 2015
elapsed time: 1 seconds (0d 0h 0m 1s)

