#
# A fatal error has been detected by the Java Runtime Environment:
#
#  SIGSEGV (0xb) at pc=0x00007f4823937060, pid=25181, tid=139949159708416
#
# JRE version: Java(TM) SE Runtime Environment (8.0_25-b17) (build 1.8.0_25-b17)
# Java VM: Java HotSpot(TM) 64-Bit Server VM (25.25-b02 mixed mode linux-amd64 compressed oops)
# Problematic frame:
# C  0x00007f4823937060
#
# Failed to write core dump. Core dumps have been disabled. To enable core dumping, try "ulimit -c unlimited" before starting Java again
#
# If you would like to submit a bug report, please visit:
#   http://bugreport.sun.com/bugreport/crash.jsp
#

---------------  T H R E A D  ---------------

Current thread (0x0000000001443000):  JavaThread "main" [_thread_in_Java, id=25197, stack(0x00007f4873e37000,0x00007f4873f38000)]

siginfo: si_signo: 11 (SIGSEGV), si_code: 1 (SEGV_MAPERR), si_addr: 0x00007f4823937060

Registers:
RAX=0x000000000000003e, RBX=0x00000000d6add0d8, RCX=0x00000000d6add0d8, RDX=0x00007f4861507028
RSP=0x00007f4873f34ef8, RBP=0x00007f4873f35218, RSI=0x00000000d6add0d8, RDI=0x00000000ffffffff
R8 =0x000000000000190d, R9 =0x0000000000000005, R10=0x00000000ffffe014, R11=0x00000000fffffc3e
R12=0x0000000000000000, R13=0x00007f4873f351d0, R14=0x00007f4873f35288, R15=0x0000000001443000
RIP=0x00007f4823937060, EFLAGS=0x0000000000010202, CSGSFS=0x0000000000000033, ERR=0x0000000000000014
  TRAPNO=0x000000000000000e

Top of Stack: (sp=0x00007f4873f34ef8)
0x00007f4873f34ef8:   00007f4862b97674 00007f485af13978
0x00007f4873f34f08:   0000000001443000 00007f4873f34f88
0x00007f4873f34f18:   00007f4861079800 00007f48614facf0
0x00007f4873f34f28:   00007f4861079438 0000000000000000
0x00007f4873f34f38:   0000000001442d00 00007f4873f350f0
0x00007f4873f34f48:   00007f485af13978 00007f4873f350e0
0x00007f4873f34f58:   00007f485af13978 00007f4873f35030
0x00007f4873f34f68:   00007f4872db1635 0000000001443000
0x00007f4873f34f78:   000000000000007c 00000000d6add0d8
0x00007f4873f34f88:   0000388cffffffff 000000040000003e
0x00007f4873f34f98:   0000000000000006 0000000001443000
0x00007f4873f34fa8:   00007f4873f35038 00007f4873f35020
0x00007f4873f34fb8:   00007f4872b0440f 0000000001443000
0x00007f4873f34fc8:   00007f48614f9cc0 00007f4861078b18
0x00007f4873f34fd8:   0000155300000000 00000000d6ae5320
0x00007f4873f34fe8:   00000000d6b0b2e8 00007f4800000064
0x00007f4873f34ff8:   0000000000000000 0000000000000000
0x00007f4873f35008:   00007f4873f350a0 00007f4873f35068
0x00007f4873f35018:   0000000001443000 00007f4873f35080
0x00007f4873f35028:   00007f4862a3d92a 00000000000000f9
0x00007f4873f35038:   00000000d6add1b8 0000000000000000
0x00007f4873f35048:   00000000d6ae11c8 00007f4873f35180
0x00007f4873f35058:   00007f4873f350b0 0000000001443000
0x00007f4873f35068:   00000000d8a90488 00000000d6add0d8
0x00007f4873f35078:   0000000000000000 00007f4873f35108
0x00007f4873f35088:   00007f486293998d 00007f4873f350f8
0x00007f4873f35098:   00007f4862939230 00007f4862939160
0x00007f4873f350a8:   0000000000000000 00000000d6ae51d8
0x00007f4873f350b8:   00007f4873f350b8 00000000d6b0b2e8
0x00007f4873f350c8:   00000000d6b0b318 0000000000000000
0x00007f4873f350d8:   00007f486150bbb8 0000000400000000
0x00007f4873f350e8:   00000000d6add0d8 00000000d6b0b478 

Instructions: (pc=0x00007f4823937060)
0x00007f4823937040:   
[error occurred during error reporting (printing registers, top of stack, instructions near pc), id 0xb]

Register to memory mapping:

RAX=0x000000000000003e is an unknown value
RBX=0x00000000d6add0d8 is an oop
org.codehaus.plexus.util.xml.pull.MXParser 
 - klass: 'org/codehaus/plexus/util/xml/pull/MXParser'
RCX=0x00000000d6add0d8 is an oop
org.codehaus.plexus.util.xml.pull.MXParser 
 - klass: 'org/codehaus/plexus/util/xml/pull/MXParser'
RDX=0x00007f4861507028 is pointing into metadata
RSP=0x00007f4873f34ef8 is pointing into the stack for thread: 0x0000000001443000
RBP=0x00007f4873f35218 is pointing into the stack for thread: 0x0000000001443000
RSI=0x00000000d6add0d8 is an oop
org.codehaus.plexus.util.xml.pull.MXParser 
 - klass: 'org/codehaus/plexus/util/xml/pull/MXParser'
RDI=0x00000000ffffffff is an unallocated location in the heap
R8 =0x000000000000190d is an unknown value
R9 =0x0000000000000005 is an unknown value
R10=0x00000000ffffe014 is an unallocated location in the heap
R11=0x00000000fffffc3e is an unallocated location in the heap
R12=0x0000000000000000 is an unknown value
R13=0x00007f4873f351d0 is pointing into the stack for thread: 0x0000000001443000
R14=0x00007f4873f35288 is pointing into the stack for thread: 0x0000000001443000
R15=0x0000000001443000 is a thread


Stack: [0x00007f4873e37000,0x00007f4873f38000],  sp=0x00007f4873f34ef8,  free space=1015k
Native frames: (J=compiled Java code, j=interpreted, Vv=VM code, C=native code)
C  0x00007f4823937060
j  org.codehaus.plexus.util.xml.Xpp3DomBuilder.build(Ljava/io/Reader;Z)Lorg/codehaus/plexus/util/xml/Xpp3Dom;+17
j  org.codehaus.plexus.util.xml.Xpp3DomBuilder.build(Ljava/io/Reader;)Lorg/codehaus/plexus/util/xml/Xpp3Dom;+2
j  org.apache.maven.plugin.descriptor.PluginDescriptorBuilder.buildConfiguration(Ljava/io/Reader;)Lorg/codehaus/plexus/configuration/PlexusConfiguration;+5
j  org.apache.maven.plugin.descriptor.PluginDescriptorBuilder.build(Ljava/io/Reader;Ljava/lang/String;)Lorg/apache/maven/plugin/descriptor/PluginDescriptor;+2
j  org.apache.maven.plugin.internal.DefaultMavenPluginManager.parsePluginDescriptor(Ljava/io/InputStream;Lorg/apache/maven/model/Plugin;Ljava/lang/String;)Lorg/apache/maven/plugin/descriptor/PluginDescriptor;+13
j  org.apache.maven.plugin.internal.DefaultMavenPluginManager.extractPluginDescriptor(Lorg/apache/maven/artifact/Artifact;Lorg/apache/maven/model/Plugin;)Lorg/apache/maven/plugin/descriptor/PluginDescriptor;+64
j  org.apache.maven.plugin.internal.DefaultMavenPluginManager.getPluginDescriptor(Lorg/apache/maven/model/Plugin;Ljava/util/List;Lorg/eclipse/aether/RepositorySystemSession;)Lorg/apache/maven/plugin/descriptor/PluginDescriptor;+57
j  org.apache.maven.plugin.internal.DefaultMavenPluginManager.getMojoDescriptor(Lorg/apache/maven/model/Plugin;Ljava/lang/String;Ljava/util/List;Lorg/eclipse/aether/RepositorySystemSession;)Lorg/apache/maven/plugin/descriptor/MojoDescriptor;+5
j  org.apache.maven.plugin.DefaultBuildPluginManager.getMojoDescriptor(Lorg/apache/maven/model/Plugin;Ljava/lang/String;Ljava/util/List;Lorg/eclipse/aether/RepositorySystemSession;)Lorg/apache/maven/plugin/descriptor/MojoDescriptor;+9
j  org.apache.maven.lifecycle.internal.DefaultLifecycleExecutionPlanCalculator.setupMojoExecution(Lorg/apache/maven/execution/MavenSession;Lorg/apache/maven/project/MavenProject;Lorg/apache/maven/plugin/MojoExecution;)V+31
j  org.apache.maven.lifecycle.internal.DefaultLifecycleExecutionPlanCalculator.setupMojoExecutions(Lorg/apache/maven/execution/MavenSession;Lorg/apache/maven/project/MavenProject;Ljava/util/List;)V+35
j  org.apache.maven.lifecycle.internal.DefaultLifecycleExecutionPlanCalculator.calculateExecutionPlan(Lorg/apache/maven/execution/MavenSession;Lorg/apache/maven/project/MavenProject;Ljava/util/List;Z)Lorg/apache/maven/lifecycle/MavenExecutionPlan;+28
j  org.apache.maven.lifecycle.internal.DefaultLifecycleExecutionPlanCalculator.calculateExecutionPlan(Lorg/apache/maven/execution/MavenSession;Lorg/apache/maven/project/MavenProject;Ljava/util/List;)Lorg/apache/maven/lifecycle/MavenExecutionPlan;+5
j  org.apache.maven.lifecycle.internal.builder.BuilderCommon.resolveBuildPlan(Lorg/apache/maven/execution/MavenSession;Lorg/apache/maven/project/MavenProject;Lorg/apache/maven/lifecycle/internal/TaskSegment;Ljava/util/Set;)Lorg/apache/maven/lifecycle/MavenExecutionPlan;+10
j  org.apache.maven.lifecycle.internal.LifecycleModuleBuilder.buildProject(Lorg/apache/maven/execution/MavenSession;Lorg/apache/maven/execution/MavenSession;Lorg/apache/maven/lifecycle/internal/ReactorContext;Lorg/apache/maven/project/MavenProject;Lorg/apache/maven/lifecycle/internal/TaskSegment;)V+132
j  org.apache.maven.lifecycle.internal.LifecycleModuleBuilder.buildProject(Lorg/apache/maven/execution/MavenSession;Lorg/apache/maven/lifecycle/internal/ReactorContext;Lorg/apache/maven/project/MavenProject;Lorg/apache/maven/lifecycle/internal/TaskSegment;)V+7
j  org.apache.maven.lifecycle.internal.builder.singlethreaded.SingleThreadedBuilder.build(Lorg/apache/maven/execution/MavenSession;Lorg/apache/maven/lifecycle/internal/ReactorContext;Lorg/apache/maven/lifecycle/internal/ProjectBuildList;Ljava/util/List;Lorg/apache/maven/lifecycle/internal/ReactorBuildStatus;)V+77
j  org.apache.maven.lifecycle.internal.LifecycleStarter.execute(Lorg/apache/maven/execution/MavenSession;)V+346
j  org.apache.maven.DefaultMaven.doExecute(Lorg/apache/maven/execution/MavenExecutionRequest;)Lorg/apache/maven/execution/MavenExecutionResult;+554
j  org.apache.maven.DefaultMaven.execute(Lorg/apache/maven/execution/MavenExecutionRequest;)Lorg/apache/maven/execution/MavenExecutionResult;+11
j  org.apache.maven.cli.MavenCli.execute(Lorg/apache/maven/cli/MavenCli$CliRequest;)I+19
j  org.apache.maven.cli.MavenCli.doMain(Lorg/apache/maven/cli/MavenCli$CliRequest;)I+61
j  org.apache.maven.cli.MavenCli.main([Ljava/lang/String;Lorg/codehaus/plexus/classworlds/ClassWorld;)I+18
v  ~StubRoutines::call_stub
V  [libjvm.so+0x664086]  JavaCalls::call_helper(JavaValue*, methodHandle*, JavaCallArguments*, Thread*)+0x1056
V  [libjvm.so+0x958ab7]  Reflection::invoke(instanceKlassHandle, methodHandle, Handle, bool, objArrayHandle, BasicType, objArrayHandle, bool, Thread*)+0x5d7
V  [libjvm.so+0x95c187]  Reflection::invoke_method(oopDesc*, Handle, objArrayHandle, Thread*)+0x147
V  [libjvm.so+0x6ea3cb]  JVM_InvokeMethod+0x26b
j  sun.reflect.NativeMethodAccessorImpl.invoke0(Ljava/lang/reflect/Method;Ljava/lang/Object;[Ljava/lang/Object;)Ljava/lang/Object;+0
j  sun.reflect.NativeMethodAccessorImpl.invoke(Ljava/lang/Object;[Ljava/lang/Object;)Ljava/lang/Object;+100
j  sun.reflect.DelegatingMethodAccessorImpl.invoke(Ljava/lang/Object;[Ljava/lang/Object;)Ljava/lang/Object;+6
j  java.lang.reflect.Method.invoke(Ljava/lang/Object;[Ljava/lang/Object;)Ljava/lang/Object;+56
j  org.codehaus.plexus.classworlds.launcher.Launcher.launchEnhanced([Ljava/lang/String;)V+45
j  org.codehaus.plexus.classworlds.launcher.Launcher.launch([Ljava/lang/String;)V+2
j  org.codehaus.plexus.classworlds.launcher.Launcher.mainWithExitCode([Ljava/lang/String;)I+101
j  org.codehaus.plexus.classworlds.launcher.Launcher.main([Ljava/lang/String;)V+1
v  ~StubRoutines::call_stub
V  [libjvm.so+0x664086]  JavaCalls::call_helper(JavaValue*, methodHandle*, JavaCallArguments*, Thread*)+0x1056
V  [libjvm.so+0x6ab096]  jni_invoke_static(JNIEnv_*, JavaValue*, _jobject*, JNICallType, _jmethodID*, JNI_ArgumentPusher*, Thread*)+0x346
V  [libjvm.so+0x6b1c2a]  jni_CallStaticVoidMethod+0x17a
C  [libjli.so+0x7b14]  JavaMain+0x844
C  [libpthread.so.0+0x6b50]  start_thread+0xd0


---------------  P R O C E S S  ---------------

Java Threads: ( => current thread )
  0x00007f485c05c800 JavaThread "Service Thread" daemon [_thread_blocked, id=25209, stack(0x00007f485b3f4000,0x00007f485b4f5000)]
  0x00007f485c035000 JavaThread "C1 CompilerThread2" daemon [_thread_blocked, id=25208, stack(0x00007f485b4f5000,0x00007f485b5f6000)]
  0x00007f485c032800 JavaThread "C2 CompilerThread1" daemon [_thread_blocked, id=25207, stack(0x00007f485b5f6000,0x00007f485b6f7000)]
  0x00007f485c030000 JavaThread "C2 CompilerThread0" daemon [_thread_blocked, id=25206, stack(0x00007f485b6f7000,0x00007f485b7f8000)]
  0x00007f485c02e000 JavaThread "Signal Dispatcher" daemon [_thread_blocked, id=25205, stack(0x00007f485b7f8000,0x00007f485b8f9000)]
  0x00007f485c001000 JavaThread "Finalizer" daemon [_thread_blocked, id=25204, stack(0x00007f485b8f9000,0x00007f485b9fa000)]
  0x00000000014b3800 JavaThread "Reference Handler" daemon [_thread_blocked, id=25203, stack(0x00007f485b9fa000,0x00007f485bafb000)]
=>0x0000000001443000 JavaThread "main" [_thread_in_Java, id=25197, stack(0x00007f4873e37000,0x00007f4873f38000)]

Other Threads:
  0x00000000014ac800 VMThread [stack: 0x00007f485bafb000,0x00007f485bbfc000] [id=25202]
  0x00007f485c05f000 WatcherThread [stack: 0x00007f485b2f3000,0x00007f485b3f4000] [id=25210]

VM state:not at safepoint (normal execution)

VM Mutex/Monitor currently owned by a thread: None

Heap:
 PSYoungGen      total 37888K, used 11728K [0x00000000d6500000, 0x00000000daf00000, 0x0000000100000000)
  eden space 32768K, 20% used [0x00000000d6500000,0x00000000d6b79798,0x00000000d8500000)
  from space 5120K, 99% used [0x00000000d8a00000,0x00000000d8efa928,0x00000000d8f00000)
  to   space 5120K, 0% used [0x00000000d8500000,0x00000000d8500000,0x00000000d8a00000)
 ParOldGen       total 86016K, used 1955K [0x0000000082e00000, 0x0000000088200000, 0x00000000d6500000)
  object space 86016K, 2% used [0x0000000082e00000,0x0000000082fe8c70,0x0000000088200000)
 Metaspace       used 13314K, capacity 13488K, committed 13824K, reserved 1060864K
  class space    used 1637K, capacity 1702K, committed 1792K, reserved 1048576K

Card table byte_map: [0x00007f4862188000,0x00007f4862572000] byte_map_base: 0x00007f4861d71000

Marking Bits: (ParMarkBitMap*) 0x00007f487336c2c0
 Begin Bits: [0x00007f4855c58000, 0x00007f4857ba0000)
 End Bits:   [0x00007f4857ba0000, 0x00007f4859ae8000)

Polling page: 0x00007f4873f73000

CodeCache: size=245760Kb used=4858Kb max_used=4874Kb free=240901Kb
 bounds [0x00007f4862932000, 0x00007f4862e02000, 0x00007f4871932000]
 total_blobs=1782 nmethods=1461 adapters=236
 compilation: enabled

Compilation events (10 events):
Event: 1.687 Thread 0x00007f485c035000 nmethod 1455 0x00007f4862dd5510 code [0x00007f4862dd56e0, 0x00007f4862dd6118]
Event: 1.687 Thread 0x00007f485c035000 1461       3       org.eclipse.sisu.inject.RankedSequence::safeBinarySearch (77 bytes)
Event: 1.687 Thread 0x00007f485c035000 nmethod 1461 0x00007f4862dd64d0 code [0x00007f4862dd6660, 0x00007f4862dd69d0]
Event: 1.687 Thread 0x00007f485c035000 1459       3       org.eclipse.sisu.plexus.LazyPlexusBean::getKey (5 bytes)
Event: 1.687 Thread 0x00007f485c035000 nmethod 1459 0x00007f4862dd6b90 code [0x00007f4862dd6d20, 0x00007f4862dd7188]
Event: 1.687 Thread 0x00007f485c035000 1460       1       org.apache.maven.model.Dependency::getScope (5 bytes)
Event: 1.687 Thread 0x00007f485c035000 nmethod 1460 0x00007f4862dd7310 code [0x00007f4862dd7460, 0x00007f4862dd7570]
Event: 1.692 Thread 0x00007f485c035000 1462       3       org.codehaus.plexus.util.xml.pull.MXParser::ensureElementsCapacity (265 bytes)
Event: 1.693 Thread 0x00007f485c035000 nmethod 1462 0x00007f4862dd75d0 code [0x00007f4862dd77e0, 0x00007f4862dd8688]
Event: 1.693 Thread 0x00007f485c035000 1463       3       org.codehaus.plexus.util.xml.Xpp3Dom::<init> (32 bytes)

GC Heap History (4 events):
Event: 0.827 GC heap before
{Heap before GC invocations=1 (full 0):
 PSYoungGen      total 37888K, used 32768K [0x00000000d6500000, 0x00000000d8f00000, 0x0000000100000000)
  eden space 32768K, 100% used [0x00000000d6500000,0x00000000d8500000,0x00000000d8500000)
  from space 5120K, 0% used [0x00000000d8a00000,0x00000000d8a00000,0x00000000d8f00000)
  to   space 5120K, 0% used [0x00000000d8500000,0x00000000d8500000,0x00000000d8a00000)
 ParOldGen       total 86016K, used 0K [0x0000000082e00000, 0x0000000088200000, 0x00000000d6500000)
  object space 86016K, 0% used [0x0000000082e00000,0x0000000082e00000,0x0000000088200000)
 Metaspace       used 7861K, capacity 8030K, committed 8192K, reserved 1056768K
  class space    used 955K, capacity 1017K, committed 1024K, reserved 1048576K
Event: 0.835 GC heap after
Heap after GC invocations=1 (full 0):
 PSYoungGen      total 37888K, used 4959K [0x00000000d6500000, 0x00000000d8f00000, 0x0000000100000000)
  eden space 32768K, 0% used [0x00000000d6500000,0x00000000d6500000,0x00000000d8500000)
  from space 5120K, 96% used [0x00000000d8500000,0x00000000d89d7d20,0x00000000d8a00000)
  to   space 5120K, 0% used [0x00000000d8a00000,0x00000000d8a00000,0x00000000d8f00000)
 ParOldGen       total 86016K, used 16K [0x0000000082e00000, 0x0000000088200000, 0x00000000d6500000)
  object space 86016K, 0% used [0x0000000082e00000,0x0000000082e04000,0x0000000088200000)
 Metaspace       used 7861K, capacity 8030K, committed 8192K, reserved 1056768K
  class space    used 955K, capacity 1017K, committed 1024K, reserved 1048576K
}
Event: 1.456 GC heap before
{Heap before GC invocations=2 (full 0):
 PSYoungGen      total 37888K, used 37727K [0x00000000d6500000, 0x00000000d8f00000, 0x0000000100000000)
  eden space 32768K, 100% used [0x00000000d6500000,0x00000000d8500000,0x00000000d8500000)
  from space 5120K, 96% used [0x00000000d8500000,0x00000000d89d7d20,0x00000000d8a00000)
  to   space 5120K, 0% used [0x00000000d8a00000,0x00000000d8a00000,0x00000000d8f00000)
 ParOldGen       total 86016K, used 16K [0x0000000082e00000, 0x0000000088200000, 0x00000000d6500000)
  object space 86016K, 0% used [0x0000000082e00000,0x0000000082e04000,0x0000000088200000)
 Metaspace       used 12241K, capacity 12368K, committed 12672K, reserved 1060864K
  class space    used 1530K, capacity 1606K, committed 1664K, reserved 1048576K
Event: 1.473 GC heap after
Heap after GC invocations=2 (full 0):
 PSYoungGen      total 37888K, used 5098K [0x00000000d6500000, 0x00000000daf00000, 0x0000000100000000)
  eden space 32768K, 0% used [0x00000000d6500000,0x00000000d6500000,0x00000000d8500000)
  from space 5120K, 99% used [0x00000000d8a00000,0x00000000d8efa928,0x00000000d8f00000)
  to   space 5120K, 0% used [0x00000000d8500000,0x00000000d8500000,0x00000000d8a00000)
 ParOldGen       total 86016K, used 1955K [0x0000000082e00000, 0x0000000088200000, 0x00000000d6500000)
  object space 86016K, 2% used [0x0000000082e00000,0x0000000082fe8c70,0x0000000088200000)
 Metaspace       used 12241K, capacity 12368K, committed 12672K, reserved 1060864K
  class space    used 1530K, capacity 1606K, committed 1664K, reserved 1048576K
}

Deoptimization events (0 events):
No events

Internal exceptions (10 events):
Event: 1.653 Thread 0x0000000001443000 Exception <a 'java/security/PrivilegedActionException'> (0x00000000d6a14000) thrown at [/HUDSON/workspace/8-2-build-linux-amd64/jdk8u25/1514/hotspot/src/share/vm/prims/jvm.cpp, line 1312]
Event: 1.653 Thread 0x0000000001443000 Exception <a 'java/security/PrivilegedActionException'> (0x00000000d6a148a0) thrown at [/HUDSON/workspace/8-2-build-linux-amd64/jdk8u25/1514/hotspot/src/share/vm/prims/jvm.cpp, line 1312]
Event: 1.683 Thread 0x0000000001443000 Exception <a 'java/security/PrivilegedActionException'> (0x00000000d6a90770) thrown at [/HUDSON/workspace/8-2-build-linux-amd64/jdk8u25/1514/hotspot/src/share/vm/prims/jvm.cpp, line 1312]
Event: 1.683 Thread 0x0000000001443000 Exception <a 'java/security/PrivilegedActionException'> (0x00000000d6a91130) thrown at [/HUDSON/workspace/8-2-build-linux-amd64/jdk8u25/1514/hotspot/src/share/vm/prims/jvm.cpp, line 1312]
Event: 1.685 Thread 0x0000000001443000 Exception <a 'java/security/PrivilegedActionException'> (0x00000000d6aa8cc8) thrown at [/HUDSON/workspace/8-2-build-linux-amd64/jdk8u25/1514/hotspot/src/share/vm/prims/jvm.cpp, line 1312]
Event: 1.685 Thread 0x0000000001443000 Exception <a 'java/security/PrivilegedActionException'> (0x00000000d6aa95f8) thrown at [/HUDSON/workspace/8-2-build-linux-amd64/jdk8u25/1514/hotspot/src/share/vm/prims/jvm.cpp, line 1312]
Event: 1.690 Thread 0x0000000001443000 Exception <a 'java/security/PrivilegedActionException'> (0x00000000d6ace690) thrown at [/HUDSON/workspace/8-2-build-linux-amd64/jdk8u25/1514/hotspot/src/share/vm/prims/jvm.cpp, line 1312]
Event: 1.690 Thread 0x0000000001443000 Exception <a 'java/security/PrivilegedActionException'> (0x00000000d6acf050) thrown at [/HUDSON/workspace/8-2-build-linux-amd64/jdk8u25/1514/hotspot/src/share/vm/prims/jvm.cpp, line 1312]
Event: 1.691 Thread 0x0000000001443000 Exception <a 'java/security/PrivilegedActionException'> (0x00000000d6ad55a0) thrown at [/HUDSON/workspace/8-2-build-linux-amd64/jdk8u25/1514/hotspot/src/share/vm/prims/jvm.cpp, line 1312]
Event: 1.691 Thread 0x0000000001443000 Exception <a 'java/security/PrivilegedActionException'> (0x00000000d6ad5f60) thrown at [/HUDSON/workspace/8-2-build-linux-amd64/jdk8u25/1514/hotspot/src/share/vm/prims/jvm.cpp, line 1312]

Events (10 events):
Event: 1.665 Thread 0x0000000001443000 DEOPT PACKING pc=0x00007f4862a99aea sp=0x00007f4873f347a0
Event: 1.665 Thread 0x0000000001443000 DEOPT UNPACKING pc=0x00007f4862978f73 sp=0x00007f4873f34640 mode 0
Event: 1.682 loading class org/apache/maven/repository/internal/DefaultModelResolver$1
Event: 1.682 loading class org/apache/maven/repository/internal/DefaultModelResolver$1 done
Event: 1.685 loading class org/eclipse/aether/graph/Dependency$Exclusions
Event: 1.685 loading class org/eclipse/aether/graph/Dependency$Exclusions done
Event: 1.690 loading class org/codehaus/plexus/configuration/xml/XmlPlexusConfiguration
Event: 1.690 loading class org/codehaus/plexus/configuration/xml/XmlPlexusConfiguration done
Event: 1.691 loading class org/codehaus/plexus/configuration/DefaultPlexusConfiguration
Event: 1.691 loading class org/codehaus/plexus/configuration/DefaultPlexusConfiguration done


Dynamic libraries:
00400000-00401000 r-xp 00000000 00:14 138267735                          /gpfs/main/course/cs032/bin/jdk1.8.0_25/bin/java
00600000-00601000 rw-p 00000000 00:14 138267735                          /gpfs/main/course/cs032/bin/jdk1.8.0_25/bin/java
0143a000-01cf9000 rw-p 00000000 00:00 0                                  [heap]
82e00000-88200000 rw-p 00000000 00:00 0 
88200000-d6500000 ---p 00000000 00:00 0 
d6500000-daf00000 rw-p 00000000 00:00 0 
daf00000-100000000 ---p 00000000 00:00 0 
100000000-1001c0000 rw-p 00000000 00:00 0 
1001c0000-140000000 ---p 00000000 00:00 0 
7f4850000000-7f4850ca5000 rw-p 00000000 00:00 0 
7f4850ca5000-7f4854000000 ---p 00000000 00:00 0 
7f4855c58000-7f4859ae8000 rw-p 00000000 00:00 0 
7f485aa1b000-7f485aa2c000 rw-p 00000000 00:00 0 
7f485aa2c000-7f485aa2e000 r--s 00006000 00:18 22805836                   /gpfs/nbu/people/ajl4/.m2/repository/org/apache/maven/plugins/maven-resources-plugin/2.6/maven-resources-plugin-2.6.jar
7f485aa2e000-7f485aa3f000 r-xp 00000000 00:14 136611464                  /gpfs/main/course/cs032/bin/jdk1.8.0_25/jre/lib/amd64/libnio.so
7f485aa3f000-7f485ac3e000 ---p 00011000 00:14 136611464                  /gpfs/main/course/cs032/bin/jdk1.8.0_25/jre/lib/amd64/libnio.so
7f485ac3e000-7f485ac3f000 rw-p 00010000 00:14 136611464                  /gpfs/main/course/cs032/bin/jdk1.8.0_25/jre/lib/amd64/libnio.so
7f485ac3f000-7f485ac55000 r-xp 00000000 00:14 136610987                  /gpfs/main/course/cs032/bin/jdk1.8.0_25/jre/lib/amd64/libnet.so
7f485ac55000-7f485ae55000 ---p 00016000 00:14 136610987                  /gpfs/main/course/cs032/bin/jdk1.8.0_25/jre/lib/amd64/libnet.so
7f485ae55000-7f485ae56000 rw-p 00016000 00:14 136610987                  /gpfs/main/course/cs032/bin/jdk1.8.0_25/jre/lib/amd64/libnet.so
7f485ae56000-7f485ae5a000 r--s 00093000 00:14 136611567                  /gpfs/main/course/cs032/bin/jdk1.8.0_25/jre/lib/jsse.jar
7f485ae5a000-7f485b01a000 rw-p 00000000 00:00 0 
7f485b01a000-7f485b05a000 ---p 00000000 00:00 0 
7f485b05a000-7f485b25a000 rw-p 00000000 00:00 0 
7f485b25a000-7f485b276000 r--s 00393000 00:14 136611667                  /gpfs/main/course/cs032/bin/jdk1.8.0_25/jre/lib/ext/cldrdata.jar
7f485b276000-7f485b280000 r--s 00116000 00:14 136611642                  /gpfs/main/course/cs032/bin/jdk1.8.0_25/jre/lib/ext/localedata.jar
7f485b280000-7f485b281000 r--s 00002000 00:14 50783475                   /gpfs/main/course/cs032/bin/apache-maven-3.2.3/lib/slf4j-simple-1.7.5.jar
7f485b281000-7f485b283000 r--s 00007000 00:14 50783474                   /gpfs/main/course/cs032/bin/apache-maven-3.2.3/lib/aether-connector-wagon-0.9.0.M2.jar
7f485b283000-7f485b284000 r--s 00002000 00:14 50783469                   /gpfs/main/course/cs032/bin/apache-maven-3.2.3/lib/wagon-file-2.6.jar
7f485b284000-7f485b288000 r--s 00027000 00:14 50783464                   /gpfs/main/course/cs032/bin/apache-maven-3.2.3/lib/commons-io-2.2.jar
7f485b288000-7f485b28d000 r--s 00041000 00:14 50783460                   /gpfs/main/course/cs032/bin/apache-maven-3.2.3/lib/commons-lang-2.6.jar
7f485b28d000-7f485b293000 r--s 00042000 00:14 50783457                   /gpfs/main/course/cs032/bin/apache-maven-3.2.3/lib/jsoup-1.7.2.jar
7f485b293000-7f485b2b2000 r--s 00134000 00:14 50783453                   /gpfs/main/course/cs032/bin/apache-maven-3.2.3/lib/wagon-http-2.6-shaded.jar
7f485b2b2000-7f485b2b4000 r--s 00009000 00:14 50783447                   /gpfs/main/course/cs032/bin/apache-maven-3.2.3/lib/commons-cli-1.2.jar
7f485b2b4000-7f485b2b6000 r--s 00005000 00:14 50783446                   /gpfs/main/course/cs032/bin/apache-maven-3.2.3/lib/slf4j-api-1.7.5.jar
7f485b2b6000-7f485b2b8000 r--s 0000b000 00:14 50783445                   /gpfs/main/course/cs032/bin/apache-maven-3.2.3/lib/wagon-provider-api-2.6.jar
7f485b2b8000-7f485b2bf000 r--s 0003f000 00:14 50783443                   /gpfs/main/course/cs032/bin/apache-maven-3.2.3/lib/maven-compat-3.2.3.jar
7f485b2bf000-7f485b2c3000 r--s 00020000 00:14 50783441                   /gpfs/main/course/cs032/bin/apache-maven-3.2.3/lib/aether-impl-0.9.0.M2.jar
7f485b2c3000-7f485b2c7000 r--s 0001d000 00:14 50783440                   /gpfs/main/course/cs032/bin/apache-maven-3.2.3/lib/aether-util-0.9.0.M2.jar
7f485b2c7000-7f485b2f0000 r--s 001ee000 00:14 50783429                   /gpfs/main/course/cs032/bin/apache-maven-3.2.3/lib/guava-14.0.1.jar
7f485b2f0000-7f485b2f3000 r--s 0000a000 00:14 50783308                   /gpfs/main/course/cs032/bin/apache-maven-3.2.3/boot/plexus-classworlds-2.5.1.jar
7f485b2f3000-7f485b2f4000 ---p 00000000 00:00 0 
7f485b2f4000-7f485b3f4000 rw-p 00000000 00:00 0 
7f485b3f4000-7f485b3f7000 ---p 00000000 00:00 0 
7f485b3f7000-7f485b4f5000 rw-p 00000000 00:00 0 
7f485b4f5000-7f485b4f8000 ---p 00000000 00:00 0 
7f485b4f8000-7f485b5f6000 rw-p 00000000 00:00 0 
7f485b5f6000-7f485b5f9000 ---p 00000000 00:00 0 
7f485b5f9000-7f485b6f7000 rw-p 00000000 00:00 0 
7f485b6f7000-7f485b6fa000 ---p 00000000 00:00 0 
7f485b6fa000-7f485b7f8000 rw-p 00000000 00:00 0 
7f485b7f8000-7f485b7fb000 ---p 00000000 00:00 0 
7f485b7fb000-7f485b8f9000 rw-p 00000000 00:00 0 
7f485b8f9000-7f485b8fc000 ---p 00000000 00:00 0 
7f485b8fc000-7f485b9fa000 rw-p 00000000 00:00 0 
7f485b9fa000-7f485b9fd000 ---p 00000000 00:00 0 
7f485b9fd000-7f485bafb000 rw-p 00000000 00:00 0 
7f485bafb000-7f485bafc000 ---p 00000000 00:00 0 
7f485bafc000-7f485c000000 rw-p 00000000 00:00 0 
7f485c000000-7f485cbd7000 rw-p 00000000 00:00 0 
7f485cbd7000-7f4860000000 ---p 00000000 00:00 0 
7f4860000000-7f4860001000 r--s 00002000 00:14 50783454                   /gpfs/main/course/cs032/bin/apache-maven-3.2.3/lib/wagon-http-shared-2.6.jar
7f4860001000-7f4860003000 r--s 00003000 00:14 50783439                   /gpfs/main/course/cs032/bin/apache-maven-3.2.3/lib/aether-spi-0.9.0.M2.jar
7f4860003000-7f4860007000 r--s 0001d000 00:14 50783438                   /gpfs/main/course/cs032/bin/apache-maven-3.2.3/lib/aether-api-0.9.0.M2.jar
7f4860007000-7f4860009000 r--s 0000e000 00:14 50783437                   /gpfs/main/course/cs032/bin/apache-maven-3.2.3/lib/maven-aether-provider-3.2.3.jar
7f4860009000-7f486000e000 r--s 00025000 00:14 50783436                   /gpfs/main/course/cs032/bin/apache-maven-3.2.3/lib/maven-model-builder-3.2.3.jar
7f486000e000-7f4860014000 r--s 00042000 00:14 50783433                   /gpfs/main/course/cs032/bin/apache-maven-3.2.3/lib/org.eclipse.sisu.inject-0.0.0.M5.jar
7f4860014000-7f4860016000 r--s 00000000 00:14 50783432                   /gpfs/main/course/cs032/bin/apache-maven-3.2.3/lib/aopalliance-1.0.jar
7f4860016000-7f486001e000 r--s 00050000 00:14 50783431                   /gpfs/main/course/cs032/bin/apache-maven-3.2.3/lib/sisu-guice-3.1.3-no_aop.jar
7f486001e000-7f486001f000 r--s 00000000 00:14 50783426                   /gpfs/main/course/cs032/bin/apache-maven-3.2.3/lib/javax.inject-1.jar
7f486001f000-7f4860022000 r--s 00008000 00:14 50783419                   /gpfs/main/course/cs032/bin/apache-maven-3.2.3/lib/cdi-api-1.0.jar
7f4860022000-7f4860028000 r--s 0002a000 00:14 50783416                   /gpfs/main/course/cs032/bin/apache-maven-3.2.3/lib/org.eclipse.sisu.plexus-0.0.0.M5.jar
7f4860028000-7f486002a000 r--s 0000a000 00:14 50783415                   /gpfs/main/course/cs032/bin/apache-maven-3.2.3/lib/maven-plugin-api-3.2.3.jar
7f486002a000-7f486002d000 r--s 0000b000 00:14 50783414                   /gpfs/main/course/cs032/bin/apache-maven-3.2.3/lib/maven-artifact-3.2.3.jar
7f486002d000-7f486002f000 r--s 00005000 00:14 50783378                   /gpfs/main/course/cs032/bin/apache-maven-3.2.3/lib/maven-repository-metadata-3.2.3.jar
7f486002f000-7f4860031000 r--s 00002000 00:14 49955756                   /gpfs/main/course/cs032/bin/apache-maven-3.2.3/lib/plexus-cipher-1.7.jar
7f4860031000-7f4860c30000 rw-p 00000000 00:00 0 
7f4860c30000-7f4860e06000 r--s 03caa000 00:14 136611550                  /gpfs/main/course/cs032/bin/jdk1.8.0_25/jre/lib/rt.jar
7f4860e06000-7f4861ae8000 rw-p 00000000 00:00 0 
7f4861ae8000-7f4861ae9000 ---p 00000000 00:00 0 
7f4861ae9000-7f4861be9000 rw-p 00000000 00:00 0 
7f4861be9000-7f4861bea000 ---p 00000000 00:00 0 
7f4861bea000-7f4861cea000 rw-p 00000000 00:00 0 
7f4861cea000-7f4861ceb000 ---p 00000000 00:00 0 
7f4861ceb000-7f4861deb000 rw-p 00000000 00:00 0 
7f4861deb000-7f4861dec000 ---p 00000000 00:00 0 
7f4861dec000-7f4861f16000 rw-p 00000000 00:00 0 
7f4861f16000-7f4862188000 ---p 00000000 00:00 0 
7f4862188000-7f48621b2000 rw-p 00000000 00:00 0 
7f48621b2000-7f4862423000 ---p 00000000 00:00 0 
7f4862423000-7f4862449000 rw-p 00000000 00:00 0 
7f4862449000-7f4862571000 ---p 00000000 00:00 0 
7f4862571000-7f4862586000 rw-p 00000000 00:00 0 
7f4862586000-7f4862932000 ---p 00000000 00:00 0 
7f4862932000-7f4862e02000 rwxp 00000000 00:00 0 
7f4862e02000-7f4871932000 ---p 00000000 00:00 0 
7f4871932000-7f487194c000 r-xp 00000000 00:14 136610880                  /gpfs/main/course/cs032/bin/jdk1.8.0_25/jre/lib/amd64/libzip.so
7f487194c000-7f4871b4c000 ---p 0001a000 00:14 136610880                  /gpfs/main/course/cs032/bin/jdk1.8.0_25/jre/lib/amd64/libzip.so
7f4871b4c000-7f4871b4d000 rw-p 0001a000 00:14 136610880                  /gpfs/main/course/cs032/bin/jdk1.8.0_25/jre/lib/amd64/libzip.so
7f4871b4d000-7f4871b77000 r-xp 00000000 00:14 136610822                  /gpfs/main/course/cs032/bin/jdk1.8.0_25/jre/lib/amd64/libjava.so
7f4871b77000-7f4871d77000 ---p 0002a000 00:14 136610822                  /gpfs/main/course/cs032/bin/jdk1.8.0_25/jre/lib/amd64/libjava.so
7f4871d77000-7f4871d79000 rw-p 0002a000 00:14 136610822                  /gpfs/main/course/cs032/bin/jdk1.8.0_25/jre/lib/amd64/libjava.so
7f4871d79000-7f4871d86000 r-xp 00000000 00:14 136610855                  /gpfs/main/course/cs032/bin/jdk1.8.0_25/jre/lib/amd64/libverify.so
7f4871d86000-7f4871f86000 ---p 0000d000 00:14 136610855                  /gpfs/main/course/cs032/bin/jdk1.8.0_25/jre/lib/amd64/libverify.so
7f4871f86000-7f4871f88000 rw-p 0000d000 00:14 136610855                  /gpfs/main/course/cs032/bin/jdk1.8.0_25/jre/lib/amd64/libverify.so
7f4871f88000-7f4871f8f000 r-xp 00000000 fe:00 2595                       /lib/x86_64-linux-gnu/librt-2.13.so
7f4871f8f000-7f487218e000 ---p 00007000 fe:00 2595                       /lib/x86_64-linux-gnu/librt-2.13.so
7f487218e000-7f487218f000 r--p 00006000 fe:00 2595                       /lib/x86_64-linux-gnu/librt-2.13.so
7f487218f000-7f4872190000 rw-p 00007000 fe:00 2595                       /lib/x86_64-linux-gnu/librt-2.13.so
7f4872190000-7f4872211000 r-xp 00000000 fe:00 2470                       /lib/x86_64-linux-gnu/libm-2.13.so
7f4872211000-7f4872410000 ---p 00081000 fe:00 2470                       /lib/x86_64-linux-gnu/libm-2.13.so
7f4872410000-7f4872411000 r--p 00080000 fe:00 2470                       /lib/x86_64-linux-gnu/libm-2.13.so
7f4872411000-7f4872412000 rw-p 00081000 fe:00 2470                       /lib/x86_64-linux-gnu/libm-2.13.so
7f4872412000-7f487307f000 r-xp 00000000 00:14 136611394                  /gpfs/main/course/cs032/bin/jdk1.8.0_25/jre/lib/amd64/server/libjvm.so
7f487307f000-7f487327e000 ---p 00c6d000 00:14 136611394                  /gpfs/main/course/cs032/bin/jdk1.8.0_25/jre/lib/amd64/server/libjvm.so
7f487327e000-7f4873354000 rw-p 00c6c000 00:14 136611394                  /gpfs/main/course/cs032/bin/jdk1.8.0_25/jre/lib/amd64/server/libjvm.so
7f4873354000-7f4873397000 rw-p 00000000 00:00 0 
7f4873397000-7f4873518000 r-xp 00000000 fe:00 2496                       /lib/x86_64-linux-gnu/libc-2.13.so
7f4873518000-7f4873718000 ---p 00181000 fe:00 2496                       /lib/x86_64-linux-gnu/libc-2.13.so
7f4873718000-7f487371c000 r--p 00181000 fe:00 2496                       /lib/x86_64-linux-gnu/libc-2.13.so
7f487371c000-7f487371d000 rw-p 00185000 fe:00 2496                       /lib/x86_64-linux-gnu/libc-2.13.so
7f487371d000-7f4873722000 rw-p 00000000 00:00 0 
7f4873722000-7f4873724000 r-xp 00000000 fe:00 2564                       /lib/x86_64-linux-gnu/libdl-2.13.so
7f4873724000-7f4873924000 ---p 00002000 fe:00 2564                       /lib/x86_64-linux-gnu/libdl-2.13.so
7f4873924000-7f4873925000 r--p 00002000 fe:00 2564                       /lib/x86_64-linux-gnu/libdl-2.13.so
7f4873925000-7f4873926000 rw-p 00003000 fe:00 2564                       /lib/x86_64-linux-gnu/libdl-2.13.so
7f4873926000-7f487393b000 r-xp 00000000 00:14 174988983                  /gpfs/main/course/cs032/bin/jdk1.8.0_25/lib/amd64/jli/libjli.so
7f487393b000-7f4873b3a000 ---p 00015000 00:14 174988983                  /gpfs/main/course/cs032/bin/jdk1.8.0_25/lib/amd64/jli/libjli.so
7f4873b3a000-7f4873b3b000 rw-p 00014000 00:14 174988983                  /gpfs/main/course/cs032/bin/jdk1.8.0_25/lib/amd64/jli/libjli.so
7f4873b3b000-7f4873b52000 r-xp 00000000 fe:00 2603                       /lib/x86_64-linux-gnu/libpthread-2.13.so
7f4873b52000-7f4873d51000 ---p 00017000 fe:00 2603                       /lib/x86_64-linux-gnu/libpthread-2.13.so
7f4873d51000-7f4873d52000 r--p 00016000 fe:00 2603                       /lib/x86_64-linux-gnu/libpthread-2.13.so
7f4873d52000-7f4873d53000 rw-p 00017000 fe:00 2603                       /lib/x86_64-linux-gnu/libpthread-2.13.so
7f4873d53000-7f4873d57000 rw-p 00000000 00:00 0 
7f4873d57000-7f4873d77000 r-xp 00000000 fe:00 2586                       /lib/x86_64-linux-gnu/ld-2.13.so
7f4873d77000-7f4873d79000 r--s 00000000 00:14 50783240                   /gpfs/main/course/cs032/bin/apache-maven-3.2.3/lib/plexus-component-annotations-1.5.5.jar
7f4873d79000-7f4873d7c000 r--s 0000d000 00:14 49127297                   /gpfs/main/course/cs032/bin/apache-maven-3.2.3/lib/plexus-interpolation-1.19.jar
7f4873d7c000-7f4873d7e000 r--s 00009000 00:14 50783375                   /gpfs/main/course/cs032/bin/apache-maven-3.2.3/lib/maven-settings-builder-3.2.3.jar
7f4873d7e000-7f4873d81000 r--s 00025000 00:14 50783269                   /gpfs/main/course/cs032/bin/apache-maven-3.2.3/lib/maven-model-3.2.3.jar
7f4873d81000-7f4873d8d000 r--s 00085000 00:14 49955830                   /gpfs/main/course/cs032/bin/apache-maven-3.2.3/lib/maven-core-3.2.3.jar
7f4873d8d000-7f4873d91000 r--s 0003a000 00:14 50783382                   /gpfs/main/course/cs032/bin/apache-maven-3.2.3/lib/plexus-utils-3.0.17.jar
7f4873d91000-7f4873e37000 r--s 00000000 00:0e 5118                       /run/nscd/dbUYo3ip (deleted)
7f4873e37000-7f4873e3a000 ---p 00000000 00:00 0 
7f4873e3a000-7f4873f3c000 rw-p 00000000 00:00 0 
7f4873f3c000-7f4873f3d000 r--s 00001000 00:14 50783425                   /gpfs/main/course/cs032/bin/apache-maven-3.2.3/lib/jsr250-api-1.0.jar
7f4873f3d000-7f4873f3e000 r--s 00006000 00:14 50783328                   /gpfs/main/course/cs032/bin/apache-maven-3.2.3/lib/plexus-sec-dispatcher-1.3.jar
7f4873f3e000-7f4873f40000 r--s 00009000 00:14 50783265                   /gpfs/main/course/cs032/bin/apache-maven-3.2.3/lib/maven-settings-3.2.3.jar
7f4873f40000-7f4873f42000 r--s 0000d000 00:14 49955724                   /gpfs/main/course/cs032/bin/apache-maven-3.2.3/lib/maven-embedder-3.2.3.jar
7f4873f42000-7f4873f6a000 rw-p 00000000 00:00 0 
7f4873f6a000-7f4873f72000 rw-s 00000000 fe:04 174                        /tmp/hsperfdata_ajl4/25181
7f4873f72000-7f4873f73000 rw-p 00000000 00:00 0 
7f4873f73000-7f4873f74000 r--p 00000000 00:00 0 
7f4873f74000-7f4873f76000 rw-p 00000000 00:00 0 
7f4873f76000-7f4873f77000 r--p 0001f000 fe:00 2586                       /lib/x86_64-linux-gnu/ld-2.13.so
7f4873f77000-7f4873f78000 rw-p 00020000 fe:00 2586                       /lib/x86_64-linux-gnu/ld-2.13.so
7f4873f78000-7f4873f79000 rw-p 00000000 00:00 0 
7ffd1339d000-7ffd133be000 rw-p 00000000 00:00 0                          [stack]
7ffd133fb000-7ffd133fc000 r-xp 00000000 00:00 0                          [vdso]
ffffffffff600000-ffffffffff601000 r-xp 00000000 00:00 0                  [vsyscall]

VM Arguments:
jvm_args: -Dclassworlds.conf=/course/cs032/bin/apache-maven-3.2.3/bin/m2.conf -Dmaven.home=/course/cs032/bin/apache-maven-3.2.3 
java_command: org.codehaus.plexus.classworlds.launcher.Launcher package
java_class_path (initial): /course/cs032/bin/apache-maven-3.2.3/boot/plexus-classworlds-2.5.1.jar
Launcher Type: SUN_STANDARD

Environment Variables:
JAVA_HOME=/gpfs/main/course/cs032/bin/jdk1.8.0_25
PATH=/course/cs032/bin:/local/bin:/usr/local/bin:/bin:/usr/bin:/usr/X11R6/bin:/usr/games:/contrib/bin:/course/cs032/bin:/course/cs019/bin:/course/cs146/bin
SHELL=/bin/bash
DISPLAY=:1.0

Signal Handlers:
SIGSEGV: [libjvm.so+0xa79a80], sa_mask[0]=11111111011111111101111111111110, sa_flags=SA_RESTART|SA_SIGINFO
SIGBUS: [libjvm.so+0xa79a80], sa_mask[0]=11111111011111111101111111111110, sa_flags=SA_RESTART|SA_SIGINFO
SIGFPE: [libjvm.so+0x8e24e0], sa_mask[0]=11111111011111111101111111111110, sa_flags=SA_RESTART|SA_SIGINFO
SIGPIPE: [libjvm.so+0x8e24e0], sa_mask[0]=11111111011111111101111111111110, sa_flags=SA_RESTART|SA_SIGINFO
SIGXFSZ: [libjvm.so+0x8e24e0], sa_mask[0]=11111111011111111101111111111110, sa_flags=SA_RESTART|SA_SIGINFO
SIGILL: [libjvm.so+0x8e24e0], sa_mask[0]=11111111011111111101111111111110, sa_flags=SA_RESTART|SA_SIGINFO
SIGUSR1: SIG_DFL, sa_mask[0]=00000000000000000000000000000000, sa_flags=none
SIGUSR2: [libjvm.so+0x8e3d10], sa_mask[0]=00000000000000000000000000000000, sa_flags=SA_RESTART|SA_SIGINFO
SIGHUP: [libjvm.so+0x8e50d0], sa_mask[0]=11111111011111111101111111111110, sa_flags=SA_RESTART|SA_SIGINFO
SIGINT: [libjvm.so+0x8e50d0], sa_mask[0]=11111111011111111101111111111110, sa_flags=SA_RESTART|SA_SIGINFO
SIGTERM: [libjvm.so+0x8e50d0], sa_mask[0]=11111111011111111101111111111110, sa_flags=SA_RESTART|SA_SIGINFO
SIGQUIT: [libjvm.so+0x8e50d0], sa_mask[0]=11111111011111111101111111111110, sa_flags=SA_RESTART|SA_SIGINFO


---------------  S Y S T E M  ---------------

OS:PRETTY_NAME="Debian GNU/Linux 7 (wheezy)"
NAME="Debian GNU/Linux"
VERSION_ID="7"
VERSION="7 (wheezy)"
ID=debian
ANSI_COLOR="1;31"
HOME_URL="http://www.debian.org/"
SUPPORT_URL="http://www.debian.org/support/"
BUG_REPORT_URL="http://bugs.debian.org/"

uname:Linux 3.2.0-4-amd64 #1 SMP Debian 3.2.68-1+deb7u1 x86_64
libc:glibc 2.13 NPTL 2.13 
rlimit: STACK 8192k, CORE 0k, NPROC 63961, NOFILE 4096, AS infinity
load average:0.61 0.34 0.39

/proc/meminfo:
MemTotal:        8199880 kB
MemFree:          149868 kB
Buffers:          254136 kB
Cached:          3757440 kB
SwapCached:         1436 kB
Active:          4808912 kB
Inactive:        2578920 kB
Active(anon):    2894768 kB
Inactive(anon):   580412 kB
Active(file):    1914144 kB
Inactive(file):  1998508 kB
Unevictable:          16 kB
Mlocked:              16 kB
SwapTotal:       8388604 kB
SwapFree:        8381368 kB
Dirty:               128 kB
Writeback:             0 kB
AnonPages:       3375228 kB
Mapped:           405348 kB
Shmem:             98924 kB
Slab:             487180 kB
SReclaimable:     435428 kB
SUnreclaim:        51752 kB
KernelStack:        6160 kB
PageTables:        60636 kB
NFS_Unstable:          0 kB
Bounce:                0 kB
WritebackTmp:          0 kB
CommitLimit:    12488544 kB
Committed_AS:    8729752 kB
VmallocTotal:   34359738367 kB
VmallocUsed:      326892 kB
VmallocChunk:   34359403516 kB
HardwareCorrupted:     0 kB
AnonHugePages:         0 kB
HugePages_Total:       0
HugePages_Free:        0
HugePages_Rsvd:        0
HugePages_Surp:        0
Hugepagesize:       2048 kB
DirectMap4k:     4073024 kB
DirectMap2M:     4315136 kB


CPU:total 4 (4 cores per cpu, 1 threads per core) family 6 model 15 stepping 11, cmov, cx8, fxsr, mmx, sse, sse2, sse3, ssse3, tsc

/proc/cpuinfo:
processor	: 0
vendor_id	: GenuineIntel
cpu family	: 6
model		: 15
model name	: Intel(R) Core(TM)2 Quad CPU    Q6600  @ 2.40GHz
stepping	: 11
microcode	: 0xb6
cpu MHz		: 2399.810
cache size	: 4096 KB
physical id	: 0
siblings	: 4
core id		: 0
cpu cores	: 4
apicid		: 0
initial apicid	: 0
fpu		: yes
fpu_exception	: yes
cpuid level	: 10
wp		: yes
flags		: fpu vme de pse tsc msr pae mce cx8 apic sep mtrr pge mca cmov pat pse36 clflush dts acpi mmx fxsr sse sse2 ss ht tm pbe syscall nx lm constant_tsc arch_perfmon pebs bts rep_good nopl aperfmperf pni dtes64 monitor ds_cpl vmx est tm2 ssse3 cx16 xtpr pdcm lahf_lm dtherm tpr_shadow vnmi flexpriority
bogomips	: 4799.62
clflush size	: 64
cache_alignment	: 64
address sizes	: 36 bits physical, 48 bits virtual
power management:

processor	: 1
vendor_id	: GenuineIntel
cpu family	: 6
model		: 15
model name	: Intel(R) Core(TM)2 Quad CPU    Q6600  @ 2.40GHz
stepping	: 11
microcode	: 0xb6
cpu MHz		: 2399.810
cache size	: 4096 KB
physical id	: 0
siblings	: 4
core id		: 1
cpu cores	: 4
apicid		: 1
initial apicid	: 1
fpu		: yes
fpu_exception	: yes
cpuid level	: 10
wp		: yes
flags		: fpu vme de pse tsc msr pae mce cx8 apic sep mtrr pge mca cmov pat pse36 clflush dts acpi mmx fxsr sse sse2 ss ht tm pbe syscall nx lm constant_tsc arch_perfmon pebs bts rep_good nopl aperfmperf pni dtes64 monitor ds_cpl vmx est tm2 ssse3 cx16 xtpr pdcm lahf_lm dtherm tpr_shadow vnmi flexpriority
bogomips	: 4800.23
clflush size	: 64
cache_alignment	: 64
address sizes	: 36 bits physical, 48 bits virtual
power management:

processor	: 2
vendor_id	: GenuineIntel
cpu family	: 6
model		: 15
model name	: Intel(R) Core(TM)2 Quad CPU    Q6600  @ 2.40GHz
stepping	: 11
microcode	: 0xb6
cpu MHz		: 2399.810
cache size	: 4096 KB
physical id	: 0
siblings	: 4
core id		: 2
cpu cores	: 4
apicid		: 2
initial apicid	: 2
fpu		: yes
fpu_exception	: yes
cpuid level	: 10
wp		: yes
flags		: fpu vme de pse tsc msr pae mce cx8 apic sep mtrr pge mca cmov pat pse36 clflush dts acpi mmx fxsr sse sse2 ss ht tm pbe syscall nx lm constant_tsc arch_perfmon pebs bts rep_good nopl aperfmperf pni dtes64 monitor ds_cpl vmx est tm2 ssse3 cx16 xtpr pdcm lahf_lm dtherm tpr_shadow vnmi flexpriority
bogomips	: 4800.28
clflush size	: 64
cache_alignment	: 64
address sizes	: 36 bits physical, 48 bits virtual
power management:

processor	: 3
vendor_id	: GenuineIntel
cpu family	: 6
model		: 15
model name	: Intel(R) Core(TM)2 Quad CPU    Q6600  @ 2.40GHz
stepping	: 11
microcode	: 0xb6
cpu MHz		: 2399.810
cache size	: 4096 KB
physical id	: 0
siblings	: 4
core id		: 3
cpu cores	: 4
apicid		: 3
initial apicid	: 3
fpu		: yes
fpu_exception	: yes
cpuid level	: 10
wp		: yes
flags		: fpu vme de pse tsc msr pae mce cx8 apic sep mtrr pge mca cmov pat pse36 clflush dts acpi mmx fxsr sse sse2 ss ht tm pbe syscall nx lm constant_tsc arch_perfmon pebs bts rep_good nopl aperfmperf pni dtes64 monitor ds_cpl vmx est tm2 ssse3 cx16 xtpr pdcm lahf_lm dtherm tpr_shadow vnmi flexpriority
bogomips	: 4800.27
clflush size	: 64
cache_alignment	: 64
address sizes	: 36 bits physical, 48 bits virtual
power management:



Memory: 4k page, physical 8199880k(149868k free), swap 8388604k(8381368k free)

vm_info: Java HotSpot(TM) 64-Bit Server VM (25.25-b02) for linux-amd64 JRE (1.8.0_25-b17), built on Sep 17 2014 17:32:11 by "java_re" with gcc 4.3.0 20080428 (Red Hat 4.3.0-8)

time: Thu May  7 21:06:02 2015
elapsed time: 1 seconds (0d 0h 0m 1s)

