#
# A fatal error has been detected by the Java Runtime Environment:
#
#  SIGSEGV (0xb) at pc=0x00007f869cae6060, pid=20975, tid=140217479489280
#
# JRE version: Java(TM) SE Runtime Environment (8.0_25-b17) (build 1.8.0_25-b17)
# Java VM: Java HotSpot(TM) 64-Bit Server VM (25.25-b02 mixed mode linux-amd64 compressed oops)
# Problematic frame:
# C  0x00007f869cae6060
#
# Failed to write core dump. Core dumps have been disabled. To enable core dumping, try "ulimit -c unlimited" before starting Java again
#
# If you would like to submit a bug report, please visit:
#   http://bugreport.sun.com/bugreport/crash.jsp
#

---------------  T H R E A D  ---------------

Current thread (0x0000000000ce5000):  JavaThread "main" [_thread_in_Java, id=20991, stack(0x00007f86ecfe6000,0x00007f86ed0e7000)]

siginfo: si_signo: 11 (SIGSEGV), si_code: 1 (SEGV_MAPERR), si_addr: 0x00007f869cae6060

Registers:
RAX=0x00000000006d90fa, RBX=0x0000000000000a5d, RCX=0x0000000020000041, RDX=0x0000000000000071
RSP=0x00007f86ed0e3598, RBP=0x0000000000002000, RSI=0x00000000db185e40, RDI=0x00000000db185e40
R8 =0x0000000000000071, R9 =0x00000000db21f550, R10=0x00000000db21f568, R11=0x0000000000002000
R12=0x0000000000000000, R13=0x0000000000000001, R14=0x00000000db18e330, R15=0x0000000000ce5000
RIP=0x00007f869cae6060, EFLAGS=0x0000000000010202, CSGSFS=0x0000000000000033, ERR=0x0000000000000014
  TRAPNO=0x000000000000000e

Top of Stack: (sp=0x00007f86ed0e3598)
0x00007f86ed0e3598:   00007f86dbfb983c ffffffffffffffff
0x00007f86ed0e35a8:   00007f86d68061e0 00000000db185f20
0x00007f86ed0e35b8:   00000000db18e220 0000000000000004
0x00007f86ed0e35c8:   00000000db1f10d0 00007f86ed0e3640
0x00007f86ed0e35d8:   00007f86eba32f8a 0000000000ce5000
0x00007f86ed0e35e8:   00000000db185e40 0000000000ce4bf0
0x00007f86ed0e35f8:   0000000000ce4c68 00007f86ed0e3660
0x00007f86ed0e3608:   00007f86eb8998eb 00007f86ed0e3d00
0x00007f86ed0e3618:   0000000000000000 0000000000000000
0x00007f86ed0e3628:   0000000000ce5058 00007f86daf20000
0x00007f86ed0e3638:   00000000db185e40 00000000db21f550
0x00007f86ed0e3648:   0000000000000c00 0000000000000000
0x00007f86ed0e3658:   0000000000000000 00007f86ed0e3600
0x00007f86ed0e3668:   0000003b00000071 0000000000001030
0x00007f86ed0e3678:   00007f86dc04cfa6 db185f200000ffff
0x00007f86ed0e3688:   0000000b0000003e 0000000000002000
0x00007f86ed0e3698:   00007f86dc0ab64f 0000000600000000
0x00007f86ed0e36a8:   0000000000000001 00000000db21f0d8
0x00007f86ed0e36b8:   00000000db21f118 0000000000000000
0x00007f86ed0e36c8:   00000000db21f0d8 00000000db185e40
0x00007f86ed0e36d8:   0000000000000078 00000000db21e9bc
0x00007f86ed0e36e8:   00007f86dc19f868 0000000000002000
0x00007f86ed0e36f8:   00007f86dbd7ba8c 0000000000000004
0x00007f86ed0e3708:   0000ddef00000001 0000000100000000
0x00007f86ed0e3718:   00000000db185e40 000000000000df73
0x00007f86ed0e3728:   00000000db185e40 0000000000002000
0x00007f86ed0e3738:   00007f86dbbe1e87 00000000db18e2b0
0x00007f86ed0e3748:   00007f86dc61c3ec 20001e500000000a
0x00007f86ed0e3758:   0000000000000006 00000000db185e40
0x00007f86ed0e3768:   00000001000016d0 000000010000d4b8
0x00007f86ed0e3778:   000000010001b998 00000001000191d0
0x00007f86ed0e3788:   000000010011d858 0000000000000001 

Instructions: (pc=0x00007f869cae6060)
0x00007f869cae6040:   
[error occurred during error reporting (printing registers, top of stack, instructions near pc), id 0xb]

Register to memory mapping:

RAX=0x00000000006d90fa is an unknown value
RBX=0x0000000000000a5d is an unknown value
RCX=0x0000000020000041 is an unknown value
RDX=0x0000000000000071 is an unknown value
RSP=0x00007f86ed0e3598 is pointing into the stack for thread: 0x0000000000ce5000
RBP=0x0000000000002000 is an unknown value
RSI=0x00000000db185e40 is an oop
org.codehaus.plexus.util.xml.pull.MXParser 
 - klass: 'org/codehaus/plexus/util/xml/pull/MXParser'
RDI=0x00000000db185e40 is an oop
org.codehaus.plexus.util.xml.pull.MXParser 
 - klass: 'org/codehaus/plexus/util/xml/pull/MXParser'
R8 =0x0000000000000071 is an unknown value
R9 =0x00000000db21f550 is an oop
java.lang.StringBuilder 
 - klass: 'java/lang/StringBuilder'
R10=0x00000000db21f568 is an oop
[C 
 - klass: {type array char}
 - length: 16
R11=0x0000000000002000 is an unknown value
R12=0x0000000000000000 is an unknown value
R13=0x0000000000000001 is an unknown value
R14=0x00000000db18e330 is an oop
[Ljava.lang.Object; 
 - klass: 'java/lang/Object'[]
 - length: 10
R15=0x0000000000ce5000 is a thread


Stack: [0x00007f86ecfe6000,0x00007f86ed0e7000],  sp=0x00007f86ed0e3598,  free space=1013k
Native frames: (J=compiled Java code, j=interpreted, Vv=VM code, C=native code)
C  0x00007f869cae6060


---------------  P R O C E S S  ---------------

Java Threads: ( => current thread )
  0x00007f86d0041800 JavaThread "Service Thread" daemon [_thread_blocked, id=21003, stack(0x00007f86d4744000,0x00007f86d4845000)]
  0x00007f86d0009800 JavaThread "C1 CompilerThread2" daemon [_thread_blocked, id=21002, stack(0x00007f86d4845000,0x00007f86d4946000)]
  0x00007f86d0007800 JavaThread "C2 CompilerThread1" daemon [_thread_blocked, id=21001, stack(0x00007f86d4946000,0x00007f86d4a47000)]
  0x0000000000d86800 JavaThread "C2 CompilerThread0" daemon [_thread_blocked, id=21000, stack(0x00007f86d4a47000,0x00007f86d4b48000)]
  0x0000000000d84800 JavaThread "Signal Dispatcher" daemon [_thread_blocked, id=20999, stack(0x00007f86d4b48000,0x00007f86d4c49000)]
  0x0000000000d57800 JavaThread "Finalizer" daemon [_thread_blocked, id=20998, stack(0x00007f86d4c49000,0x00007f86d4d4a000)]
  0x0000000000d55800 JavaThread "Reference Handler" daemon [_thread_blocked, id=20997, stack(0x00007f86d4d4a000,0x00007f86d4e4b000)]
=>0x0000000000ce5000 JavaThread "main" [_thread_in_Java, id=20991, stack(0x00007f86ecfe6000,0x00007f86ed0e7000)]

Other Threads:
  0x0000000000d4e800 VMThread [stack: 0x00007f86d4e4b000,0x00007f86d4f4c000] [id=20996]
  0x0000000000dbf800 WatcherThread [stack: 0x00007f86d4643000,0x00007f86d4744000] [id=21004]

VM state:not at safepoint (normal execution)

VM Mutex/Monitor currently owned by a thread: None

Heap:
 PSYoungGen      total 136192K, used 86461K [0x00000000d6500000, 0x00000000def00000, 0x0000000100000000)
  eden space 131072K, 62% used [0x00000000d6500000,0x00000000db473328,0x00000000de500000)
  from space 5120K, 99% used [0x00000000dea00000,0x00000000deefc310,0x00000000def00000)
  to   space 5120K, 0% used [0x00000000de500000,0x00000000de500000,0x00000000dea00000)
 ParOldGen       total 86016K, used 12913K [0x0000000082e00000, 0x0000000088200000, 0x00000000d6500000)
  object space 86016K, 15% used [0x0000000082e00000,0x0000000083a9c4f8,0x0000000088200000)
 Metaspace       used 19675K, capacity 20068K, committed 20480K, reserved 1067008K
  class space    used 2369K, capacity 2518K, committed 2560K, reserved 1048576K

Card table byte_map: [0x00007f86db337000,0x00007f86db721000] byte_map_base: 0x00007f86daf20000

Marking Bits: (ParMarkBitMap*) 0x00007f86ec51b2c0
 Begin Bits: [0x00007f86d6e07000, 0x00007f86d8d4f000)
 End Bits:   [0x00007f86d8d4f000, 0x00007f86dac97000)

Polling page: 0x00007f86ed122000

CodeCache: size=245760Kb used=12483Kb max_used=12495Kb free=233276Kb
 bounds [0x00007f86dbae1000, 0x00007f86dc721000, 0x00007f86eaae1000]
 total_blobs=3765 nmethods=3431 adapters=249
 compilation: enabled

Compilation events (10 events):
Event: 5.254 Thread 0x0000000000d86800 3431   !   4       com.google.inject.internal.InjectorImpl::callInContext (85 bytes)
Event: 5.256 Thread 0x00007f86d0007800 nmethod 3429 0x00007f86dc7198d0 code [0x00007f86dc719a20, 0x00007f86dc719b58]
Event: 5.256 Thread 0x00007f86d0009800 3434       3       org.apache.maven.artifact.handler.DefaultArtifactHandler::setLanguage (6 bytes)
Event: 5.256 Thread 0x00007f86d0009800 nmethod 3434 0x00007f86dc719590 code [0x00007f86dc7196e0, 0x00007f86dc719850]
Event: 5.256 Thread 0x00007f86d0009800 3435       3       org.apache.maven.artifact.handler.DefaultArtifactHandler::setAddedToClasspath (6 bytes)
Event: 5.257 Thread 0x00007f86d0009800 nmethod 3435 0x00007f86dc719250 code [0x00007f86dc7193a0, 0x00007f86dc7194f0]
Event: 5.257 Thread 0x00007f86d0007800 3436       4       java.lang.StringBuilder::charAt (6 bytes)
Event: 5.258 Thread 0x00007f86d0007800 nmethod 3436 0x00007f86dc718f50 code [0x00007f86dc7190a0, 0x00007f86dc719158]
Event: 5.258 Thread 0x00007f86d0007800 3437       4       org.codehaus.plexus.util.xml.pull.MXParser::isNameStartChar (63 bytes)
Event: 5.259 Thread 0x00007f86d0007800 nmethod 3437 0x00007f86dc71d290 code [0x00007f86dc71d3e0, 0x00007f86dc71d4d8]

GC Heap History (8 events):
Event: 0.791 GC heap before
{Heap before GC invocations=1 (full 0):
 PSYoungGen      total 37888K, used 32768K [0x00000000d6500000, 0x00000000d8f00000, 0x0000000100000000)
  eden space 32768K, 100% used [0x00000000d6500000,0x00000000d8500000,0x00000000d8500000)
  from space 5120K, 0% used [0x00000000d8a00000,0x00000000d8a00000,0x00000000d8f00000)
  to   space 5120K, 0% used [0x00000000d8500000,0x00000000d8500000,0x00000000d8a00000)
 ParOldGen       total 86016K, used 0K [0x0000000082e00000, 0x0000000088200000, 0x00000000d6500000)
  object space 86016K, 0% used [0x0000000082e00000,0x0000000082e00000,0x0000000088200000)
 Metaspace       used 7711K, capacity 7810K, committed 7936K, reserved 1056768K
  class space    used 944K, capacity 985K, committed 1024K, reserved 1048576K
Event: 0.800 GC heap after
Heap after GC invocations=1 (full 0):
 PSYoungGen      total 37888K, used 4684K [0x00000000d6500000, 0x00000000daf00000, 0x0000000100000000)
  eden space 32768K, 0% used [0x00000000d6500000,0x00000000d6500000,0x00000000d8500000)
  from space 5120K, 91% used [0x00000000d8500000,0x00000000d8993310,0x00000000d8a00000)
  to   space 5120K, 0% used [0x00000000daa00000,0x00000000daa00000,0x00000000daf00000)
 ParOldGen       total 86016K, used 16K [0x0000000082e00000, 0x0000000088200000, 0x00000000d6500000)
  object space 86016K, 0% used [0x0000000082e00000,0x0000000082e04000,0x0000000088200000)
 Metaspace       used 7711K, capacity 7810K, committed 7936K, reserved 1056768K
  class space    used 944K, capacity 985K, committed 1024K, reserved 1048576K
}
Event: 1.385 GC heap before
{Heap before GC invocations=2 (full 0):
 PSYoungGen      total 37888K, used 37452K [0x00000000d6500000, 0x00000000daf00000, 0x0000000100000000)
  eden space 32768K, 100% used [0x00000000d6500000,0x00000000d8500000,0x00000000d8500000)
  from space 5120K, 91% used [0x00000000d8500000,0x00000000d8993310,0x00000000d8a00000)
  to   space 5120K, 0% used [0x00000000daa00000,0x00000000daa00000,0x00000000daf00000)
 ParOldGen       total 86016K, used 16K [0x0000000082e00000, 0x0000000088200000, 0x00000000d6500000)
  object space 86016K, 0% used [0x0000000082e00000,0x0000000082e04000,0x0000000088200000)
 Metaspace       used 11999K, capacity 12148K, committed 12416K, reserved 1060864K
  class space    used 1498K, capacity 1574K, committed 1664K, reserved 1048576K
Event: 1.399 GC heap after
Heap after GC invocations=2 (full 0):
 PSYoungGen      total 70656K, used 5088K [0x00000000d6500000, 0x00000000daf00000, 0x0000000100000000)
  eden space 65536K, 0% used [0x00000000d6500000,0x00000000d6500000,0x00000000da500000)
  from space 5120K, 99% used [0x00000000daa00000,0x00000000daef8290,0x00000000daf00000)
  to   space 5120K, 0% used [0x00000000da500000,0x00000000da500000,0x00000000daa00000)
 ParOldGen       total 86016K, used 2004K [0x0000000082e00000, 0x0000000088200000, 0x00000000d6500000)
  object space 86016K, 2% used [0x0000000082e00000,0x0000000082ff5050,0x0000000088200000)
 Metaspace       used 11999K, capacity 12148K, committed 12416K, reserved 1060864K
  class space    used 1498K, capacity 1574K, committed 1664K, reserved 1048576K
}
Event: 2.845 GC heap before
{Heap before GC invocations=3 (full 0):
 PSYoungGen      total 70656K, used 70624K [0x00000000d6500000, 0x00000000daf00000, 0x0000000100000000)
  eden space 65536K, 100% used [0x00000000d6500000,0x00000000da500000,0x00000000da500000)
  from space 5120K, 99% used [0x00000000daa00000,0x00000000daef8290,0x00000000daf00000)
  to   space 5120K, 0% used [0x00000000da500000,0x00000000da500000,0x00000000daa00000)
 ParOldGen       total 86016K, used 2004K [0x0000000082e00000, 0x0000000088200000, 0x00000000d6500000)
  object space 86016K, 2% used [0x0000000082e00000,0x0000000082ff5050,0x0000000088200000)
 Metaspace       used 14185K, capacity 14386K, committed 14720K, reserved 1062912K
  class space    used 1686K, capacity 1803K, committed 1920K, reserved 1048576K
Event: 2.877 GC heap after
Heap after GC invocations=3 (full 0):
 PSYoungGen      total 70656K, used 5088K [0x00000000d6500000, 0x00000000def00000, 0x0000000100000000)
  eden space 65536K, 0% used [0x00000000d6500000,0x00000000d6500000,0x00000000da500000)
  from space 5120K, 99% used [0x00000000da500000,0x00000000da9f8020,0x00000000daa00000)
  to   space 5120K, 0% used [0x00000000dea00000,0x00000000dea00000,0x00000000def00000)
 ParOldGen       total 86016K, used 5215K [0x0000000082e00000, 0x0000000088200000, 0x00000000d6500000)
  object space 86016K, 6% used [0x0000000082e00000,0x0000000083317d08,0x0000000088200000)
 Metaspace       used 14185K, capacity 14386K, committed 14720K, reserved 1062912K
  class space    used 1686K, capacity 1803K, committed 1920K, reserved 1048576K
}
Event: 3.985 GC heap before
{Heap before GC invocations=4 (full 0):
 PSYoungGen      total 70656K, used 70624K [0x00000000d6500000, 0x00000000def00000, 0x0000000100000000)
  eden space 65536K, 100% used [0x00000000d6500000,0x00000000da500000,0x00000000da500000)
  from space 5120K, 99% used [0x00000000da500000,0x00000000da9f8020,0x00000000daa00000)
  to   space 5120K, 0% used [0x00000000dea00000,0x00000000dea00000,0x00000000def00000)
 ParOldGen       total 86016K, used 5215K [0x0000000082e00000, 0x0000000088200000, 0x00000000d6500000)
  object space 86016K, 6% used [0x0000000082e00000,0x0000000083317d08,0x0000000088200000)
 Metaspace       used 16870K, capacity 17182K, committed 17664K, reserved 1064960K
  class space    used 2041K, capacity 2177K, committed 2304K, reserved 1048576K
Event: 4.017 GC heap after
Heap after GC invocations=4 (full 0):
 PSYoungGen      total 136192K, used 5104K [0x00000000d6500000, 0x00000000def00000, 0x0000000100000000)
  eden space 131072K, 0% used [0x00000000d6500000,0x00000000d6500000,0x00000000de500000)
  from space 5120K, 99% used [0x00000000dea00000,0x00000000deefc310,0x00000000def00000)
  to   space 5120K, 0% used [0x00000000de500000,0x00000000de500000,0x00000000dea00000)
 ParOldGen       total 86016K, used 12913K [0x0000000082e00000, 0x0000000088200000, 0x00000000d6500000)
  object space 86016K, 15% used [0x0000000082e00000,0x0000000083a9c4f8,0x0000000088200000)
 Metaspace       used 16870K, capacity 17182K, committed 17664K, reserved 1064960K
  class space    used 2041K, capacity 2177K, committed 2304K, reserved 1048576K
}

Deoptimization events (10 events):
Event: 3.882 Thread 0x0000000000ce5000 Uncommon trap: reason=class_check action=maybe_recompile pc=0x00007f86dc339560 method=java.util.Properties$LineReader.readLine()I @ 62
Event: 4.535 Thread 0x0000000000ce5000 Uncommon trap: reason=unreached action=reinterpret pc=0x00007f86dc2c4c5c method=org.codehaus.plexus.interpolation.StringSearchInterpolator.interpolate(Ljava/lang/String;Lorg/codehaus/plexus/interpolation/RecursionInterceptor;Ljava/util/Set;)Ljava/lang/Str
Event: 4.661 Thread 0x0000000000ce5000 Uncommon trap: reason=class_check action=maybe_recompile pc=0x00007f86dc0c44dc method=java.util.Hashtable.put(Ljava/lang/Object;Ljava/lang/Object;)Ljava/lang/Object; @ 18
Event: 4.661 Thread 0x0000000000ce5000 Uncommon trap: reason=class_check action=maybe_recompile pc=0x00007f86dc0c44dc method=java.util.Hashtable.put(Ljava/lang/Object;Ljava/lang/Object;)Ljava/lang/Object; @ 18
Event: 4.661 Thread 0x0000000000ce5000 Uncommon trap: reason=class_check action=maybe_recompile pc=0x00007f86dc0c44dc method=java.util.Hashtable.put(Ljava/lang/Object;Ljava/lang/Object;)Ljava/lang/Object; @ 18
Event: 4.661 Thread 0x0000000000ce5000 Uncommon trap: reason=class_check action=maybe_recompile pc=0x00007f86dc0c44dc method=java.util.Hashtable.put(Ljava/lang/Object;Ljava/lang/Object;)Ljava/lang/Object; @ 18
Event: 4.672 Thread 0x0000000000ce5000 Uncommon trap: reason=unreached action=reinterpret pc=0x00007f86dc54f9a0 method=java.util.jar.JarFile.getInputStream(Ljava/util/zip/ZipEntry;)Ljava/io/InputStream; @ 37
Event: 4.929 Thread 0x0000000000ce5000 Uncommon trap: reason=bimorphic action=maybe_recompile pc=0x00007f86dc0a4eac method=java.util.regex.Pattern$CharProperty.match(Ljava/util/regex/Matcher;ILjava/lang/CharSequence;)Z @ 37
Event: 4.965 Thread 0x0000000000ce5000 Uncommon trap: reason=unreached action=reinterpret pc=0x00007f86dc4086f8 method=java.lang.reflect.Method.equals(Ljava/lang/Object;)Z @ 49
Event: 5.219 Thread 0x0000000000ce5000 Uncommon trap: reason=bimorphic action=maybe_recompile pc=0x00007f86dc0a4eac method=java.util.regex.Pattern$CharProperty.match(Ljava/util/regex/Matcher;ILjava/lang/CharSequence;)Z @ 37

Internal exceptions (10 events):
Event: 5.241 Thread 0x0000000000ce5000 Exception <a 'java/security/PrivilegedActionException'> (0x00000000db06e910) thrown at [/HUDSON/workspace/8-2-build-linux-amd64/jdk8u25/1514/hotspot/src/share/vm/prims/jvm.cpp, line 1312]
Event: 5.241 Thread 0x0000000000ce5000 Exception <a 'java/security/PrivilegedActionException'> (0x00000000db071558) thrown at [/HUDSON/workspace/8-2-build-linux-amd64/jdk8u25/1514/hotspot/src/share/vm/prims/jvm.cpp, line 1312]
Event: 5.241 Thread 0x0000000000ce5000 Exception <a 'java/security/PrivilegedActionException'> (0x00000000db071c68) thrown at [/HUDSON/workspace/8-2-build-linux-amd64/jdk8u25/1514/hotspot/src/share/vm/prims/jvm.cpp, line 1312]
Event: 5.241 Thread 0x0000000000ce5000 Exception <a 'java/security/PrivilegedActionException'> (0x00000000db0723e0) thrown at [/HUDSON/workspace/8-2-build-linux-amd64/jdk8u25/1514/hotspot/src/share/vm/prims/jvm.cpp, line 1312]
Event: 5.242 Thread 0x0000000000ce5000 Exception <a 'java/security/PrivilegedActionException'> (0x00000000db07e5c8) thrown at [/HUDSON/workspace/8-2-build-linux-amd64/jdk8u25/1514/hotspot/src/share/vm/prims/jvm.cpp, line 1312]
Event: 5.242 Thread 0x0000000000ce5000 Exception <a 'java/security/PrivilegedActionException'> (0x00000000db0804c8) thrown at [/HUDSON/workspace/8-2-build-linux-amd64/jdk8u25/1514/hotspot/src/share/vm/prims/jvm.cpp, line 1312]
Event: 5.242 Thread 0x0000000000ce5000 Exception <a 'java/security/PrivilegedActionException'> (0x00000000db081278) thrown at [/HUDSON/workspace/8-2-build-linux-amd64/jdk8u25/1514/hotspot/src/share/vm/prims/jvm.cpp, line 1312]
Event: 5.242 Thread 0x0000000000ce5000 Exception <a 'java/security/PrivilegedActionException'> (0x00000000db083ec0) thrown at [/HUDSON/workspace/8-2-build-linux-amd64/jdk8u25/1514/hotspot/src/share/vm/prims/jvm.cpp, line 1312]
Event: 5.242 Thread 0x0000000000ce5000 Exception <a 'java/security/PrivilegedActionException'> (0x00000000db0845d0) thrown at [/HUDSON/workspace/8-2-build-linux-amd64/jdk8u25/1514/hotspot/src/share/vm/prims/jvm.cpp, line 1312]
Event: 5.242 Thread 0x0000000000ce5000 Exception <a 'java/security/PrivilegedActionException'> (0x00000000db084d48) thrown at [/HUDSON/workspace/8-2-build-linux-amd64/jdk8u25/1514/hotspot/src/share/vm/prims/jvm.cpp, line 1312]

Events (10 events):
Event: 5.242 loading class boolean
Event: 5.242 loading class boolean done
Event: 5.242 loading class boolean
Event: 5.242 loading class boolean done
Event: 5.242 loading class boolean
Event: 5.242 loading class boolean done
Event: 5.242 loading class boolean
Event: 5.242 loading class boolean done
Event: 5.242 loading class boolean
Event: 5.242 loading class boolean done


Dynamic libraries:
00400000-00401000 r-xp 00000000 00:14 138267735                          /gpfs/main/course/cs032/bin/jdk1.8.0_25/bin/java
00600000-00601000 rw-p 00000000 00:14 138267735                          /gpfs/main/course/cs032/bin/jdk1.8.0_25/bin/java
00cdc000-01ea2000 rw-p 00000000 00:00 0                                  [heap]
82e00000-88200000 rw-p 00000000 00:00 0 
88200000-d6500000 ---p 00000000 00:00 0 
d6500000-def00000 rw-p 00000000 00:00 0 
def00000-100000000 ---p 00000000 00:00 0 
100000000-100280000 rw-p 00000000 00:00 0 
100280000-140000000 ---p 00000000 00:00 0 
7f86c7585000-7f86c7588000 r--s 00062000 00:18 52781627                   /gpfs/nbu/people/ajl4/.m2/repository/org/apache/maven/plugins/maven-javadoc-plugin/2.10.1/maven-javadoc-plugin-2.10.1.jar
7f86c7588000-7f86c75a6000 r--s 0027d000 00:18 52781736                   /gpfs/nbu/people/ajl4/.m2/repository/xalan/xalan/2.7.0/xalan-2.7.0.jar
7f86c75a6000-7f86c75ab000 r--s 00016000 00:18 52781735                   /gpfs/nbu/people/ajl4/.m2/repository/xml-apis/xml-apis/1.0.b2/xml-apis-1.0.b2.jar
7f86c75ab000-7f86c75af000 r--s 00038000 00:18 52781731                   /gpfs/nbu/people/ajl4/.m2/repository/org/codehaus/plexus/plexus-utils/3.0.20/plexus-utils-3.0.20.jar
7f86c75af000-7f86c75b1000 r--s 00008000 00:18 52781730                   /gpfs/nbu/people/ajl4/.m2/repository/commons-logging/commons-logging/1.0.4/commons-logging-1.0.4.jar
7f86c75b1000-7f86c75b5000 r--s 00026000 00:18 52781728                   /gpfs/nbu/people/ajl4/.m2/repository/commons-digester/commons-digester/1.6/commons-digester-1.6.jar
7f86c75b5000-7f86c75b9000 r--s 00022000 00:18 52781726                   /gpfs/nbu/people/ajl4/.m2/repository/org/apache/maven/doxia/doxia-core/1.2/doxia-core-1.2.jar
7f86c75b9000-7f86c75bd000 r--s 00025000 00:18 52781725                   /gpfs/nbu/people/ajl4/.m2/repository/org/apache/maven/shared/maven-shared-utils/0.6/maven-shared-utils-0.6.jar
7f86c75bd000-7f86c75be000 r--s 00004000 00:18 52781720                   /gpfs/nbu/people/ajl4/.m2/repository/org/apache/maven/reporting/maven-reporting-impl/2.3/maven-reporting-impl-2.3.jar
7f86c75be000-7f86c75c0000 r--s 0000b000 00:18 52781717                   /gpfs/nbu/people/ajl4/.m2/repository/org/codehaus/plexus/plexus-interpolation/1.11/plexus-interpolation-1.11.jar
7f86c75c0000-7f86c75c3000 r--s 00024000 00:18 52781719                   /gpfs/nbu/people/ajl4/.m2/repository/commons-io/commons-io/2.0.1/commons-io-2.0.1.jar
7f86c75c3000-7f86c75c5000 r--s 0000a000 00:18 52781718                   /gpfs/nbu/people/ajl4/.m2/repository/org/apache/maven/maven-jxr/2.5/maven-jxr-2.5.jar
7f86c75c5000-7f86c75c9000 r--s 0002f000 00:18 52781721                   /gpfs/nbu/people/ajl4/.m2/repository/commons-lang/commons-lang/2.1/commons-lang-2.1.jar
7f86c75c9000-7f86c7749000 rw-p 00000000 00:00 0 
7f86c7749000-7f86c77c9000 ---p 00000000 00:00 0 
7f86c77c9000-7f86c77d8000 r--s 00076000 00:18 52781615                   /gpfs/nbu/people/ajl4/.m2/repository/joda-time/joda-time/1.6.2/joda-time-1.6.2.jar
7f86c77d8000-7f86c79d8000 rw-p 00000000 00:00 0 
7f86c79d8000-7f86c7bd8000 rw-p 00000000 00:00 0 
7f86c7bd8000-7f86c7be9000 r-xp 00000000 00:14 136611464                  /gpfs/main/course/cs032/bin/jdk1.8.0_25/jre/lib/amd64/libnio.so
7f86c7be9000-7f86c7de8000 ---p 00011000 00:14 136611464                  /gpfs/main/course/cs032/bin/jdk1.8.0_25/jre/lib/amd64/libnio.so
7f86c7de8000-7f86c7de9000 rw-p 00010000 00:14 136611464                  /gpfs/main/course/cs032/bin/jdk1.8.0_25/jre/lib/amd64/libnio.so
7f86c7de9000-7f86c7dff000 r-xp 00000000 00:14 136610987                  /gpfs/main/course/cs032/bin/jdk1.8.0_25/jre/lib/amd64/libnet.so
7f86c7dff000-7f86c7fff000 ---p 00016000 00:14 136610987                  /gpfs/main/course/cs032/bin/jdk1.8.0_25/jre/lib/amd64/libnet.so
7f86c7fff000-7f86c8000000 rw-p 00016000 00:14 136610987                  /gpfs/main/course/cs032/bin/jdk1.8.0_25/jre/lib/amd64/libnet.so
7f86c8000000-7f86c8e7c000 rw-p 00000000 00:00 0 
7f86c8e7c000-7f86cc000000 ---p 00000000 00:00 0 
7f86cc000000-7f86ccc45000 rw-p 00000000 00:00 0 
7f86ccc45000-7f86d0000000 ---p 00000000 00:00 0 
7f86d0000000-7f86d0ed1000 rw-p 00000000 00:00 0 
7f86d0ed1000-7f86d4000000 ---p 00000000 00:00 0 
7f86d4000000-7f86d4002000 r--s 00009000 00:18 52781669                   /gpfs/nbu/people/ajl4/.m2/repository/org/apache/maven/plugins/maven-jxr-plugin/2.5/maven-jxr-plugin-2.5.jar
7f86d4002000-7f86d4007000 r--s 00034000 00:18 52781612                   /gpfs/nbu/people/ajl4/.m2/repository/commons-beanutils/commons-beanutils/1.8.3/commons-beanutils-1.8.3.jar
7f86d4007000-7f86d400b000 r--s 00028000 00:18 52781610                   /gpfs/nbu/people/ajl4/.m2/repository/commons-validator/commons-validator/1.4.0/commons-validator-1.4.0.jar
7f86d400b000-7f86d400d000 r--s 0000b000 00:18 52781608                   /gpfs/nbu/people/ajl4/.m2/repository/org/codehaus/plexus/plexus-interpolation/1.9/plexus-interpolation-1.9.jar
7f86d400d000-7f86d4011000 r--s 00035000 00:18 52781606                   /gpfs/nbu/people/ajl4/.m2/repository/org/codehaus/plexus/plexus-utils/3.0.8/plexus-utils-3.0.8.jar
7f86d4011000-7f86d4012000 r--s 00001000 00:18 52781604                   /gpfs/nbu/people/ajl4/.m2/repository/org/codehaus/plexus/plexus-velocity/1.1.7/plexus-velocity-1.1.7.jar
7f86d4012000-7f86d4014000 r--s 00008000 00:18 52781605                   /gpfs/nbu/people/ajl4/.m2/repository/org/apache/maven/doxia/doxia-module-fml/1.2/doxia-module-fml-1.2.jar
7f86d4014000-7f86d4016000 r--s 0000d000 00:18 52781599                   /gpfs/nbu/people/ajl4/.m2/repository/org/apache/maven/doxia/doxia-decoration-model/1.2/doxia-decoration-model-1.2.jar
7f86d4016000-7f86d4018000 r--s 00008000 00:18 52781598                   /gpfs/nbu/people/ajl4/.m2/repository/org/apache/maven/scm/maven-scm-provider-git-commons/1.8/maven-scm-provider-git-commons-1.8.jar
7f86d4018000-7f86d401b000 r--s 0000d000 00:18 52781596                   /gpfs/nbu/people/ajl4/.m2/repository/org/apache/maven/scm/maven-scm-provider-gitexe/1.8/maven-scm-provider-gitexe-1.8.jar
7f86d401b000-7f86d401f000 r--s 00038000 00:18 52781593                   /gpfs/nbu/people/ajl4/.m2/repository/ch/ethz/ganymed/ganymed-ssh2/build210/ganymed-ssh2-build210.jar
7f86d401f000-7f86d4027000 r--s 00090000 00:18 52781591                   /gpfs/nbu/people/ajl4/.m2/repository/org/netbeans/lib/cvsclient/20060125/cvsclient-20060125.jar
7f86d4027000-7f86d4029000 r--s 00009000 00:18 52781590                   /gpfs/nbu/people/ajl4/.m2/repository/org/apache/maven/scm/maven-scm-provider-cvsjava/1.8/maven-scm-provider-cvsjava-1.8.jar
7f86d4029000-7f86d402b000 r--s 00006000 00:18 52781592                   /gpfs/nbu/people/ajl4/.m2/repository/org/apache/maven/scm/maven-scm-provider-cvsexe/1.8/maven-scm-provider-cvsexe-1.8.jar
7f86d402b000-7f86d402e000 r--s 00011000 00:18 52781586                   /gpfs/nbu/people/ajl4/.m2/repository/org/apache/maven/scm/maven-scm-provider-cvs-commons/1.8/maven-scm-provider-cvs-commons-1.8.jar
7f86d402e000-7f86d4033000 r--s 00041000 00:18 52781584                   /gpfs/nbu/people/ajl4/.m2/repository/commons-lang/commons-lang/2.6/commons-lang-2.6.jar
7f86d4033000-7f86d4036000 r--s 00010000 00:18 52781583                   /gpfs/nbu/people/ajl4/.m2/repository/org/apache/maven/scm/maven-scm-provider-svnexe/1.8/maven-scm-provider-svnexe-1.8.jar
7f86d4036000-7f86d4038000 r--s 00008000 00:18 52781582                   /gpfs/nbu/people/ajl4/.m2/repository/org/apache/maven/scm/maven-scm-provider-svn-commons/1.8/maven-scm-provider-svn-commons-1.8.jar
7f86d4038000-7f86d403b000 r--s 00010000 00:18 52781580                   /gpfs/nbu/people/ajl4/.m2/repository/org/apache/maven/scm/maven-scm-provider-starteam/1.8/maven-scm-provider-starteam-1.8.jar
7f86d403b000-7f86d403d000 r--s 00012000 00:18 52781576                   /gpfs/nbu/people/ajl4/.m2/repository/org/apache/maven/scm/maven-scm-provider-perforce/1.8/maven-scm-provider-perforce-1.8.jar
7f86d403d000-7f86d403f000 r--s 00005000 00:18 52781574                   /gpfs/nbu/people/ajl4/.m2/repository/regexp/regexp/1.3/regexp-1.3.jar
7f86d403f000-7f86d4042000 r--s 0000e000 00:18 52781474                   /gpfs/nbu/people/ajl4/.m2/repository/org/apache/maven/scm/maven-scm-provider-hg/1.8/maven-scm-provider-hg-1.8.jar
7f86d4042000-7f86d4043000 r--s 00002000 00:18 52781459                   /gpfs/nbu/people/ajl4/.m2/repository/org/apache/maven/scm/maven-scm-manager-plexus/1.8/maven-scm-manager-plexus-1.8.jar
7f86d4043000-7f86d4047000 r--s 00016000 00:18 52781468                   /gpfs/nbu/people/ajl4/.m2/repository/org/apache/maven/scm/maven-scm-api/1.8/maven-scm-api-1.8.jar
7f86d4047000-7f86d404c000 r--s 00040000 00:18 52781447                   /gpfs/nbu/people/ajl4/.m2/repository/org/jsoup/jsoup/1.6.1/jsoup-1.6.1.jar
7f86d404c000-7f86d404e000 r--s 00005000 00:18 52781571                   /gpfs/nbu/people/ajl4/.m2/repository/org/apache/maven/wagon/wagon-http-shared/1.0/wagon-http-shared-1.0.jar
7f86d404e000-7f86d404f000 r--s 00003000 00:18 52781570                   /gpfs/nbu/people/ajl4/.m2/repository/org/apache/maven/wagon/wagon-http-lightweight/1.0/wagon-http-lightweight-1.0.jar
7f86d404f000-7f86d4050000 r--s 00002000 00:18 52781566                   /gpfs/nbu/people/ajl4/.m2/repository/org/apache/maven/wagon/wagon-file/1.0/wagon-file-1.0.jar
7f86d4050000-7f86d4051000 r--s 00002000 00:18 52781565                   /gpfs/nbu/people/ajl4/.m2/repository/org/codehaus/plexus/plexus-interactivity-api/1.0-alpha-6/plexus-interactivity-api-1.0-alpha-6.jar
7f86d4051000-7f86d4053000 r--s 00005000 00:18 52781562                   /gpfs/nbu/people/ajl4/.m2/repository/org/apache/maven/wagon/wagon-ssh-common/1.0/wagon-ssh-common-1.0.jar
7f86d4053000-7f86d4057000 r--s 00031000 00:18 52781560                   /gpfs/nbu/people/ajl4/.m2/repository/com/jcraft/jsch/0.1.44-1/jsch-0.1.44-1.jar
7f86d4057000-7f86d4058000 r--s 00006000 00:18 52781559                   /gpfs/nbu/people/ajl4/.m2/repository/org/apache/maven/wagon/wagon-ssh/1.0/wagon-ssh-1.0.jar
7f86d4058000-7f86d4065000 r--s 0007c000 00:18 52781557                   /gpfs/nbu/people/ajl4/.m2/repository/commons-collections/commons-collections/3.1/commons-collections-3.1.jar
7f86d4065000-7f86d4066000 r--s 00006000 00:18 52781555                   /gpfs/nbu/people/ajl4/.m2/repository/jakarta-regexp/jakarta-regexp/1.4/jakarta-regexp-1.4.jar
7f86d4066000-7f86d4070000 r--s 00079000 00:18 52781554                   /gpfs/nbu/people/ajl4/.m2/repository/org/apache/bcel/bcel/5.2/bcel-5.2.jar
7f86d4070000-7f86d4071000 r--s 00002000 00:18 52781551                   /gpfs/nbu/people/ajl4/.m2/repository/org/codehaus/plexus/plexus-digest/1.0/plexus-digest-1.0.jar
7f86d4071000-7f86d4073000 r--s 00008000 00:18 52781548                   /gpfs/nbu/people/ajl4/.m2/repository/org/apache/maven/shared/maven-shared-jar/1.1/maven-shared-jar-1.1.jar
7f86d4073000-7f86d4075000 r--s 0000a000 00:18 52781441                   /gpfs/nbu/people/ajl4/.m2/repository/org/apache/maven/shared/maven-doxia-tools/1.4/maven-doxia-tools-1.4.jar
7f86d4075000-7f86d4078000 r--s 0000c000 00:18 52781436                   /gpfs/nbu/people/ajl4/.m2/repository/org/apache/maven/shared/maven-dependency-tree/2.1/maven-dependency-tree-2.1.jar
7f86d4078000-7f86d4080000 r--s 00049000 00:18 52781547                   /gpfs/nbu/people/ajl4/.m2/repository/backport-util-concurrent/backport-util-concurrent/3.1/backport-util-concurrent-3.1.jar
7f86d4080000-7f86d4082000 r--s 00003000 00:18 52781546                   /gpfs/nbu/people/ajl4/.m2/repository/org/apache/maven/reporting/maven-reporting-impl/2.1/maven-reporting-impl-2.1.jar
7f86d4082000-7f86d4084000 r--s 0001a000 00:14 135783392                  /gpfs/main/course/cs032/bin/jdk1.8.0_25/jre/lib/jce.jar
7f86d4084000-7f86d4087000 r--s 00042000 00:18 52781058                   /gpfs/nbu/people/ajl4/.m2/repository/org/apache/maven/plugins/maven-project-info-reports-plugin/2.7/maven-project-info-reports-plugin-2.7.jar
7f86d4087000-7f86d408a000 r--s 00018000 00:18 51953608                   /gpfs/nbu/people/ajl4/.m2/repository/commons-io/commons-io/1.4/commons-io-1.4.jar
7f86d408a000-7f86d408f000 r--s 00040000 00:18 51953606                   /gpfs/nbu/people/ajl4/.m2/repository/commons-lang/commons-lang/2.5/commons-lang-2.5.jar
7f86d408f000-7f86d4093000 r--s 00028000 00:18 51953603                   /gpfs/nbu/people/ajl4/.m2/repository/org/mortbay/jetty/jetty-util/6.1.25/jetty-util-6.1.25.jar
7f86d4093000-7f86d4095000 r--s 0001f000 00:18 51953601                   /gpfs/nbu/people/ajl4/.m2/repository/org/mortbay/jetty/servlet-api/2.5-20081211/servlet-api-2.5-20081211.jar
7f86d4095000-7f86d409c000 r--s 0007d000 00:18 51953600                   /gpfs/nbu/people/ajl4/.m2/repository/org/mortbay/jetty/jetty/6.1.25/jetty-6.1.25.jar
7f86d409c000-7f86d40a1000 r--s 00040000 00:18 51953598                   /gpfs/nbu/people/ajl4/.m2/repository/org/codehaus/plexus/plexus-utils/1.5.10/plexus-utils-1.5.10.jar
7f86d40a1000-7f86d40a2000 r--s 00001000 00:18 51953596                   /gpfs/nbu/people/ajl4/.m2/repository/org/codehaus/plexus/plexus-velocity/1.1.8/plexus-velocity-1.1.8.jar
7f86d40a2000-7f86d40a4000 r--s 0000e000 00:18 51953372                   /gpfs/nbu/people/ajl4/.m2/repository/oro/oro/2.0.8/oro-2.0.8.jar
7f86d40a4000-7f86d40ac000 r--s 00058000 00:18 51953367                   /gpfs/nbu/people/ajl4/.m2/repository/org/apache/velocity/velocity/1.5/velocity-1.5.jar
7f86d40ac000-7f86d40ad000 r--s 00002000 00:18 51953355                   /gpfs/nbu/people/ajl4/.m2/repository/org/codehaus/plexus/plexus-i18n/1.0-beta-7/plexus-i18n-1.0-beta-7.jar
7f86d40ad000-7f86d40b0000 r--s 0000a000 00:18 51953349                   /gpfs/nbu/people/ajl4/.m2/repository/org/codehaus/plexus/plexus-io/1.0/plexus-io-1.0.jar
7f86d40b0000-7f86d40b4000 r--s 00028000 00:18 51953338                   /gpfs/nbu/people/ajl4/.m2/repository/org/codehaus/plexus/plexus-archiver/1.0/plexus-archiver-1.0.jar
7f86d40b4000-7f86d40b6000 r--s 0000a000 00:18 51953327                   /gpfs/nbu/people/ajl4/.m2/repository/org/apache/maven/doxia/doxia-integration-tools/1.5/doxia-integration-tools-1.5.jar
7f86d40b6000-7f86d40c4000 r--s 0007f000 00:18 51953321                   /gpfs/nbu/people/ajl4/.m2/repository/commons-collections/commons-collections/3.2.1/commons-collections-3.2.1.jar
7f86d40c4000-7f86d40c7000 r--s 0001b000 00:18 51953594                   /gpfs/nbu/people/ajl4/.m2/repository/org/apache/struts/struts-tiles/1.3.8/struts-tiles-1.3.8.jar
7f86d40c7000-7f86d40cc000 r--s 00039000 00:18 51953593                   /gpfs/nbu/people/ajl4/.m2/repository/org/apache/struts/struts-taglib/1.3.8/struts-taglib-1.3.8.jar
7f86d40cc000-7f86d40d1000 r--s 00053000 00:18 51953591                   /gpfs/nbu/people/ajl4/.m2/repository/antlr/antlr/2.7.2/antlr-2.7.2.jar
7f86d40d1000-7f86d40d7000 r--s 0004b000 00:18 51953589                   /gpfs/nbu/people/ajl4/.m2/repository/org/apache/struts/struts-core/1.3.8/struts-core-1.3.8.jar
7f86d40d7000-7f86d40d9000 r--s 00005000 00:18 51953586                   /gpfs/nbu/people/ajl4/.m2/repository/sslext/sslext/1.2-0/sslext-1.2-0.jar
7f86d40d9000-7f86d40e1000 r--s 00068000 00:18 51953585                   /gpfs/nbu/people/ajl4/.m2/repository/dom4j/dom4j/1.1/dom4j-1.1.jar
7f86d40e1000-7f86d40e4000 r--s 0001f000 00:18 51953584                   /gpfs/nbu/people/ajl4/.m2/repository/commons-validator/commons-validator/1.3.1/commons-validator-1.3.1.jar
7f86d40e4000-7f86d40e6000 r--s 00014000 00:18 51953580                   /gpfs/nbu/people/ajl4/.m2/repository/commons-chain/commons-chain/1.1/commons-chain-1.1.jar
7f86d40e6000-7f86d40ea000 r--s 00020000 00:18 51953578                   /gpfs/nbu/people/ajl4/.m2/repository/commons-digester/commons-digester/1.8/commons-digester-1.8.jar
7f86d40ea000-7f86d40ef000 r--s 0002a000 00:18 51953577                   /gpfs/nbu/people/ajl4/.m2/repository/commons-beanutils/commons-beanutils/1.7.0/commons-beanutils-1.7.0.jar
7f86d40ef000-7f86d40f5000 r--s 0004f000 00:18 51953574                   /gpfs/nbu/people/ajl4/.m2/repository/org/apache/velocity/velocity-tools/2.0/velocity-tools-2.0.jar
7f86d40f5000-7f86d40f7000 r--s 0000b000 00:18 51953573                   /gpfs/nbu/people/ajl4/.m2/repository/org/apache/maven/doxia/doxia-site-renderer/1.4/doxia-site-renderer-1.4.jar
7f86d40f7000-7f86d40f8000 r--s 0000e000 00:18 51953572                   /gpfs/nbu/people/ajl4/.m2/repository/org/apache/maven/doxia/doxia-decoration-model/1.4/doxia-decoration-model-1.4.jar
7f86d40f8000-7f86d40fa000 r--s 00018000 00:18 51953568                   /gpfs/nbu/people/ajl4/.m2/repository/javax/servlet/servlet-api/2.5/servlet-api-2.5.jar
7f86d40fa000-7f86d40fc000 r--s 00008000 00:18 51953567                   /gpfs/nbu/people/ajl4/.m2/repository/org/ow2/asm/asm-util/4.1/asm-util-4.1.jar
7f86d40fc000-7f86d40fd000 r--s 00004000 00:18 51953566                   /gpfs/nbu/people/ajl4/.m2/repository/org/ow2/asm/asm-analysis/4.1/asm-analysis-4.1.jar
7f86d40fd000-7f86d40ff000 r--s 00004000 00:18 51953561                   /gpfs/nbu/people/ajl4/.m2/repository/org/ow2/asm/asm-tree/4.1/asm-tree-4.1.jar
7f86d40ff000-7f86d4100000 r--s 0000b000 00:18 51953560                   /gpfs/nbu/people/ajl4/.m2/repository/org/ow2/asm/asm/4.1/asm-4.1.jar
7f86d4100000-7f86d4106000 r--s 00028000 00:18 51953562                   /gpfs/nbu/people/ajl4/.m2/repository/org/parboiled/parboiled-core/1.1.4/parboiled-core-1.1.4.jar
7f86d4106000-7f86d4108000 r--s 00010000 00:18 51953559                   /gpfs/nbu/people/ajl4/.m2/repository/org/parboiled/parboiled-java/1.1.4/parboiled-java-1.1.4.jar
7f86d4108000-7f86d410a000 r--s 0000d000 00:18 51953555                   /gpfs/nbu/people/ajl4/.m2/repository/org/pegdown/pegdown/1.2.1/pegdown-1.2.1.jar
7f86d410a000-7f86d410b000 r--s 00002000 00:18 51953553                   /gpfs/nbu/people/ajl4/.m2/repository/org/apache/maven/doxia/doxia-module-markdown/1.4/doxia-module-markdown-1.4.jar
7f86d410b000-7f86d410d000 r--s 00008000 00:18 51953552                   /gpfs/nbu/people/ajl4/.m2/repository/org/apache/maven/doxia/doxia-module-fml/1.4/doxia-module-fml-1.4.jar
7f86d410d000-7f86d410e000 r--s 00008000 00:18 51953548                   /gpfs/nbu/people/ajl4/.m2/repository/org/apache/maven/doxia/doxia-module-xdoc/1.4/doxia-module-xdoc-1.4.jar
7f86d410e000-7f86d4110000 r--s 0000b000 00:18 51953546                   /gpfs/nbu/people/ajl4/.m2/repository/org/apache/maven/doxia/doxia-module-apt/1.4/doxia-module-apt-1.4.jar
7f86d4110000-7f86d4111000 r--s 00003000 00:18 51953545                   /gpfs/nbu/people/ajl4/.m2/repository/org/apache/maven/doxia/doxia-module-xhtml/1.4/doxia-module-xhtml-1.4.jar
7f86d4111000-7f86d4116000 r--s 00026000 00:18 51953542                   /gpfs/nbu/people/ajl4/.m2/repository/org/apache/httpcomponents/httpcore/4.0.1/httpcore-4.0.1.jar
7f86d4116000-7f86d4118000 r--s 0000a000 00:18 51953541                   /gpfs/nbu/people/ajl4/.m2/repository/commons-codec/commons-codec/1.3/commons-codec-1.3.jar
7f86d4118000-7f86d411a000 r--s 0000d000 00:18 51953539                   /gpfs/nbu/people/ajl4/.m2/repository/commons-logging/commons-logging/1.1.1/commons-logging-1.1.1.jar
7f86d411a000-7f86d4121000 r--s 00041000 00:18 51953537                   /gpfs/nbu/people/ajl4/.m2/repository/org/apache/httpcomponents/httpclient/4.0.2/httpclient-4.0.2.jar
7f86d4121000-7f86d4129000 r--s 00028000 00:18 51953533                   /gpfs/nbu/people/ajl4/.m2/repository/xml-apis/xml-apis/1.3.04/xml-apis-1.3.04.jar
7f86d4129000-7f86d4141000 r--s 00115000 00:18 51953534                   /gpfs/nbu/people/ajl4/.m2/repository/xerces/xercesImpl/2.9.1/xercesImpl-2.9.1.jar
7f86d4141000-7f86d4145000 r--s 00025000 00:18 51953532                   /gpfs/nbu/people/ajl4/.m2/repository/org/apache/maven/doxia/doxia-core/1.4/doxia-core-1.4.jar
7f86d4145000-7f86d4148000 r--s 0001b000 00:18 51953529                   /gpfs/nbu/people/ajl4/.m2/repository/junit/junit/3.8.1/junit-3.8.1.jar
7f86d4148000-7f86d4149000 r--s 00002000 00:18 51953527                   /gpfs/nbu/people/ajl4/.m2/repository/org/apache/maven/doxia/doxia-logging-api/1.4/doxia-logging-api-1.4.jar
7f86d4149000-7f86d414a000 r--s 00002000 00:18 51953310                   /gpfs/nbu/people/ajl4/.m2/repository/org/apache/maven/doxia/doxia-sink-api/1.4/doxia-sink-api-1.4.jar
7f86d414a000-7f86d414b000 r--s 00004000 00:18 51953296                   /gpfs/nbu/people/ajl4/.m2/repository/org/apache/maven/maven-archiver/2.4.2/maven-archiver-2.4.2.jar
7f86d414b000-7f86d414d000 r--s 00002000 00:18 51953277                   /gpfs/nbu/people/ajl4/.m2/repository/org/sonatype/plexus/plexus-cipher/1.4/plexus-cipher-1.4.jar
7f86d414d000-7f86d414e000 r--s 00006000 00:18 51953267                   /gpfs/nbu/people/ajl4/.m2/repository/org/sonatype/plexus/plexus-sec-dispatcher/1.3/plexus-sec-dispatcher-1.3.jar
7f86d414e000-7f86d4150000 r--s 0000d000 00:18 51953257                   /gpfs/nbu/people/ajl4/.m2/repository/org/codehaus/plexus/plexus-interpolation/1.14/plexus-interpolation-1.14.jar
7f86d4150000-7f86d415b000 r--s 00069000 00:18 51953242                   /gpfs/nbu/people/ajl4/.m2/repository/org/sonatype/sisu/sisu-guice/2.1.7/sisu-guice-2.1.7-noaop.jar
7f86d415b000-7f86d4160000 r--s 00021000 00:18 51953001                   /gpfs/nbu/people/ajl4/.m2/repository/org/sonatype/sisu/sisu-inject-bean/1.4.2/sisu-inject-bean-1.4.2.jar
7f86d4160000-7f86d4164000 r--s 0001d000 00:18 51952941                   /gpfs/nbu/people/ajl4/.m2/repository/org/eclipse/aether/aether-util/0.9.0.M2/aether-util-0.9.0.M2.jar
7f86d4164000-7f86d4168000 r--s 00017000 00:18 51952968                   /gpfs/nbu/people/ajl4/.m2/repository/org/sonatype/aether/aether-util/1.7/aether-util-1.7.jar
7f86d4168000-7f86d416a000 r--s 00000000 00:18 51953523                   /gpfs/nbu/people/ajl4/.m2/repository/org/codehaus/plexus/plexus-component-annotations/1.5.5/plexus-component-annotations-1.5.5.jar
7f86d416a000-7f86d416c000 r--s 00006000 00:18 51953522                   /gpfs/nbu/people/ajl4/.m2/repository/com/google/code/findbugs/jsr305/2.0.1/jsr305-2.0.1.jar
7f86d416c000-7f86d416f000 r--s 00023000 00:18 51953521                   /gpfs/nbu/people/ajl4/.m2/repository/org/apache/maven/shared/maven-shared-utils/0.3/maven-shared-utils-0.3.jar
7f86d416f000-7f86d4170000 r--s 00002000 00:18 51953520                   /gpfs/nbu/people/ajl4/.m2/repository/org/apache/maven/reporting/maven-reporting-api/3.0/maven-reporting-api-3.0.jar
7f86d4170000-7f86d4172000 r--s 00005000 00:18 51953519                   /gpfs/nbu/people/ajl4/.m2/repository/org/apache/maven/reporting/maven-reporting-exec/1.1/maven-reporting-exec-1.1.jar
7f86d4172000-7f86d4175000 r--s 0001c000 00:18 31917760                   /gpfs/nbu/people/ajl4/.m2/repository/org/apache/maven/plugins/maven-site-plugin/3.3/maven-site-plugin-3.3.jar
7f86d4175000-7f86d4179000 r--s 00093000 00:14 136611567                  /gpfs/main/course/cs032/bin/jdk1.8.0_25/jre/lib/jsse.jar
7f86d4179000-7f86d4379000 rw-p 00000000 00:00 0 
7f86d4379000-7f86d4579000 rw-p 00000000 00:00 0 
7f86d4579000-7f86d4595000 r--s 00393000 00:14 136611667                  /gpfs/main/course/cs032/bin/jdk1.8.0_25/jre/lib/ext/cldrdata.jar
7f86d4595000-7f86d459f000 r--s 00116000 00:14 136611642                  /gpfs/main/course/cs032/bin/jdk1.8.0_25/jre/lib/ext/localedata.jar
7f86d459f000-7f86d45a0000 r--s 00002000 00:14 50783475                   /gpfs/main/course/cs032/bin/apache-maven-3.2.3/lib/slf4j-simple-1.7.5.jar
7f86d45a0000-7f86d45a2000 r--s 00007000 00:14 50783474                   /gpfs/main/course/cs032/bin/apache-maven-3.2.3/lib/aether-connector-wagon-0.9.0.M2.jar
7f86d45a2000-7f86d45a3000 r--s 00002000 00:14 50783469                   /gpfs/main/course/cs032/bin/apache-maven-3.2.3/lib/wagon-file-2.6.jar
7f86d45a3000-7f86d45a7000 r--s 00027000 00:14 50783464                   /gpfs/main/course/cs032/bin/apache-maven-3.2.3/lib/commons-io-2.2.jar
7f86d45a7000-7f86d45ac000 r--s 00041000 00:14 50783460                   /gpfs/main/course/cs032/bin/apache-maven-3.2.3/lib/commons-lang-2.6.jar
7f86d45ac000-7f86d45b2000 r--s 00042000 00:14 50783457                   /gpfs/main/course/cs032/bin/apache-maven-3.2.3/lib/jsoup-1.7.2.jar
7f86d45b2000-7f86d45b3000 r--s 00002000 00:14 50783454                   /gpfs/main/course/cs032/bin/apache-maven-3.2.3/lib/wagon-http-shared-2.6.jar
7f86d45b3000-7f86d45d2000 r--s 00134000 00:14 50783453                   /gpfs/main/course/cs032/bin/apache-maven-3.2.3/lib/wagon-http-2.6-shaded.jar
7f86d45d2000-7f86d45d4000 r--s 00009000 00:14 50783447                   /gpfs/main/course/cs032/bin/apache-maven-3.2.3/lib/commons-cli-1.2.jar
7f86d45d4000-7f86d45d6000 r--s 00005000 00:14 50783446                   /gpfs/main/course/cs032/bin/apache-maven-3.2.3/lib/slf4j-api-1.7.5.jar
7f86d45d6000-7f86d45d8000 r--s 0000b000 00:14 50783445                   /gpfs/main/course/cs032/bin/apache-maven-3.2.3/lib/wagon-provider-api-2.6.jar
7f86d45d8000-7f86d45df000 r--s 0003f000 00:14 50783443                   /gpfs/main/course/cs032/bin/apache-maven-3.2.3/lib/maven-compat-3.2.3.jar
7f86d45df000-7f86d45e3000 r--s 00020000 00:14 50783441                   /gpfs/main/course/cs032/bin/apache-maven-3.2.3/lib/aether-impl-0.9.0.M2.jar
7f86d45e3000-7f86d45e7000 r--s 0001d000 00:14 50783440                   /gpfs/main/course/cs032/bin/apache-maven-3.2.3/lib/aether-util-0.9.0.M2.jar
7f86d45e7000-7f86d45e9000 r--s 00003000 00:14 50783439                   /gpfs/main/course/cs032/bin/apache-maven-3.2.3/lib/aether-spi-0.9.0.M2.jar
7f86d45e9000-7f86d45ed000 r--s 0001d000 00:14 50783438                   /gpfs/main/course/cs032/bin/apache-maven-3.2.3/lib/aether-api-0.9.0.M2.jar
7f86d45ed000-7f86d45ef000 r--s 0000e000 00:14 50783437                   /gpfs/main/course/cs032/bin/apache-maven-3.2.3/lib/maven-aether-provider-3.2.3.jar
7f86d45ef000-7f86d45f4000 r--s 00025000 00:14 50783436                   /gpfs/main/course/cs032/bin/apache-maven-3.2.3/lib/maven-model-builder-3.2.3.jar
7f86d45f4000-7f86d45fa000 r--s 00042000 00:14 50783433                   /gpfs/main/course/cs032/bin/apache-maven-3.2.3/lib/org.eclipse.sisu.inject-0.0.0.M5.jar
7f86d45fa000-7f86d45fc000 r--s 00000000 00:14 50783432                   /gpfs/main/course/cs032/bin/apache-maven-3.2.3/lib/aopalliance-1.0.jar
7f86d45fc000-7f86d4604000 r--s 00050000 00:14 50783431                   /gpfs/main/course/cs032/bin/apache-maven-3.2.3/lib/sisu-guice-3.1.3-no_aop.jar
7f86d4604000-7f86d462d000 r--s 001ee000 00:14 50783429                   /gpfs/main/course/cs032/bin/apache-maven-3.2.3/lib/guava-14.0.1.jar
7f86d462d000-7f86d462e000 r--s 00000000 00:14 50783426                   /gpfs/main/course/cs032/bin/apache-maven-3.2.3/lib/javax.inject-1.jar
7f86d462e000-7f86d4631000 r--s 00008000 00:14 50783419                   /gpfs/main/course/cs032/bin/apache-maven-3.2.3/lib/cdi-api-1.0.jar
7f86d4631000-7f86d4637000 r--s 0002a000 00:14 50783416                   /gpfs/main/course/cs032/bin/apache-maven-3.2.3/lib/org.eclipse.sisu.plexus-0.0.0.M5.jar
7f86d4637000-7f86d4639000 r--s 0000a000 00:14 50783415                   /gpfs/main/course/cs032/bin/apache-maven-3.2.3/lib/maven-plugin-api-3.2.3.jar
7f86d4639000-7f86d463c000 r--s 0000b000 00:14 50783414                   /gpfs/main/course/cs032/bin/apache-maven-3.2.3/lib/maven-artifact-3.2.3.jar
7f86d463c000-7f86d463e000 r--s 00005000 00:14 50783378                   /gpfs/main/course/cs032/bin/apache-maven-3.2.3/lib/maven-repository-metadata-3.2.3.jar
7f86d463e000-7f86d4640000 r--s 00002000 00:14 49955756                   /gpfs/main/course/cs032/bin/apache-maven-3.2.3/lib/plexus-cipher-1.7.jar
7f86d4640000-7f86d4643000 r--s 0000a000 00:14 50783308                   /gpfs/main/course/cs032/bin/apache-maven-3.2.3/boot/plexus-classworlds-2.5.1.jar
7f86d4643000-7f86d4644000 ---p 00000000 00:00 0 
7f86d4644000-7f86d4744000 rw-p 00000000 00:00 0 
7f86d4744000-7f86d4747000 ---p 00000000 00:00 0 
7f86d4747000-7f86d4845000 rw-p 00000000 00:00 0 
7f86d4845000-7f86d4848000 ---p 00000000 00:00 0 
7f86d4848000-7f86d4946000 rw-p 00000000 00:00 0 
7f86d4946000-7f86d4949000 ---p 00000000 00:00 0 
7f86d4949000-7f86d4a47000 rw-p 00000000 00:00 0 
7f86d4a47000-7f86d4a4a000 ---p 00000000 00:00 0 
7f86d4a4a000-7f86d4b48000 rw-p 00000000 00:00 0 
7f86d4b48000-7f86d4b4b000 ---p 00000000 00:00 0 
7f86d4b4b000-7f86d4c49000 rw-p 00000000 00:00 0 
7f86d4c49000-7f86d4c4c000 ---p 00000000 00:00 0 
7f86d4c4c000-7f86d4d4a000 rw-p 00000000 00:00 0 
7f86d4d4a000-7f86d4d4d000 ---p 00000000 00:00 0 
7f86d4d4d000-7f86d4e4b000 rw-p 00000000 00:00 0 
7f86d4e4b000-7f86d4e4c000 ---p 00000000 00:00 0 
7f86d4e4c000-7f86d5f4f000 rw-p 00000000 00:00 0 
7f86d5f4f000-7f86d6125000 r--s 03caa000 00:14 136611550                  /gpfs/main/course/cs032/bin/jdk1.8.0_25/jre/lib/rt.jar
7f86d6125000-7f86dac97000 rw-p 00000000 00:00 0 
7f86dac97000-7f86dac98000 ---p 00000000 00:00 0 
7f86dac98000-7f86dad98000 rw-p 00000000 00:00 0 
7f86dad98000-7f86dad99000 ---p 00000000 00:00 0 
7f86dad99000-7f86dae99000 rw-p 00000000 00:00 0 
7f86dae99000-7f86dae9a000 ---p 00000000 00:00 0 
7f86dae9a000-7f86daf9a000 rw-p 00000000 00:00 0 
7f86daf9a000-7f86daf9b000 ---p 00000000 00:00 0 
7f86daf9b000-7f86db0c5000 rw-p 00000000 00:00 0 
7f86db0c5000-7f86db337000 ---p 00000000 00:00 0 
7f86db337000-7f86db361000 rw-p 00000000 00:00 0 
7f86db361000-7f86db5d2000 ---p 00000000 00:00 0 
7f86db5d2000-7f86db618000 rw-p 00000000 00:00 0 
7f86db618000-7f86db720000 ---p 00000000 00:00 0 
7f86db720000-7f86db752000 rw-p 00000000 00:00 0 
7f86db752000-7f86dbae1000 ---p 00000000 00:00 0 
7f86dbae1000-7f86dc721000 rwxp 00000000 00:00 0 
7f86dc721000-7f86eaae1000 ---p 00000000 00:00 0 
7f86eaae1000-7f86eaafb000 r-xp 00000000 00:14 136610880                  /gpfs/main/course/cs032/bin/jdk1.8.0_25/jre/lib/amd64/libzip.so
7f86eaafb000-7f86eacfb000 ---p 0001a000 00:14 136610880                  /gpfs/main/course/cs032/bin/jdk1.8.0_25/jre/lib/amd64/libzip.so
7f86eacfb000-7f86eacfc000 rw-p 0001a000 00:14 136610880                  /gpfs/main/course/cs032/bin/jdk1.8.0_25/jre/lib/amd64/libzip.so
7f86eacfc000-7f86ead26000 r-xp 00000000 00:14 136610822                  /gpfs/main/course/cs032/bin/jdk1.8.0_25/jre/lib/amd64/libjava.so
7f86ead26000-7f86eaf26000 ---p 0002a000 00:14 136610822                  /gpfs/main/course/cs032/bin/jdk1.8.0_25/jre/lib/amd64/libjava.so
7f86eaf26000-7f86eaf28000 rw-p 0002a000 00:14 136610822                  /gpfs/main/course/cs032/bin/jdk1.8.0_25/jre/lib/amd64/libjava.so
7f86eaf28000-7f86eaf35000 r-xp 00000000 00:14 136610855                  /gpfs/main/course/cs032/bin/jdk1.8.0_25/jre/lib/amd64/libverify.so
7f86eaf35000-7f86eb135000 ---p 0000d000 00:14 136610855                  /gpfs/main/course/cs032/bin/jdk1.8.0_25/jre/lib/amd64/libverify.so
7f86eb135000-7f86eb137000 rw-p 0000d000 00:14 136610855                  /gpfs/main/course/cs032/bin/jdk1.8.0_25/jre/lib/amd64/libverify.so
7f86eb137000-7f86eb13e000 r-xp 00000000 fe:00 2595                       /lib/x86_64-linux-gnu/librt-2.13.so
7f86eb13e000-7f86eb33d000 ---p 00007000 fe:00 2595                       /lib/x86_64-linux-gnu/librt-2.13.so
7f86eb33d000-7f86eb33e000 r--p 00006000 fe:00 2595                       /lib/x86_64-linux-gnu/librt-2.13.so
7f86eb33e000-7f86eb33f000 rw-p 00007000 fe:00 2595                       /lib/x86_64-linux-gnu/librt-2.13.so
7f86eb33f000-7f86eb3c0000 r-xp 00000000 fe:00 2470                       /lib/x86_64-linux-gnu/libm-2.13.so
7f86eb3c0000-7f86eb5bf000 ---p 00081000 fe:00 2470                       /lib/x86_64-linux-gnu/libm-2.13.so
7f86eb5bf000-7f86eb5c0000 r--p 00080000 fe:00 2470                       /lib/x86_64-linux-gnu/libm-2.13.so
7f86eb5c0000-7f86eb5c1000 rw-p 00081000 fe:00 2470                       /lib/x86_64-linux-gnu/libm-2.13.so
7f86eb5c1000-7f86ec22e000 r-xp 00000000 00:14 136611394                  /gpfs/main/course/cs032/bin/jdk1.8.0_25/jre/lib/amd64/server/libjvm.so
7f86ec22e000-7f86ec42d000 ---p 00c6d000 00:14 136611394                  /gpfs/main/course/cs032/bin/jdk1.8.0_25/jre/lib/amd64/server/libjvm.so
7f86ec42d000-7f86ec503000 rw-p 00c6c000 00:14 136611394                  /gpfs/main/course/cs032/bin/jdk1.8.0_25/jre/lib/amd64/server/libjvm.so
7f86ec503000-7f86ec546000 rw-p 00000000 00:00 0 
7f86ec546000-7f86ec6c7000 r-xp 00000000 fe:00 2496                       /lib/x86_64-linux-gnu/libc-2.13.so
7f86ec6c7000-7f86ec8c7000 ---p 00181000 fe:00 2496                       /lib/x86_64-linux-gnu/libc-2.13.so
7f86ec8c7000-7f86ec8cb000 r--p 00181000 fe:00 2496                       /lib/x86_64-linux-gnu/libc-2.13.so
7f86ec8cb000-7f86ec8cc000 rw-p 00185000 fe:00 2496                       /lib/x86_64-linux-gnu/libc-2.13.so
7f86ec8cc000-7f86ec8d1000 rw-p 00000000 00:00 0 
7f86ec8d1000-7f86ec8d3000 r-xp 00000000 fe:00 2564                       /lib/x86_64-linux-gnu/libdl-2.13.so
7f86ec8d3000-7f86ecad3000 ---p 00002000 fe:00 2564                       /lib/x86_64-linux-gnu/libdl-2.13.so
7f86ecad3000-7f86ecad4000 r--p 00002000 fe:00 2564                       /lib/x86_64-linux-gnu/libdl-2.13.so
7f86ecad4000-7f86ecad5000 rw-p 00003000 fe:00 2564                       /lib/x86_64-linux-gnu/libdl-2.13.so
7f86ecad5000-7f86ecaea000 r-xp 00000000 00:14 174988983                  /gpfs/main/course/cs032/bin/jdk1.8.0_25/lib/amd64/jli/libjli.so
7f86ecaea000-7f86ecce9000 ---p 00015000 00:14 174988983                  /gpfs/main/course/cs032/bin/jdk1.8.0_25/lib/amd64/jli/libjli.so
7f86ecce9000-7f86eccea000 rw-p 00014000 00:14 174988983                  /gpfs/main/course/cs032/bin/jdk1.8.0_25/lib/amd64/jli/libjli.so
7f86eccea000-7f86ecd01000 r-xp 00000000 fe:00 2603                       /lib/x86_64-linux-gnu/libpthread-2.13.so
7f86ecd01000-7f86ecf00000 ---p 00017000 fe:00 2603                       /lib/x86_64-linux-gnu/libpthread-2.13.so
7f86ecf00000-7f86ecf01000 r--p 00016000 fe:00 2603                       /lib/x86_64-linux-gnu/libpthread-2.13.so
7f86ecf01000-7f86ecf02000 rw-p 00017000 fe:00 2603                       /lib/x86_64-linux-gnu/libpthread-2.13.so
7f86ecf02000-7f86ecf06000 rw-p 00000000 00:00 0 
7f86ecf06000-7f86ecf26000 r-xp 00000000 fe:00 2586                       /lib/x86_64-linux-gnu/ld-2.13.so
7f86ecf26000-7f86ecf28000 r--s 00000000 00:14 50783240                   /gpfs/main/course/cs032/bin/apache-maven-3.2.3/lib/plexus-component-annotations-1.5.5.jar
7f86ecf28000-7f86ecf2b000 r--s 0000d000 00:14 49127297                   /gpfs/main/course/cs032/bin/apache-maven-3.2.3/lib/plexus-interpolation-1.19.jar
7f86ecf2b000-7f86ecf2d000 r--s 00009000 00:14 50783375                   /gpfs/main/course/cs032/bin/apache-maven-3.2.3/lib/maven-settings-builder-3.2.3.jar
7f86ecf2d000-7f86ecf30000 r--s 00025000 00:14 50783269                   /gpfs/main/course/cs032/bin/apache-maven-3.2.3/lib/maven-model-3.2.3.jar
7f86ecf30000-7f86ecf3c000 r--s 00085000 00:14 49955830                   /gpfs/main/course/cs032/bin/apache-maven-3.2.3/lib/maven-core-3.2.3.jar
7f86ecf3c000-7f86ecf40000 r--s 0003a000 00:14 50783382                   /gpfs/main/course/cs032/bin/apache-maven-3.2.3/lib/plexus-utils-3.0.17.jar
7f86ecf40000-7f86ecfe6000 r--s 00000000 00:0e 5118                       /run/nscd/dbUYo3ip (deleted)
7f86ecfe6000-7f86ecfe9000 ---p 00000000 00:00 0 
7f86ecfe9000-7f86ed0eb000 rw-p 00000000 00:00 0 
7f86ed0eb000-7f86ed0ec000 r--s 00001000 00:14 50783425                   /gpfs/main/course/cs032/bin/apache-maven-3.2.3/lib/jsr250-api-1.0.jar
7f86ed0ec000-7f86ed0ed000 r--s 00006000 00:14 50783328                   /gpfs/main/course/cs032/bin/apache-maven-3.2.3/lib/plexus-sec-dispatcher-1.3.jar
7f86ed0ed000-7f86ed0ef000 r--s 00009000 00:14 50783265                   /gpfs/main/course/cs032/bin/apache-maven-3.2.3/lib/maven-settings-3.2.3.jar
7f86ed0ef000-7f86ed0f1000 r--s 0000d000 00:14 49955724                   /gpfs/main/course/cs032/bin/apache-maven-3.2.3/lib/maven-embedder-3.2.3.jar
7f86ed0f1000-7f86ed119000 rw-p 00000000 00:00 0 
7f86ed119000-7f86ed121000 rw-s 00000000 fe:04 174                        /tmp/hsperfdata_ajl4/20975
7f86ed121000-7f86ed122000 rw-p 00000000 00:00 0 
7f86ed122000-7f86ed123000 r--p 00000000 00:00 0 
7f86ed123000-7f86ed125000 rw-p 00000000 00:00 0 
7f86ed125000-7f86ed126000 r--p 0001f000 fe:00 2586                       /lib/x86_64-linux-gnu/ld-2.13.so
7f86ed126000-7f86ed127000 rw-p 00020000 fe:00 2586                       /lib/x86_64-linux-gnu/ld-2.13.so
7f86ed127000-7f86ed128000 rw-p 00000000 00:00 0 
7fffe4654000-7fffe4675000 rw-p 00000000 00:00 0                          [stack]
7fffe472c000-7fffe472d000 r-xp 00000000 00:00 0                          [vdso]
ffffffffff600000-ffffffffff601000 r-xp 00000000 00:00 0                  [vsyscall]

VM Arguments:
jvm_args: -Dclassworlds.conf=/course/cs032/bin/apache-maven-3.2.3/bin/m2.conf -Dmaven.home=/course/cs032/bin/apache-maven-3.2.3 
java_command: org.codehaus.plexus.classworlds.launcher.Launcher site
java_class_path (initial): /course/cs032/bin/apache-maven-3.2.3/boot/plexus-classworlds-2.5.1.jar
Launcher Type: SUN_STANDARD

Environment Variables:
JAVA_HOME=/gpfs/main/course/cs032/bin/jdk1.8.0_25
PATH=/course/cs032/bin:/local/bin:/usr/local/bin:/bin:/usr/bin:/usr/X11R6/bin:/usr/games:/contrib/bin:/course/cs032/bin:/course/cs019/bin:/course/cs146/bin
SHELL=/bin/bash
DISPLAY=:1.0

Signal Handlers:
SIGSEGV: [libjvm.so+0xa79a80], sa_mask[0]=11111111011111111101111111111110, sa_flags=SA_RESTART|SA_SIGINFO
SIGBUS: [libjvm.so+0xa79a80], sa_mask[0]=11111111011111111101111111111110, sa_flags=SA_RESTART|SA_SIGINFO
SIGFPE: [libjvm.so+0x8e24e0], sa_mask[0]=11111111011111111101111111111110, sa_flags=SA_RESTART|SA_SIGINFO
SIGPIPE: [libjvm.so+0x8e24e0], sa_mask[0]=11111111011111111101111111111110, sa_flags=SA_RESTART|SA_SIGINFO
SIGXFSZ: [libjvm.so+0x8e24e0], sa_mask[0]=11111111011111111101111111111110, sa_flags=SA_RESTART|SA_SIGINFO
SIGILL: [libjvm.so+0x8e24e0], sa_mask[0]=11111111011111111101111111111110, sa_flags=SA_RESTART|SA_SIGINFO
SIGUSR1: SIG_DFL, sa_mask[0]=00000000000000000000000000000000, sa_flags=none
SIGUSR2: [libjvm.so+0x8e3d10], sa_mask[0]=00000000000000000000000000000000, sa_flags=SA_RESTART|SA_SIGINFO
SIGHUP: [libjvm.so+0x8e50d0], sa_mask[0]=11111111011111111101111111111110, sa_flags=SA_RESTART|SA_SIGINFO
SIGINT: [libjvm.so+0x8e50d0], sa_mask[0]=11111111011111111101111111111110, sa_flags=SA_RESTART|SA_SIGINFO
SIGTERM: [libjvm.so+0x8e50d0], sa_mask[0]=11111111011111111101111111111110, sa_flags=SA_RESTART|SA_SIGINFO
SIGQUIT: [libjvm.so+0x8e50d0], sa_mask[0]=11111111011111111101111111111110, sa_flags=SA_RESTART|SA_SIGINFO


---------------  S Y S T E M  ---------------

OS:PRETTY_NAME="Debian GNU/Linux 7 (wheezy)"
NAME="Debian GNU/Linux"
VERSION_ID="7"
VERSION="7 (wheezy)"
ID=debian
ANSI_COLOR="1;31"
HOME_URL="http://www.debian.org/"
SUPPORT_URL="http://www.debian.org/support/"
BUG_REPORT_URL="http://bugs.debian.org/"

uname:Linux 3.2.0-4-amd64 #1 SMP Debian 3.2.68-1+deb7u1 x86_64
libc:glibc 2.13 NPTL 2.13 
rlimit: STACK 8192k, CORE 0k, NPROC 63961, NOFILE 4096, AS infinity
load average:0.84 0.91 0.92

/proc/meminfo:
MemTotal:        8199880 kB
MemFree:          991104 kB
Buffers:          217720 kB
Cached:          2819420 kB
SwapCached:         1468 kB
Active:          4369420 kB
Inactive:        2215208 kB
Active(anon):    2913576 kB
Inactive(anon):   756324 kB
Active(file):    1455844 kB
Inactive(file):  1458884 kB
Unevictable:          16 kB
Mlocked:              16 kB
SwapTotal:       8388604 kB
SwapFree:        8378796 kB
Dirty:               164 kB
Writeback:             0 kB
AnonPages:       3546352 kB
Mapped:           432020 kB
Shmem:            122408 kB
Slab:             441276 kB
SReclaimable:     388440 kB
SUnreclaim:        52836 kB
KernelStack:        6216 kB
PageTables:        62368 kB
NFS_Unstable:          0 kB
Bounce:                0 kB
WritebackTmp:          0 kB
CommitLimit:    12488544 kB
Committed_AS:    9010368 kB
VmallocTotal:   34359738367 kB
VmallocUsed:      326892 kB
VmallocChunk:   34359403516 kB
HardwareCorrupted:     0 kB
AnonHugePages:         0 kB
HugePages_Total:       0
HugePages_Free:        0
HugePages_Rsvd:        0
HugePages_Surp:        0
Hugepagesize:       2048 kB
DirectMap4k:     4390464 kB
DirectMap2M:     3997696 kB


CPU:total 4 (4 cores per cpu, 1 threads per core) family 6 model 15 stepping 11, cmov, cx8, fxsr, mmx, sse, sse2, sse3, ssse3, tsc

/proc/cpuinfo:
processor	: 0
vendor_id	: GenuineIntel
cpu family	: 6
model		: 15
model name	: Intel(R) Core(TM)2 Quad CPU    Q6600  @ 2.40GHz
stepping	: 11
microcode	: 0xb6
cpu MHz		: 2399.810
cache size	: 4096 KB
physical id	: 0
siblings	: 4
core id		: 0
cpu cores	: 4
apicid		: 0
initial apicid	: 0
fpu		: yes
fpu_exception	: yes
cpuid level	: 10
wp		: yes
flags		: fpu vme de pse tsc msr pae mce cx8 apic sep mtrr pge mca cmov pat pse36 clflush dts acpi mmx fxsr sse sse2 ss ht tm pbe syscall nx lm constant_tsc arch_perfmon pebs bts rep_good nopl aperfmperf pni dtes64 monitor ds_cpl vmx est tm2 ssse3 cx16 xtpr pdcm lahf_lm dtherm tpr_shadow vnmi flexpriority
bogomips	: 4799.62
clflush size	: 64
cache_alignment	: 64
address sizes	: 36 bits physical, 48 bits virtual
power management:

processor	: 1
vendor_id	: GenuineIntel
cpu family	: 6
model		: 15
model name	: Intel(R) Core(TM)2 Quad CPU    Q6600  @ 2.40GHz
stepping	: 11
microcode	: 0xb6
cpu MHz		: 2399.810
cache size	: 4096 KB
physical id	: 0
siblings	: 4
core id		: 1
cpu cores	: 4
apicid		: 1
initial apicid	: 1
fpu		: yes
fpu_exception	: yes
cpuid level	: 10
wp		: yes
flags		: fpu vme de pse tsc msr pae mce cx8 apic sep mtrr pge mca cmov pat pse36 clflush dts acpi mmx fxsr sse sse2 ss ht tm pbe syscall nx lm constant_tsc arch_perfmon pebs bts rep_good nopl aperfmperf pni dtes64 monitor ds_cpl vmx est tm2 ssse3 cx16 xtpr pdcm lahf_lm dtherm tpr_shadow vnmi flexpriority
bogomips	: 4800.23
clflush size	: 64
cache_alignment	: 64
address sizes	: 36 bits physical, 48 bits virtual
power management:

processor	: 2
vendor_id	: GenuineIntel
cpu family	: 6
model		: 15
model name	: Intel(R) Core(TM)2 Quad CPU    Q6600  @ 2.40GHz
stepping	: 11
microcode	: 0xb6
cpu MHz		: 2399.810
cache size	: 4096 KB
physical id	: 0
siblings	: 4
core id		: 2
cpu cores	: 4
apicid		: 2
initial apicid	: 2
fpu		: yes
fpu_exception	: yes
cpuid level	: 10
wp		: yes
flags		: fpu vme de pse tsc msr pae mce cx8 apic sep mtrr pge mca cmov pat pse36 clflush dts acpi mmx fxsr sse sse2 ss ht tm pbe syscall nx lm constant_tsc arch_perfmon pebs bts rep_good nopl aperfmperf pni dtes64 monitor ds_cpl vmx est tm2 ssse3 cx16 xtpr pdcm lahf_lm dtherm tpr_shadow vnmi flexpriority
bogomips	: 4800.28
clflush size	: 64
cache_alignment	: 64
address sizes	: 36 bits physical, 48 bits virtual
power management:

processor	: 3
vendor_id	: GenuineIntel
cpu family	: 6
model		: 15
model name	: Intel(R) Core(TM)2 Quad CPU    Q6600  @ 2.40GHz
stepping	: 11
microcode	: 0xb6
cpu MHz		: 2399.810
cache size	: 4096 KB
physical id	: 0
siblings	: 4
core id		: 3
cpu cores	: 4
apicid		: 3
initial apicid	: 3
fpu		: yes
fpu_exception	: yes
cpuid level	: 10
wp		: yes
flags		: fpu vme de pse tsc msr pae mce cx8 apic sep mtrr pge mca cmov pat pse36 clflush dts acpi mmx fxsr sse sse2 ss ht tm pbe syscall nx lm constant_tsc arch_perfmon pebs bts rep_good nopl aperfmperf pni dtes64 monitor ds_cpl vmx est tm2 ssse3 cx16 xtpr pdcm lahf_lm dtherm tpr_shadow vnmi flexpriority
bogomips	: 4800.27
clflush size	: 64
cache_alignment	: 64
address sizes	: 36 bits physical, 48 bits virtual
power management:



Memory: 4k page, physical 8199880k(991104k free), swap 8388604k(8378796k free)

vm_info: Java HotSpot(TM) 64-Bit Server VM (25.25-b02) for linux-amd64 JRE (1.8.0_25-b17), built on Sep 17 2014 17:32:11 by "java_re" with gcc 4.3.0 20080428 (Red Hat 4.3.0-8)

time: Thu May  7 22:36:05 2015
elapsed time: 5 seconds (0d 0h 0m 5s)

