#
# A fatal error has been detected by the Java Runtime Environment:
#
#  SIGSEGV (0xb) at pc=0x00007fbd7d8cd060, pid=21062, tid=140453180397312
#
# JRE version: Java(TM) SE Runtime Environment (8.0_25-b17) (build 1.8.0_25-b17)
# Java VM: Java HotSpot(TM) 64-Bit Server VM (25.25-b02 mixed mode linux-amd64 compressed oops)
# Problematic frame:
# C  0x00007fbd7d8cd060
#
# Failed to write core dump. Core dumps have been disabled. To enable core dumping, try "ulimit -c unlimited" before starting Java again
#
# If you would like to submit a bug report, please visit:
#   http://bugreport.sun.com/bugreport/crash.jsp
#

---------------  T H R E A D  ---------------

Current thread (0x0000000001837000):  JavaThread "main" [_thread_in_Java, id=21078, stack(0x00007fbdcddcd000,0x00007fbdcdece000)]

siginfo: si_signo: 11 (SIGSEGV), si_code: 1 (SEGV_MAPERR), si_addr: 0x00007fbd7d8cd060

Registers:
RAX=0x00000001000212b8, RBX=0x00007fbdb72ecfe0, RCX=0x00000000daa00ce0, RDX=0x0000000000000046
RSP=0x00007fbdcdecb0a8, RBP=0x00007fbdcdecb178, RSI=0x00000000d871bf70, RDI=0x0000000100059d40
R8 =0x00000000d871c8b8, R9 =0x00007fbdbbd07000, R10=0x0000000100059d48, R11=0x0000000000000228
R12=0x0000000000000000, R13=0x00000000d871bee0, R14=0x00000000daa00d30, R15=0x0000000001837000
RIP=0x00007fbd7d8cd060, EFLAGS=0x0000000000010246, CSGSFS=0x0000000000000033, ERR=0x0000000000000014
  TRAPNO=0x000000000000000e

Top of Stack: (sp=0x00007fbdcdecb0a8)
0x00007fbdcdecb0a8:   00007fbdbce1fcb4 00000000d87173c0
0x00007fbdcdecb0b8:   00007fbdcdecb0b8 00007fbdb76a2086
0x00007fbdcdecb0c8:   00007fbdcdecb140 00000000d871bee0
0x00007fbdcdecb0d8:   00000000d871bf70 00000000d871cd60
0x00007fbdcdecb0e8:   00000000daa00ce0 0000000000000001
0x00007fbdcdecb0f8:   00000000d871bee0 00000000d871bee0
0x00007fbdcdecb108:   00007fbdb4ff9880 00007fbdcdecb178
0x00007fbdcdecb118:   00007fbdbc8cf98d 00007fbdbc8cf98d
0x00007fbdcdecb128:   00000000d8715640 00000000d871bee0
0x00007fbdcdecb138:   00007fbdcdecb138 00007fbdb7790e1e
0x00007fbdcdecb148:   00007fbdcdecb1a0 00007fbdb77924d0
0x00007fbdcdecb158:   0000000000000000 00007fbdb7790e70
0x00007fbdcdecb168:   00007fbdcdecb128 00007fbdcdecb190
0x00007fbdcdecb178:   00007fbdcdecb1f0 00007fbdbc8cf710
0x00007fbdcdecb188:   00000000d871bee0 00000000d8715640
0x00007fbdcdecb198:   00000000d8715690 00000000daacd2c8
0x00007fbdcdecb1a8:   00000000d871bea0 00007fbdcdecb1b0
0x00007fbdcdecb1b8:   00007fbdb77909e3 00007fbdcdecb260
0x00007fbdcdecb1c8:   00007fbdb77924d0 0000000000000000
0x00007fbdcdecb1d8:   00007fbdb7790c90 00007fbdcdecb190
0x00007fbdcdecb1e8:   00007fbdcdecb248 00007fbdcdecb2a8
0x00007fbdcdecb1f8:   00007fbdbc8cf710 0000000000000000
0x00007fbdcdecb208:   0000000000000000 00000000d871bea0
0x00007fbdcdecb218:   00000000d8717390 00000000d8717490
0x00007fbdcdecb228:   00000000d871bd10 00000000d86fc430
0x00007fbdcdecb238:   00000000d8716df8 00000000d8716de0
0x00007fbdcdecb248:   00000000d8716da8 00000000d8716d88
0x00007fbdcdecb258:   00000000d87141f0 00000000daacd2c8
0x00007fbdcdecb268:   00007fbdcdecb268 00007fbdb779044d
0x00007fbdcdecb278:   00007fbdcdecb310 00007fbdb77924d0
0x00007fbdcdecb288:   0000000000000000 00007fbdb7790720
0x00007fbdcdecb298:   00007fbdcdecb248 00007fbdcdecb300 

Instructions: (pc=0x00007fbd7d8cd060)
0x00007fbd7d8cd040:   
[error occurred during error reporting (printing registers, top of stack, instructions near pc), id 0xb]

Register to memory mapping:

RAX=0x00000001000212b8 is pointing into metadata
RBX={method} {0x00007fbdb72ecfe0} 'hasNext' '()Z' in 'java/util/Collections$UnmodifiableMap$UnmodifiableEntrySet$1'
RCX=0x00000000daa00ce0 is an oop
java.lang.String 
 - klass: 'java/lang/String'
RDX=0x0000000000000046 is an unknown value
RSP=0x00007fbdcdecb0a8 is pointing into the stack for thread: 0x0000000001837000
RBP=0x00007fbdcdecb178 is pointing into the stack for thread: 0x0000000001837000
RSI=0x00000000d871bf70 is an oop
java.util.Collections$UnmodifiableMap$UnmodifiableEntrySet$1 
 - klass: 'java/util/Collections$UnmodifiableMap$UnmodifiableEntrySet$1'
RDI=0x0000000100059d40 is pointing into metadata
R8 =0x00000000d871c8b8 is an oop

[error occurred during error reporting (printing register info), id 0xb]

Stack: [0x00007fbdcddcd000,0x00007fbdcdece000],  sp=0x00007fbdcdecb0a8,  free space=1016k
Native frames: (J=compiled Java code, j=interpreted, Vv=VM code, C=native code)
C  0x00007fbd7d8cd060
j  org.apache.maven.repository.internal.DefaultArtifactDescriptorReader.loadPom(Lorg/eclipse/aether/RepositorySystemSession;Lorg/eclipse/aether/resolution/ArtifactDescriptorRequest;Lorg/eclipse/aether/resolution/ArtifactDescriptorResult;)Lorg/apache/maven/model/Model;+467
j  org.apache.maven.repository.internal.DefaultArtifactDescriptorReader.readArtifactDescriptor(Lorg/eclipse/aether/RepositorySystemSession;Lorg/eclipse/aether/resolution/ArtifactDescriptorRequest;)Lorg/eclipse/aether/resolution/ArtifactDescriptorResult;+13
j  org.eclipse.aether.internal.impl.DefaultDependencyCollector.collectDependencies(Lorg/eclipse/aether/RepositorySystemSession;Lorg/eclipse/aether/collection/CollectRequest;)Lorg/eclipse/aether/collection/CollectResult;+364
j  org.eclipse.aether.internal.impl.DefaultRepositorySystem.collectDependencies(Lorg/eclipse/aether/RepositorySystemSession;Lorg/eclipse/aether/collection/CollectRequest;)Lorg/eclipse/aether/collection/CollectResult;+11
j  org.apache.maven.plugin.internal.DefaultPluginDependenciesResolver.resolve(Lorg/apache/maven/model/Plugin;Lorg/eclipse/aether/artifact/Artifact;Lorg/eclipse/aether/graph/DependencyFilter;Ljava/util/List;Lorg/eclipse/aether/RepositorySystemSession;)Lorg/eclipse/aether/graph/DependencyNode;+318
j  org.apache.maven.plugin.internal.DefaultMavenPluginManager.createPluginRealm(Lorg/apache/maven/plugin/descriptor/PluginDescriptor;Lorg/apache/maven/execution/MavenSession;Ljava/lang/ClassLoader;Ljava/util/Map;Lorg/eclipse/aether/graph/DependencyFilter;)V+86
j  org.apache.maven.plugin.internal.DefaultMavenPluginManager.setupPluginRealm(Lorg/apache/maven/plugin/descriptor/PluginDescriptor;Lorg/apache/maven/execution/MavenSession;Ljava/lang/ClassLoader;Ljava/util/List;Lorg/eclipse/aether/graph/DependencyFilter;)V+150
j  org.apache.maven.plugin.DefaultBuildPluginManager.getPluginRealm(Lorg/apache/maven/execution/MavenSession;Lorg/apache/maven/plugin/descriptor/PluginDescriptor;)Lorg/codehaus/plexus/classworlds/realm/ClassRealm;+20
j  org.apache.maven.plugin.DefaultBuildPluginManager.executeMojo(Lorg/apache/maven/execution/MavenSession;Lorg/apache/maven/plugin/MojoExecution;)V+21
j  org.apache.maven.lifecycle.internal.MojoExecutor.execute(Lorg/apache/maven/execution/MavenSession;Lorg/apache/maven/plugin/MojoExecution;Lorg/apache/maven/lifecycle/internal/ProjectIndex;Lorg/apache/maven/lifecycle/internal/DependencyContext;)V+215
j  org.apache.maven.lifecycle.internal.MojoExecutor.execute(Lorg/apache/maven/execution/MavenSession;Lorg/apache/maven/plugin/MojoExecution;Lorg/apache/maven/lifecycle/internal/ProjectIndex;Lorg/apache/maven/lifecycle/internal/DependencyContext;Lorg/apache/maven/lifecycle/internal/PhaseRecorder;)V+6
j  org.apache.maven.lifecycle.internal.MojoExecutor.execute(Lorg/apache/maven/execution/MavenSession;Ljava/util/List;Lorg/apache/maven/lifecycle/internal/ProjectIndex;)V+60
j  org.apache.maven.lifecycle.internal.LifecycleModuleBuilder.buildProject(Lorg/apache/maven/execution/MavenSession;Lorg/apache/maven/execution/MavenSession;Lorg/apache/maven/lifecycle/internal/ReactorContext;Lorg/apache/maven/project/MavenProject;Lorg/apache/maven/lifecycle/internal/TaskSegment;)V+176
j  org.apache.maven.lifecycle.internal.LifecycleModuleBuilder.buildProject(Lorg/apache/maven/execution/MavenSession;Lorg/apache/maven/lifecycle/internal/ReactorContext;Lorg/apache/maven/project/MavenProject;Lorg/apache/maven/lifecycle/internal/TaskSegment;)V+7
j  org.apache.maven.lifecycle.internal.builder.singlethreaded.SingleThreadedBuilder.build(Lorg/apache/maven/execution/MavenSession;Lorg/apache/maven/lifecycle/internal/ReactorContext;Lorg/apache/maven/lifecycle/internal/ProjectBuildList;Ljava/util/List;Lorg/apache/maven/lifecycle/internal/ReactorBuildStatus;)V+77
j  org.apache.maven.lifecycle.internal.LifecycleStarter.execute(Lorg/apache/maven/execution/MavenSession;)V+346
j  org.apache.maven.DefaultMaven.doExecute(Lorg/apache/maven/execution/MavenExecutionRequest;)Lorg/apache/maven/execution/MavenExecutionResult;+554
j  org.apache.maven.DefaultMaven.execute(Lorg/apache/maven/execution/MavenExecutionRequest;)Lorg/apache/maven/execution/MavenExecutionResult;+11
j  org.apache.maven.cli.MavenCli.execute(Lorg/apache/maven/cli/MavenCli$CliRequest;)I+19
j  org.apache.maven.cli.MavenCli.doMain(Lorg/apache/maven/cli/MavenCli$CliRequest;)I+61
j  org.apache.maven.cli.MavenCli.main([Ljava/lang/String;Lorg/codehaus/plexus/classworlds/ClassWorld;)I+18
v  ~StubRoutines::call_stub
V  [libjvm.so+0x664086]  JavaCalls::call_helper(JavaValue*, methodHandle*, JavaCallArguments*, Thread*)+0x1056
V  [libjvm.so+0x958ab7]  Reflection::invoke(instanceKlassHandle, methodHandle, Handle, bool, objArrayHandle, BasicType, objArrayHandle, bool, Thread*)+0x5d7
V  [libjvm.so+0x95c187]  Reflection::invoke_method(oopDesc*, Handle, objArrayHandle, Thread*)+0x147
V  [libjvm.so+0x6ea3cb]  JVM_InvokeMethod+0x26b
j  sun.reflect.NativeMethodAccessorImpl.invoke0(Ljava/lang/reflect/Method;Ljava/lang/Object;[Ljava/lang/Object;)Ljava/lang/Object;+0
j  sun.reflect.NativeMethodAccessorImpl.invoke(Ljava/lang/Object;[Ljava/lang/Object;)Ljava/lang/Object;+100
j  sun.reflect.DelegatingMethodAccessorImpl.invoke(Ljava/lang/Object;[Ljava/lang/Object;)Ljava/lang/Object;+6
j  java.lang.reflect.Method.invoke(Ljava/lang/Object;[Ljava/lang/Object;)Ljava/lang/Object;+56
j  org.codehaus.plexus.classworlds.launcher.Launcher.launchEnhanced([Ljava/lang/String;)V+45
j  org.codehaus.plexus.classworlds.launcher.Launcher.launch([Ljava/lang/String;)V+2
j  org.codehaus.plexus.classworlds.launcher.Launcher.mainWithExitCode([Ljava/lang/String;)I+101
j  org.codehaus.plexus.classworlds.launcher.Launcher.main([Ljava/lang/String;)V+1
v  ~StubRoutines::call_stub
V  [libjvm.so+0x664086]  JavaCalls::call_helper(JavaValue*, methodHandle*, JavaCallArguments*, Thread*)+0x1056
V  [libjvm.so+0x6ab096]  jni_invoke_static(JNIEnv_*, JavaValue*, _jobject*, JNICallType, _jmethodID*, JNI_ArgumentPusher*, Thread*)+0x346
V  [libjvm.so+0x6b1c2a]  jni_CallStaticVoidMethod+0x17a
C  [libjli.so+0x7b14]  JavaMain+0x844
C  [libpthread.so.0+0x6b50]  start_thread+0xd0


---------------  P R O C E S S  ---------------

Java Threads: ( => current thread )
  0x00000000018f8800 JavaThread "Service Thread" daemon [_thread_blocked, id=21090, stack(0x00007fbdb552b000,0x00007fbdb562c000)]
  0x00007fbdb0033000 JavaThread "C1 CompilerThread2" daemon [_thread_blocked, id=21089, stack(0x00007fbdb562c000,0x00007fbdb572d000)]
  0x00007fbdb0030800 JavaThread "C2 CompilerThread1" daemon [_thread_blocked, id=21088, stack(0x00007fbdb572d000,0x00007fbdb582e000)]
  0x00007fbdb002e000 JavaThread "C2 CompilerThread0" daemon [_thread_blocked, id=21087, stack(0x00007fbdb582e000,0x00007fbdb592f000)]
  0x00007fbdb002b800 JavaThread "Signal Dispatcher" daemon [_thread_blocked, id=21086, stack(0x00007fbdb592f000,0x00007fbdb5a30000)]
  0x00000000018af000 JavaThread "Finalizer" daemon [_thread_blocked, id=21085, stack(0x00007fbdb5a30000,0x00007fbdb5b31000)]
  0x00000000018a7800 JavaThread "Reference Handler" daemon [_thread_blocked, id=21084, stack(0x00007fbdb5b31000,0x00007fbdb5c32000)]
=>0x0000000001837000 JavaThread "main" [_thread_in_Java, id=21078, stack(0x00007fbdcddcd000,0x00007fbdcdece000)]

Other Threads:
  0x00000000018a0800 VMThread [stack: 0x00007fbdb5c32000,0x00007fbdb5d33000] [id=21083]
  0x00007fbdb005a800 WatcherThread [stack: 0x00007fbdb542a000,0x00007fbdb552b000] [id=21091]

VM state:not at safepoint (normal execution)

VM Mutex/Monitor currently owned by a thread: None

Heap:
 PSYoungGen      total 70656K, used 41187K [0x00000000d6500000, 0x00000000daf00000, 0x0000000100000000)
  eden space 65536K, 55% used [0x00000000d6500000,0x00000000d8839d48,0x00000000da500000)
  from space 5120K, 99% used [0x00000000daa00000,0x00000000daeff060,0x00000000daf00000)
  to   space 5120K, 0% used [0x00000000da500000,0x00000000da500000,0x00000000daa00000)
 ParOldGen       total 86016K, used 1899K [0x0000000082e00000, 0x0000000088200000, 0x00000000d6500000)
  object space 86016K, 2% used [0x0000000082e00000,0x0000000082fdaf30,0x0000000088200000)
 Metaspace       used 13909K, capacity 14094K, committed 14336K, reserved 1062912K
  class space    used 1684K, capacity 1771K, committed 1792K, reserved 1048576K

Card table byte_map: [0x00007fbdbc11e000,0x00007fbdbc508000] byte_map_base: 0x00007fbdbbd07000

Marking Bits: (ParMarkBitMap*) 0x00007fbdcd3022c0
 Begin Bits: [0x00007fbdb7bee000, 0x00007fbdb9b36000)
 End Bits:   [0x00007fbdb9b36000, 0x00007fbdbba7e000)

Polling page: 0x00007fbdcdf09000

CodeCache: size=245760Kb used=6523Kb max_used=6535Kb free=239236Kb
 bounds [0x00007fbdbc8c8000, 0x00007fbdbcf38000, 0x00007fbdcb8c8000]
 total_blobs=2363 nmethods=2039 adapters=239
 compilation: enabled

Compilation events (10 events):
Event: 2.210 Thread 0x00007fbdb0033000 nmethod 2037 0x00007fbdbcf283d0 code [0x00007fbdbcf28560, 0x00007fbdbcf28928]
Event: 2.212 Thread 0x00007fbdb0030800 2038       4       java.util.LinkedHashMap$LinkedHashIterator::nextNode (54 bytes)
Event: 2.212 Thread 0x00007fbdb002e000 2039       4       java.util.Collections$UnmodifiableMap$UnmodifiableEntrySet$1::next (5 bytes)
Event: 2.213 Thread 0x00007fbdb0030800 nmethod 2038 0x00007fbdbcf2add0 code [0x00007fbdbcf2af20, 0x00007fbdbcf2aff8]
Event: 2.213 Thread 0x00007fbdb0030800 2040       4       java.util.Collections$UnmodifiableMap$UnmodifiableEntrySet$UnmodifiableEntry::getKey (10 bytes)
Event: 2.213 Thread 0x00007fbdb0030800 nmethod 2040 0x00007fbdbcf28150 code [0x00007fbdbcf282a0, 0x00007fbdbcf28338]
Event: 2.213 Thread 0x00007fbdb0030800 2041       4       java.util.Collections$UnmodifiableMap$UnmodifiableEntrySet$UnmodifiableEntry::getValue (10 bytes)
Event: 2.214 Thread 0x00007fbdb0030800 nmethod 2041 0x00007fbdbcf2dd90 code [0x00007fbdbcf2dee0, 0x00007fbdbcf2df78]
Event: 2.214 Thread 0x00007fbdb0030800 2042       4       java.util.Collections$UnmodifiableMap$UnmodifiableEntrySet$1::hasNext (10 bytes)
Event: 2.215 Thread 0x00007fbdb0030800 nmethod 2042 0x00007fbdbcf2e010 code [0x00007fbdbcf2e160, 0x00007fbdbcf2e218]

GC Heap History (4 events):
Event: 0.730 GC heap before
{Heap before GC invocations=1 (full 0):
 PSYoungGen      total 37888K, used 32768K [0x00000000d6500000, 0x00000000d8f00000, 0x0000000100000000)
  eden space 32768K, 100% used [0x00000000d6500000,0x00000000d8500000,0x00000000d8500000)
  from space 5120K, 0% used [0x00000000d8a00000,0x00000000d8a00000,0x00000000d8f00000)
  to   space 5120K, 0% used [0x00000000d8500000,0x00000000d8500000,0x00000000d8a00000)
 ParOldGen       total 86016K, used 0K [0x0000000082e00000, 0x0000000088200000, 0x00000000d6500000)
  object space 86016K, 0% used [0x0000000082e00000,0x0000000082e00000,0x0000000088200000)
 Metaspace       used 7853K, capacity 7966K, committed 8192K, reserved 1056768K
  class space    used 955K, capacity 1017K, committed 1024K, reserved 1048576K
Event: 0.739 GC heap after
Heap after GC invocations=1 (full 0):
 PSYoungGen      total 37888K, used 5003K [0x00000000d6500000, 0x00000000daf00000, 0x0000000100000000)
  eden space 32768K, 0% used [0x00000000d6500000,0x00000000d6500000,0x00000000d8500000)
  from space 5120K, 97% used [0x00000000d8500000,0x00000000d89e2cf8,0x00000000d8a00000)
  to   space 5120K, 0% used [0x00000000daa00000,0x00000000daa00000,0x00000000daf00000)
 ParOldGen       total 86016K, used 16K [0x0000000082e00000, 0x0000000088200000, 0x00000000d6500000)
  object space 86016K, 0% used [0x0000000082e00000,0x0000000082e04000,0x0000000088200000)
 Metaspace       used 7853K, capacity 7966K, committed 8192K, reserved 1056768K
  class space    used 955K, capacity 1017K, committed 1024K, reserved 1048576K
}
Event: 1.366 GC heap before
{Heap before GC invocations=2 (full 0):
 PSYoungGen      total 37888K, used 37771K [0x00000000d6500000, 0x00000000daf00000, 0x0000000100000000)
  eden space 32768K, 100% used [0x00000000d6500000,0x00000000d8500000,0x00000000d8500000)
  from space 5120K, 97% used [0x00000000d8500000,0x00000000d89e2cf8,0x00000000d8a00000)
  to   space 5120K, 0% used [0x00000000daa00000,0x00000000daa00000,0x00000000daf00000)
 ParOldGen       total 86016K, used 16K [0x0000000082e00000, 0x0000000088200000, 0x00000000d6500000)
  object space 86016K, 0% used [0x0000000082e00000,0x0000000082e04000,0x0000000088200000)
 Metaspace       used 12224K, capacity 12368K, committed 12672K, reserved 1060864K
  class space    used 1530K, capacity 1606K, committed 1664K, reserved 1048576K
Event: 1.388 GC heap after
Heap after GC invocations=2 (full 0):
 PSYoungGen      total 70656K, used 5116K [0x00000000d6500000, 0x00000000daf00000, 0x0000000100000000)
  eden space 65536K, 0% used [0x00000000d6500000,0x00000000d6500000,0x00000000da500000)
  from space 5120K, 99% used [0x00000000daa00000,0x00000000daeff060,0x00000000daf00000)
  to   space 5120K, 0% used [0x00000000da500000,0x00000000da500000,0x00000000daa00000)
 ParOldGen       total 86016K, used 1899K [0x0000000082e00000, 0x0000000088200000, 0x00000000d6500000)
  object space 86016K, 2% used [0x0000000082e00000,0x0000000082fdaf30,0x0000000088200000)
 Metaspace       used 12224K, capacity 12368K, committed 12672K, reserved 1060864K
  class space    used 1530K, capacity 1606K, committed 1664K, reserved 1048576K
}

Deoptimization events (10 events):
Event: 2.071 Thread 0x0000000001837000 Uncommon trap: reason=bimorphic action=maybe_recompile pc=0x00007fbdbcee5ec0 method=java.util.regex.Pattern$Curly.match0(Ljava/util/regex/Matcher;IILjava/lang/CharSequence;)Z @ 170
Event: 2.072 Thread 0x0000000001837000 Uncommon trap: reason=bimorphic action=maybe_recompile pc=0x00007fbdbcee5ec0 method=java.util.regex.Pattern$Curly.match0(Ljava/util/regex/Matcher;IILjava/lang/CharSequence;)Z @ 170
Event: 2.074 Thread 0x0000000001837000 Uncommon trap: reason=bimorphic action=maybe_recompile pc=0x00007fbdbcee5ec0 method=java.util.regex.Pattern$Curly.match0(Ljava/util/regex/Matcher;IILjava/lang/CharSequence;)Z @ 170
Event: 2.074 Thread 0x0000000001837000 Uncommon trap: reason=bimorphic action=maybe_recompile pc=0x00007fbdbcee5ec0 method=java.util.regex.Pattern$Curly.match0(Ljava/util/regex/Matcher;IILjava/lang/CharSequence;)Z @ 170
Event: 2.090 Thread 0x0000000001837000 Uncommon trap: reason=predicate action=maybe_recompile pc=0x00007fbdbced8cb4 method=java.nio.charset.CharsetDecoder.decode(Ljava/nio/ByteBuffer;Ljava/nio/CharBuffer;Z)Ljava/nio/charset/CoderResult; @ 54
Event: 2.091 Thread 0x0000000001837000 Uncommon trap: reason=predicate action=maybe_recompile pc=0x00007fbdbcee92c0 method=java.nio.charset.CharsetDecoder.decode(Ljava/nio/ByteBuffer;Ljava/nio/CharBuffer;Z)Ljava/nio/charset/CoderResult; @ 54
Event: 2.121 Thread 0x0000000001837000 Uncommon trap: reason=unreached action=reinterpret pc=0x00007fbdbcb7cb2c method=java.util.HashMap.getNode(ILjava/lang/Object;)Ljava/util/HashMap$Node; @ 53
Event: 2.196 Thread 0x0000000001837000 Uncommon trap: reason=bimorphic action=maybe_recompile pc=0x00007fbdbcdf3524 method=java.util.concurrent.ConcurrentHashMap.get(Ljava/lang/Object;)Ljava/lang/Object; @ 149
Event: 2.205 Thread 0x0000000001837000 Uncommon trap: reason=class_check action=maybe_recompile pc=0x00007fbdbcef4288 method=java.util.regex.Pattern$Curly.match0(Ljava/util/regex/Matcher;IILjava/lang/CharSequence;)Z @ 16
Event: 2.206 Thread 0x0000000001837000 Uncommon trap: reason=class_check action=maybe_recompile pc=0x00007fbdbcef4288 method=java.util.regex.Pattern$Curly.match0(Ljava/util/regex/Matcher;IILjava/lang/CharSequence;)Z @ 16

Internal exceptions (10 events):
Event: 2.210 Thread 0x0000000001837000 Exception <a 'java/security/PrivilegedActionException'> (0x00000000d86f18d0) thrown at [/HUDSON/workspace/8-2-build-linux-amd64/jdk8u25/1514/hotspot/src/share/vm/prims/jvm.cpp, line 1312]
Event: 2.210 Thread 0x0000000001837000 Exception <a 'java/security/PrivilegedActionException'> (0x00000000d86f2268) thrown at [/HUDSON/workspace/8-2-build-linux-amd64/jdk8u25/1514/hotspot/src/share/vm/prims/jvm.cpp, line 1312]
Event: 2.210 Thread 0x0000000001837000 Exception <a 'java/security/PrivilegedActionException'> (0x00000000d86fce40) thrown at [/HUDSON/workspace/8-2-build-linux-amd64/jdk8u25/1514/hotspot/src/share/vm/prims/jvm.cpp, line 1312]
Event: 2.210 Thread 0x0000000001837000 Exception <a 'java/security/PrivilegedActionException'> (0x00000000d86fd7e0) thrown at [/HUDSON/workspace/8-2-build-linux-amd64/jdk8u25/1514/hotspot/src/share/vm/prims/jvm.cpp, line 1312]
Event: 2.211 Thread 0x0000000001837000 Exception <a 'java/security/PrivilegedActionException'> (0x00000000d87046c8) thrown at [/HUDSON/workspace/8-2-build-linux-amd64/jdk8u25/1514/hotspot/src/share/vm/prims/jvm.cpp, line 1312]
Event: 2.211 Thread 0x0000000001837000 Exception <a 'java/security/PrivilegedActionException'> (0x00000000d8704ff8) thrown at [/HUDSON/workspace/8-2-build-linux-amd64/jdk8u25/1514/hotspot/src/share/vm/prims/jvm.cpp, line 1312]
Event: 2.211 Thread 0x0000000001837000 Exception <a 'java/security/PrivilegedActionException'> (0x00000000d8708610) thrown at [/HUDSON/workspace/8-2-build-linux-amd64/jdk8u25/1514/hotspot/src/share/vm/prims/jvm.cpp, line 1312]
Event: 2.211 Thread 0x0000000001837000 Exception <a 'java/security/PrivilegedActionException'> (0x00000000d8708f40) thrown at [/HUDSON/workspace/8-2-build-linux-amd64/jdk8u25/1514/hotspot/src/share/vm/prims/jvm.cpp, line 1312]
Event: 2.212 Thread 0x0000000001837000 Exception <a 'java/security/PrivilegedActionException'> (0x00000000d870d110) thrown at [/HUDSON/workspace/8-2-build-linux-amd64/jdk8u25/1514/hotspot/src/share/vm/prims/jvm.cpp, line 1312]
Event: 2.212 Thread 0x0000000001837000 Exception <a 'java/security/PrivilegedActionException'> (0x00000000d870da80) thrown at [/HUDSON/workspace/8-2-build-linux-amd64/jdk8u25/1514/hotspot/src/share/vm/prims/jvm.cpp, line 1312]

Events (10 events):
Event: 2.210 loading class org/apache/maven/plugin/DefaultPluginRealmCache$CacheKey
Event: 2.210 loading class org/apache/maven/plugin/DefaultPluginRealmCache$CacheKey done
Event: 2.210 loading class org/eclipse/aether/util/filter/ExclusionsDependencyFilter
Event: 2.210 loading class org/eclipse/aether/util/filter/ExclusionsDependencyFilter done
Event: 2.211 loading class org/apache/maven/ArtifactFilterManagerDelegate
Event: 2.211 loading class org/apache/maven/ArtifactFilterManagerDelegate done
Event: 2.211 loading class org/apache/maven/plugin/internal/WagonExcluder
Event: 2.211 loading class org/apache/maven/plugin/internal/WagonExcluder done
Event: 2.212 loading class org/apache/maven/plugin/internal/PlexusUtilsInjector
Event: 2.212 loading class org/apache/maven/plugin/internal/PlexusUtilsInjector done


Dynamic libraries:
00400000-00401000 r-xp 00000000 00:14 138267735                          /gpfs/main/course/cs032/bin/jdk1.8.0_25/bin/java
00600000-00601000 rw-p 00000000 00:14 138267735                          /gpfs/main/course/cs032/bin/jdk1.8.0_25/bin/java
0182e000-0248b000 rw-p 00000000 00:00 0                                  [heap]
82e00000-88200000 rw-p 00000000 00:00 0 
88200000-d6500000 ---p 00000000 00:00 0 
d6500000-daf00000 rw-p 00000000 00:00 0 
daf00000-100000000 ---p 00000000 00:00 0 
100000000-1001c0000 rw-p 00000000 00:00 0 
1001c0000-140000000 ---p 00000000 00:00 0 
7fbdb0000000-7fbdb0a35000 rw-p 00000000 00:00 0 
7fbdb0a35000-7fbdb4000000 ---p 00000000 00:00 0 
7fbdb4923000-7fbdb4974000 rw-p 00000000 00:00 0 
7fbdb4974000-7fbdb4b34000 ---p 00000000 00:00 0 
7fbdb4b34000-7fbdb4b45000 r-xp 00000000 00:14 136611464                  /gpfs/main/course/cs032/bin/jdk1.8.0_25/jre/lib/amd64/libnio.so
7fbdb4b45000-7fbdb4d44000 ---p 00011000 00:14 136611464                  /gpfs/main/course/cs032/bin/jdk1.8.0_25/jre/lib/amd64/libnio.so
7fbdb4d44000-7fbdb4d45000 rw-p 00010000 00:14 136611464                  /gpfs/main/course/cs032/bin/jdk1.8.0_25/jre/lib/amd64/libnio.so
7fbdb4d45000-7fbdb4d5b000 r-xp 00000000 00:14 136610987                  /gpfs/main/course/cs032/bin/jdk1.8.0_25/jre/lib/amd64/libnet.so
7fbdb4d5b000-7fbdb4f5b000 ---p 00016000 00:14 136610987                  /gpfs/main/course/cs032/bin/jdk1.8.0_25/jre/lib/amd64/libnet.so
7fbdb4f5b000-7fbdb4f5c000 rw-p 00016000 00:14 136610987                  /gpfs/main/course/cs032/bin/jdk1.8.0_25/jre/lib/amd64/libnet.so
7fbdb4f5c000-7fbdb4f60000 r--s 00093000 00:14 136611567                  /gpfs/main/course/cs032/bin/jdk1.8.0_25/jre/lib/jsse.jar
7fbdb4f60000-7fbdb5160000 rw-p 00000000 00:00 0 
7fbdb5160000-7fbdb5360000 rw-p 00000000 00:00 0 
7fbdb5360000-7fbdb537c000 r--s 00393000 00:14 136611667                  /gpfs/main/course/cs032/bin/jdk1.8.0_25/jre/lib/ext/cldrdata.jar
7fbdb537c000-7fbdb5386000 r--s 00116000 00:14 136611642                  /gpfs/main/course/cs032/bin/jdk1.8.0_25/jre/lib/ext/localedata.jar
7fbdb5386000-7fbdb5387000 r--s 00002000 00:14 50783475                   /gpfs/main/course/cs032/bin/apache-maven-3.2.3/lib/slf4j-simple-1.7.5.jar
7fbdb5387000-7fbdb5389000 r--s 00007000 00:14 50783474                   /gpfs/main/course/cs032/bin/apache-maven-3.2.3/lib/aether-connector-wagon-0.9.0.M2.jar
7fbdb5389000-7fbdb538a000 r--s 00002000 00:14 50783469                   /gpfs/main/course/cs032/bin/apache-maven-3.2.3/lib/wagon-file-2.6.jar
7fbdb538a000-7fbdb538e000 r--s 00027000 00:14 50783464                   /gpfs/main/course/cs032/bin/apache-maven-3.2.3/lib/commons-io-2.2.jar
7fbdb538e000-7fbdb5393000 r--s 00041000 00:14 50783460                   /gpfs/main/course/cs032/bin/apache-maven-3.2.3/lib/commons-lang-2.6.jar
7fbdb5393000-7fbdb5399000 r--s 00042000 00:14 50783457                   /gpfs/main/course/cs032/bin/apache-maven-3.2.3/lib/jsoup-1.7.2.jar
7fbdb5399000-7fbdb539a000 r--s 00002000 00:14 50783454                   /gpfs/main/course/cs032/bin/apache-maven-3.2.3/lib/wagon-http-shared-2.6.jar
7fbdb539a000-7fbdb53b9000 r--s 00134000 00:14 50783453                   /gpfs/main/course/cs032/bin/apache-maven-3.2.3/lib/wagon-http-2.6-shaded.jar
7fbdb53b9000-7fbdb53bb000 r--s 00009000 00:14 50783447                   /gpfs/main/course/cs032/bin/apache-maven-3.2.3/lib/commons-cli-1.2.jar
7fbdb53bb000-7fbdb53bd000 r--s 00005000 00:14 50783446                   /gpfs/main/course/cs032/bin/apache-maven-3.2.3/lib/slf4j-api-1.7.5.jar
7fbdb53bd000-7fbdb53bf000 r--s 0000b000 00:14 50783445                   /gpfs/main/course/cs032/bin/apache-maven-3.2.3/lib/wagon-provider-api-2.6.jar
7fbdb53bf000-7fbdb53c6000 r--s 0003f000 00:14 50783443                   /gpfs/main/course/cs032/bin/apache-maven-3.2.3/lib/maven-compat-3.2.3.jar
7fbdb53c6000-7fbdb53ca000 r--s 00020000 00:14 50783441                   /gpfs/main/course/cs032/bin/apache-maven-3.2.3/lib/aether-impl-0.9.0.M2.jar
7fbdb53ca000-7fbdb53ce000 r--s 0001d000 00:14 50783440                   /gpfs/main/course/cs032/bin/apache-maven-3.2.3/lib/aether-util-0.9.0.M2.jar
7fbdb53ce000-7fbdb53d0000 r--s 00003000 00:14 50783439                   /gpfs/main/course/cs032/bin/apache-maven-3.2.3/lib/aether-spi-0.9.0.M2.jar
7fbdb53d0000-7fbdb53d4000 r--s 0001d000 00:14 50783438                   /gpfs/main/course/cs032/bin/apache-maven-3.2.3/lib/aether-api-0.9.0.M2.jar
7fbdb53d4000-7fbdb53d6000 r--s 0000e000 00:14 50783437                   /gpfs/main/course/cs032/bin/apache-maven-3.2.3/lib/maven-aether-provider-3.2.3.jar
7fbdb53d6000-7fbdb53db000 r--s 00025000 00:14 50783436                   /gpfs/main/course/cs032/bin/apache-maven-3.2.3/lib/maven-model-builder-3.2.3.jar
7fbdb53db000-7fbdb53e1000 r--s 00042000 00:14 50783433                   /gpfs/main/course/cs032/bin/apache-maven-3.2.3/lib/org.eclipse.sisu.inject-0.0.0.M5.jar
7fbdb53e1000-7fbdb53e3000 r--s 00000000 00:14 50783432                   /gpfs/main/course/cs032/bin/apache-maven-3.2.3/lib/aopalliance-1.0.jar
7fbdb53e3000-7fbdb53eb000 r--s 00050000 00:14 50783431                   /gpfs/main/course/cs032/bin/apache-maven-3.2.3/lib/sisu-guice-3.1.3-no_aop.jar
7fbdb53eb000-7fbdb5414000 r--s 001ee000 00:14 50783429                   /gpfs/main/course/cs032/bin/apache-maven-3.2.3/lib/guava-14.0.1.jar
7fbdb5414000-7fbdb5415000 r--s 00000000 00:14 50783426                   /gpfs/main/course/cs032/bin/apache-maven-3.2.3/lib/javax.inject-1.jar
7fbdb5415000-7fbdb5418000 r--s 00008000 00:14 50783419                   /gpfs/main/course/cs032/bin/apache-maven-3.2.3/lib/cdi-api-1.0.jar
7fbdb5418000-7fbdb541e000 r--s 0002a000 00:14 50783416                   /gpfs/main/course/cs032/bin/apache-maven-3.2.3/lib/org.eclipse.sisu.plexus-0.0.0.M5.jar
7fbdb541e000-7fbdb5420000 r--s 0000a000 00:14 50783415                   /gpfs/main/course/cs032/bin/apache-maven-3.2.3/lib/maven-plugin-api-3.2.3.jar
7fbdb5420000-7fbdb5423000 r--s 0000b000 00:14 50783414                   /gpfs/main/course/cs032/bin/apache-maven-3.2.3/lib/maven-artifact-3.2.3.jar
7fbdb5423000-7fbdb5425000 r--s 00005000 00:14 50783378                   /gpfs/main/course/cs032/bin/apache-maven-3.2.3/lib/maven-repository-metadata-3.2.3.jar
7fbdb5425000-7fbdb5427000 r--s 00002000 00:14 49955756                   /gpfs/main/course/cs032/bin/apache-maven-3.2.3/lib/plexus-cipher-1.7.jar
7fbdb5427000-7fbdb542a000 r--s 0000a000 00:14 50783308                   /gpfs/main/course/cs032/bin/apache-maven-3.2.3/boot/plexus-classworlds-2.5.1.jar
7fbdb542a000-7fbdb542b000 ---p 00000000 00:00 0 
7fbdb542b000-7fbdb552b000 rw-p 00000000 00:00 0 
7fbdb552b000-7fbdb552e000 ---p 00000000 00:00 0 
7fbdb552e000-7fbdb562c000 rw-p 00000000 00:00 0 
7fbdb562c000-7fbdb562f000 ---p 00000000 00:00 0 
7fbdb562f000-7fbdb572d000 rw-p 00000000 00:00 0 
7fbdb572d000-7fbdb5730000 ---p 00000000 00:00 0 
7fbdb5730000-7fbdb582e000 rw-p 00000000 00:00 0 
7fbdb582e000-7fbdb5831000 ---p 00000000 00:00 0 
7fbdb5831000-7fbdb592f000 rw-p 00000000 00:00 0 
7fbdb592f000-7fbdb5932000 ---p 00000000 00:00 0 
7fbdb5932000-7fbdb5a30000 rw-p 00000000 00:00 0 
7fbdb5a30000-7fbdb5a33000 ---p 00000000 00:00 0 
7fbdb5a33000-7fbdb5b31000 rw-p 00000000 00:00 0 
7fbdb5b31000-7fbdb5b34000 ---p 00000000 00:00 0 
7fbdb5b34000-7fbdb5c32000 rw-p 00000000 00:00 0 
7fbdb5c32000-7fbdb5c33000 ---p 00000000 00:00 0 
7fbdb5c33000-7fbdb6d36000 rw-p 00000000 00:00 0 
7fbdb6d36000-7fbdb6f0c000 r--s 03caa000 00:14 136611550                  /gpfs/main/course/cs032/bin/jdk1.8.0_25/jre/lib/rt.jar
7fbdb6f0c000-7fbdbba7e000 rw-p 00000000 00:00 0 
7fbdbba7e000-7fbdbba7f000 ---p 00000000 00:00 0 
7fbdbba7f000-7fbdbbb7f000 rw-p 00000000 00:00 0 
7fbdbbb7f000-7fbdbbb80000 ---p 00000000 00:00 0 
7fbdbbb80000-7fbdbbc80000 rw-p 00000000 00:00 0 
7fbdbbc80000-7fbdbbc81000 ---p 00000000 00:00 0 
7fbdbbc81000-7fbdbbd81000 rw-p 00000000 00:00 0 
7fbdbbd81000-7fbdbbd82000 ---p 00000000 00:00 0 
7fbdbbd82000-7fbdbbeac000 rw-p 00000000 00:00 0 
7fbdbbeac000-7fbdbc11e000 ---p 00000000 00:00 0 
7fbdbc11e000-7fbdbc148000 rw-p 00000000 00:00 0 
7fbdbc148000-7fbdbc3b9000 ---p 00000000 00:00 0 
7fbdbc3b9000-7fbdbc3df000 rw-p 00000000 00:00 0 
7fbdbc3df000-7fbdbc507000 ---p 00000000 00:00 0 
7fbdbc507000-7fbdbc522000 rw-p 00000000 00:00 0 
7fbdbc522000-7fbdbc8c8000 ---p 00000000 00:00 0 
7fbdbc8c8000-7fbdbcf38000 rwxp 00000000 00:00 0 
7fbdbcf38000-7fbdcb8c8000 ---p 00000000 00:00 0 
7fbdcb8c8000-7fbdcb8e2000 r-xp 00000000 00:14 136610880                  /gpfs/main/course/cs032/bin/jdk1.8.0_25/jre/lib/amd64/libzip.so
7fbdcb8e2000-7fbdcbae2000 ---p 0001a000 00:14 136610880                  /gpfs/main/course/cs032/bin/jdk1.8.0_25/jre/lib/amd64/libzip.so
7fbdcbae2000-7fbdcbae3000 rw-p 0001a000 00:14 136610880                  /gpfs/main/course/cs032/bin/jdk1.8.0_25/jre/lib/amd64/libzip.so
7fbdcbae3000-7fbdcbb0d000 r-xp 00000000 00:14 136610822                  /gpfs/main/course/cs032/bin/jdk1.8.0_25/jre/lib/amd64/libjava.so
7fbdcbb0d000-7fbdcbd0d000 ---p 0002a000 00:14 136610822                  /gpfs/main/course/cs032/bin/jdk1.8.0_25/jre/lib/amd64/libjava.so
7fbdcbd0d000-7fbdcbd0f000 rw-p 0002a000 00:14 136610822                  /gpfs/main/course/cs032/bin/jdk1.8.0_25/jre/lib/amd64/libjava.so
7fbdcbd0f000-7fbdcbd1c000 r-xp 00000000 00:14 136610855                  /gpfs/main/course/cs032/bin/jdk1.8.0_25/jre/lib/amd64/libverify.so
7fbdcbd1c000-7fbdcbf1c000 ---p 0000d000 00:14 136610855                  /gpfs/main/course/cs032/bin/jdk1.8.0_25/jre/lib/amd64/libverify.so
7fbdcbf1c000-7fbdcbf1e000 rw-p 0000d000 00:14 136610855                  /gpfs/main/course/cs032/bin/jdk1.8.0_25/jre/lib/amd64/libverify.so
7fbdcbf1e000-7fbdcbf25000 r-xp 00000000 fe:00 2595                       /lib/x86_64-linux-gnu/librt-2.13.so
7fbdcbf25000-7fbdcc124000 ---p 00007000 fe:00 2595                       /lib/x86_64-linux-gnu/librt-2.13.so
7fbdcc124000-7fbdcc125000 r--p 00006000 fe:00 2595                       /lib/x86_64-linux-gnu/librt-2.13.so
7fbdcc125000-7fbdcc126000 rw-p 00007000 fe:00 2595                       /lib/x86_64-linux-gnu/librt-2.13.so
7fbdcc126000-7fbdcc1a7000 r-xp 00000000 fe:00 2470                       /lib/x86_64-linux-gnu/libm-2.13.so
7fbdcc1a7000-7fbdcc3a6000 ---p 00081000 fe:00 2470                       /lib/x86_64-linux-gnu/libm-2.13.so
7fbdcc3a6000-7fbdcc3a7000 r--p 00080000 fe:00 2470                       /lib/x86_64-linux-gnu/libm-2.13.so
7fbdcc3a7000-7fbdcc3a8000 rw-p 00081000 fe:00 2470                       /lib/x86_64-linux-gnu/libm-2.13.so
7fbdcc3a8000-7fbdcd015000 r-xp 00000000 00:14 136611394                  /gpfs/main/course/cs032/bin/jdk1.8.0_25/jre/lib/amd64/server/libjvm.so
7fbdcd015000-7fbdcd214000 ---p 00c6d000 00:14 136611394                  /gpfs/main/course/cs032/bin/jdk1.8.0_25/jre/lib/amd64/server/libjvm.so
7fbdcd214000-7fbdcd2ea000 rw-p 00c6c000 00:14 136611394                  /gpfs/main/course/cs032/bin/jdk1.8.0_25/jre/lib/amd64/server/libjvm.so
7fbdcd2ea000-7fbdcd32d000 rw-p 00000000 00:00 0 
7fbdcd32d000-7fbdcd4ae000 r-xp 00000000 fe:00 2496                       /lib/x86_64-linux-gnu/libc-2.13.so
7fbdcd4ae000-7fbdcd6ae000 ---p 00181000 fe:00 2496                       /lib/x86_64-linux-gnu/libc-2.13.so
7fbdcd6ae000-7fbdcd6b2000 r--p 00181000 fe:00 2496                       /lib/x86_64-linux-gnu/libc-2.13.so
7fbdcd6b2000-7fbdcd6b3000 rw-p 00185000 fe:00 2496                       /lib/x86_64-linux-gnu/libc-2.13.so
7fbdcd6b3000-7fbdcd6b8000 rw-p 00000000 00:00 0 
7fbdcd6b8000-7fbdcd6ba000 r-xp 00000000 fe:00 2564                       /lib/x86_64-linux-gnu/libdl-2.13.so
7fbdcd6ba000-7fbdcd8ba000 ---p 00002000 fe:00 2564                       /lib/x86_64-linux-gnu/libdl-2.13.so
7fbdcd8ba000-7fbdcd8bb000 r--p 00002000 fe:00 2564                       /lib/x86_64-linux-gnu/libdl-2.13.so
7fbdcd8bb000-7fbdcd8bc000 rw-p 00003000 fe:00 2564                       /lib/x86_64-linux-gnu/libdl-2.13.so
7fbdcd8bc000-7fbdcd8d1000 r-xp 00000000 00:14 174988983                  /gpfs/main/course/cs032/bin/jdk1.8.0_25/lib/amd64/jli/libjli.so
7fbdcd8d1000-7fbdcdad0000 ---p 00015000 00:14 174988983                  /gpfs/main/course/cs032/bin/jdk1.8.0_25/lib/amd64/jli/libjli.so
7fbdcdad0000-7fbdcdad1000 rw-p 00014000 00:14 174988983                  /gpfs/main/course/cs032/bin/jdk1.8.0_25/lib/amd64/jli/libjli.so
7fbdcdad1000-7fbdcdae8000 r-xp 00000000 fe:00 2603                       /lib/x86_64-linux-gnu/libpthread-2.13.so
7fbdcdae8000-7fbdcdce7000 ---p 00017000 fe:00 2603                       /lib/x86_64-linux-gnu/libpthread-2.13.so
7fbdcdce7000-7fbdcdce8000 r--p 00016000 fe:00 2603                       /lib/x86_64-linux-gnu/libpthread-2.13.so
7fbdcdce8000-7fbdcdce9000 rw-p 00017000 fe:00 2603                       /lib/x86_64-linux-gnu/libpthread-2.13.so
7fbdcdce9000-7fbdcdced000 rw-p 00000000 00:00 0 
7fbdcdced000-7fbdcdd0d000 r-xp 00000000 fe:00 2586                       /lib/x86_64-linux-gnu/ld-2.13.so
7fbdcdd0d000-7fbdcdd0f000 r--s 00000000 00:14 50783240                   /gpfs/main/course/cs032/bin/apache-maven-3.2.3/lib/plexus-component-annotations-1.5.5.jar
7fbdcdd0f000-7fbdcdd12000 r--s 0000d000 00:14 49127297                   /gpfs/main/course/cs032/bin/apache-maven-3.2.3/lib/plexus-interpolation-1.19.jar
7fbdcdd12000-7fbdcdd14000 r--s 00009000 00:14 50783375                   /gpfs/main/course/cs032/bin/apache-maven-3.2.3/lib/maven-settings-builder-3.2.3.jar
7fbdcdd14000-7fbdcdd17000 r--s 00025000 00:14 50783269                   /gpfs/main/course/cs032/bin/apache-maven-3.2.3/lib/maven-model-3.2.3.jar
7fbdcdd17000-7fbdcdd23000 r--s 00085000 00:14 49955830                   /gpfs/main/course/cs032/bin/apache-maven-3.2.3/lib/maven-core-3.2.3.jar
7fbdcdd23000-7fbdcdd27000 r--s 0003a000 00:14 50783382                   /gpfs/main/course/cs032/bin/apache-maven-3.2.3/lib/plexus-utils-3.0.17.jar
7fbdcdd27000-7fbdcddcd000 r--s 00000000 00:0e 5118                       /run/nscd/dbUYo3ip (deleted)
7fbdcddcd000-7fbdcddd0000 ---p 00000000 00:00 0 
7fbdcddd0000-7fbdcded2000 rw-p 00000000 00:00 0 
7fbdcded2000-7fbdcded3000 r--s 00001000 00:14 50783425                   /gpfs/main/course/cs032/bin/apache-maven-3.2.3/lib/jsr250-api-1.0.jar
7fbdcded3000-7fbdcded4000 r--s 00006000 00:14 50783328                   /gpfs/main/course/cs032/bin/apache-maven-3.2.3/lib/plexus-sec-dispatcher-1.3.jar
7fbdcded4000-7fbdcded6000 r--s 00009000 00:14 50783265                   /gpfs/main/course/cs032/bin/apache-maven-3.2.3/lib/maven-settings-3.2.3.jar
7fbdcded6000-7fbdcded8000 r--s 0000d000 00:14 49955724                   /gpfs/main/course/cs032/bin/apache-maven-3.2.3/lib/maven-embedder-3.2.3.jar
7fbdcded8000-7fbdcdf00000 rw-p 00000000 00:00 0 
7fbdcdf00000-7fbdcdf08000 rw-s 00000000 fe:04 174                        /tmp/hsperfdata_ajl4/21062
7fbdcdf08000-7fbdcdf09000 rw-p 00000000 00:00 0 
7fbdcdf09000-7fbdcdf0a000 r--p 00000000 00:00 0 
7fbdcdf0a000-7fbdcdf0c000 rw-p 00000000 00:00 0 
7fbdcdf0c000-7fbdcdf0d000 r--p 0001f000 fe:00 2586                       /lib/x86_64-linux-gnu/ld-2.13.so
7fbdcdf0d000-7fbdcdf0e000 rw-p 00020000 fe:00 2586                       /lib/x86_64-linux-gnu/ld-2.13.so
7fbdcdf0e000-7fbdcdf0f000 rw-p 00000000 00:00 0 
7fffe88ea000-7fffe890b000 rw-p 00000000 00:00 0                          [stack]
7fffe8924000-7fffe8925000 r-xp 00000000 00:00 0                          [vdso]
ffffffffff600000-ffffffffff601000 r-xp 00000000 00:00 0                  [vsyscall]

VM Arguments:
jvm_args: -Dclassworlds.conf=/course/cs032/bin/apache-maven-3.2.3/bin/m2.conf -Dmaven.home=/course/cs032/bin/apache-maven-3.2.3 
java_command: org.codehaus.plexus.classworlds.launcher.Launcher site
java_class_path (initial): /course/cs032/bin/apache-maven-3.2.3/boot/plexus-classworlds-2.5.1.jar
Launcher Type: SUN_STANDARD

Environment Variables:
JAVA_HOME=/gpfs/main/course/cs032/bin/jdk1.8.0_25
PATH=/course/cs032/bin:/local/bin:/usr/local/bin:/bin:/usr/bin:/usr/X11R6/bin:/usr/games:/contrib/bin:/course/cs032/bin:/course/cs019/bin:/course/cs146/bin
SHELL=/bin/bash
DISPLAY=:1.0

Signal Handlers:
SIGSEGV: [libjvm.so+0xa79a80], sa_mask[0]=11111111011111111101111111111110, sa_flags=SA_RESTART|SA_SIGINFO
SIGBUS: [libjvm.so+0xa79a80], sa_mask[0]=11111111011111111101111111111110, sa_flags=SA_RESTART|SA_SIGINFO
SIGFPE: [libjvm.so+0x8e24e0], sa_mask[0]=11111111011111111101111111111110, sa_flags=SA_RESTART|SA_SIGINFO
SIGPIPE: [libjvm.so+0x8e24e0], sa_mask[0]=11111111011111111101111111111110, sa_flags=SA_RESTART|SA_SIGINFO
SIGXFSZ: [libjvm.so+0x8e24e0], sa_mask[0]=11111111011111111101111111111110, sa_flags=SA_RESTART|SA_SIGINFO
SIGILL: [libjvm.so+0x8e24e0], sa_mask[0]=11111111011111111101111111111110, sa_flags=SA_RESTART|SA_SIGINFO
SIGUSR1: SIG_DFL, sa_mask[0]=00000000000000000000000000000000, sa_flags=none
SIGUSR2: [libjvm.so+0x8e3d10], sa_mask[0]=00000000000000000000000000000000, sa_flags=SA_RESTART|SA_SIGINFO
SIGHUP: [libjvm.so+0x8e50d0], sa_mask[0]=11111111011111111101111111111110, sa_flags=SA_RESTART|SA_SIGINFO
SIGINT: [libjvm.so+0x8e50d0], sa_mask[0]=11111111011111111101111111111110, sa_flags=SA_RESTART|SA_SIGINFO
SIGTERM: [libjvm.so+0x8e50d0], sa_mask[0]=11111111011111111101111111111110, sa_flags=SA_RESTART|SA_SIGINFO
SIGQUIT: [libjvm.so+0x8e50d0], sa_mask[0]=11111111011111111101111111111110, sa_flags=SA_RESTART|SA_SIGINFO


---------------  S Y S T E M  ---------------

OS:PRETTY_NAME="Debian GNU/Linux 7 (wheezy)"
NAME="Debian GNU/Linux"
VERSION_ID="7"
VERSION="7 (wheezy)"
ID=debian
ANSI_COLOR="1;31"
HOME_URL="http://www.debian.org/"
SUPPORT_URL="http://www.debian.org/support/"
BUG_REPORT_URL="http://bugs.debian.org/"

uname:Linux 3.2.0-4-amd64 #1 SMP Debian 3.2.68-1+deb7u1 x86_64
libc:glibc 2.13 NPTL 2.13 
rlimit: STACK 8192k, CORE 0k, NPROC 63961, NOFILE 4096, AS infinity
load average:0.71 0.88 0.91

/proc/meminfo:
MemTotal:        8199880 kB
MemFree:         1085588 kB
Buffers:          217728 kB
Cached:          2819500 kB
SwapCached:         1468 kB
Active:          4275288 kB
Inactive:        2215280 kB
Active(anon):    2819428 kB
Inactive(anon):   756332 kB
Active(file):    1455860 kB
Inactive(file):  1458948 kB
Unevictable:          16 kB
Mlocked:              16 kB
SwapTotal:       8388604 kB
SwapFree:        8378796 kB
Dirty:               188 kB
Writeback:             0 kB
AnonPages:       3452300 kB
Mapped:           430308 kB
Shmem:            122416 kB
Slab:             441364 kB
SReclaimable:     388440 kB
SUnreclaim:        52924 kB
KernelStack:        6208 kB
PageTables:        61916 kB
NFS_Unstable:          0 kB
Bounce:                0 kB
WritebackTmp:          0 kB
CommitLimit:    12488544 kB
Committed_AS:    8926852 kB
VmallocTotal:   34359738367 kB
VmallocUsed:      326892 kB
VmallocChunk:   34359403516 kB
HardwareCorrupted:     0 kB
AnonHugePages:         0 kB
HugePages_Total:       0
HugePages_Free:        0
HugePages_Rsvd:        0
HugePages_Surp:        0
Hugepagesize:       2048 kB
DirectMap4k:     4390464 kB
DirectMap2M:     3997696 kB


CPU:total 4 (4 cores per cpu, 1 threads per core) family 6 model 15 stepping 11, cmov, cx8, fxsr, mmx, sse, sse2, sse3, ssse3, tsc

/proc/cpuinfo:
processor	: 0
vendor_id	: GenuineIntel
cpu family	: 6
model		: 15
model name	: Intel(R) Core(TM)2 Quad CPU    Q6600  @ 2.40GHz
stepping	: 11
microcode	: 0xb6
cpu MHz		: 2399.810
cache size	: 4096 KB
physical id	: 0
siblings	: 4
core id		: 0
cpu cores	: 4
apicid		: 0
initial apicid	: 0
fpu		: yes
fpu_exception	: yes
cpuid level	: 10
wp		: yes
flags		: fpu vme de pse tsc msr pae mce cx8 apic sep mtrr pge mca cmov pat pse36 clflush dts acpi mmx fxsr sse sse2 ss ht tm pbe syscall nx lm constant_tsc arch_perfmon pebs bts rep_good nopl aperfmperf pni dtes64 monitor ds_cpl vmx est tm2 ssse3 cx16 xtpr pdcm lahf_lm dtherm tpr_shadow vnmi flexpriority
bogomips	: 4799.62
clflush size	: 64
cache_alignment	: 64
address sizes	: 36 bits physical, 48 bits virtual
power management:

processor	: 1
vendor_id	: GenuineIntel
cpu family	: 6
model		: 15
model name	: Intel(R) Core(TM)2 Quad CPU    Q6600  @ 2.40GHz
stepping	: 11
microcode	: 0xb6
cpu MHz		: 2399.810
cache size	: 4096 KB
physical id	: 0
siblings	: 4
core id		: 1
cpu cores	: 4
apicid		: 1
initial apicid	: 1
fpu		: yes
fpu_exception	: yes
cpuid level	: 10
wp		: yes
flags		: fpu vme de pse tsc msr pae mce cx8 apic sep mtrr pge mca cmov pat pse36 clflush dts acpi mmx fxsr sse sse2 ss ht tm pbe syscall nx lm constant_tsc arch_perfmon pebs bts rep_good nopl aperfmperf pni dtes64 monitor ds_cpl vmx est tm2 ssse3 cx16 xtpr pdcm lahf_lm dtherm tpr_shadow vnmi flexpriority
bogomips	: 4800.23
clflush size	: 64
cache_alignment	: 64
address sizes	: 36 bits physical, 48 bits virtual
power management:

processor	: 2
vendor_id	: GenuineIntel
cpu family	: 6
model		: 15
model name	: Intel(R) Core(TM)2 Quad CPU    Q6600  @ 2.40GHz
stepping	: 11
microcode	: 0xb6
cpu MHz		: 2399.810
cache size	: 4096 KB
physical id	: 0
siblings	: 4
core id		: 2
cpu cores	: 4
apicid		: 2
initial apicid	: 2
fpu		: yes
fpu_exception	: yes
cpuid level	: 10
wp		: yes
flags		: fpu vme de pse tsc msr pae mce cx8 apic sep mtrr pge mca cmov pat pse36 clflush dts acpi mmx fxsr sse sse2 ss ht tm pbe syscall nx lm constant_tsc arch_perfmon pebs bts rep_good nopl aperfmperf pni dtes64 monitor ds_cpl vmx est tm2 ssse3 cx16 xtpr pdcm lahf_lm dtherm tpr_shadow vnmi flexpriority
bogomips	: 4800.28
clflush size	: 64
cache_alignment	: 64
address sizes	: 36 bits physical, 48 bits virtual
power management:

processor	: 3
vendor_id	: GenuineIntel
cpu family	: 6
model		: 15
model name	: Intel(R) Core(TM)2 Quad CPU    Q6600  @ 2.40GHz
stepping	: 11
microcode	: 0xb6
cpu MHz		: 2399.810
cache size	: 4096 KB
physical id	: 0
siblings	: 4
core id		: 3
cpu cores	: 4
apicid		: 3
initial apicid	: 3
fpu		: yes
fpu_exception	: yes
cpuid level	: 10
wp		: yes
flags		: fpu vme de pse tsc msr pae mce cx8 apic sep mtrr pge mca cmov pat pse36 clflush dts acpi mmx fxsr sse sse2 ss ht tm pbe syscall nx lm constant_tsc arch_perfmon pebs bts rep_good nopl aperfmperf pni dtes64 monitor ds_cpl vmx est tm2 ssse3 cx16 xtpr pdcm lahf_lm dtherm tpr_shadow vnmi flexpriority
bogomips	: 4800.27
clflush size	: 64
cache_alignment	: 64
address sizes	: 36 bits physical, 48 bits virtual
power management:



Memory: 4k page, physical 8199880k(1085588k free), swap 8388604k(8378796k free)

vm_info: Java HotSpot(TM) 64-Bit Server VM (25.25-b02) for linux-amd64 JRE (1.8.0_25-b17), built on Sep 17 2014 17:32:11 by "java_re" with gcc 4.3.0 20080428 (Red Hat 4.3.0-8)

time: Thu May  7 22:36:14 2015
elapsed time: 2 seconds (0d 0h 0m 2s)

