#
# A fatal error has been detected by the Java Runtime Environment:
#
#  SIGSEGV (0xb) at pc=0x00007f0b18f03060, pid=17171, tid=139686988232448
#
# JRE version: Java(TM) SE Runtime Environment (8.0_25-b17) (build 1.8.0_25-b17)
# Java VM: Java HotSpot(TM) 64-Bit Server VM (25.25-b02 mixed mode linux-amd64 compressed oops)
# Problematic frame:
# C  0x00007f0b18f03060
#
# Failed to write core dump. Core dumps have been disabled. To enable core dumping, try "ulimit -c unlimited" before starting Java again
#
# If you would like to submit a bug report, please visit:
#   http://bugreport.sun.com/bugreport/crash.jsp
#

---------------  T H R E A D  ---------------

Current thread (0x0000000001258800):  JavaThread "main" [_thread_in_Java, id=17172, stack(0x00007f0b69403000,0x00007f0b69504000)]

siginfo: si_signo: 11 (SIGSEGV), si_code: 1 (SEGV_MAPERR), si_addr: 0x00007f0b18f03060

Registers:
RAX=0x000000010008e808, RBX=0x00007f0b52ac84d8, RCX=0x00000000d8078c48, RDX=0x0000000084bc9810
RSP=0x00007f0b69502618, RBP=0x00007f0b695026b8, RSI=0x00000000d81001e8, RDI=0x00007f0b52ad5988
R8 =0x0000000000000260, R9 =0x00007f0b5733d000, R10=0x000000010008e808, R11=0x00007f0b5824f6a0
R12=0x0000000000000000, R13=0x00007f0b69502668, R14=0x0000000000000000, R15=0x0000000001258800
RIP=0x00007f0b18f03060, EFLAGS=0x0000000000010246, CSGSFS=0x0000000000000033, ERR=0x0000000000000014
  TRAPNO=0x000000000000000e

Top of Stack: (sp=0x00007f0b69502618)
0x00007f0b69502618:   00007f0b5824f794 00007f0b69502620
0x00007f0b69502628:   00007f0b52946e98 00007f0b69502670
0x00007f0b69502638:   00007f0b52947240 0000000000000000
0x00007f0b69502648:   00007f0b52946ea8 00007f0b695026b8
0x00007f0b69502658:   00007f0b57f05160 00007f0b57f05160
0x00007f0b69502668:   0000000084bc9810 00000000d81001c8
0x00007f0b69502678:   00007f0b69502678 00007f0b526ecf15
0x00007f0b69502688:   00007f0b695026e8 00007f0b526ed5c8
0x00007f0b69502698:   0000000000000000 00007f0b526ecf30
0x00007f0b695026a8:   00007f0b69502668 00007f0b695026e0
0x00007f0b695026b8:   00007f0b69502730 00007f0b57f05160
0x00007f0b695026c8:   0000000084bc9810 00000000d8100218
0x00007f0b695026d8:   0000000000000001 00000000d81001d8
0x00007f0b695026e8:   00000000d81001c8 00007f0b695026f0
0x00007f0b695026f8:   00007f0b52ac8705 00007f0b69502768
0x00007f0b69502708:   00007f0b52ac9610 00007f0b52adaf78
0x00007f0b69502718:   00007f0b52ac8720 00007f0b695026e0
0x00007f0b69502728:   00007f0b69502760 00007f0b695027b0
0x00007f0b69502738:   00007f0b57f05160 0000000000000000
0x00007f0b69502748:   0000000000000000 0000000000000000
0x00007f0b69502758:   0000000000000000 00000000d81001d8
0x00007f0b69502768:   00000000d81001c8 00007f0b69502770
0x00007f0b69502778:   00007f0b52ac7fce 00007f0b695027c8
0x00007f0b69502788:   00007f0b52ac9610 00007f0b52ada7b0
0x00007f0b69502798:   00007f0b52ac7fe0 00007f0b69502760
0x00007f0b695027a8:   00007f0b695027c0 00007f0b69502818
0x00007f0b695027b8:   00007f0b57f0598d 00000000d81001d8
0x00007f0b695027c8:   00000000d81001c8 00000000d81001c8
0x00007f0b695027d8:   00007f0b695027d8 00007f0b52a8d2de
0x00007f0b695027e8:   00007f0b69502890 00007f0b52a8dc80
0x00007f0b695027f8:   00007f0b52a8e868 00007f0b52a8d450
0x00007f0b69502808:   00007f0b695027c0 00007f0b69502880 

Instructions: (pc=0x00007f0b18f03060)
0x00007f0b18f03040:   
[error occurred during error reporting (printing registers, top of stack, instructions near pc), id 0xb]

Register to memory mapping:

RAX=0x000000010008e808 is pointing into metadata
RBX={method} {0x00007f0b52ac84d8} 'add' '(Ljava/lang/Object;)Z' in 'java/util/TreeSet'
RCX=0x00000000d8078c48 is an oop
java.lang.Object 
 - klass: 'java/lang/Object'
RDX=0x0000000084bc9810 is an oop
java.lang.Short 
 - klass: 'java/lang/Short'
RSP=0x00007f0b69502618 is pointing into the stack for thread: 0x0000000001258800
RBP=0x00007f0b695026b8 is pointing into the stack for thread: 0x0000000001258800
RSI=0x00000000d81001e8 is an oop
java.util.TreeMap 
 - klass: 'java/util/TreeMap'
RDI=0x00007f0b52ad5988 is pointing into metadata
R8 =0x0000000000000260 is an unknown value
R9 =0x00007f0b5733d000 is an unknown value
R10=0x000000010008e808 is pointing into metadata
R11=0x00007f0b5824f6a0 is at entry_point+32 in (nmethod*)0x00007f0b5824f510
R12=0x0000000000000000 is an unknown value
R13=0x00007f0b69502668 is pointing into the stack for thread: 0x0000000001258800
R14=0x0000000000000000 is an unknown value
R15=0x0000000001258800 is a thread


Stack: [0x00007f0b69403000,0x00007f0b69504000],  sp=0x00007f0b69502618,  free space=1021k
Native frames: (J=compiled Java code, j=interpreted, Vv=VM code, C=native code)
C  0x00007f0b18f03060
j  java.util.TreeSet.addAll(Ljava/util/Collection;)Z+101
j  java.util.TreeSet.<init>(Ljava/util/Collection;)V+6
j  edu.brown.cs.group.matcher.SongSourceDistance.<init>(Ljava/io/BufferedReader;Ljava/util/List;)V+238
j  edu.brown.cs.group.term_project.Main.main([Ljava/lang/String;)V+70
v  ~StubRoutines::call_stub
V  [libjvm.so+0x664086]  JavaCalls::call_helper(JavaValue*, methodHandle*, JavaCallArguments*, Thread*)+0x1056
V  [libjvm.so+0x6ab096]  jni_invoke_static(JNIEnv_*, JavaValue*, _jobject*, JNICallType, _jmethodID*, JNI_ArgumentPusher*, Thread*)+0x346
V  [libjvm.so+0x6b1c2a]  jni_CallStaticVoidMethod+0x17a
C  [libjli.so+0x7b14]  JavaMain+0x844
C  [libpthread.so.0+0x6b50]  start_thread+0xd0


---------------  P R O C E S S  ---------------

Java Threads: ( => current thread )
  0x00007f0b4c04d000 JavaThread "Service Thread" daemon [_thread_blocked, id=17189, stack(0x00007f0b50b61000,0x00007f0b50c62000)]
  0x00007f0b4c004000 JavaThread "C1 CompilerThread2" daemon [_thread_blocked, id=17188, stack(0x00007f0b50c62000,0x00007f0b50d63000)]
  0x00007f0b4c001800 JavaThread "C2 CompilerThread1" daemon [_thread_blocked, id=17187, stack(0x00007f0b50d63000,0x00007f0b50e64000)]
  0x0000000001300000 JavaThread "C2 CompilerThread0" daemon [_thread_blocked, id=17186, stack(0x00007f0b50e64000,0x00007f0b50f65000)]
  0x00000000012fe000 JavaThread "Signal Dispatcher" daemon [_thread_blocked, id=17185, stack(0x00007f0b50f65000,0x00007f0b51066000)]
  0x00000000012d1000 JavaThread "Finalizer" daemon [_thread_blocked, id=17181, stack(0x00007f0b51066000,0x00007f0b51167000)]
  0x00000000012c9000 JavaThread "Reference Handler" daemon [_thread_blocked, id=17180, stack(0x00007f0b51167000,0x00007f0b51268000)]
=>0x0000000001258800 JavaThread "main" [_thread_in_Java, id=17172, stack(0x00007f0b69403000,0x00007f0b69504000)]

Other Threads:
  0x00000000012c2000 VMThread [stack: 0x00007f0b51268000,0x00007f0b51369000] [id=17179]
  0x0000000001338800 WatcherThread [stack: 0x00007f0b50a60000,0x00007f0b50b61000] [id=17190]

VM state:not at safepoint (normal execution)

VM Mutex/Monitor currently owned by a thread: None

Heap:
 PSYoungGen      total 667136K, used 45754K [0x00000000d6500000, 0x0000000100000000, 0x0000000100000000)
  eden space 651776K, 5% used [0x00000000d6500000,0x00000000d8b2eae8,0x00000000fe180000)
  from space 15360K, 43% used [0x00000000ff000000,0x00000000ff680000,0x00000000fff00000)
  to   space 14848K, 0% used [0x00000000fe180000,0x00000000fe180000,0x00000000ff000000)
 ParOldGen       total 86016K, used 45066K [0x0000000082e00000, 0x0000000088200000, 0x00000000d6500000)
  object space 86016K, 52% used [0x0000000082e00000,0x0000000085a02880,0x0000000088200000)
 Metaspace       used 5233K, capacity 5360K, committed 5504K, reserved 1056768K
  class space    used 554K, capacity 592K, committed 640K, reserved 1048576K

Card table byte_map: [0x00007f0b57754000,0x00007f0b57b3e000] byte_map_base: 0x00007f0b5733d000

Marking Bits: (ParMarkBitMap*) 0x00007f0b689382c0
 Begin Bits: [0x00007f0b53224000, 0x00007f0b5516c000)
 End Bits:   [0x00007f0b5516c000, 0x00007f0b570b4000)

Polling page: 0x00007f0b6953f000

CodeCache: size=245760Kb used=3477Kb max_used=3491Kb free=242282Kb
 bounds [0x00007f0b57efe000, 0x00007f0b5826e000, 0x00007f0b66efe000]
 total_blobs=1036 nmethods=755 adapters=197
 compilation: enabled

Compilation events (10 events):
Event: 6.210 Thread 0x00007f0b4c004000  762       1       java.util.HashMap::afterNodeAccess (1 bytes)
Event: 6.210 Thread 0x00007f0b4c004000 nmethod 762 0x00007f0b58259bd0 code [0x00007f0b58259d20, 0x00007f0b58259e30]
Event: 6.210 Thread 0x00007f0b4c004000  757       3       java.util.Arrays$ArrayList::size (6 bytes)
Event: 6.211 Thread 0x00007f0b4c004000 nmethod 757 0x00007f0b58262990 code [0x00007f0b58262b00, 0x00007f0b58262c50]
Event: 6.211 Thread 0x00007f0b4c004000  756       3       java.util.Arrays$ArrayList::get (7 bytes)
Event: 6.211 Thread 0x00007f0b4c004000 nmethod 756 0x00007f0b58259810 code [0x00007f0b58259980, 0x00007f0b58259af0]
Event: 6.211 Thread 0x00007f0b4c004000  758       3       java.util.AbstractList$Itr::hasNext (20 bytes)
Event: 6.211 Thread 0x00007f0b4c004000 nmethod 758 0x00007f0b58259350 code [0x00007f0b582594c0, 0x00007f0b58259748]
Event: 6.211 Thread 0x00007f0b4c004000  759   !   3       java.util.AbstractList$Itr::next (45 bytes)
Event: 6.211 Thread 0x0000000001300000 nmethod 743 0x00007f0b58266110 code [0x00007f0b582662c0, 0x00007f0b58266a48]

GC Heap History (10 events):
Event: 2.766 GC heap before
{Heap before GC invocations=8 (full 0):
 PSYoungGen      total 279040K, used 266912K [0x00000000d6500000, 0x00000000f8500000, 0x0000000100000000)
  eden space 262144K, 100% used [0x00000000d6500000,0x00000000e6500000,0x00000000e6500000)
  from space 16896K, 28% used [0x00000000e6500000,0x00000000e69a8010,0x00000000e7580000)
  to   space 16384K, 0% used [0x00000000f7500000,0x00000000f7500000,0x00000000f8500000)
 ParOldGen       total 86016K, used 20074K [0x0000000082e00000, 0x0000000088200000, 0x00000000d6500000)
  object space 86016K, 23% used [0x0000000082e00000,0x000000008419a820,0x0000000088200000)
 Metaspace       used 5101K, capacity 5232K, committed 5504K, reserved 1056768K
  class space    used 542K, capacity 592K, committed 640K, reserved 1048576K
Event: 2.797 GC heap after
Heap after GC invocations=8 (full 0):
 PSYoungGen      total 538624K, used 7456K [0x00000000d6500000, 0x00000000f8300000, 0x0000000100000000)
  eden space 524288K, 0% used [0x00000000d6500000,0x00000000d6500000,0x00000000f6500000)
  from space 14336K, 52% used [0x00000000f7500000,0x00000000f7c48010,0x00000000f8300000)
  to   space 15360K, 0% used [0x00000000f6500000,0x00000000f6500000,0x00000000f7400000)
 ParOldGen       total 86016K, used 20106K [0x0000000082e00000, 0x0000000088200000, 0x00000000d6500000)
  object space 86016K, 23% used [0x0000000082e00000,0x00000000841a2820,0x0000000088200000)
 Metaspace       used 5101K, capacity 5232K, committed 5504K, reserved 1056768K
  class space    used 542K, capacity 592K, committed 640K, reserved 1048576K
}
Event: 3.634 GC heap before
{Heap before GC invocations=9 (full 0):
 PSYoungGen      total 538624K, used 531744K [0x00000000d6500000, 0x00000000f8300000, 0x0000000100000000)
  eden space 524288K, 100% used [0x00000000d6500000,0x00000000f6500000,0x00000000f6500000)
  from space 14336K, 52% used [0x00000000f7500000,0x00000000f7c48010,0x00000000f8300000)
  to   space 15360K, 0% used [0x00000000f6500000,0x00000000f6500000,0x00000000f7400000)
 ParOldGen       total 86016K, used 20106K [0x0000000082e00000, 0x0000000088200000, 0x00000000d6500000)
  object space 86016K, 23% used [0x0000000082e00000,0x00000000841a2820,0x0000000088200000)
 Metaspace       used 5110K, capacity 5232K, committed 5504K, reserved 1056768K
  class space    used 542K, capacity 592K, committed 640K, reserved 1048576K
Event: 3.668 GC heap after
Heap after GC invocations=9 (full 0):
 PSYoungGen      total 539648K, used 10816K [0x00000000d6500000, 0x0000000100000000, 0x0000000100000000)
  eden space 524288K, 0% used [0x00000000d6500000,0x00000000d6500000,0x00000000f6500000)
  from space 15360K, 70% used [0x00000000f6500000,0x00000000f6f90010,0x00000000f7400000)
  to   space 15872K, 0% used [0x00000000ff080000,0x00000000ff080000,0x0000000100000000)
 ParOldGen       total 86016K, used 22218K [0x0000000082e00000, 0x0000000088200000, 0x00000000d6500000)
  object space 86016K, 25% used [0x0000000082e00000,0x00000000843b2820,0x0000000088200000)
 Metaspace       used 5110K, capacity 5232K, committed 5504K, reserved 1056768K
  class space    used 542K, capacity 592K, committed 640K, reserved 1048576K
}
Event: 4.312 GC heap before
{Heap before GC invocations=10 (full 0):
 PSYoungGen      total 539648K, used 535104K [0x00000000d6500000, 0x0000000100000000, 0x0000000100000000)
  eden space 524288K, 100% used [0x00000000d6500000,0x00000000f6500000,0x00000000f6500000)
  from space 15360K, 70% used [0x00000000f6500000,0x00000000f6f90010,0x00000000f7400000)
  to   space 15872K, 0% used [0x00000000ff080000,0x00000000ff080000,0x0000000100000000)
 ParOldGen       total 86016K, used 22218K [0x0000000082e00000, 0x0000000088200000, 0x00000000d6500000)
  object space 86016K, 25% used [0x0000000082e00000,0x00000000843b2820,0x0000000088200000)
 Metaspace       used 5110K, capacity 5232K, committed 5504K, reserved 1056768K
  class space    used 542K, capacity 592K, committed 640K, reserved 1048576K
Event: 4.358 GC heap after
Heap after GC invocations=10 (full 0):
 PSYoungGen      total 667136K, used 10784K [0x00000000d6500000, 0x0000000100000000, 0x0000000100000000)
  eden space 651264K, 0% used [0x00000000d6500000,0x00000000d6500000,0x00000000fe100000)
  from space 15872K, 67% used [0x00000000ff080000,0x00000000ffb08010,0x0000000100000000)
  to   space 15872K, 0% used [0x00000000fe100000,0x00000000fe100000,0x00000000ff080000)
 ParOldGen       total 86016K, used 27426K [0x0000000082e00000, 0x0000000088200000, 0x00000000d6500000)
  object space 86016K, 31% used [0x0000000082e00000,0x00000000848c8830,0x0000000088200000)
 Metaspace       used 5110K, capacity 5232K, committed 5504K, reserved 1056768K
  class space    used 542K, capacity 592K, committed 640K, reserved 1048576K
}
Event: 5.245 GC heap before
{Heap before GC invocations=11 (full 0):
 PSYoungGen      total 667136K, used 662048K [0x00000000d6500000, 0x0000000100000000, 0x0000000100000000)
  eden space 651264K, 100% used [0x00000000d6500000,0x00000000fe100000,0x00000000fe100000)
  from space 15872K, 67% used [0x00000000ff080000,0x00000000ffb08010,0x0000000100000000)
  to   space 15872K, 0% used [0x00000000fe100000,0x00000000fe100000,0x00000000ff080000)
 ParOldGen       total 86016K, used 27426K [0x0000000082e00000, 0x0000000088200000, 0x00000000d6500000)
  object space 86016K, 31% used [0x0000000082e00000,0x00000000848c8830,0x0000000088200000)
 Metaspace       used 5115K, capacity 5232K, committed 5504K, reserved 1056768K
  class space    used 542K, capacity 592K, committed 640K, reserved 1048576K
Event: 5.303 GC heap after
Heap after GC invocations=11 (full 0):
 PSYoungGen      total 658944K, used 7200K [0x00000000d6500000, 0x00000000fff00000, 0x0000000100000000)
  eden space 651264K, 0% used [0x00000000d6500000,0x00000000d6500000,0x00000000fe100000)
  from space 7680K, 93% used [0x00000000fe100000,0x00000000fe808010,0x00000000fe880000)
  to   space 15360K, 0% used [0x00000000ff000000,0x00000000ff000000,0x00000000fff00000)
 ParOldGen       total 86016K, used 37934K [0x0000000082e00000, 0x0000000088200000, 0x00000000d6500000)
  object space 86016K, 44% used [0x0000000082e00000,0x000000008530b840,0x0000000088200000)
 Metaspace       used 5115K, capacity 5232K, committed 5504K, reserved 1056768K
  class space    used 542K, capacity 592K, committed 640K, reserved 1048576K
}
Event: 6.089 GC heap before
{Heap before GC invocations=12 (full 0):
 PSYoungGen      total 658944K, used 658464K [0x00000000d6500000, 0x00000000fff00000, 0x0000000100000000)
  eden space 651264K, 100% used [0x00000000d6500000,0x00000000fe100000,0x00000000fe100000)
  from space 7680K, 93% used [0x00000000fe100000,0x00000000fe808010,0x00000000fe880000)
  to   space 15360K, 0% used [0x00000000ff000000,0x00000000ff000000,0x00000000fff00000)
 ParOldGen       total 86016K, used 37934K [0x0000000082e00000, 0x0000000088200000, 0x00000000d6500000)
  object space 86016K, 44% used [0x0000000082e00000,0x000000008530b840,0x0000000088200000)
 Metaspace       used 5115K, capacity 5232K, committed 5504K, reserved 1056768K
  class space    used 542K, capacity 592K, committed 640K, reserved 1048576K
Event: 6.132 GC heap after
Heap after GC invocations=12 (full 0):
 PSYoungGen      total 667136K, used 6656K [0x00000000d6500000, 0x0000000100000000, 0x0000000100000000)
  eden space 651776K, 0% used [0x00000000d6500000,0x00000000d6500000,0x00000000fe180000)
  from space 15360K, 43% used [0x00000000ff000000,0x00000000ff680000,0x00000000fff00000)
  to   space 14848K, 0% used [0x00000000fe180000,0x00000000fe180000,0x00000000ff000000)
 ParOldGen       total 86016K, used 45066K [0x0000000082e00000, 0x0000000088200000, 0x00000000d6500000)
  object space 86016K, 52% used [0x0000000082e00000,0x0000000085a02880,0x0000000088200000)
 Metaspace       used 5115K, capacity 5232K, committed 5504K, reserved 1056768K
  class space    used 542K, capacity 592K, committed 640K, reserved 1048576K
}

Deoptimization events (10 events):
Event: 1.165 Thread 0x0000000001258800 Uncommon trap: reason=class_check action=maybe_recompile pc=0x00007f0b58178358 method=java.util.regex.Pattern$Curly.match0(Ljava/util/regex/Matcher;IILjava/lang/CharSequence;)Z @ 170
Event: 3.280 Thread 0x0000000001258800 Uncommon trap: reason=class_check action=maybe_recompile pc=0x00007f0b5818d23c method=java.util.HashMap.putVal(ILjava/lang/Object;Ljava/lang/Object;ZZ)Ljava/lang/Object; @ 91
Event: 4.952 Thread 0x0000000001258800 Uncommon trap: reason=class_check action=maybe_recompile pc=0x00007f0b5818d23c method=java.util.HashMap.putVal(ILjava/lang/Object;Ljava/lang/Object;ZZ)Ljava/lang/Object; @ 91
Event: 5.058 Thread 0x0000000001258800 Uncommon trap: reason=class_check action=maybe_recompile pc=0x00007f0b5818d23c method=java.util.HashMap.putVal(ILjava/lang/Object;Ljava/lang/Object;ZZ)Ljava/lang/Object; @ 91
Event: 6.168 Thread 0x0000000001258800 Uncommon trap: reason=unreached action=reinterpret pc=0x00007f0b5823820c method=java.util.Scanner.hasNextLine()Z @ 14
Event: 6.168 Thread 0x0000000001258800 Uncommon trap: reason=unloaded action=reinterpret pc=0x00007f0b582433ec method=edu.brown.cs.group.matcher.SongSourceDistance.<init>(Ljava/io/BufferedReader;Ljava/util/List;)V @ 357
Event: 6.169 Thread 0x0000000001258800 Uncommon trap: reason=bimorphic action=maybe_recompile pc=0x00007f0b5824a348 method=java.util.HashMap.putVal(ILjava/lang/Object;Ljava/lang/Object;ZZ)Ljava/lang/Object; @ 91
Event: 6.169 Thread 0x0000000001258800 Uncommon trap: reason=bimorphic action=maybe_recompile pc=0x00007f0b5824a348 method=java.util.HashMap.putVal(ILjava/lang/Object;Ljava/lang/Object;ZZ)Ljava/lang/Object; @ 91
Event: 6.169 Thread 0x0000000001258800 Uncommon trap: reason=bimorphic action=maybe_recompile pc=0x00007f0b5824a348 method=java.util.HashMap.putVal(ILjava/lang/Object;Ljava/lang/Object;ZZ)Ljava/lang/Object; @ 91
Event: 6.169 Thread 0x0000000001258800 Uncommon trap: reason=bimorphic action=maybe_recompile pc=0x00007f0b5824a348 method=java.util.HashMap.putVal(ILjava/lang/Object;Ljava/lang/Object;ZZ)Ljava/lang/Object; @ 91

Internal exceptions (10 events):
Event: 0.397 Thread 0x0000000001258800 Exception <a 'java/security/PrivilegedActionException'> (0x00000000d68e0440) thrown at [/HUDSON/workspace/8-2-build-linux-amd64/jdk8u25/1514/hotspot/src/share/vm/prims/jvm.cpp, line 1312]
Event: 0.398 Thread 0x0000000001258800 Exception <a 'java/security/PrivilegedActionException'> (0x00000000d68e5458) thrown at [/HUDSON/workspace/8-2-build-linux-amd64/jdk8u25/1514/hotspot/src/share/vm/prims/jvm.cpp, line 1312]
Event: 0.398 Thread 0x0000000001258800 Exception <a 'java/security/PrivilegedActionException'> (0x00000000d68e9ee8) thrown at [/HUDSON/workspace/8-2-build-linux-amd64/jdk8u25/1514/hotspot/src/share/vm/prims/jvm.cpp, line 1312]
Event: 0.400 Thread 0x0000000001258800 Exception <a 'java/security/PrivilegedActionException'> (0x00000000d68fc250) thrown at [/HUDSON/workspace/8-2-build-linux-amd64/jdk8u25/1514/hotspot/src/share/vm/prims/jvm.cpp, line 1312]
Event: 0.414 Thread 0x0000000001258800 Exception <a 'java/security/PrivilegedActionException'> (0x00000000d6916900) thrown at [/HUDSON/workspace/8-2-build-linux-amd64/jdk8u25/1514/hotspot/src/share/vm/prims/jvm.cpp, line 1312]
Event: 0.415 Thread 0x0000000001258800 Exception <a 'java/security/PrivilegedActionException'> (0x00000000d691c0b0) thrown at [/HUDSON/workspace/8-2-build-linux-amd64/jdk8u25/1514/hotspot/src/share/vm/prims/jvm.cpp, line 1312]
Event: 0.416 Thread 0x0000000001258800 Exception <a 'java/security/PrivilegedActionException'> (0x00000000d6927d28) thrown at [/HUDSON/workspace/8-2-build-linux-amd64/jdk8u25/1514/hotspot/src/share/vm/prims/jvm.cpp, line 1312]
Event: 0.419 Thread 0x0000000001258800 Exception <a 'java/security/PrivilegedActionException'> (0x00000000d69332d0) thrown at [/HUDSON/workspace/8-2-build-linux-amd64/jdk8u25/1514/hotspot/src/share/vm/prims/jvm.cpp, line 1312]
Event: 0.532 Thread 0x0000000001258800 Exception <a 'java/security/PrivilegedActionException'> (0x00000000d80ee6b0) thrown at [/HUDSON/workspace/8-2-build-linux-amd64/jdk8u25/1514/hotspot/src/share/vm/prims/jvm.cpp, line 1312]
Event: 0.533 Thread 0x0000000001258800 Exception <a 'java/security/PrivilegedActionException'> (0x00000000d80f31c8) thrown at [/HUDSON/workspace/8-2-build-linux-amd64/jdk8u25/1514/hotspot/src/share/vm/prims/jvm.cpp, line 1312]

Events (10 events):
Event: 6.177 loading class java/util/NavigableMap done
Event: 6.177 loading class java/util/TreeMap done
Event: 6.178 loading class java/util/TreeMap$Entry
Event: 6.178 loading class java/util/TreeMap$Entry done
Event: 6.187 loading class java/util/TreeMap$KeySet
Event: 6.188 loading class java/util/TreeMap$KeySet done
Event: 6.188 loading class java/util/TreeMap$KeyIterator
Event: 6.188 loading class java/util/TreeMap$PrivateEntryIterator
Event: 6.188 loading class java/util/TreeMap$PrivateEntryIterator done
Event: 6.188 loading class java/util/TreeMap$KeyIterator done


Dynamic libraries:
00400000-00401000 r-xp 00000000 00:14 138267735                          /gpfs/main/course/cs032/bin/jdk1.8.0_25/bin/java
00600000-00601000 rw-p 00000000 00:14 138267735                          /gpfs/main/course/cs032/bin/jdk1.8.0_25/bin/java
0124d000-01db4000 rw-p 00000000 00:00 0                                  [heap]
82e00000-88200000 rw-p 00000000 00:00 0 
88200000-d6500000 ---p 00000000 00:00 0 
d6500000-100000000 rw-p 00000000 00:00 0 
100000000-1000a0000 rw-p 00000000 00:00 0 
1000a0000-140000000 ---p 00000000 00:00 0 
7f0b44000000-7f0b44318000 rw-p 00000000 00:00 0 
7f0b44318000-7f0b48000000 ---p 00000000 00:00 0 
7f0b4c000000-7f0b4cbec000 rw-p 00000000 00:00 0 
7f0b4cbec000-7f0b50000000 ---p 00000000 00:00 0 
7f0b506c4000-7f0b506d4000 rw-p 00000000 00:00 0 
7f0b506d4000-7f0b50788000 r-xp 00000000 fe:04 42                         /tmp/sqlite-3.8.7-bf672950-2208-4f40-81d7-e11ac6577fc7-libsqlitejdbc.so
7f0b50788000-7f0b50988000 ---p 000b4000 fe:04 42                         /tmp/sqlite-3.8.7-bf672950-2208-4f40-81d7-e11ac6577fc7-libsqlitejdbc.so
7f0b50988000-7f0b5098d000 rw-p 000b4000 fe:04 42                         /tmp/sqlite-3.8.7-bf672950-2208-4f40-81d7-e11ac6577fc7-libsqlitejdbc.so
7f0b5098d000-7f0b50991000 r--s 00093000 00:14 136611567                  /gpfs/main/course/cs032/bin/jdk1.8.0_25/jre/lib/jsse.jar
7f0b50991000-7f0b509ad000 r--s 00393000 00:14 136611667                  /gpfs/main/course/cs032/bin/jdk1.8.0_25/jre/lib/ext/cldrdata.jar
7f0b509ad000-7f0b509b7000 r--s 00116000 00:14 136611642                  /gpfs/main/course/cs032/bin/jdk1.8.0_25/jre/lib/ext/localedata.jar
7f0b509b7000-7f0b509b9000 r--s 020ff000 00:18 17123846                   /gpfs/nbu/people/gpane/.m2/repository/edu/cmu/sphinx/sphinx4-data/1.0-SNAPSHOT/sphinx4-data-1.0-SNAPSHOT.jar
7f0b509b9000-7f0b509d7000 r--s 00180000 00:18 17123853                   /gpfs/nbu/people/gpane/.m2/repository/org/apache/commons/commons-math3/3.2/commons-math3-3.2.jar
7f0b509d7000-7f0b509e9000 r--s 00121000 00:18 17123855                   /gpfs/nbu/people/gpane/.m2/repository/edu/cmu/sphinx/sphinx4-core/1.0-SNAPSHOT/sphinx4-core-1.0-SNAPSHOT.jar
7f0b509e9000-7f0b509ef000 r--s 00044000 00:18 17124041                   /gpfs/nbu/people/gpane/.m2/repository/org/jsoup/jsoup/1.8.1/jsoup-1.8.1.jar
7f0b509ef000-7f0b509f0000 r--s 00002000 00:18 518532                     /gpfs/nbu/people/gpane/.m2/repository/com/google/oauth-client/google-oauth-client-java6/1.15.0-rc/google-oauth-client-java6-1.15.0-rc.jar
7f0b509f0000-7f0b509f4000 r--s 0002f000 00:18 518533                     /gpfs/nbu/people/gpane/.m2/repository/com/fasterxml/jackson/core/jackson-core/2.1.3/jackson-core-2.1.3.jar
7f0b509f4000-7f0b509f7000 r--s 0001b000 00:18 518525                     /gpfs/nbu/people/gpane/.m2/repository/xpp3/xpp3/1.1.4c/xpp3-1.1.4c.jar
7f0b509f7000-7f0b509f9000 r--s 0000a000 00:18 41221350                   /gpfs/nbu/people/gpane/.m2/repository/commons-codec/commons-codec/1.3/commons-codec-1.3.jar
7f0b509f9000-7f0b509fb000 r--s 0000d000 00:18 41221215                   /gpfs/nbu/people/gpane/.m2/repository/commons-logging/commons-logging/1.1.1/commons-logging-1.1.1.jar
7f0b509fb000-7f0b50a00000 r--s 00026000 00:18 41221351                   /gpfs/nbu/people/gpane/.m2/repository/org/apache/httpcomponents/httpcore/4.0.1/httpcore-4.0.1.jar
7f0b50a00000-7f0b50a08000 r--s 00040000 00:18 17123958                   /gpfs/nbu/people/gpane/.m2/repository/org/apache/httpcomponents/httpclient/4.0.1/httpclient-4.0.1.jar
7f0b50a08000-7f0b50a0f000 r--s 0003e000 00:18 518520                     /gpfs/nbu/people/gpane/.m2/repository/com/google/http-client/google-http-client/1.15.0-rc/google-http-client-1.15.0-rc.jar
7f0b50a0f000-7f0b50a10000 r--s 00001000 00:18 518519                     /gpfs/nbu/people/gpane/.m2/repository/com/google/http-client/google-http-client-jackson2/1.15.0-rc/google-http-client-jackson2-1.15.0-rc.jar
7f0b50a10000-7f0b50a16000 r--s 00031000 00:18 17124026                   /gpfs/nbu/people/gpane/.m2/repository/com/google/apis/google-api-services-youtube/v3-rev130-1.20.0/google-api-services-youtube-v3-rev130-1.20.0.jar
7f0b50a16000-7f0b50a19000 r--s 00006000 00:18 17123960                   /gpfs/nbu/people/gpane/.m2/repository/com/google/code/findbugs/jsr305/1.3.9/jsr305-1.3.9.jar
7f0b50a19000-7f0b50a1b000 r--s 0000d000 00:18 17123956                   /gpfs/nbu/people/gpane/.m2/repository/com/google/oauth-client/google-oauth-client/1.18.0-rc/google-oauth-client-1.18.0-rc.jar
7f0b50a1b000-7f0b50a1f000 r--s 00025000 00:18 17123959                   /gpfs/nbu/people/gpane/.m2/repository/com/google/api-client/google-api-client/1.18.0-rc/google-api-client-1.18.0-rc.jar
7f0b50a1f000-7f0b50a22000 r--s 003c4000 00:18 24839702                   /gpfs/nbu/people/gpane/.m2/repository/org/xerial/sqlite-jdbc/3.8.7/sqlite-jdbc-3.8.7.jar
7f0b50a22000-7f0b50a33000 r--s 000d3000 00:18 24839730                   /gpfs/nbu/people/gpane/.m2/repository/org/freemarker/freemarker/2.3.19/freemarker-2.3.19.jar
7f0b50a33000-7f0b50a5e000 r--s 001fc000 00:18 24839712                   /gpfs/nbu/people/gpane/.m2/repository/com/google/guava/guava/18.0/guava-18.0.jar
7f0b50a5e000-7f0b50a60000 r--s 0001f000 00:15 255829686                  /gpfs/main/home/gpane/course/cs032/term-project/target/term-project-1.0.jar
7f0b50a60000-7f0b50a61000 ---p 00000000 00:00 0 
7f0b50a61000-7f0b50b61000 rw-p 00000000 00:00 0 
7f0b50b61000-7f0b50b64000 ---p 00000000 00:00 0 
7f0b50b64000-7f0b50c62000 rw-p 00000000 00:00 0 
7f0b50c62000-7f0b50c65000 ---p 00000000 00:00 0 
7f0b50c65000-7f0b50d63000 rw-p 00000000 00:00 0 
7f0b50d63000-7f0b50d66000 ---p 00000000 00:00 0 
7f0b50d66000-7f0b50e64000 rw-p 00000000 00:00 0 
7f0b50e64000-7f0b50e67000 ---p 00000000 00:00 0 
7f0b50e67000-7f0b50f65000 rw-p 00000000 00:00 0 
7f0b50f65000-7f0b50f68000 ---p 00000000 00:00 0 
7f0b50f68000-7f0b51066000 rw-p 00000000 00:00 0 
7f0b51066000-7f0b51069000 ---p 00000000 00:00 0 
7f0b51069000-7f0b51167000 rw-p 00000000 00:00 0 
7f0b51167000-7f0b5116a000 ---p 00000000 00:00 0 
7f0b5116a000-7f0b51268000 rw-p 00000000 00:00 0 
7f0b51268000-7f0b51269000 ---p 00000000 00:00 0 
7f0b51269000-7f0b5236c000 rw-p 00000000 00:00 0 
7f0b5236c000-7f0b52542000 r--s 03caa000 00:14 136611550                  /gpfs/main/course/cs032/bin/jdk1.8.0_25/jre/lib/rt.jar
7f0b52542000-7f0b52afb000 rw-p 00000000 00:00 0 
7f0b52afb000-7f0b52e3b000 ---p 00000000 00:00 0 
7f0b52e3b000-7f0b570b4000 rw-p 00000000 00:00 0 
7f0b570b4000-7f0b570b5000 ---p 00000000 00:00 0 
7f0b570b5000-7f0b571b5000 rw-p 00000000 00:00 0 
7f0b571b5000-7f0b571b6000 ---p 00000000 00:00 0 
7f0b571b6000-7f0b572b6000 rw-p 00000000 00:00 0 
7f0b572b6000-7f0b572b7000 ---p 00000000 00:00 0 
7f0b572b7000-7f0b573b7000 rw-p 00000000 00:00 0 
7f0b573b7000-7f0b573b8000 ---p 00000000 00:00 0 
7f0b573b8000-7f0b574e2000 rw-p 00000000 00:00 0 
7f0b574e2000-7f0b57754000 ---p 00000000 00:00 0 
7f0b57754000-7f0b5777e000 rw-p 00000000 00:00 0 
7f0b5777e000-7f0b579ef000 ---p 00000000 00:00 0 
7f0b579ef000-7f0b57b3d000 rw-p 00000000 00:00 0 
7f0b57b3d000-7f0b57b4c000 rw-p 00000000 00:00 0 
7f0b57b4c000-7f0b57efe000 ---p 00000000 00:00 0 
7f0b57efe000-7f0b5826e000 rwxp 00000000 00:00 0 
7f0b5826e000-7f0b66efe000 ---p 00000000 00:00 0 
7f0b66efe000-7f0b66f18000 r-xp 00000000 00:14 136610880                  /gpfs/main/course/cs032/bin/jdk1.8.0_25/jre/lib/amd64/libzip.so
7f0b66f18000-7f0b67118000 ---p 0001a000 00:14 136610880                  /gpfs/main/course/cs032/bin/jdk1.8.0_25/jre/lib/amd64/libzip.so
7f0b67118000-7f0b67119000 rw-p 0001a000 00:14 136610880                  /gpfs/main/course/cs032/bin/jdk1.8.0_25/jre/lib/amd64/libzip.so
7f0b67119000-7f0b67143000 r-xp 00000000 00:14 136610822                  /gpfs/main/course/cs032/bin/jdk1.8.0_25/jre/lib/amd64/libjava.so
7f0b67143000-7f0b67343000 ---p 0002a000 00:14 136610822                  /gpfs/main/course/cs032/bin/jdk1.8.0_25/jre/lib/amd64/libjava.so
7f0b67343000-7f0b67345000 rw-p 0002a000 00:14 136610822                  /gpfs/main/course/cs032/bin/jdk1.8.0_25/jre/lib/amd64/libjava.so
7f0b67345000-7f0b67352000 r-xp 00000000 00:14 136610855                  /gpfs/main/course/cs032/bin/jdk1.8.0_25/jre/lib/amd64/libverify.so
7f0b67352000-7f0b67552000 ---p 0000d000 00:14 136610855                  /gpfs/main/course/cs032/bin/jdk1.8.0_25/jre/lib/amd64/libverify.so
7f0b67552000-7f0b67554000 rw-p 0000d000 00:14 136610855                  /gpfs/main/course/cs032/bin/jdk1.8.0_25/jre/lib/amd64/libverify.so
7f0b67554000-7f0b6755b000 r-xp 00000000 fe:00 2217                       /lib/x86_64-linux-gnu/librt-2.13.so
7f0b6755b000-7f0b6775a000 ---p 00007000 fe:00 2217                       /lib/x86_64-linux-gnu/librt-2.13.so
7f0b6775a000-7f0b6775b000 r--p 00006000 fe:00 2217                       /lib/x86_64-linux-gnu/librt-2.13.so
7f0b6775b000-7f0b6775c000 rw-p 00007000 fe:00 2217                       /lib/x86_64-linux-gnu/librt-2.13.so
7f0b6775c000-7f0b677dd000 r-xp 00000000 fe:00 2190                       /lib/x86_64-linux-gnu/libm-2.13.so
7f0b677dd000-7f0b679dc000 ---p 00081000 fe:00 2190                       /lib/x86_64-linux-gnu/libm-2.13.so
7f0b679dc000-7f0b679dd000 r--p 00080000 fe:00 2190                       /lib/x86_64-linux-gnu/libm-2.13.so
7f0b679dd000-7f0b679de000 rw-p 00081000 fe:00 2190                       /lib/x86_64-linux-gnu/libm-2.13.so
7f0b679de000-7f0b6864b000 r-xp 00000000 00:14 136611394                  /gpfs/main/course/cs032/bin/jdk1.8.0_25/jre/lib/amd64/server/libjvm.so
7f0b6864b000-7f0b6884a000 ---p 00c6d000 00:14 136611394                  /gpfs/main/course/cs032/bin/jdk1.8.0_25/jre/lib/amd64/server/libjvm.so
7f0b6884a000-7f0b68920000 rw-p 00c6c000 00:14 136611394                  /gpfs/main/course/cs032/bin/jdk1.8.0_25/jre/lib/amd64/server/libjvm.so
7f0b68920000-7f0b68963000 rw-p 00000000 00:00 0 
7f0b68963000-7f0b68ae4000 r-xp 00000000 fe:00 2197                       /lib/x86_64-linux-gnu/libc-2.13.so
7f0b68ae4000-7f0b68ce4000 ---p 00181000 fe:00 2197                       /lib/x86_64-linux-gnu/libc-2.13.so
7f0b68ce4000-7f0b68ce8000 r--p 00181000 fe:00 2197                       /lib/x86_64-linux-gnu/libc-2.13.so
7f0b68ce8000-7f0b68ce9000 rw-p 00185000 fe:00 2197                       /lib/x86_64-linux-gnu/libc-2.13.so
7f0b68ce9000-7f0b68cee000 rw-p 00000000 00:00 0 
7f0b68cee000-7f0b68cf0000 r-xp 00000000 fe:00 2205                       /lib/x86_64-linux-gnu/libdl-2.13.so
7f0b68cf0000-7f0b68ef0000 ---p 00002000 fe:00 2205                       /lib/x86_64-linux-gnu/libdl-2.13.so
7f0b68ef0000-7f0b68ef1000 r--p 00002000 fe:00 2205                       /lib/x86_64-linux-gnu/libdl-2.13.so
7f0b68ef1000-7f0b68ef2000 rw-p 00003000 fe:00 2205                       /lib/x86_64-linux-gnu/libdl-2.13.so
7f0b68ef2000-7f0b68f07000 r-xp 00000000 00:14 174988983                  /gpfs/main/course/cs032/bin/jdk1.8.0_25/lib/amd64/jli/libjli.so
7f0b68f07000-7f0b69106000 ---p 00015000 00:14 174988983                  /gpfs/main/course/cs032/bin/jdk1.8.0_25/lib/amd64/jli/libjli.so
7f0b69106000-7f0b69107000 rw-p 00014000 00:14 174988983                  /gpfs/main/course/cs032/bin/jdk1.8.0_25/lib/amd64/jli/libjli.so
7f0b69107000-7f0b6911e000 r-xp 00000000 fe:00 2218                       /lib/x86_64-linux-gnu/libpthread-2.13.so
7f0b6911e000-7f0b6931d000 ---p 00017000 fe:00 2218                       /lib/x86_64-linux-gnu/libpthread-2.13.so
7f0b6931d000-7f0b6931e000 r--p 00016000 fe:00 2218                       /lib/x86_64-linux-gnu/libpthread-2.13.so
7f0b6931e000-7f0b6931f000 rw-p 00017000 fe:00 2218                       /lib/x86_64-linux-gnu/libpthread-2.13.so
7f0b6931f000-7f0b69323000 rw-p 00000000 00:00 0 
7f0b69323000-7f0b69343000 r-xp 00000000 fe:00 2214                       /lib/x86_64-linux-gnu/ld-2.13.so
7f0b69345000-7f0b69346000 r--s 00000000 00:18 24839727                   /gpfs/nbu/people/gpane/.m2/repository/com/sparkjava/spark-template-freemarker/2.0.0/spark-template-freemarker-2.0.0.jar
7f0b69346000-7f0b69349000 r--s 00014000 00:18 24839726                   /gpfs/nbu/people/gpane/.m2/repository/org/eclipse/jetty/jetty-security/9.0.2.v20130417/jetty-security-9.0.2.v20130417.jar
7f0b69349000-7f0b6934b000 r--s 00018000 00:18 24839725                   /gpfs/nbu/people/gpane/.m2/repository/org/eclipse/jetty/jetty-servlet/9.0.2.v20130417/jetty-servlet-9.0.2.v20130417.jar
7f0b6934b000-7f0b6934d000 r--s 00009000 00:18 24839721                   /gpfs/nbu/people/gpane/.m2/repository/org/eclipse/jetty/jetty-xml/9.0.2.v20130417/jetty-xml-9.0.2.v20130417.jar
7f0b6934d000-7f0b69350000 r--s 00019000 00:18 24839719                   /gpfs/nbu/people/gpane/.m2/repository/org/eclipse/jetty/jetty-webapp/9.0.2.v20130417/jetty-webapp-9.0.2.v20130417.jar
7f0b69350000-7f0b69353000 r--s 00012000 00:18 24839717                   /gpfs/nbu/people/gpane/.m2/repository/org/eclipse/jetty/jetty-io/9.0.2.v20130417/jetty-io-9.0.2.v20130417.jar
7f0b69353000-7f0b69358000 r--s 0004c000 00:18 24839596                   /gpfs/nbu/people/gpane/.m2/repository/org/eclipse/jetty/jetty-util/9.0.2.v20130417/jetty-util-9.0.2.v20130417.jar
7f0b69358000-7f0b6935b000 r--s 00017000 00:18 24839575                   /gpfs/nbu/people/gpane/.m2/repository/org/eclipse/jetty/jetty-http/9.0.2.v20130417/jetty-http-9.0.2.v20130417.jar
7f0b6935b000-7f0b6935e000 r--s 0002e000 00:18 24839562                   /gpfs/nbu/people/gpane/.m2/repository/org/eclipse/jetty/orbit/javax.servlet/3.0.0.v201112011016/javax.servlet-3.0.0.v201112011016.jar
7f0b6935e000-7f0b69363000 r--s 0004d000 00:18 24839556                   /gpfs/nbu/people/gpane/.m2/repository/org/eclipse/jetty/jetty-server/9.0.2.v20130417/jetty-server-9.0.2.v20130417.jar
7f0b69363000-7f0b69366000 r--s 0000d000 00:18 24839714                   /gpfs/nbu/people/gpane/.m2/repository/com/sparkjava/spark-core/2.0.0/spark-core-2.0.0.jar
7f0b69366000-7f0b69367000 r--s 00001000 00:18 24839707                   /gpfs/nbu/people/gpane/.m2/repository/org/slf4j/slf4j-jdk14/1.7.7/slf4j-jdk14-1.7.7.jar
7f0b69367000-7f0b69369000 r--s 00006000 00:18 24839706                   /gpfs/nbu/people/gpane/.m2/repository/org/slf4j/slf4j-api/1.7.7/slf4j-api-1.7.7.jar
7f0b69369000-7f0b6936f000 r--s 00045000 00:18 24839705                   /gpfs/nbu/people/gpane/.m2/repository/org/hamcrest/hamcrest-all/1.3/hamcrest-all-1.3.jar
7f0b6936f000-7f0b69371000 r--s 00009000 00:18 24839701                   /gpfs/nbu/people/gpane/.m2/repository/org/hamcrest/hamcrest-core/1.3/hamcrest-core-1.3.jar
7f0b69371000-7f0b69377000 r--s 00036000 00:18 24839698                   /gpfs/nbu/people/gpane/.m2/repository/junit/junit/4.11/junit-4.11.jar
7f0b69377000-7f0b69379000 r--s 0000e000 00:18 24839699                   /gpfs/nbu/people/gpane/.m2/repository/net/sf/jopt-simple/jopt-simple/4.8/jopt-simple-4.8.jar
7f0b69379000-7f0b69380000 r--s 0005e000 00:18 42049789                   /gpfs/nbu/people/gpane/.m2/repository/org/apache/commons/commons-lang3/3.3.2/commons-lang3-3.3.2.jar
7f0b69380000-7f0b69403000 r--s 00000000 00:0e 6629                       /run/nscd/dbfzWBdR (deleted)
7f0b69403000-7f0b69406000 ---p 00000000 00:00 0 
7f0b69406000-7f0b69509000 rw-p 00000000 00:00 0 
7f0b69509000-7f0b6950e000 r--s 0002f000 00:18 24839713                   /gpfs/nbu/people/gpane/.m2/repository/com/google/code/gson/gson/2.3.1/gson-2.3.1.jar
7f0b6950e000-7f0b69536000 rw-p 00000000 00:00 0 
7f0b69536000-7f0b6953e000 rw-s 00000000 fe:04 28                         /tmp/hsperfdata_gpane/17171
7f0b6953e000-7f0b6953f000 rw-p 00000000 00:00 0 
7f0b6953f000-7f0b69540000 r--p 00000000 00:00 0 
7f0b69540000-7f0b69542000 rw-p 00000000 00:00 0 
7f0b69542000-7f0b69543000 r--p 0001f000 fe:00 2214                       /lib/x86_64-linux-gnu/ld-2.13.so
7f0b69543000-7f0b69544000 rw-p 00020000 fe:00 2214                       /lib/x86_64-linux-gnu/ld-2.13.so
7f0b69544000-7f0b69545000 rw-p 00000000 00:00 0 
7fffa84b3000-7fffa84d5000 rw-p 00000000 00:00 0                          [stack]
7fffa8524000-7fffa8525000 r-xp 00000000 00:00 0                          [vdso]
ffffffffff600000-ffffffffff601000 r-xp 00000000 00:00 0                  [vsyscall]

VM Arguments:
jvm_args: -verbose:gc 
java_command: edu.brown.cs.group.term_project.Main bigDB.sqlite3 alls.words NRCnice.txt
java_class_path (initial): target/term-project-1.0.jar:/home/gpane/.m2/repository/org/apache/commons/commons-lang3/3.3.2/commons-lang3-3.3.2.jar:/home/gpane/.m2/repository/net/sf/jopt-simple/jopt-simple/4.8/jopt-simple-4.8.jar:/home/gpane/.m2/repository/junit/junit/4.11/junit-4.11.jar:/home/gpane/.m2/repository/org/hamcrest/hamcrest-core/1.3/hamcrest-core-1.3.jar:/home/gpane/.m2/repository/org/hamcrest/hamcrest-all/1.3/hamcrest-all-1.3.jar:/home/gpane/.m2/repository/org/slf4j/slf4j-api/1.7.7/slf4j-api-1.7.7.jar:/home/gpane/.m2/repository/org/slf4j/slf4j-jdk14/1.7.7/slf4j-jdk14-1.7.7.jar:/home/gpane/.m2/repository/com/google/guava/guava/18.0/guava-18.0.jar:/home/gpane/.m2/repository/com/google/code/gson/gson/2.3.1/gson-2.3.1.jar:/home/gpane/.m2/repository/com/sparkjava/spark-core/2.0.0/spark-core-2.0.0.jar:/home/gpane/.m2/repository/org/eclipse/jetty/jetty-server/9.0.2.v20130417/jetty-server-9.0.2.v20130417.jar:/home/gpane/.m2/repository/org/eclipse/jetty/orbit/javax.servlet/3.0.0.v201112011016/javax.servlet-3.0.0.v201112011016.jar:/home/gpane/.m2/repository/org/eclipse/jetty/jetty-http/9.0.2.v20130417/jetty-http-9.0.2.v20130417.jar:/home/gpane/.m2/repository/org/eclipse/jetty/jetty-util/9.0.2.v20130417/jetty-util-9.0.2.v20130417.jar:/home/gpane/.m2/repository/org/eclipse/jetty/jetty-io/9.0.2.v20130417/jetty-io-9.0.2.v20130417.jar:/home/gpane/.m2/repository/org/eclipse/jetty/jetty-webapp/9.0.2.v20130417/jetty-webapp-9.0.2.v20130417.jar:/home/gpane/.m2/repository/org/eclipse/jetty/jetty-xml/9.0.2.v20130417/jetty-xml-9.0.2.v20130417.jar:/home/gpane/.m2/repository/org/eclipse/jetty/jetty-servlet/9.0.2.v20130417/jetty-servlet-9.0.2.v20130417.jar:/home/gpane/.m2/repository/org/eclipse/jetty/jetty-security/9.0.2.v20130417/jetty-security-9.0.2.v20130417.jar:/home/gpane/.m2/repository/com/sparkjava/spark-template-freemarker/2.0.0/spark-template-freemarker-2.0.0.jar:/home/gpane/.m2/repository/org/freemarker/freemarker/2.3.19/freemarker-2.3.19.jar:/home/gpane/.m2/repository/
Launcher Type: SUN_STANDARD

Environment Variables:
JAVA_HOME=/pro/java/linux/jdk1.8.0
JRE_HOME=/pro/java/linux/jdk1.8.0
PATH=/course/cs032/bin:/local/bin:/usr/local/bin:/bin:/usr/bin:/usr/X11R6/bin:/usr/games:/contrib/bin:/course/cs051/bin:/course/cs022/bin:/course/cs032/bin:/course/cs141/bin:/course/cs018/tabin:/course/cs018/bin:/admin/tasupport/bin:/course/cs033/bin:/course/cs195y/bin:/course/cs018/scala/bin
SHELL=/bin/bash
DISPLAY=:0.0

Signal Handlers:
SIGSEGV: [libjvm.so+0xa79a80], sa_mask[0]=11111111011111111101111111111110, sa_flags=SA_RESTART|SA_SIGINFO
SIGBUS: [libjvm.so+0xa79a80], sa_mask[0]=11111111011111111101111111111110, sa_flags=SA_RESTART|SA_SIGINFO
SIGFPE: [libjvm.so+0x8e24e0], sa_mask[0]=11111111011111111101111111111110, sa_flags=SA_RESTART|SA_SIGINFO
SIGPIPE: [libjvm.so+0x8e24e0], sa_mask[0]=11111111011111111101111111111110, sa_flags=SA_RESTART|SA_SIGINFO
SIGXFSZ: [libjvm.so+0x8e24e0], sa_mask[0]=11111111011111111101111111111110, sa_flags=SA_RESTART|SA_SIGINFO
SIGILL: [libjvm.so+0x8e24e0], sa_mask[0]=11111111011111111101111111111110, sa_flags=SA_RESTART|SA_SIGINFO
SIGUSR1: SIG_DFL, sa_mask[0]=00000000000000000000000000000000, sa_flags=none
SIGUSR2: [libjvm.so+0x8e3d10], sa_mask[0]=00000000000000000000000000000000, sa_flags=SA_RESTART|SA_SIGINFO
SIGHUP: [libjvm.so+0x8e50d0], sa_mask[0]=11111111011111111101111111111110, sa_flags=SA_RESTART|SA_SIGINFO
SIGINT: [libjvm.so+0x8e50d0], sa_mask[0]=11111111011111111101111111111110, sa_flags=SA_RESTART|SA_SIGINFO
SIGTERM: [libjvm.so+0x8e50d0], sa_mask[0]=11111111011111111101111111111110, sa_flags=SA_RESTART|SA_SIGINFO
SIGQUIT: [libjvm.so+0x8e50d0], sa_mask[0]=11111111011111111101111111111110, sa_flags=SA_RESTART|SA_SIGINFO


---------------  S Y S T E M  ---------------

OS:PRETTY_NAME="Debian GNU/Linux 7 (wheezy)"
NAME="Debian GNU/Linux"
VERSION_ID="7"
VERSION="7 (wheezy)"
ID=debian
ANSI_COLOR="1;31"
HOME_URL="http://www.debian.org/"
SUPPORT_URL="http://www.debian.org/support/"
BUG_REPORT_URL="http://bugs.debian.org/"

uname:Linux 3.2.0-4-amd64 #1 SMP Debian 3.2.68-1+deb7u1 x86_64
libc:glibc 2.13 NPTL 2.13 
rlimit: STACK 8192k, CORE 0k, NPROC 63961, NOFILE 4096, AS infinity
load average:1.79 1.27 1.05

/proc/meminfo:
MemTotal:        8199880 kB
MemFree:         4547744 kB
Buffers:           61376 kB
Cached:           792784 kB
SwapCached:            0 kB
Active:          2924420 kB
Inactive:         559624 kB
Active(anon):    2630340 kB
Inactive(anon):    49344 kB
Active(file):     294080 kB
Inactive(file):   510280 kB
Unevictable:           0 kB
Mlocked:               0 kB
SwapTotal:       8388604 kB
SwapFree:        8388604 kB
Dirty:               996 kB
Writeback:             0 kB
AnonPages:       2629996 kB
Mapped:           245172 kB
Shmem:             49820 kB
Slab:              62148 kB
SReclaimable:      31828 kB
SUnreclaim:        30320 kB
KernelStack:        4024 kB
PageTables:        28704 kB
NFS_Unstable:          0 kB
Bounce:                0 kB
WritebackTmp:          0 kB
CommitLimit:    12488544 kB
Committed_AS:    5260524 kB
VmallocTotal:   34359738367 kB
VmallocUsed:      326568 kB
VmallocChunk:   34359407612 kB
HardwareCorrupted:     0 kB
AnonHugePages:         0 kB
HugePages_Total:       0
HugePages_Free:        0
HugePages_Rsvd:        0
HugePages_Surp:        0
Hugepagesize:       2048 kB
DirectMap4k:      124480 kB
DirectMap2M:     8263680 kB


CPU:total 4 (4 cores per cpu, 1 threads per core) family 6 model 15 stepping 11, cmov, cx8, fxsr, mmx, sse, sse2, sse3, ssse3, tsc

/proc/cpuinfo:
processor	: 0
vendor_id	: GenuineIntel
cpu family	: 6
model		: 15
model name	: Intel(R) Core(TM)2 Quad CPU    Q6600  @ 2.40GHz
stepping	: 11
microcode	: 0xb6
cpu MHz		: 2400.053
cache size	: 4096 KB
physical id	: 0
siblings	: 4
core id		: 0
cpu cores	: 4
apicid		: 0
initial apicid	: 0
fpu		: yes
fpu_exception	: yes
cpuid level	: 10
wp		: yes
flags		: fpu vme de pse tsc msr pae mce cx8 apic sep mtrr pge mca cmov pat pse36 clflush dts acpi mmx fxsr sse sse2 ss ht tm pbe syscall nx lm constant_tsc arch_perfmon pebs bts rep_good nopl aperfmperf pni dtes64 monitor ds_cpl vmx est tm2 ssse3 cx16 xtpr pdcm lahf_lm dtherm tpr_shadow vnmi flexpriority
bogomips	: 4800.10
clflush size	: 64
cache_alignment	: 64
address sizes	: 36 bits physical, 48 bits virtual
power management:

processor	: 1
vendor_id	: GenuineIntel
cpu family	: 6
model		: 15
model name	: Intel(R) Core(TM)2 Quad CPU    Q6600  @ 2.40GHz
stepping	: 11
microcode	: 0xb6
cpu MHz		: 2400.053
cache size	: 4096 KB
physical id	: 0
siblings	: 4
core id		: 1
cpu cores	: 4
apicid		: 1
initial apicid	: 1
fpu		: yes
fpu_exception	: yes
cpuid level	: 10
wp		: yes
flags		: fpu vme de pse tsc msr pae mce cx8 apic sep mtrr pge mca cmov pat pse36 clflush dts acpi mmx fxsr sse sse2 ss ht tm pbe syscall nx lm constant_tsc arch_perfmon pebs bts rep_good nopl aperfmperf pni dtes64 monitor ds_cpl vmx est tm2 ssse3 cx16 xtpr pdcm lahf_lm dtherm tpr_shadow vnmi flexpriority
bogomips	: 4800.23
clflush size	: 64
cache_alignment	: 64
address sizes	: 36 bits physical, 48 bits virtual
power management:

processor	: 2
vendor_id	: GenuineIntel
cpu family	: 6
model		: 15
model name	: Intel(R) Core(TM)2 Quad CPU    Q6600  @ 2.40GHz
stepping	: 11
microcode	: 0xb6
cpu MHz		: 2400.053
cache size	: 4096 KB
physical id	: 0
siblings	: 4
core id		: 2
cpu cores	: 4
apicid		: 2
initial apicid	: 2
fpu		: yes
fpu_exception	: yes
cpuid level	: 10
wp		: yes
flags		: fpu vme de pse tsc msr pae mce cx8 apic sep mtrr pge mca cmov pat pse36 clflush dts acpi mmx fxsr sse sse2 ss ht tm pbe syscall nx lm constant_tsc arch_perfmon pebs bts rep_good nopl aperfmperf pni dtes64 monitor ds_cpl vmx est tm2 ssse3 cx16 xtpr pdcm lahf_lm dtherm tpr_shadow vnmi flexpriority
bogomips	: 4800.28
clflush size	: 64
cache_alignment	: 64
address sizes	: 36 bits physical, 48 bits virtual
power management:

processor	: 3
vendor_id	: GenuineIntel
cpu family	: 6
model		: 15
model name	: Intel(R) Core(TM)2 Quad CPU    Q6600  @ 2.40GHz
stepping	: 11
microcode	: 0xb6
cpu MHz		: 2400.053
cache size	: 4096 KB
physical id	: 0
siblings	: 4
core id		: 3
cpu cores	: 4
apicid		: 3
initial apicid	: 3
fpu		: yes
fpu_exception	: yes
cpuid level	: 10
wp		: yes
flags		: fpu vme de pse tsc msr pae mce cx8 apic sep mtrr pge mca cmov pat pse36 clflush dts acpi mmx fxsr sse sse2 ss ht tm pbe syscall nx lm constant_tsc arch_perfmon pebs bts rep_good nopl aperfmperf pni dtes64 monitor ds_cpl vmx est tm2 ssse3 cx16 xtpr pdcm lahf_lm dtherm tpr_shadow vnmi flexpriority
bogomips	: 4800.27
clflush size	: 64
cache_alignment	: 64
address sizes	: 36 bits physical, 48 bits virtual
power management:



Memory: 4k page, physical 8199880k(4547744k free), swap 8388604k(8388604k free)

vm_info: Java HotSpot(TM) 64-Bit Server VM (25.25-b02) for linux-amd64 JRE (1.8.0_25-b17), built on Sep 17 2014 17:32:11 by "java_re" with gcc 4.3.0 20080428 (Red Hat 4.3.0-8)

time: Thu May  7 21:00:06 2015
elapsed time: 6 seconds (0d 0h 0m 6s)

