#
# A fatal error has been detected by the Java Runtime Environment:
#
#  SIGSEGV (0xb) at pc=0x00007f088df5f060, pid=12742, tid=139676066641664
#
# JRE version: Java(TM) SE Runtime Environment (8.0_25-b17) (build 1.8.0_25-b17)
# Java VM: Java HotSpot(TM) 64-Bit Server VM (25.25-b02 mixed mode linux-amd64 compressed oops)
# Problematic frame:
# C  0x00007f088df5f060
#
# Failed to write core dump. Core dumps have been disabled. To enable core dumping, try "ulimit -c unlimited" before starting Java again
#
# If you would like to submit a bug report, please visit:
#   http://bugreport.sun.com/bugreport/crash.jsp
#

---------------  T H R E A D  ---------------

Current thread (0x0000000001920000):  JavaThread "main" [_thread_in_Java, id=12758, stack(0x00007f08de45f000,0x00007f08de560000)]

siginfo: si_signo: 11 (SIGSEGV), si_code: 1 (SEGV_MAPERR), si_addr: 0x00007f088df5f060

Registers:
RAX=0x000000010020d590, RBX=0x00000000dfd57bd8, RCX=0x0000000000000002, RDX=0x0000000000000000
RSP=0x00007f08de55c078, RBP=0x00000000dfd57b80, RSI=0x0000000083e693f8, RDI=0x0000000000000ad6
R8 =0x00000000dfd57b80, R9 =0x0000000000000002, R10=0x000000010020d590, R11=0x0000000083e693f8
R12=0x0000000000000000, R13=0x00000000dfd57a28, R14=0x0000000083e89cf0, R15=0x0000000001920000
RIP=0x00007f088df5f060, EFLAGS=0x0000000000010246, CSGSFS=0x0000000000000033, ERR=0x0000000000000014
  TRAPNO=0x000000000000000e

Top of Stack: (sp=0x00007f08de55c078)
0x00007f08de55c078:   00007f08cdf45be0 000000010020de88
0x00007f08de55c088:   00000000dfd57b80 0000000083e7b438
0x00007f08de55c098:   0000000000000000 83e693f800000002
0x00007f08de55c0a8:   0000000083e693f8 0000000083e79428
0x00007f08de55c0b8:   00000000dfd579a8 00000000dfd57500
0x00007f08de55c0c8:   0000000001920000 00007f08de55cfe0
0x00007f08de55c0d8:   00007f08cdd9a47c 00007f08de55c1b0
0x00007f08de55c0e8:   00007f08cd9cd8b4 00007f08cd9cd6d0
0x00007f08de55c0f8:   00007f0800000000 00007f08de55cfe0
0x00007f08de55c108:   00007f08de55c1b0 00000000dfd57aa8
0x00007f08de55c118:   0000000083e690a0 00007f080000003f
0x00007f08de55c128:   00007f0800000000 00007f08de55cfe0
0x00007f08de55c138:   00007f08cd611c14 00007f08cd491590
0x00007f08de55c148:   00007f0800000000 00007f08de55cfe0
0x00007f08de55c158:   00007f08de55c200 00007f08de55c1f0
0x00007f08de55c168:   00007f08cd055079 00007f08cd055010
0x00007f08de55c178:   00007f0800000000 0000000083e690a0
0x00007f08de55c188:   0000000001920000 0000000000000000
0x00007f08de55c198:   00007f08cd49297f 00007f08de55cfe0
0x00007f08de55c1a8:   00007f08cdc497c4 00007f08cd98b3d0
0x00007f08de55c1b8:   00007f0800000000 00007f08de55cfe0
0x00007f08de55c1c8:   00007f08de55c270 00007f08de55c260
0x00007f08de55c1d8:   0000000000000002 0000000083e690a0
0x00007f08de55c1e8:   000000010000003e 0000000083e690a0
0x00007f08de55c1f8:   0000000001920000 00007f08de55cfe0
0x00007f08de55c208:   00007f08cdc67e6c 00007f08de55c2e0
0x00007f08de55c218:   00007f08cd548f44 00007f08cd548d10
0x00007f08de55c228:   00007f0800000000 00007f08de55cfe0
0x00007f08de55c238:   00007f08de55c2e0 00007f08de55c2d0
0x00007f08de55c248:   00007f08cd055079 00007f08cd055010
0x00007f08de55c258:   00007f0800000000 00007f08de55c2d0
0x00007f08de55c268:   00007f08de55c2d0 0000000000000000 

Instructions: (pc=0x00007f088df5f060)
0x00007f088df5f040:   
[error occurred during error reporting (printing registers, top of stack, instructions near pc), id 0xb]

Register to memory mapping:

RAX=0x000000010020d590 is pointing into metadata
RBX=0x00000000dfd57bd8 is an oop

[error occurred during error reporting (printing register info), id 0xb]

Stack: [0x00007f08de45f000,0x00007f08de560000],  sp=0x00007f08de55c078,  free space=1012k
Native frames: (J=compiled Java code, j=interpreted, Vv=VM code, C=native code)
C  0x00007f088df5f060


---------------  P R O C E S S  ---------------

Java Threads: ( => current thread )
  0x00007f08c1a16800 JavaThread "process reaper" daemon [_thread_blocked, id=12829, stack(0x00007f08bf95d000,0x00007f08bf996000)]
  0x00007f08c006d000 JavaThread "Service Thread" daemon [_thread_blocked, id=12770, stack(0x00007f08c5bbd000,0x00007f08c5cbe000)]
  0x00007f08c0032800 JavaThread "C1 CompilerThread2" daemon [_thread_blocked, id=12769, stack(0x00007f08c5cbe000,0x00007f08c5dbf000)]
  0x00007f08c0030800 JavaThread "C2 CompilerThread1" daemon [_thread_in_native, id=12768, stack(0x00007f08c5dbf000,0x00007f08c5ec0000)]
  0x00007f08c002d800 JavaThread "C2 CompilerThread0" daemon [_thread_in_native, id=12767, stack(0x00007f08c5ec0000,0x00007f08c5fc1000)]
  0x00007f08c002b800 JavaThread "Signal Dispatcher" daemon [_thread_blocked, id=12766, stack(0x00007f08c5fc1000,0x00007f08c60c2000)]
  0x0000000001998000 JavaThread "Finalizer" daemon [_thread_blocked, id=12765, stack(0x00007f08c60c2000,0x00007f08c61c3000)]
  0x0000000001990800 JavaThread "Reference Handler" daemon [_thread_blocked, id=12764, stack(0x00007f08c61c3000,0x00007f08c62c4000)]
=>0x0000000001920000 JavaThread "main" [_thread_in_Java, id=12758, stack(0x00007f08de45f000,0x00007f08de560000)]

Other Threads:
  0x0000000001989800 VMThread [stack: 0x00007f08c62c4000,0x00007f08c63c5000] [id=12763]
  0x00000000019d7000 WatcherThread [stack: 0x00007f08c5abc000,0x00007f08c5bbd000] [id=12771]

VM state:not at safepoint (normal execution)

VM Mutex/Monitor currently owned by a thread: None

Heap:
 PSYoungGen      total 491520K, used 160299K [0x00000000d6500000, 0x00000000f5f00000, 0x0000000100000000)
  eden space 467968K, 34% used [0x00000000d6500000,0x00000000e018ac48,0x00000000f2e00000)
  from space 23552K, 0% used [0x00000000f4480000,0x00000000f4480000,0x00000000f5b80000)
  to   space 23040K, 0% used [0x00000000f2e00000,0x00000000f2e00000,0x00000000f4480000)
 ParOldGen       total 91648K, used 30050K [0x0000000082e00000, 0x0000000088780000, 0x00000000d6500000)
  object space 91648K, 32% used [0x0000000082e00000,0x0000000084b588b0,0x0000000088780000)
 Metaspace       used 35580K, capacity 36524K, committed 36904K, reserved 1081344K
  class space    used 4329K, capacity 4599K, committed 4648K, reserved 1048576K

Card table byte_map: [0x00007f08cc7b0000,0x00007f08ccb9a000] byte_map_base: 0x00007f08cc399000

Marking Bits: (ParMarkBitMap*) 0x00007f08dd9942c0
 Begin Bits: [0x00007f08c8280000, 0x00007f08ca1c8000)
 End Bits:   [0x00007f08ca1c8000, 0x00007f08cc110000)

Polling page: 0x00007f08de59b000

CodeCache: size=245760Kb used=16243Kb max_used=16251Kb free=229516Kb
 bounds [0x00007f08ccf5a000, 0x00007f08cdf5a000, 0x00007f08dbf5a000]
 total_blobs=5521 nmethods=5130 adapters=304
 compilation: enabled

Compilation events (10 events):
Event: 12.025 Thread 0x00007f08c0032800 nmethod 5876 0x00007f08cdf3ff90 code [0x00007f08cdf40100, 0x00007f08cdf40270]
Event: 12.025 Thread 0x00007f08c002d800 5009   !   4       java.util.zip.InflaterInputStream::read (138 bytes)
Event: 12.028 Thread 0x00007f08c0032800 5877       1       org.apache.velocity.runtime.parser.VelocityCharStream::getEndLine (10 bytes)
Event: 12.028 Thread 0x00007f08c0032800 nmethod 5877 0x00007f08cdf3fc50 code [0x00007f08cdf3fda0, 0x00007f08cdf3fed0]
Event: 12.028 Thread 0x00007f08c0032800 5878       1       org.apache.velocity.runtime.parser.VelocityCharStream::getBeginLine (10 bytes)
Event: 12.028 Thread 0x00007f08c0032800 nmethod 5878 0x00007f08cdf3f910 code [0x00007f08cdf3fa60, 0x00007f08cdf3fb90]
Event: 12.028 Thread 0x00007f08c0032800 5879       1       org.apache.velocity.runtime.parser.VelocityCharStream::getBeginColumn (10 bytes)
Event: 12.028 Thread 0x00007f08c0032800 nmethod 5879 0x00007f08cdf3f5d0 code [0x00007f08cdf3f720, 0x00007f08cdf3f850]
Event: 12.028 Thread 0x00007f08c0032800 5880       1       org.apache.velocity.runtime.parser.VelocityCharStream::getEndColumn (10 bytes)
Event: 12.028 Thread 0x00007f08c0032800 nmethod 5880 0x00007f08cdf3f290 code [0x00007f08cdf3f3e0, 0x00007f08cdf3f510]

GC Heap History (10 events):
Event: 6.114 GC heap before
{Heap before GC invocations=6 (full 0):
 PSYoungGen      total 136192K, used 7681K [0x00000000d6500000, 0x00000000e8900000, 0x0000000100000000)
  eden space 131072K, 1% used [0x00000000d6500000,0x00000000d67883d0,0x00000000de500000)
  from space 5120K, 99% used [0x00000000de500000,0x00000000de9f8160,0x00000000dea00000)
  to   space 18432K, 0% used [0x00000000e7700000,0x00000000e7700000,0x00000000e8900000)
 ParOldGen       total 86016K, used 23702K [0x0000000082e00000, 0x0000000088200000, 0x00000000d6500000)
  object space 86016K, 27% used [0x0000000082e00000,0x0000000084525818,0x0000000088200000)
 Metaspace       used 20528K, capacity 20990K, committed 21296K, reserved 1069056K
  class space    used 2490K, capacity 2663K, committed 2688K, reserved 1048576K
Event: 6.144 GC heap after
Heap after GC invocations=6 (full 0):
 PSYoungGen      total 279552K, used 5384K [0x00000000d6500000, 0x00000000e8800000, 0x0000000100000000)
  eden space 262144K, 0% used [0x00000000d6500000,0x00000000d6500000,0x00000000e6500000)
  from space 17408K, 30% used [0x00000000e7700000,0x00000000e7c42050,0x00000000e8800000)
  to   space 17920K, 0% used [0x00000000e6500000,0x00000000e6500000,0x00000000e7680000)
 ParOldGen       total 86016K, used 23710K [0x0000000082e00000, 0x0000000088200000, 0x00000000d6500000)
  object space 86016K, 27% used [0x0000000082e00000,0x0000000084527818,0x0000000088200000)
 Metaspace       used 20528K, capacity 20990K, committed 21296K, reserved 1069056K
  class space    used 2490K, capacity 2663K, committed 2688K, reserved 1048576K
}
Event: 6.144 GC heap before
{Heap before GC invocations=7 (full 1):
 PSYoungGen      total 279552K, used 5384K [0x00000000d6500000, 0x00000000e8800000, 0x0000000100000000)
  eden space 262144K, 0% used [0x00000000d6500000,0x00000000d6500000,0x00000000e6500000)
  from space 17408K, 30% used [0x00000000e7700000,0x00000000e7c42050,0x00000000e8800000)
  to   space 17920K, 0% used [0x00000000e6500000,0x00000000e6500000,0x00000000e7680000)
 ParOldGen       total 86016K, used 23710K [0x0000000082e00000, 0x0000000088200000, 0x00000000d6500000)
  object space 86016K, 27% used [0x0000000082e00000,0x0000000084527818,0x0000000088200000)
 Metaspace       used 20528K, capacity 20990K, committed 21296K, reserved 1069056K
  class space    used 2490K, capacity 2663K, committed 2688K, reserved 1048576K
Event: 6.302 GC heap after
Heap after GC invocations=7 (full 1):
 PSYoungGen      total 279552K, used 0K [0x00000000d6500000, 0x00000000e8800000, 0x0000000100000000)
  eden space 262144K, 0% used [0x00000000d6500000,0x00000000d6500000,0x00000000e6500000)
  from space 17408K, 0% used [0x00000000e7700000,0x00000000e7700000,0x00000000e8800000)
  to   space 17920K, 0% used [0x00000000e6500000,0x00000000e6500000,0x00000000e7680000)
 ParOldGen       total 71168K, used 19371K [0x0000000082e00000, 0x0000000087380000, 0x00000000d6500000)
  object space 71168K, 27% used [0x0000000082e00000,0x00000000840eaf28,0x0000000087380000)
 Metaspace       used 20528K, capacity 20990K, committed 21296K, reserved 1069056K
  class space    used 2490K, capacity 2663K, committed 2688K, reserved 1048576K
}
Event: 10.109 GC heap before
{Heap before GC invocations=8 (full 1):
 PSYoungGen      total 279552K, used 262144K [0x00000000d6500000, 0x00000000e8800000, 0x0000000100000000)
  eden space 262144K, 100% used [0x00000000d6500000,0x00000000e6500000,0x00000000e6500000)
  from space 17408K, 0% used [0x00000000e7700000,0x00000000e7700000,0x00000000e8800000)
  to   space 17920K, 0% used [0x00000000e6500000,0x00000000e6500000,0x00000000e7680000)
 ParOldGen       total 71168K, used 19371K [0x0000000082e00000, 0x0000000087380000, 0x00000000d6500000)
  object space 71168K, 27% used [0x0000000082e00000,0x00000000840eaf28,0x0000000087380000)
 Metaspace       used 32764K, capacity 33554K, committed 34048K, reserved 1079296K
  class space    used 4061K, capacity 4296K, committed 4352K, reserved 1048576K
Event: 10.166 GC heap after
Heap after GC invocations=8 (full 1):
 PSYoungGen      total 280064K, used 17900K [0x00000000d6500000, 0x00000000f5b80000, 0x0000000100000000)
  eden space 262144K, 0% used [0x00000000d6500000,0x00000000d6500000,0x00000000e6500000)
  from space 17920K, 99% used [0x00000000e6500000,0x00000000e767b218,0x00000000e7680000)
  to   space 23552K, 0% used [0x00000000f4480000,0x00000000f4480000,0x00000000f5b80000)
 ParOldGen       total 71168K, used 23860K [0x0000000082e00000, 0x0000000087380000, 0x00000000d6500000)
  object space 71168K, 33% used [0x0000000082e00000,0x000000008454d1f8,0x0000000087380000)
 Metaspace       used 32764K, capacity 33554K, committed 34048K, reserved 1079296K
  class space    used 4061K, capacity 4296K, committed 4352K, reserved 1048576K
}
Event: 10.436 GC heap before
{Heap before GC invocations=9 (full 1):
 PSYoungGen      total 280064K, used 38725K [0x00000000d6500000, 0x00000000f5b80000, 0x0000000100000000)
  eden space 262144K, 7% used [0x00000000d6500000,0x00000000d7956208,0x00000000e6500000)
  from space 17920K, 99% used [0x00000000e6500000,0x00000000e767b218,0x00000000e7680000)
  to   space 23552K, 0% used [0x00000000f4480000,0x00000000f4480000,0x00000000f5b80000)
 ParOldGen       total 71168K, used 23860K [0x0000000082e00000, 0x0000000087380000, 0x00000000d6500000)
  object space 71168K, 33% used [0x0000000082e00000,0x000000008454d1f8,0x0000000087380000)
 Metaspace       used 34462K, capacity 35178K, committed 35496K, reserved 1081344K
  class space    used 4262K, capacity 4492K, committed 4520K, reserved 1048576K
Event: 10.479 GC heap after
Heap after GC invocations=9 (full 1):
 PSYoungGen      total 491520K, used 13500K [0x00000000d6500000, 0x00000000f5f00000, 0x0000000100000000)
  eden space 467968K, 0% used [0x00000000d6500000,0x00000000d6500000,0x00000000f2e00000)
  from space 23552K, 57% used [0x00000000f4480000,0x00000000f51af270,0x00000000f5b80000)
  to   space 23040K, 0% used [0x00000000f2e00000,0x00000000f2e00000,0x00000000f4480000)
 ParOldGen       total 71168K, used 23868K [0x0000000082e00000, 0x0000000087380000, 0x00000000d6500000)
  object space 71168K, 33% used [0x0000000082e00000,0x000000008454f1f8,0x0000000087380000)
 Metaspace       used 34462K, capacity 35178K, committed 35496K, reserved 1081344K
  class space    used 4262K, capacity 4492K, committed 4520K, reserved 1048576K
}
Event: 10.479 GC heap before
{Heap before GC invocations=10 (full 2):
 PSYoungGen      total 491520K, used 13500K [0x00000000d6500000, 0x00000000f5f00000, 0x0000000100000000)
  eden space 467968K, 0% used [0x00000000d6500000,0x00000000d6500000,0x00000000f2e00000)
  from space 23552K, 57% used [0x00000000f4480000,0x00000000f51af270,0x00000000f5b80000)
  to   space 23040K, 0% used [0x00000000f2e00000,0x00000000f2e00000,0x00000000f4480000)
 ParOldGen       total 71168K, used 23868K [0x0000000082e00000, 0x0000000087380000, 0x00000000d6500000)
  object space 71168K, 33% used [0x0000000082e00000,0x000000008454f1f8,0x0000000087380000)
 Metaspace       used 34462K, capacity 35178K, committed 35496K, reserved 1081344K
  class space    used 4262K, capacity 4492K, committed 4520K, reserved 1048576K
Event: 10.693 GC heap after
Heap after GC invocations=10 (full 2):
 PSYoungGen      total 491520K, used 0K [0x00000000d6500000, 0x00000000f5f00000, 0x0000000100000000)
  eden space 467968K, 0% used [0x00000000d6500000,0x00000000d6500000,0x00000000f2e00000)
  from space 23552K, 0% used [0x00000000f4480000,0x00000000f4480000,0x00000000f5b80000)
  to   space 23040K, 0% used [0x00000000f2e00000,0x00000000f2e00000,0x00000000f4480000)
 ParOldGen       total 91648K, used 30050K [0x0000000082e00000, 0x0000000088780000, 0x00000000d6500000)
  object space 91648K, 32% used [0x0000000082e00000,0x0000000084b588b0,0x0000000088780000)
 Metaspace       used 34458K, capacity 35172K, committed 35496K, reserved 1081344K
  class space    used 4261K, capacity 4491K, committed 4520K, reserved 1048576K
}

Deoptimization events (10 events):
Event: 11.013 Thread 0x0000000001920000 Uncommon trap: reason=bimorphic action=maybe_recompile pc=0x00007f08cd465590 method=java.util.regex.Pattern$5.isSatisfiedBy(I)Z @ 5
Event: 11.013 Thread 0x0000000001920000 Uncommon trap: reason=bimorphic action=maybe_recompile pc=0x00007f08cd5c95fc method=java.util.regex.Pattern$CharProperty$1.isSatisfiedBy(I)Z @ 5
Event: 11.013 Thread 0x0000000001920000 Uncommon trap: reason=bimorphic action=maybe_recompile pc=0x00007f08cd5c95fc method=java.util.regex.Pattern$CharProperty$1.isSatisfiedBy(I)Z @ 5
Event: 11.013 Thread 0x0000000001920000 Uncommon trap: reason=bimorphic action=maybe_recompile pc=0x00007f08cd5c95fc method=java.util.regex.Pattern$CharProperty$1.isSatisfiedBy(I)Z @ 5
Event: 11.013 Thread 0x0000000001920000 Uncommon trap: reason=bimorphic action=maybe_recompile pc=0x00007f08cd5c95fc method=java.util.regex.Pattern$CharProperty$1.isSatisfiedBy(I)Z @ 5
Event: 11.013 Thread 0x0000000001920000 Uncommon trap: reason=bimorphic action=maybe_recompile pc=0x00007f08cd59bb60 method=java.util.regex.Pattern$CharProperty$1.isSatisfiedBy(I)Z @ 5
Event: 11.431 Thread 0x0000000001920000 Uncommon trap: reason=class_check action=maybe_recompile pc=0x00007f08cd879d40 method=java.util.Collections$UnmodifiableMap.size()I @ 4
Event: 11.431 Thread 0x0000000001920000 Uncommon trap: reason=class_check action=maybe_recompile pc=0x00007f08cd879d40 method=java.util.Collections$UnmodifiableMap.size()I @ 4
Event: 11.431 Thread 0x0000000001920000 Uncommon trap: reason=class_check action=maybe_recompile pc=0x00007f08cd879d40 method=java.util.Collections$UnmodifiableMap.size()I @ 4
Event: 11.432 Thread 0x0000000001920000 Uncommon trap: reason=class_check action=maybe_recompile pc=0x00007f08cd879d40 method=java.util.Collections$UnmodifiableMap.size()I @ 4

Internal exceptions (10 events):
Event: 11.020 Thread 0x0000000001920000 Exception <a 'java/security/PrivilegedActionException'> (0x00000000d7b84c50) thrown at [/HUDSON/workspace/8-2-build-linux-amd64/jdk8u25/1514/hotspot/src/share/vm/prims/jvm.cpp, line 1312]
Event: 11.021 Thread 0x0000000001920000 Exception <a 'java/security/PrivilegedActionException'> (0x00000000d7b90820) thrown at [/HUDSON/workspace/8-2-build-linux-amd64/jdk8u25/1514/hotspot/src/share/vm/prims/jvm.cpp, line 1312]
Event: 11.021 Thread 0x0000000001920000 Exception <a 'java/security/PrivilegedActionException'> (0x00000000d7b9a558) thrown at [/HUDSON/workspace/8-2-build-linux-amd64/jdk8u25/1514/hotspot/src/share/vm/prims/jvm.cpp, line 1312]
Event: 11.021 Thread 0x0000000001920000 Exception <a 'java/security/PrivilegedActionException'> (0x00000000d7ba4bd0) thrown at [/HUDSON/workspace/8-2-build-linux-amd64/jdk8u25/1514/hotspot/src/share/vm/prims/jvm.cpp, line 1312]
Event: 11.282 Thread 0x0000000001920000 Exception <a 'java/security/PrivilegedActionException'> (0x00000000d996d4d8) thrown at [/HUDSON/workspace/8-2-build-linux-amd64/jdk8u25/1514/hotspot/src/share/vm/prims/jvm.cpp, line 1312]
Event: 11.429 Thread 0x0000000001920000 Exception <a 'java/security/PrivilegedActionException'> (0x00000000dacbf878) thrown at [/HUDSON/workspace/8-2-build-linux-amd64/jdk8u25/1514/hotspot/src/share/vm/prims/jvm.cpp, line 1312]
Event: 11.592 Thread 0x0000000001920000 Exception <a 'java/security/PrivilegedActionException'> (0x00000000dc04ef68) thrown at [/HUDSON/workspace/8-2-build-linux-amd64/jdk8u25/1514/hotspot/src/share/vm/prims/jvm.cpp, line 1312]
Event: 11.730 Thread 0x0000000001920000 Exception <a 'java/security/PrivilegedActionException'> (0x00000000dd3a5518) thrown at [/HUDSON/workspace/8-2-build-linux-amd64/jdk8u25/1514/hotspot/src/share/vm/prims/jvm.cpp, line 1312]
Event: 11.865 Thread 0x0000000001920000 Exception <a 'java/security/PrivilegedActionException'> (0x00000000de6fffb8) thrown at [/HUDSON/workspace/8-2-build-linux-amd64/jdk8u25/1514/hotspot/src/share/vm/prims/jvm.cpp, line 1312]
Event: 11.982 Thread 0x0000000001920000 Exception <a 'java/security/PrivilegedActionException'> (0x00000000dfa4ce08) thrown at [/HUDSON/workspace/8-2-build-linux-amd64/jdk8u25/1514/hotspot/src/share/vm/prims/jvm.cpp, line 1312]

Events (10 events):
Event: 11.730 Thread 0x0000000001920000 DEOPT PACKING pc=0x00007f08cda703fe sp=0x00007f08de55b230
Event: 11.730 Thread 0x0000000001920000 DEOPT UNPACKING pc=0x00007f08ccfa0f73 sp=0x00007f08de55af50 mode 0
Event: 11.865 loading class org/apache/maven/report/projectinfo/IssueTrackingReport$IssueTrackingRenderer
Event: 11.865 loading class org/apache/maven/report/projectinfo/IssueTrackingReport$IssueTrackingRenderer done
Event: 11.865 loading class org/apache/maven/report/projectinfo/IssueTrackingReport$IssueTrackingRenderer
Event: 11.865 loading class org/apache/maven/report/projectinfo/IssueTrackingReport$IssueTrackingRenderer done
Event: 11.982 loading class org/apache/maven/report/projectinfo/CimReport$CimRenderer
Event: 11.982 loading class org/apache/maven/report/projectinfo/CimReport$CimRenderer done
Event: 11.982 loading class org/apache/maven/report/projectinfo/CimReport$CimRenderer
Event: 11.982 loading class org/apache/maven/report/projectinfo/CimReport$CimRenderer done


Dynamic libraries:
00400000-00401000 r-xp 00000000 00:14 138267735                          /gpfs/main/course/cs032/bin/jdk1.8.0_25/bin/java
00600000-00601000 rw-p 00000000 00:14 138267735                          /gpfs/main/course/cs032/bin/jdk1.8.0_25/bin/java
01917000-03770000 rw-p 00000000 00:00 0                                  [heap]
82e00000-88780000 rw-p 00000000 00:00 0 
88780000-d6500000 ---p 00000000 00:00 0 
d6500000-f5f00000 rw-p 00000000 00:00 0 
f5f00000-100000000 ---p 00000000 00:00 0 
100000000-10048a000 rw-p 00000000 00:00 0 
10048a000-140000000 ---p 00000000 00:00 0 
7f08b8000000-7f08b95c2000 rw-p 00000000 00:00 0 
7f08b95c2000-7f08bc000000 ---p 00000000 00:00 0 
7f08bf55d000-7f08bf6dd000 rw-p 00000000 00:00 0 
7f08bf6dd000-7f08bf75d000 ---p 00000000 00:00 0 
7f08bf75d000-7f08bf95d000 rw-p 00000000 00:00 0 
7f08bf95d000-7f08bf960000 ---p 00000000 00:00 0 
7f08bf960000-7f08bf996000 rw-p 00000000 00:00 0 
7f08bf996000-7f08bf998000 r--s 00001000 00:18 53610055                   /gpfs/nbu/people/ajl4/.m2/repository/org/sonatype/plexus/plexus-build-api/0.0.7/plexus-build-api-0.0.7.jar
7f08bf998000-7f08bf99d000 r--s 00039000 00:18 53610045                   /gpfs/nbu/people/ajl4/.m2/repository/org/codehaus/plexus/plexus-utils/1.5.6/plexus-utils-1.5.6.jar
7f08bf99d000-7f08bf9a2000 r--s 00034000 00:18 53610043                   /gpfs/nbu/people/ajl4/.m2/repository/jgoodies/plastic/1.2.0/plastic-1.2.0.jar
7f08bf9a2000-7f08bf9a7000 r--s 00058000 00:18 53610265                   /gpfs/nbu/people/ajl4/.m2/repository/org/ow2/asm/asm-debug-all/5.0.2/asm-debug-all-5.0.2.jar
7f08bf9a7000-7f08bf9ad000 r--s 00033000 00:18 53610263                   /gpfs/nbu/people/ajl4/.m2/repository/jaxen/jaxen/1.1.6/jaxen-1.1.6.jar
7f08bf9ad000-7f08bf9af000 r--s 00007000 00:18 53610261                   /gpfs/nbu/people/ajl4/.m2/repository/com/google/code/findbugs/jFormatString/3.0.0/jFormatString-3.0.0.jar
7f08bf9af000-7f08bf9b3000 r--s 0000f000 00:18 53610259                   /gpfs/nbu/people/ajl4/.m2/repository/com/google/code/findbugs/annotations/3.0.0/annotations-3.0.0.jar
7f08bf9b3000-7f08bf9bd000 r--s 0008c000 00:18 53610256                   /gpfs/nbu/people/ajl4/.m2/repository/com/google/code/findbugs/bcel-findbugs/6.0/bcel-findbugs-6.0.jar
7f08bf9bd000-7f08bf9eb000 r--s 00347000 00:18 53610257                   /gpfs/nbu/people/ajl4/.m2/repository/com/google/code/findbugs/findbugs/3.0.0/findbugs-3.0.0.jar
7f08bf9eb000-7f08bf9ed000 r--s 00009000 00:18 53610253                   /gpfs/nbu/people/ajl4/.m2/repository/org/apache/maven/shared/maven-doxia-tools/1.2.1/maven-doxia-tools-1.2.1.jar
7f08bf9ed000-7f08bfbed000 rw-p 00000000 00:00 0 
7f08bfbed000-7f08bfbef000 r--s 00008000 00:18 53610252                   /gpfs/nbu/people/ajl4/.m2/repository/org/apache/maven/doxia/doxia-module-fml/1.1.3/doxia-module-fml-1.1.3.jar
7f08bfbef000-7f08bfbf0000 r--s 00003000 00:18 53610249                   /gpfs/nbu/people/ajl4/.m2/repository/org/apache/maven/doxia/doxia-module-xhtml/1.1.3/doxia-module-xhtml-1.1.3.jar
7f08bfbf0000-7f08bfbf2000 r--s 0000b000 00:18 53610247                   /gpfs/nbu/people/ajl4/.m2/repository/org/apache/maven/doxia/doxia-decoration-model/1.1.3/doxia-decoration-model-1.1.3.jar
7f08bfbf2000-7f08bfbf4000 r--s 00006000 00:18 53610245                   /gpfs/nbu/people/ajl4/.m2/repository/commons-codec/commons-codec/1.2/commons-codec-1.2.jar
7f08bfbf4000-7f08bfbfa000 r--s 00045000 00:18 53610243                   /gpfs/nbu/people/ajl4/.m2/repository/commons-httpclient/commons-httpclient/3.1/commons-httpclient-3.1.jar
7f08bfbfa000-7f08bfbfb000 r--s 00002000 00:18 53610028                   /gpfs/nbu/people/ajl4/.m2/repository/org/apache/maven/doxia/doxia-logging-api/1.1.3/doxia-logging-api-1.1.3.jar
7f08bfbfb000-7f08bfbfe000 r--s 00024000 00:18 53610023                   /gpfs/nbu/people/ajl4/.m2/repository/org/apache/maven/doxia/doxia-core/1.1.3/doxia-core-1.1.3.jar
7f08bfbfe000-7f08bfdfe000 rw-p 00000000 00:00 0 
7f08bfdfe000-7f08bfe01000 ---p 00000000 00:00 0 
7f08bfe01000-7f08bfeff000 rw-p 00000000 00:00 0 
7f08bfeff000-7f08bff02000 ---p 00000000 00:00 0 
7f08bff02000-7f08c0000000 rw-p 00000000 00:00 0 
7f08c0000000-7f08c2985000 rw-p 00000000 00:00 0 
7f08c2985000-7f08c4000000 ---p 00000000 00:00 0 
7f08c4000000-7f08c4001000 r--p 00000000 00:00 0 
7f08c4001000-7f08c4053000 r--s 004ce000 00:18 53609692                   /gpfs/nbu/people/ajl4/.m2/repository/org/codehaus/groovy/groovy-all/1.7.4/groovy-all-1.7.4.jar
7f08c4053000-7f08c4056000 r--s 00014000 00:18 53610006                   /gpfs/nbu/people/ajl4/.m2/repository/commons-validator/commons-validator/1.2.0/commons-validator-1.2.0.jar
7f08c4056000-7f08c4058000 r--s 00011000 00:18 53610011                   /gpfs/nbu/people/ajl4/.m2/repository/org/sonatype/gossip/gossip/1.2/gossip-1.2.jar
7f08c4058000-7f08c4059000 r--s 00005000 00:18 53610239                   /gpfs/nbu/people/ajl4/.m2/repository/org/slf4j/slf4j-api/1.5.10/slf4j-api-1.5.10.jar
7f08c4059000-7f08c405b000 r--s 00008000 00:18 53610238                   /gpfs/nbu/people/ajl4/.m2/repository/org/apache/maven/shared/maven-shared-io/1.1/maven-shared-io-1.1.jar
7f08c405b000-7f08c405d000 r--s 00008000 00:18 53610235                   /gpfs/nbu/people/ajl4/.m2/repository/org/apache/maven/shared/file-management/1.2.1/file-management-1.2.1.jar
7f08c405d000-7f08c4061000 r--s 00028000 00:18 53610233                   /gpfs/nbu/people/ajl4/.m2/repository/com/thoughtworks/qdox/qdox/1.12/qdox-1.12.jar
7f08c4061000-7f08c4063000 r--s 00006000 00:18 53610232                   /gpfs/nbu/people/ajl4/.m2/repository/org/sonatype/gshell/gshell-io/2.4/gshell-io-2.4.jar
7f08c4063000-7f08c4066000 r--s 00011000 00:18 53610231                   /gpfs/nbu/people/ajl4/.m2/repository/org/codehaus/gmaven/runtime/gmaven-runtime-support/1.4/gmaven-runtime-support-1.4.jar
7f08c4066000-7f08c4068000 r--s 00005000 00:18 53610227                   /gpfs/nbu/people/ajl4/.m2/repository/org/codehaus/gmaven/runtime/gmaven-runtime-loader/1.4/gmaven-runtime-loader-1.4.jar
7f08c4068000-7f08c406a000 r--s 00010000 00:18 53610225                   /gpfs/nbu/people/ajl4/.m2/repository/org/codehaus/gmaven/gmaven-plugin/1.4/gmaven-plugin-1.4.jar
7f08c406a000-7f08c406c000 r--s 00007000 00:18 53610223                   /gpfs/nbu/people/ajl4/.m2/repository/org/codehaus/plexus/plexus-interpolation/1.1/plexus-interpolation-1.1.jar
7f08c406c000-7f08c406e000 r--s 00014000 00:18 53610221                   /gpfs/nbu/people/ajl4/.m2/repository/jline/jline/0.9.94/jline-0.9.94.jar
7f08c406e000-7f08c4070000 r--s 00002000 00:18 53610222                   /gpfs/nbu/people/ajl4/.m2/repository/org/apache/ant/ant-launcher/1.8.2/ant-launcher-1.8.2.jar
7f08c4070000-7f08c408e000 r--s 001bb000 00:18 53610219                   /gpfs/nbu/people/ajl4/.m2/repository/org/apache/ant/ant/1.8.2/ant-1.8.2.jar
7f08c408e000-7f08c40b6000 r--s 0029a000 00:18 53610215                   /gpfs/nbu/people/ajl4/.m2/repository/org/codehaus/groovy/groovy-all-minimal/1.5.8/groovy-all-minimal-1.5.8.jar
7f08c40b6000-7f08c40b8000 r--s 00002000 00:18 53610212                   /gpfs/nbu/people/ajl4/.m2/repository/org/codehaus/gmaven/feature/gmaven-feature-support/1.4/gmaven-feature-support-1.4.jar
7f08c40b8000-7f08c40bb000 r--s 00009000 00:18 53610214                   /gpfs/nbu/people/ajl4/.m2/repository/org/codehaus/gmaven/runtime/gmaven-runtime-1.5/1.4/gmaven-runtime-1.5-1.4.jar
7f08c40bb000-7f08c40bd000 r--s 00003000 00:18 53610210                   /gpfs/nbu/people/ajl4/.m2/repository/org/codehaus/gmaven/feature/gmaven-feature-api/1.4/gmaven-feature-api-1.4.jar
7f08c40bd000-7f08c40bf000 r--s 00004000 00:18 53610213                   /gpfs/nbu/people/ajl4/.m2/repository/org/codehaus/gmaven/runtime/gmaven-runtime-api/1.4/gmaven-runtime-api-1.4.jar
7f08c40bf000-7f08c40c0000 r--s 00002000 00:18 53610209                   /gpfs/nbu/people/ajl4/.m2/repository/org/codehaus/gmaven/gmaven-mojo/1.4/gmaven-mojo-1.4.jar
7f08c40c0000-7f08c40c3000 r--s 0001e000 00:18 53609799                   /gpfs/nbu/people/ajl4/.m2/repository/org/codehaus/mojo/findbugs-maven-plugin/3.0.0/findbugs-maven-plugin-3.0.0.jar
7f08c40c3000-7f08c40c6000 ---p 00000000 00:00 0 
7f08c40c6000-7f08c41c4000 rw-p 00000000 00:00 0 
7f08c41c4000-7f08c41c7000 ---p 00000000 00:00 0 
7f08c41c7000-7f08c44c5000 rw-p 00000000 00:00 0 
7f08c44c5000-7f08c44c8000 r--s 00014000 00:18 53609564                   /gpfs/nbu/people/ajl4/.m2/repository/net/sourceforge/pmd/pmd-jsp/5.2.1/pmd-jsp-5.2.1.jar
7f08c44c8000-7f08c44d5000 r--s 00109000 00:18 53609560                   /gpfs/nbu/people/ajl4/.m2/repository/org/mozilla/rhino/1.7R4/rhino-1.7R4.jar
7f08c44d5000-7f08c44d9000 r--s 00014000 00:18 53609782                   /gpfs/nbu/people/ajl4/.m2/repository/net/sourceforge/pmd/pmd-javascript/5.2.1/pmd-javascript-5.2.1.jar
7f08c44d9000-7f08c44e2000 r--s 0002d000 00:18 53609780                   /gpfs/nbu/people/ajl4/.m2/repository/xml-apis/xml-apis/1.4.01/xml-apis-1.4.01.jar
7f08c44e2000-7f08c44fb000 r--s 00135000 00:18 53609779                   /gpfs/nbu/people/ajl4/.m2/repository/xerces/xercesImpl/2.11.0/xercesImpl-2.11.0.jar
7f08c44fb000-7f08c4508000 r--s 000a0000 00:18 53609777                   /gpfs/nbu/people/ajl4/.m2/repository/net/sourceforge/pmd/pmd-java/5.2.1/pmd-java-5.2.1.jar
7f08c4508000-7f08c450a000 r--s 0001e000 00:18 53609774                   /gpfs/nbu/people/ajl4/.m2/repository/net/sourceforge/saxon/saxon/9.1.0.8/saxon-9.1.0.8-dom.jar
7f08c450a000-7f08c450b000 r--s 0000c000 00:18 53609771                   /gpfs/nbu/people/ajl4/.m2/repository/org/ow2/asm/asm/5.0.3/asm-5.0.3.jar
7f08c450b000-7f08c4512000 r--s 0005e000 00:18 53609772                   /gpfs/nbu/people/ajl4/.m2/repository/org/apache/commons/commons-lang3/3.3.2/commons-lang3-3.3.2.jar
7f08c4512000-7f08c452d000 r--s 004b6000 00:18 53609770                   /gpfs/nbu/people/ajl4/.m2/repository/net/sourceforge/saxon/saxon/9.1.0.8/saxon-9.1.0.8.jar
7f08c452d000-7f08c4531000 r--s 00045000 00:18 53609767                   /gpfs/nbu/people/ajl4/.m2/repository/net/java/dev/javacc/javacc/5.0/javacc-5.0.jar
7f08c4531000-7f08c4537000 r--s 00032000 00:18 53609764                   /gpfs/nbu/people/ajl4/.m2/repository/jaxen/jaxen/1.1.4/jaxen-1.1.4.jar
7f08c4537000-7f08c453b000 r--s 0002a000 00:18 53609763                   /gpfs/nbu/people/ajl4/.m2/repository/commons-io/commons-io/2.4/commons-io-2.4.jar
7f08c453b000-7f08c453d000 r--s 0000d000 00:18 53609760                   /gpfs/nbu/people/ajl4/.m2/repository/com/beust/jcommander/1.35/jcommander-1.35.jar
7f08c453d000-7f08c454a000 r--s 00096000 00:18 53609759                   /gpfs/nbu/people/ajl4/.m2/repository/net/sourceforge/pmd/pmd-core/5.2.1/pmd-core-5.2.1.jar
7f08c454a000-7f08c454e000 r--s 00035000 00:18 53609758                   /gpfs/nbu/people/ajl4/.m2/repository/org/codehaus/plexus/plexus-utils/3.0.9/plexus-utils-3.0.9.jar
7f08c454e000-7f08c4553000 r--s 00048000 00:18 53609757                   /gpfs/nbu/people/ajl4/.m2/repository/dom4j/dom4j/1.6.1/dom4j-1.6.1.jar
7f08c4553000-7f08c4753000 rw-p 00000000 00:00 0 
7f08c4753000-7f08c4755000 r--s 00003000 00:18 53609756                   /gpfs/nbu/people/ajl4/.m2/repository/org/apache/maven/reporting/maven-reporting-impl/2.2/maven-reporting-impl-2.2.jar
7f08c4755000-7f08c4758000 r--s 00018000 00:18 53609558                   /gpfs/nbu/people/ajl4/.m2/repository/org/apache/maven/plugins/maven-pmd-plugin/3.3/maven-pmd-plugin-3.3.jar
7f08c4758000-7f08c477f000 r--s 001c3000 00:18 53609655                   /gpfs/nbu/people/ajl4/.m2/repository/com/google/guava/guava-jdk5/14.0.1/guava-jdk5-14.0.1.jar
7f08c477f000-7f08c4783000 r--s 0002f000 00:18 53609654                   /gpfs/nbu/people/ajl4/.m2/repository/commons-beanutils/commons-beanutils-core/1.8.3/commons-beanutils-core-1.8.3.jar
7f08c4783000-7f08c4788000 r--s 00068000 00:18 53609652                   /gpfs/nbu/people/ajl4/.m2/repository/antlr/antlr/2.7.7/antlr-2.7.7.jar
7f08c4788000-7f08c4798000 r--s 00092000 00:18 53609649                   /gpfs/nbu/people/ajl4/.m2/repository/com/puppycrawl/tools/checkstyle/5.7/checkstyle-5.7.jar
7f08c4798000-7f08c479b000 r--s 0000d000 00:18 53609646                   /gpfs/nbu/people/ajl4/.m2/repository/org/codehaus/plexus/plexus-interpolation/1.19/plexus-interpolation-1.19.jar
7f08c479b000-7f08c479d000 r--s 00004000 00:18 53609648                   /gpfs/nbu/people/ajl4/.m2/repository/org/codehaus/plexus/plexus-resources/1.0-alpha-7/plexus-resources-1.0-alpha-7.jar
7f08c479d000-7f08c479e000 r--s 0000a000 00:18 53609647                   /gpfs/nbu/people/ajl4/.m2/repository/org/apache/maven/doxia/doxia-integration-tools/1.6/doxia-integration-tools-1.6.jar
7f08c479e000-7f08c47a0000 r--s 0001a000 00:18 53609569                   /gpfs/nbu/people/ajl4/.m2/repository/org/apache/maven/plugins/maven-checkstyle-plugin/2.13/maven-checkstyle-plugin-2.13.jar
7f08c47a0000-7f08c49a0000 rw-p 00000000 00:00 0 
7f08c49a0000-7f08c49a4000 r--s 00037000 00:18 52782046                   /gpfs/nbu/people/ajl4/.m2/repository/org/codehaus/plexus/plexus-utils/3.0.15/plexus-utils-3.0.15.jar
7f08c49a4000-7f08c49ab000 r--s 00053000 00:18 52782041                   /gpfs/nbu/people/ajl4/.m2/repository/org/apache/commons/commons-compress/1.8.1/commons-compress-1.8.1.jar
7f08c49ab000-7f08c49ad000 r--s 0000d000 00:18 52781768                   /gpfs/nbu/people/ajl4/.m2/repository/org/codehaus/plexus/plexus-io/2.0.12/plexus-io-2.0.12.jar
7f08c49ad000-7f08c49b0000 r--s 0001c000 00:18 53609540                   /gpfs/nbu/people/ajl4/.m2/repository/org/codehaus/plexus/plexus-archiver/2.5/plexus-archiver-2.5.jar
7f08c49b0000-7f08c49b4000 r--s 00028000 00:18 53609537                   /gpfs/nbu/people/ajl4/.m2/repository/com/thoughtworks/qdox/qdox/1.12.1/qdox-1.12.1.jar
7f08c49b4000-7f08c49bb000 r--s 00053000 00:18 53609538                   /gpfs/nbu/people/ajl4/.m2/repository/log4j/log4j/1.2.14/log4j-1.2.14.jar
7f08c49bb000-7f08c49c1000 r--s 00033000 00:18 53609534                   /gpfs/nbu/people/ajl4/.m2/repository/commons-codec/commons-codec/1.6/commons-codec-1.6.jar
7f08c49c1000-7f08c49c7000 r--s 00031000 00:18 53609532                   /gpfs/nbu/people/ajl4/.m2/repository/org/apache/httpcomponents/httpcore/4.2.2/httpcore-4.2.2.jar
7f08c49c7000-7f08c49d0000 r--s 00061000 00:18 53609531                   /gpfs/nbu/people/ajl4/.m2/repository/org/apache/httpcomponents/httpclient/4.2.3/httpclient-4.2.3.jar
7f08c49d0000-7f08c49d4000 r--s 00027000 00:18 53609528                   /gpfs/nbu/people/ajl4/.m2/repository/commons-io/commons-io/2.2/commons-io-2.2.jar
7f08c49d4000-7f08c49d8000 r--s 0003c000 00:18 53609529                   /gpfs/nbu/people/ajl4/.m2/repository/commons-lang/commons-lang/2.4/commons-lang-2.4.jar
7f08c49d8000-7f08c49da000 r--s 00004000 00:18 53609526                   /gpfs/nbu/people/ajl4/.m2/repository/org/apache/maven/doxia/doxia-module-xhtml/1.0/doxia-module-xhtml-1.0.jar
7f08c49da000-7f08c49db000 r--s 00006000 00:18 53609523                   /gpfs/nbu/people/ajl4/.m2/repository/org/apache/maven/doxia/doxia-module-xdoc/1.0/doxia-module-xdoc-1.0.jar
7f08c49db000-7f08c49dc000 r--s 00004000 00:18 53609521                   /gpfs/nbu/people/ajl4/.m2/repository/org/apache/maven/doxia/doxia-module-fml/1.0/doxia-module-fml-1.0.jar
7f08c49dc000-7f08c49de000 r--s 0000a000 00:18 53609519                   /gpfs/nbu/people/ajl4/.m2/repository/org/apache/maven/doxia/doxia-module-apt/1.0/doxia-module-apt-1.0.jar
7f08c49de000-7f08c49eb000 r--s 0007f000 00:18 53609516                   /gpfs/nbu/people/ajl4/.m2/repository/commons-collections/commons-collections/3.2/commons-collections-3.2.jar
7f08c49eb000-7f08c49ec000 r--s 0000b000 00:18 53609515                   /gpfs/nbu/people/ajl4/.m2/repository/org/apache/maven/doxia/doxia-decoration-model/1.0/doxia-decoration-model-1.0.jar
7f08c49ec000-7f08c49ef000 r--s 0000b000 00:18 53609514                   /gpfs/nbu/people/ajl4/.m2/repository/org/apache/maven/doxia/doxia-core/1.0/doxia-core-1.0.jar
7f08c49ef000-7f08c49f1000 r--s 00006000 00:18 53609513                   /gpfs/nbu/people/ajl4/.m2/repository/org/apache/maven/shared/maven-common-artifact-filters/1.3/maven-common-artifact-filters-1.3.jar
7f08c49f1000-7f08c49f2000 r--s 00006000 00:18 52782015                   /gpfs/nbu/people/ajl4/.m2/repository/org/apache/maven/shared/maven-invoker/2.0.9/maven-invoker-2.0.9.jar
7f08c49f2000-7f08c49f4000 r--s 00004000 00:18 52781999                   /gpfs/nbu/people/ajl4/.m2/repository/org/apache/maven/maven-archiver/2.5/maven-archiver-2.5.jar
7f08c49f4000-7f08c49f6000 r--s 00002000 00:18 53609512                   /gpfs/nbu/people/ajl4/.m2/repository/org/codehaus/plexus/plexus-interactivity-api/1.0-alpha-4/plexus-interactivity-api-1.0-alpha-4.jar
7f08c49f6000-7f08c49f8000 r--s 00009000 00:18 53609511                   /gpfs/nbu/people/ajl4/.m2/repository/commons-cli/commons-cli/1.2/commons-cli-1.2.jar
7f08c49f8000-7f08c49fa000 r--s 00003000 00:18 52781994                   /gpfs/nbu/people/ajl4/.m2/repository/org/slf4j/jcl-over-slf4j/1.5.6/jcl-over-slf4j-1.5.6.jar
7f08c49fa000-7f08c49fc000 r--s 00004000 00:18 53609510                   /gpfs/nbu/people/ajl4/.m2/repository/org/slf4j/slf4j-api/1.5.6/slf4j-api-1.5.6.jar
7f08c49fc000-7f08c49fe000 r--s 00001000 00:18 53609508                   /gpfs/nbu/people/ajl4/.m2/repository/org/slf4j/slf4j-jdk14/1.5.6/slf4j-jdk14-1.5.6.jar
7f08c49fe000-7f08c4a01000 r--s 00062000 00:18 52781627                   /gpfs/nbu/people/ajl4/.m2/repository/org/apache/maven/plugins/maven-javadoc-plugin/2.10.1/maven-javadoc-plugin-2.10.1.jar
7f08c4a01000-7f08c4a1f000 r--s 0027d000 00:18 52781736                   /gpfs/nbu/people/ajl4/.m2/repository/xalan/xalan/2.7.0/xalan-2.7.0.jar
7f08c4a1f000-7f08c4a24000 r--s 00016000 00:18 52781735                   /gpfs/nbu/people/ajl4/.m2/repository/xml-apis/xml-apis/1.0.b2/xml-apis-1.0.b2.jar
7f08c4a24000-7f08c4a28000 r--s 00038000 00:18 52781731                   /gpfs/nbu/people/ajl4/.m2/repository/org/codehaus/plexus/plexus-utils/3.0.20/plexus-utils-3.0.20.jar
7f08c4a28000-7f08c4a2a000 r--s 00008000 00:18 52781730                   /gpfs/nbu/people/ajl4/.m2/repository/commons-logging/commons-logging/1.0.4/commons-logging-1.0.4.jar
7f08c4a2a000-7f08c4a2e000 r--s 00026000 00:18 52781728                   /gpfs/nbu/people/ajl4/.m2/repository/commons-digester/commons-digester/1.6/commons-digester-1.6.jar
7f08c4a2e000-7f08c4a32000 r--s 00022000 00:18 52781726                   /gpfs/nbu/people/ajl4/.m2/repository/org/apache/maven/doxia/doxia-core/1.2/doxia-core-1.2.jar
7f08c4a32000-7f08c4a36000 r--s 00025000 00:18 52781725                   /gpfs/nbu/people/ajl4/.m2/repository/org/apache/maven/shared/maven-shared-utils/0.6/maven-shared-utils-0.6.jar
7f08c4a36000-7f08c4a37000 r--s 00004000 00:18 52781720                   /gpfs/nbu/people/ajl4/.m2/repository/org/apache/maven/reporting/maven-reporting-impl/2.3/maven-reporting-impl-2.3.jar
7f08c4a37000-7f08c4a39000 r--s 0000b000 00:18 52781717                   /gpfs/nbu/people/ajl4/.m2/repository/org/codehaus/plexus/plexus-interpolation/1.11/plexus-interpolation-1.11.jar
7f08c4a39000-7f08c4a3c000 r--s 00024000 00:18 52781719                   /gpfs/nbu/people/ajl4/.m2/repository/commons-io/commons-io/2.0.1/commons-io-2.0.1.jar
7f08c4a3c000-7f08c4a3e000 r--s 0000a000 00:18 52781718                   /gpfs/nbu/people/ajl4/.m2/repository/org/apache/maven/maven-jxr/2.5/maven-jxr-2.5.jar
7f08c4a3e000-7f08c4a42000 r--s 0002f000 00:18 52781721                   /gpfs/nbu/people/ajl4/.m2/repository/commons-lang/commons-lang/2.1/commons-lang-2.1.jar
7f08c4a42000-7f08c4a44000 r--s 00009000 00:18 52781669                   /gpfs/nbu/people/ajl4/.m2/repository/org/apache/maven/plugins/maven-jxr-plugin/2.5/maven-jxr-plugin-2.5.jar
7f08c4a44000-7f08c4c44000 rw-p 00000000 00:00 0 
7f08c4c44000-7f08c4c53000 r--s 00076000 00:18 52781615                   /gpfs/nbu/people/ajl4/.m2/repository/joda-time/joda-time/1.6.2/joda-time-1.6.2.jar
7f08c4c53000-7f08c4c58000 r--s 00034000 00:18 52781612                   /gpfs/nbu/people/ajl4/.m2/repository/commons-beanutils/commons-beanutils/1.8.3/commons-beanutils-1.8.3.jar
7f08c4c58000-7f08c4c5c000 r--s 00028000 00:18 52781610                   /gpfs/nbu/people/ajl4/.m2/repository/commons-validator/commons-validator/1.4.0/commons-validator-1.4.0.jar
7f08c4c5c000-7f08c4c5e000 r--s 0000b000 00:18 52781608                   /gpfs/nbu/people/ajl4/.m2/repository/org/codehaus/plexus/plexus-interpolation/1.9/plexus-interpolation-1.9.jar
7f08c4c5e000-7f08c4c62000 r--s 00035000 00:18 52781606                   /gpfs/nbu/people/ajl4/.m2/repository/org/codehaus/plexus/plexus-utils/3.0.8/plexus-utils-3.0.8.jar
7f08c4c62000-7f08c4c63000 r--s 00001000 00:18 52781604                   /gpfs/nbu/people/ajl4/.m2/repository/org/codehaus/plexus/plexus-velocity/1.1.7/plexus-velocity-1.1.7.jar
7f08c4c63000-7f08c4c65000 r--s 00008000 00:18 52781605                   /gpfs/nbu/people/ajl4/.m2/repository/org/apache/maven/doxia/doxia-module-fml/1.2/doxia-module-fml-1.2.jar
7f08c4c65000-7f08c4c67000 r--s 0000d000 00:18 52781599                   /gpfs/nbu/people/ajl4/.m2/repository/org/apache/maven/doxia/doxia-decoration-model/1.2/doxia-decoration-model-1.2.jar
7f08c4c67000-7f08c4c69000 r--s 00008000 00:18 52781598                   /gpfs/nbu/people/ajl4/.m2/repository/org/apache/maven/scm/maven-scm-provider-git-commons/1.8/maven-scm-provider-git-commons-1.8.jar
7f08c4c69000-7f08c4c6c000 r--s 0000d000 00:18 52781596                   /gpfs/nbu/people/ajl4/.m2/repository/org/apache/maven/scm/maven-scm-provider-gitexe/1.8/maven-scm-provider-gitexe-1.8.jar
7f08c4c6c000-7f08c4c70000 r--s 00038000 00:18 52781593                   /gpfs/nbu/people/ajl4/.m2/repository/ch/ethz/ganymed/ganymed-ssh2/build210/ganymed-ssh2-build210.jar
7f08c4c70000-7f08c4c78000 r--s 00090000 00:18 52781591                   /gpfs/nbu/people/ajl4/.m2/repository/org/netbeans/lib/cvsclient/20060125/cvsclient-20060125.jar
7f08c4c78000-7f08c4c7a000 r--s 00009000 00:18 52781590                   /gpfs/nbu/people/ajl4/.m2/repository/org/apache/maven/scm/maven-scm-provider-cvsjava/1.8/maven-scm-provider-cvsjava-1.8.jar
7f08c4c7a000-7f08c4c7c000 r--s 00006000 00:18 52781592                   /gpfs/nbu/people/ajl4/.m2/repository/org/apache/maven/scm/maven-scm-provider-cvsexe/1.8/maven-scm-provider-cvsexe-1.8.jar
7f08c4c7c000-7f08c4c7f000 r--s 00011000 00:18 52781586                   /gpfs/nbu/people/ajl4/.m2/repository/org/apache/maven/scm/maven-scm-provider-cvs-commons/1.8/maven-scm-provider-cvs-commons-1.8.jar
7f08c4c7f000-7f08c4c84000 r--s 00041000 00:18 52781584                   /gpfs/nbu/people/ajl4/.m2/repository/commons-lang/commons-lang/2.6/commons-lang-2.6.jar
7f08c4c84000-7f08c4c87000 r--s 00010000 00:18 52781583                   /gpfs/nbu/people/ajl4/.m2/repository/org/apache/maven/scm/maven-scm-provider-svnexe/1.8/maven-scm-provider-svnexe-1.8.jar
7f08c4c87000-7f08c4c89000 r--s 00008000 00:18 52781582                   /gpfs/nbu/people/ajl4/.m2/repository/org/apache/maven/scm/maven-scm-provider-svn-commons/1.8/maven-scm-provider-svn-commons-1.8.jar
7f08c4c89000-7f08c4c8c000 r--s 00010000 00:18 52781580                   /gpfs/nbu/people/ajl4/.m2/repository/org/apache/maven/scm/maven-scm-provider-starteam/1.8/maven-scm-provider-starteam-1.8.jar
7f08c4c8c000-7f08c4c8e000 r--s 00012000 00:18 52781576                   /gpfs/nbu/people/ajl4/.m2/repository/org/apache/maven/scm/maven-scm-provider-perforce/1.8/maven-scm-provider-perforce-1.8.jar
7f08c4c8e000-7f08c4c90000 r--s 00005000 00:18 52781574                   /gpfs/nbu/people/ajl4/.m2/repository/regexp/regexp/1.3/regexp-1.3.jar
7f08c4c90000-7f08c4c93000 r--s 0000e000 00:18 52781474                   /gpfs/nbu/people/ajl4/.m2/repository/org/apache/maven/scm/maven-scm-provider-hg/1.8/maven-scm-provider-hg-1.8.jar
7f08c4c93000-7f08c4c94000 r--s 00002000 00:18 52781459                   /gpfs/nbu/people/ajl4/.m2/repository/org/apache/maven/scm/maven-scm-manager-plexus/1.8/maven-scm-manager-plexus-1.8.jar
7f08c4c94000-7f08c4c98000 r--s 00016000 00:18 52781468                   /gpfs/nbu/people/ajl4/.m2/repository/org/apache/maven/scm/maven-scm-api/1.8/maven-scm-api-1.8.jar
7f08c4c98000-7f08c4c9d000 r--s 00040000 00:18 52781447                   /gpfs/nbu/people/ajl4/.m2/repository/org/jsoup/jsoup/1.6.1/jsoup-1.6.1.jar
7f08c4c9d000-7f08c4c9f000 r--s 00005000 00:18 52781571                   /gpfs/nbu/people/ajl4/.m2/repository/org/apache/maven/wagon/wagon-http-shared/1.0/wagon-http-shared-1.0.jar
7f08c4c9f000-7f08c4ca0000 r--s 00003000 00:18 52781570                   /gpfs/nbu/people/ajl4/.m2/repository/org/apache/maven/wagon/wagon-http-lightweight/1.0/wagon-http-lightweight-1.0.jar
7f08c4ca0000-7f08c4ca1000 r--s 00002000 00:18 52781566                   /gpfs/nbu/people/ajl4/.m2/repository/org/apache/maven/wagon/wagon-file/1.0/wagon-file-1.0.jar
7f08c4ca1000-7f08c4ca2000 r--s 00002000 00:18 52781565                   /gpfs/nbu/people/ajl4/.m2/repository/org/codehaus/plexus/plexus-interactivity-api/1.0-alpha-6/plexus-interactivity-api-1.0-alpha-6.jar
7f08c4ca2000-7f08c4ca4000 r--s 00005000 00:18 52781562                   /gpfs/nbu/people/ajl4/.m2/repository/org/apache/maven/wagon/wagon-ssh-common/1.0/wagon-ssh-common-1.0.jar
7f08c4ca4000-7f08c4ca8000 r--s 00031000 00:18 52781560                   /gpfs/nbu/people/ajl4/.m2/repository/com/jcraft/jsch/0.1.44-1/jsch-0.1.44-1.jar
7f08c4ca8000-7f08c4ca9000 r--s 00006000 00:18 52781559                   /gpfs/nbu/people/ajl4/.m2/repository/org/apache/maven/wagon/wagon-ssh/1.0/wagon-ssh-1.0.jar
7f08c4ca9000-7f08c4cb6000 r--s 0007c000 00:18 52781557                   /gpfs/nbu/people/ajl4/.m2/repository/commons-collections/commons-collections/3.1/commons-collections-3.1.jar
7f08c4cb6000-7f08c4cb7000 r--s 00006000 00:18 52781555                   /gpfs/nbu/people/ajl4/.m2/repository/jakarta-regexp/jakarta-regexp/1.4/jakarta-regexp-1.4.jar
7f08c4cb7000-7f08c4cc1000 r--s 00079000 00:18 52781554                   /gpfs/nbu/people/ajl4/.m2/repository/org/apache/bcel/bcel/5.2/bcel-5.2.jar
7f08c4cc1000-7f08c4cc2000 r--s 00002000 00:18 52781551                   /gpfs/nbu/people/ajl4/.m2/repository/org/codehaus/plexus/plexus-digest/1.0/plexus-digest-1.0.jar
7f08c4cc2000-7f08c4cc4000 r--s 00008000 00:18 52781548                   /gpfs/nbu/people/ajl4/.m2/repository/org/apache/maven/shared/maven-shared-jar/1.1/maven-shared-jar-1.1.jar
7f08c4cc4000-7f08c4cc6000 r--s 0000a000 00:18 52781441                   /gpfs/nbu/people/ajl4/.m2/repository/org/apache/maven/shared/maven-doxia-tools/1.4/maven-doxia-tools-1.4.jar
7f08c4cc6000-7f08c4cc9000 r--s 0000c000 00:18 52781436                   /gpfs/nbu/people/ajl4/.m2/repository/org/apache/maven/shared/maven-dependency-tree/2.1/maven-dependency-tree-2.1.jar
7f08c4cc9000-7f08c4cd1000 r--s 00049000 00:18 52781547                   /gpfs/nbu/people/ajl4/.m2/repository/backport-util-concurrent/backport-util-concurrent/3.1/backport-util-concurrent-3.1.jar
7f08c4cd1000-7f08c4cd3000 r--s 00003000 00:18 52781546                   /gpfs/nbu/people/ajl4/.m2/repository/org/apache/maven/reporting/maven-reporting-impl/2.1/maven-reporting-impl-2.1.jar
7f08c4cd3000-7f08c4cd5000 r--s 0001a000 00:14 135783392                  /gpfs/main/course/cs032/bin/jdk1.8.0_25/jre/lib/jce.jar
7f08c4cd5000-7f08c4cd8000 r--s 00042000 00:18 52781058                   /gpfs/nbu/people/ajl4/.m2/repository/org/apache/maven/plugins/maven-project-info-reports-plugin/2.7/maven-project-info-reports-plugin-2.7.jar
7f08c4cd8000-7f08c4ed8000 rw-p 00000000 00:00 0 
7f08c4ed8000-7f08c4edb000 r--s 00018000 00:18 51953608                   /gpfs/nbu/people/ajl4/.m2/repository/commons-io/commons-io/1.4/commons-io-1.4.jar
7f08c4edb000-7f08c4ee0000 r--s 00040000 00:18 51953606                   /gpfs/nbu/people/ajl4/.m2/repository/commons-lang/commons-lang/2.5/commons-lang-2.5.jar
7f08c4ee0000-7f08c4ee4000 r--s 00028000 00:18 51953603                   /gpfs/nbu/people/ajl4/.m2/repository/org/mortbay/jetty/jetty-util/6.1.25/jetty-util-6.1.25.jar
7f08c4ee4000-7f08c4ee6000 r--s 0001f000 00:18 51953601                   /gpfs/nbu/people/ajl4/.m2/repository/org/mortbay/jetty/servlet-api/2.5-20081211/servlet-api-2.5-20081211.jar
7f08c4ee6000-7f08c4eed000 r--s 0007d000 00:18 51953600                   /gpfs/nbu/people/ajl4/.m2/repository/org/mortbay/jetty/jetty/6.1.25/jetty-6.1.25.jar
7f08c4eed000-7f08c4ef2000 r--s 00040000 00:18 51953598                   /gpfs/nbu/people/ajl4/.m2/repository/org/codehaus/plexus/plexus-utils/1.5.10/plexus-utils-1.5.10.jar
7f08c4ef2000-7f08c4ef3000 r--s 00001000 00:18 51953596                   /gpfs/nbu/people/ajl4/.m2/repository/org/codehaus/plexus/plexus-velocity/1.1.8/plexus-velocity-1.1.8.jar
7f08c4ef3000-7f08c4ef5000 r--s 0000e000 00:18 51953372                   /gpfs/nbu/people/ajl4/.m2/repository/oro/oro/2.0.8/oro-2.0.8.jar
7f08c4ef5000-7f08c4efd000 r--s 00058000 00:18 51953367                   /gpfs/nbu/people/ajl4/.m2/repository/org/apache/velocity/velocity/1.5/velocity-1.5.jar
7f08c4efd000-7f08c4efe000 r--s 00002000 00:18 51953355                   /gpfs/nbu/people/ajl4/.m2/repository/org/codehaus/plexus/plexus-i18n/1.0-beta-7/plexus-i18n-1.0-beta-7.jar
7f08c4efe000-7f08c4f01000 r--s 0000a000 00:18 51953349                   /gpfs/nbu/people/ajl4/.m2/repository/org/codehaus/plexus/plexus-io/1.0/plexus-io-1.0.jar
7f08c4f01000-7f08c4f05000 r--s 00028000 00:18 51953338                   /gpfs/nbu/people/ajl4/.m2/repository/org/codehaus/plexus/plexus-archiver/1.0/plexus-archiver-1.0.jar
7f08c4f05000-7f08c4f07000 r--s 0000a000 00:18 51953327                   /gpfs/nbu/people/ajl4/.m2/repository/org/apache/maven/doxia/doxia-integration-tools/1.5/doxia-integration-tools-1.5.jar
7f08c4f07000-7f08c4f15000 r--s 0007f000 00:18 51953321                   /gpfs/nbu/people/ajl4/.m2/repository/commons-collections/commons-collections/3.2.1/commons-collections-3.2.1.jar
7f08c4f15000-7f08c4f18000 r--s 0001b000 00:18 51953594                   /gpfs/nbu/people/ajl4/.m2/repository/org/apache/struts/struts-tiles/1.3.8/struts-tiles-1.3.8.jar
7f08c4f18000-7f08c4f1d000 r--s 00039000 00:18 51953593                   /gpfs/nbu/people/ajl4/.m2/repository/org/apache/struts/struts-taglib/1.3.8/struts-taglib-1.3.8.jar
7f08c4f1d000-7f08c4f22000 r--s 00053000 00:18 51953591                   /gpfs/nbu/people/ajl4/.m2/repository/antlr/antlr/2.7.2/antlr-2.7.2.jar
7f08c4f22000-7f08c4f28000 r--s 0004b000 00:18 51953589                   /gpfs/nbu/people/ajl4/.m2/repository/org/apache/struts/struts-core/1.3.8/struts-core-1.3.8.jar
7f08c4f28000-7f08c4f2a000 r--s 00005000 00:18 51953586                   /gpfs/nbu/people/ajl4/.m2/repository/sslext/sslext/1.2-0/sslext-1.2-0.jar
7f08c4f2a000-7f08c4f32000 r--s 00068000 00:18 51953585                   /gpfs/nbu/people/ajl4/.m2/repository/dom4j/dom4j/1.1/dom4j-1.1.jar
7f08c4f32000-7f08c4f35000 r--s 0001f000 00:18 51953584                   /gpfs/nbu/people/ajl4/.m2/repository/commons-validator/commons-validator/1.3.1/commons-validator-1.3.1.jar
7f08c4f35000-7f08c4f37000 r--s 00014000 00:18 51953580                   /gpfs/nbu/people/ajl4/.m2/repository/commons-chain/commons-chain/1.1/commons-chain-1.1.jar
7f08c4f37000-7f08c4f3b000 r--s 00020000 00:18 51953578                   /gpfs/nbu/people/ajl4/.m2/repository/commons-digester/commons-digester/1.8/commons-digester-1.8.jar
7f08c4f3b000-7f08c4f40000 r--s 0002a000 00:18 51953577                   /gpfs/nbu/people/ajl4/.m2/repository/commons-beanutils/commons-beanutils/1.7.0/commons-beanutils-1.7.0.jar
7f08c4f40000-7f08c4f46000 r--s 0004f000 00:18 51953574                   /gpfs/nbu/people/ajl4/.m2/repository/org/apache/velocity/velocity-tools/2.0/velocity-tools-2.0.jar
7f08c4f46000-7f08c4f48000 r--s 0000b000 00:18 51953573                   /gpfs/nbu/people/ajl4/.m2/repository/org/apache/maven/doxia/doxia-site-renderer/1.4/doxia-site-renderer-1.4.jar
7f08c4f48000-7f08c4f49000 r--s 0000e000 00:18 51953572                   /gpfs/nbu/people/ajl4/.m2/repository/org/apache/maven/doxia/doxia-decoration-model/1.4/doxia-decoration-model-1.4.jar
7f08c4f49000-7f08c4f4b000 r--s 00018000 00:18 51953568                   /gpfs/nbu/people/ajl4/.m2/repository/javax/servlet/servlet-api/2.5/servlet-api-2.5.jar
7f08c4f4b000-7f08c4f4d000 r--s 00008000 00:18 51953567                   /gpfs/nbu/people/ajl4/.m2/repository/org/ow2/asm/asm-util/4.1/asm-util-4.1.jar
7f08c4f4d000-7f08c4f4e000 r--s 00004000 00:18 51953566                   /gpfs/nbu/people/ajl4/.m2/repository/org/ow2/asm/asm-analysis/4.1/asm-analysis-4.1.jar
7f08c4f4e000-7f08c4f50000 r--s 00004000 00:18 51953561                   /gpfs/nbu/people/ajl4/.m2/repository/org/ow2/asm/asm-tree/4.1/asm-tree-4.1.jar
7f08c4f50000-7f08c4f51000 r--s 0000b000 00:18 51953560                   /gpfs/nbu/people/ajl4/.m2/repository/org/ow2/asm/asm/4.1/asm-4.1.jar
7f08c4f51000-7f08c4f57000 r--s 00028000 00:18 51953562                   /gpfs/nbu/people/ajl4/.m2/repository/org/parboiled/parboiled-core/1.1.4/parboiled-core-1.1.4.jar
7f08c4f57000-7f08c4f59000 r--s 00010000 00:18 51953559                   /gpfs/nbu/people/ajl4/.m2/repository/org/parboiled/parboiled-java/1.1.4/parboiled-java-1.1.4.jar
7f08c4f59000-7f08c4f5b000 r--s 0000d000 00:18 51953555                   /gpfs/nbu/people/ajl4/.m2/repository/org/pegdown/pegdown/1.2.1/pegdown-1.2.1.jar
7f08c4f5b000-7f08c4f5c000 r--s 00002000 00:18 51953553                   /gpfs/nbu/people/ajl4/.m2/repository/org/apache/maven/doxia/doxia-module-markdown/1.4/doxia-module-markdown-1.4.jar
7f08c4f5c000-7f08c4f5e000 r--s 00008000 00:18 51953552                   /gpfs/nbu/people/ajl4/.m2/repository/org/apache/maven/doxia/doxia-module-fml/1.4/doxia-module-fml-1.4.jar
7f08c4f5e000-7f08c4f5f000 r--s 00008000 00:18 51953548                   /gpfs/nbu/people/ajl4/.m2/repository/org/apache/maven/doxia/doxia-module-xdoc/1.4/doxia-module-xdoc-1.4.jar
7f08c4f5f000-7f08c4f61000 r--s 0000b000 00:18 51953546                   /gpfs/nbu/people/ajl4/.m2/repository/org/apache/maven/doxia/doxia-module-apt/1.4/doxia-module-apt-1.4.jar
7f08c4f61000-7f08c4f62000 r--s 00003000 00:18 51953545                   /gpfs/nbu/people/ajl4/.m2/repository/org/apache/maven/doxia/doxia-module-xhtml/1.4/doxia-module-xhtml-1.4.jar
7f08c4f62000-7f08c4f67000 r--s 00026000 00:18 51953542                   /gpfs/nbu/people/ajl4/.m2/repository/org/apache/httpcomponents/httpcore/4.0.1/httpcore-4.0.1.jar
7f08c4f67000-7f08c4f69000 r--s 0000a000 00:18 51953541                   /gpfs/nbu/people/ajl4/.m2/repository/commons-codec/commons-codec/1.3/commons-codec-1.3.jar
7f08c4f69000-7f08c4f6b000 r--s 0000d000 00:18 51953539                   /gpfs/nbu/people/ajl4/.m2/repository/commons-logging/commons-logging/1.1.1/commons-logging-1.1.1.jar
7f08c4f6b000-7f08c4f72000 r--s 00041000 00:18 51953537                   /gpfs/nbu/people/ajl4/.m2/repository/org/apache/httpcomponents/httpclient/4.0.2/httpclient-4.0.2.jar
7f08c4f72000-7f08c4f7a000 r--s 00028000 00:18 51953533                   /gpfs/nbu/people/ajl4/.m2/repository/xml-apis/xml-apis/1.3.04/xml-apis-1.3.04.jar
7f08c4f7a000-7f08c4f92000 r--s 00115000 00:18 51953534                   /gpfs/nbu/people/ajl4/.m2/repository/xerces/xercesImpl/2.9.1/xercesImpl-2.9.1.jar
7f08c4f92000-7f08c4f96000 r--s 00025000 00:18 51953532                   /gpfs/nbu/people/ajl4/.m2/repository/org/apache/maven/doxia/doxia-core/1.4/doxia-core-1.4.jar
7f08c4f96000-7f08c4f99000 r--s 0001b000 00:18 51953529                   /gpfs/nbu/people/ajl4/.m2/repository/junit/junit/3.8.1/junit-3.8.1.jar
7f08c4f99000-7f08c4f9a000 r--s 00002000 00:18 51953527                   /gpfs/nbu/people/ajl4/.m2/repository/org/apache/maven/doxia/doxia-logging-api/1.4/doxia-logging-api-1.4.jar
7f08c4f9a000-7f08c4f9b000 r--s 00002000 00:18 51953310                   /gpfs/nbu/people/ajl4/.m2/repository/org/apache/maven/doxia/doxia-sink-api/1.4/doxia-sink-api-1.4.jar
7f08c4f9b000-7f08c4f9c000 r--s 00004000 00:18 51953296                   /gpfs/nbu/people/ajl4/.m2/repository/org/apache/maven/maven-archiver/2.4.2/maven-archiver-2.4.2.jar
7f08c4f9c000-7f08c4f9e000 r--s 00002000 00:18 51953277                   /gpfs/nbu/people/ajl4/.m2/repository/org/sonatype/plexus/plexus-cipher/1.4/plexus-cipher-1.4.jar
7f08c4f9e000-7f08c4f9f000 r--s 00006000 00:18 51953267                   /gpfs/nbu/people/ajl4/.m2/repository/org/sonatype/plexus/plexus-sec-dispatcher/1.3/plexus-sec-dispatcher-1.3.jar
7f08c4f9f000-7f08c4fa1000 r--s 0000d000 00:18 51953257                   /gpfs/nbu/people/ajl4/.m2/repository/org/codehaus/plexus/plexus-interpolation/1.14/plexus-interpolation-1.14.jar
7f08c4fa1000-7f08c4fac000 r--s 00069000 00:18 51953242                   /gpfs/nbu/people/ajl4/.m2/repository/org/sonatype/sisu/sisu-guice/2.1.7/sisu-guice-2.1.7-noaop.jar
7f08c4fac000-7f08c4fb1000 r--s 00021000 00:18 51953001                   /gpfs/nbu/people/ajl4/.m2/repository/org/sonatype/sisu/sisu-inject-bean/1.4.2/sisu-inject-bean-1.4.2.jar
7f08c4fb1000-7f08c4fb5000 r--s 0001d000 00:18 51952941                   /gpfs/nbu/people/ajl4/.m2/repository/org/eclipse/aether/aether-util/0.9.0.M2/aether-util-0.9.0.M2.jar
7f08c4fb5000-7f08c4fb9000 r--s 00017000 00:18 51952968                   /gpfs/nbu/people/ajl4/.m2/repository/org/sonatype/aether/aether-util/1.7/aether-util-1.7.jar
7f08c4fb9000-7f08c4fbb000 r--s 00000000 00:18 51953523                   /gpfs/nbu/people/ajl4/.m2/repository/org/codehaus/plexus/plexus-component-annotations/1.5.5/plexus-component-annotations-1.5.5.jar
7f08c4fbb000-7f08c4fbd000 r--s 00006000 00:18 51953522                   /gpfs/nbu/people/ajl4/.m2/repository/com/google/code/findbugs/jsr305/2.0.1/jsr305-2.0.1.jar
7f08c4fbd000-7f08c4fc0000 r--s 00023000 00:18 51953521                   /gpfs/nbu/people/ajl4/.m2/repository/org/apache/maven/shared/maven-shared-utils/0.3/maven-shared-utils-0.3.jar
7f08c4fc0000-7f08c4fc1000 r--s 00002000 00:18 51953520                   /gpfs/nbu/people/ajl4/.m2/repository/org/apache/maven/reporting/maven-reporting-api/3.0/maven-reporting-api-3.0.jar
7f08c4fc1000-7f08c4fc3000 r--s 00005000 00:18 51953519                   /gpfs/nbu/people/ajl4/.m2/repository/org/apache/maven/reporting/maven-reporting-exec/1.1/maven-reporting-exec-1.1.jar
7f08c4fc3000-7f08c4fc6000 r--s 0001c000 00:18 31917760                   /gpfs/nbu/people/ajl4/.m2/repository/org/apache/maven/plugins/maven-site-plugin/3.3/maven-site-plugin-3.3.jar
7f08c4fc6000-7f08c51c6000 rw-p 00000000 00:00 0 
7f08c51c6000-7f08c51d7000 r-xp 00000000 00:14 136611464                  /gpfs/main/course/cs032/bin/jdk1.8.0_25/jre/lib/amd64/libnio.so
7f08c51d7000-7f08c53d6000 ---p 00011000 00:14 136611464                  /gpfs/main/course/cs032/bin/jdk1.8.0_25/jre/lib/amd64/libnio.so
7f08c53d6000-7f08c53d7000 rw-p 00010000 00:14 136611464                  /gpfs/main/course/cs032/bin/jdk1.8.0_25/jre/lib/amd64/libnio.so
7f08c53d7000-7f08c53ed000 r-xp 00000000 00:14 136610987                  /gpfs/main/course/cs032/bin/jdk1.8.0_25/jre/lib/amd64/libnet.so
7f08c53ed000-7f08c55ed000 ---p 00016000 00:14 136610987                  /gpfs/main/course/cs032/bin/jdk1.8.0_25/jre/lib/amd64/libnet.so
7f08c55ed000-7f08c55ee000 rw-p 00016000 00:14 136610987                  /gpfs/main/course/cs032/bin/jdk1.8.0_25/jre/lib/amd64/libnet.so
7f08c55ee000-7f08c55f2000 r--s 00093000 00:14 136611567                  /gpfs/main/course/cs032/bin/jdk1.8.0_25/jre/lib/jsse.jar
7f08c55f2000-7f08c57f2000 rw-p 00000000 00:00 0 
7f08c57f2000-7f08c59f2000 rw-p 00000000 00:00 0 
7f08c59f2000-7f08c5a0e000 r--s 00393000 00:14 136611667                  /gpfs/main/course/cs032/bin/jdk1.8.0_25/jre/lib/ext/cldrdata.jar
7f08c5a0e000-7f08c5a18000 r--s 00116000 00:14 136611642                  /gpfs/main/course/cs032/bin/jdk1.8.0_25/jre/lib/ext/localedata.jar
7f08c5a18000-7f08c5a19000 r--s 00002000 00:14 50783475                   /gpfs/main/course/cs032/bin/apache-maven-3.2.3/lib/slf4j-simple-1.7.5.jar
7f08c5a19000-7f08c5a1b000 r--s 00007000 00:14 50783474                   /gpfs/main/course/cs032/bin/apache-maven-3.2.3/lib/aether-connector-wagon-0.9.0.M2.jar
7f08c5a1b000-7f08c5a1c000 r--s 00002000 00:14 50783469                   /gpfs/main/course/cs032/bin/apache-maven-3.2.3/lib/wagon-file-2.6.jar
7f08c5a1c000-7f08c5a20000 r--s 00027000 00:14 50783464                   /gpfs/main/course/cs032/bin/apache-maven-3.2.3/lib/commons-io-2.2.jar
7f08c5a20000-7f08c5a25000 r--s 00041000 00:14 50783460                   /gpfs/main/course/cs032/bin/apache-maven-3.2.3/lib/commons-lang-2.6.jar
7f08c5a25000-7f08c5a2b000 r--s 00042000 00:14 50783457                   /gpfs/main/course/cs032/bin/apache-maven-3.2.3/lib/jsoup-1.7.2.jar
7f08c5a2b000-7f08c5a2c000 r--s 00002000 00:14 50783454                   /gpfs/main/course/cs032/bin/apache-maven-3.2.3/lib/wagon-http-shared-2.6.jar
7f08c5a2c000-7f08c5a4b000 r--s 00134000 00:14 50783453                   /gpfs/main/course/cs032/bin/apache-maven-3.2.3/lib/wagon-http-2.6-shaded.jar
7f08c5a4b000-7f08c5a4d000 r--s 00009000 00:14 50783447                   /gpfs/main/course/cs032/bin/apache-maven-3.2.3/lib/commons-cli-1.2.jar
7f08c5a4d000-7f08c5a4f000 r--s 00005000 00:14 50783446                   /gpfs/main/course/cs032/bin/apache-maven-3.2.3/lib/slf4j-api-1.7.5.jar
7f08c5a4f000-7f08c5a51000 r--s 0000b000 00:14 50783445                   /gpfs/main/course/cs032/bin/apache-maven-3.2.3/lib/wagon-provider-api-2.6.jar
7f08c5a51000-7f08c5a58000 r--s 0003f000 00:14 50783443                   /gpfs/main/course/cs032/bin/apache-maven-3.2.3/lib/maven-compat-3.2.3.jar
7f08c5a58000-7f08c5a5c000 r--s 00020000 00:14 50783441                   /gpfs/main/course/cs032/bin/apache-maven-3.2.3/lib/aether-impl-0.9.0.M2.jar
7f08c5a5c000-7f08c5a60000 r--s 0001d000 00:14 50783440                   /gpfs/main/course/cs032/bin/apache-maven-3.2.3/lib/aether-util-0.9.0.M2.jar
7f08c5a60000-7f08c5a62000 r--s 00003000 00:14 50783439                   /gpfs/main/course/cs032/bin/apache-maven-3.2.3/lib/aether-spi-0.9.0.M2.jar
7f08c5a62000-7f08c5a66000 r--s 0001d000 00:14 50783438                   /gpfs/main/course/cs032/bin/apache-maven-3.2.3/lib/aether-api-0.9.0.M2.jar
7f08c5a66000-7f08c5a68000 r--s 0000e000 00:14 50783437                   /gpfs/main/course/cs032/bin/apache-maven-3.2.3/lib/maven-aether-provider-3.2.3.jar
7f08c5a68000-7f08c5a6d000 r--s 00025000 00:14 50783436                   /gpfs/main/course/cs032/bin/apache-maven-3.2.3/lib/maven-model-builder-3.2.3.jar
7f08c5a6d000-7f08c5a73000 r--s 00042000 00:14 50783433                   /gpfs/main/course/cs032/bin/apache-maven-3.2.3/lib/org.eclipse.sisu.inject-0.0.0.M5.jar
7f08c5a73000-7f08c5a75000 r--s 00000000 00:14 50783432                   /gpfs/main/course/cs032/bin/apache-maven-3.2.3/lib/aopalliance-1.0.jar
7f08c5a75000-7f08c5a7d000 r--s 00050000 00:14 50783431                   /gpfs/main/course/cs032/bin/apache-maven-3.2.3/lib/sisu-guice-3.1.3-no_aop.jar
7f08c5a7d000-7f08c5aa6000 r--s 001ee000 00:14 50783429                   /gpfs/main/course/cs032/bin/apache-maven-3.2.3/lib/guava-14.0.1.jar
7f08c5aa6000-7f08c5aa7000 r--s 00000000 00:14 50783426                   /gpfs/main/course/cs032/bin/apache-maven-3.2.3/lib/javax.inject-1.jar
7f08c5aa7000-7f08c5aaa000 r--s 00008000 00:14 50783419                   /gpfs/main/course/cs032/bin/apache-maven-3.2.3/lib/cdi-api-1.0.jar
7f08c5aaa000-7f08c5ab0000 r--s 0002a000 00:14 50783416                   /gpfs/main/course/cs032/bin/apache-maven-3.2.3/lib/org.eclipse.sisu.plexus-0.0.0.M5.jar
7f08c5ab0000-7f08c5ab2000 r--s 0000a000 00:14 50783415                   /gpfs/main/course/cs032/bin/apache-maven-3.2.3/lib/maven-plugin-api-3.2.3.jar
7f08c5ab2000-7f08c5ab5000 r--s 0000b000 00:14 50783414                   /gpfs/main/course/cs032/bin/apache-maven-3.2.3/lib/maven-artifact-3.2.3.jar
7f08c5ab5000-7f08c5ab7000 r--s 00005000 00:14 50783378                   /gpfs/main/course/cs032/bin/apache-maven-3.2.3/lib/maven-repository-metadata-3.2.3.jar
7f08c5ab7000-7f08c5ab9000 r--s 00002000 00:14 49955756                   /gpfs/main/course/cs032/bin/apache-maven-3.2.3/lib/plexus-cipher-1.7.jar
7f08c5ab9000-7f08c5abc000 r--s 0000a000 00:14 50783308                   /gpfs/main/course/cs032/bin/apache-maven-3.2.3/boot/plexus-classworlds-2.5.1.jar
7f08c5abc000-7f08c5abd000 ---p 00000000 00:00 0 
7f08c5abd000-7f08c5bbd000 rw-p 00000000 00:00 0 
7f08c5bbd000-7f08c5bc0000 ---p 00000000 00:00 0 
7f08c5bc0000-7f08c5cbe000 rw-p 00000000 00:00 0 
7f08c5cbe000-7f08c5cc1000 ---p 00000000 00:00 0 
7f08c5cc1000-7f08c5dbf000 rw-p 00000000 00:00 0 
7f08c5dbf000-7f08c5dc2000 ---p 00000000 00:00 0 
7f08c5dc2000-7f08c5ec0000 rw-p 00000000 00:00 0 
7f08c5ec0000-7f08c5ec3000 ---p 00000000 00:00 0 
7f08c5ec3000-7f08c5fc1000 rw-p 00000000 00:00 0 
7f08c5fc1000-7f08c5fc4000 ---p 00000000 00:00 0 
7f08c5fc4000-7f08c60c2000 rw-p 00000000 00:00 0 
7f08c60c2000-7f08c60c5000 ---p 00000000 00:00 0 
7f08c60c5000-7f08c61c3000 rw-p 00000000 00:00 0 
7f08c61c3000-7f08c61c6000 ---p 00000000 00:00 0 
7f08c61c6000-7f08c62c4000 rw-p 00000000 00:00 0 
7f08c62c4000-7f08c62c5000 ---p 00000000 00:00 0 
7f08c62c5000-7f08c73c8000 rw-p 00000000 00:00 0 
7f08c73c8000-7f08c759e000 r--s 03caa000 00:14 136611550                  /gpfs/main/course/cs032/bin/jdk1.8.0_25/jre/lib/rt.jar
7f08c759e000-7f08cc110000 rw-p 00000000 00:00 0 
7f08cc110000-7f08cc111000 ---p 00000000 00:00 0 
7f08cc111000-7f08cc211000 rw-p 00000000 00:00 0 
7f08cc211000-7f08cc212000 ---p 00000000 00:00 0 
7f08cc212000-7f08cc312000 rw-p 00000000 00:00 0 
7f08cc312000-7f08cc313000 ---p 00000000 00:00 0 
7f08cc313000-7f08cc413000 rw-p 00000000 00:00 0 
7f08cc413000-7f08cc414000 ---p 00000000 00:00 0 
7f08cc414000-7f08cc541000 rw-p 00000000 00:00 0 
7f08cc541000-7f08cc7b0000 ---p 00000000 00:00 0 
7f08cc7b0000-7f08cc7dd000 rw-p 00000000 00:00 0 
7f08cc7dd000-7f08cca4b000 ---p 00000000 00:00 0 
7f08cca4b000-7f08ccb49000 rw-p 00000000 00:00 0 
7f08ccb49000-7f08ccb99000 ---p 00000000 00:00 0 
7f08ccb99000-7f08ccbda000 rw-p 00000000 00:00 0 
7f08ccbda000-7f08ccf5a000 ---p 00000000 00:00 0 
7f08ccf5a000-7f08cdf5a000 rwxp 00000000 00:00 0 
7f08cdf5a000-7f08dbf5a000 ---p 00000000 00:00 0 
7f08dbf5a000-7f08dbf74000 r-xp 00000000 00:14 136610880                  /gpfs/main/course/cs032/bin/jdk1.8.0_25/jre/lib/amd64/libzip.so
7f08dbf74000-7f08dc174000 ---p 0001a000 00:14 136610880                  /gpfs/main/course/cs032/bin/jdk1.8.0_25/jre/lib/amd64/libzip.so
7f08dc174000-7f08dc175000 rw-p 0001a000 00:14 136610880                  /gpfs/main/course/cs032/bin/jdk1.8.0_25/jre/lib/amd64/libzip.so
7f08dc175000-7f08dc19f000 r-xp 00000000 00:14 136610822                  /gpfs/main/course/cs032/bin/jdk1.8.0_25/jre/lib/amd64/libjava.so
7f08dc19f000-7f08dc39f000 ---p 0002a000 00:14 136610822                  /gpfs/main/course/cs032/bin/jdk1.8.0_25/jre/lib/amd64/libjava.so
7f08dc39f000-7f08dc3a1000 rw-p 0002a000 00:14 136610822                  /gpfs/main/course/cs032/bin/jdk1.8.0_25/jre/lib/amd64/libjava.so
7f08dc3a1000-7f08dc3ae000 r-xp 00000000 00:14 136610855                  /gpfs/main/course/cs032/bin/jdk1.8.0_25/jre/lib/amd64/libverify.so
7f08dc3ae000-7f08dc5ae000 ---p 0000d000 00:14 136610855                  /gpfs/main/course/cs032/bin/jdk1.8.0_25/jre/lib/amd64/libverify.so
7f08dc5ae000-7f08dc5b0000 rw-p 0000d000 00:14 136610855                  /gpfs/main/course/cs032/bin/jdk1.8.0_25/jre/lib/amd64/libverify.so
7f08dc5b0000-7f08dc5b7000 r-xp 00000000 fe:00 2595                       /lib/x86_64-linux-gnu/librt-2.13.so
7f08dc5b7000-7f08dc7b6000 ---p 00007000 fe:00 2595                       /lib/x86_64-linux-gnu/librt-2.13.so
7f08dc7b6000-7f08dc7b7000 r--p 00006000 fe:00 2595                       /lib/x86_64-linux-gnu/librt-2.13.so
7f08dc7b7000-7f08dc7b8000 rw-p 00007000 fe:00 2595                       /lib/x86_64-linux-gnu/librt-2.13.so
7f08dc7b8000-7f08dc839000 r-xp 00000000 fe:00 2470                       /lib/x86_64-linux-gnu/libm-2.13.so
7f08dc839000-7f08dca38000 ---p 00081000 fe:00 2470                       /lib/x86_64-linux-gnu/libm-2.13.so
7f08dca38000-7f08dca39000 r--p 00080000 fe:00 2470                       /lib/x86_64-linux-gnu/libm-2.13.so
7f08dca39000-7f08dca3a000 rw-p 00081000 fe:00 2470                       /lib/x86_64-linux-gnu/libm-2.13.so
7f08dca3a000-7f08dd6a7000 r-xp 00000000 00:14 136611394                  /gpfs/main/course/cs032/bin/jdk1.8.0_25/jre/lib/amd64/server/libjvm.so
7f08dd6a7000-7f08dd8a6000 ---p 00c6d000 00:14 136611394                  /gpfs/main/course/cs032/bin/jdk1.8.0_25/jre/lib/amd64/server/libjvm.so
7f08dd8a6000-7f08dd97c000 rw-p 00c6c000 00:14 136611394                  /gpfs/main/course/cs032/bin/jdk1.8.0_25/jre/lib/amd64/server/libjvm.so
7f08dd97c000-7f08dd9bf000 rw-p 00000000 00:00 0 
7f08dd9bf000-7f08ddb40000 r-xp 00000000 fe:00 2496                       /lib/x86_64-linux-gnu/libc-2.13.so
7f08ddb40000-7f08ddd40000 ---p 00181000 fe:00 2496                       /lib/x86_64-linux-gnu/libc-2.13.so
7f08ddd40000-7f08ddd44000 r--p 00181000 fe:00 2496                       /lib/x86_64-linux-gnu/libc-2.13.so
7f08ddd44000-7f08ddd45000 rw-p 00185000 fe:00 2496                       /lib/x86_64-linux-gnu/libc-2.13.so
7f08ddd45000-7f08ddd4a000 rw-p 00000000 00:00 0 
7f08ddd4a000-7f08ddd4c000 r-xp 00000000 fe:00 2564                       /lib/x86_64-linux-gnu/libdl-2.13.so
7f08ddd4c000-7f08ddf4c000 ---p 00002000 fe:00 2564                       /lib/x86_64-linux-gnu/libdl-2.13.so
7f08ddf4c000-7f08ddf4d000 r--p 00002000 fe:00 2564                       /lib/x86_64-linux-gnu/libdl-2.13.so
7f08ddf4d000-7f08ddf4e000 rw-p 00003000 fe:00 2564                       /lib/x86_64-linux-gnu/libdl-2.13.so
7f08ddf4e000-7f08ddf63000 r-xp 00000000 00:14 174988983                  /gpfs/main/course/cs032/bin/jdk1.8.0_25/lib/amd64/jli/libjli.so
7f08ddf63000-7f08de162000 ---p 00015000 00:14 174988983                  /gpfs/main/course/cs032/bin/jdk1.8.0_25/lib/amd64/jli/libjli.so
7f08de162000-7f08de163000 rw-p 00014000 00:14 174988983                  /gpfs/main/course/cs032/bin/jdk1.8.0_25/lib/amd64/jli/libjli.so
7f08de163000-7f08de17a000 r-xp 00000000 fe:00 2603                       /lib/x86_64-linux-gnu/libpthread-2.13.so
7f08de17a000-7f08de379000 ---p 00017000 fe:00 2603                       /lib/x86_64-linux-gnu/libpthread-2.13.so
7f08de379000-7f08de37a000 r--p 00016000 fe:00 2603                       /lib/x86_64-linux-gnu/libpthread-2.13.so
7f08de37a000-7f08de37b000 rw-p 00017000 fe:00 2603                       /lib/x86_64-linux-gnu/libpthread-2.13.so
7f08de37b000-7f08de37f000 rw-p 00000000 00:00 0 
7f08de37f000-7f08de39f000 r-xp 00000000 fe:00 2586                       /lib/x86_64-linux-gnu/ld-2.13.so
7f08de39f000-7f08de3a1000 r--s 00000000 00:14 50783240                   /gpfs/main/course/cs032/bin/apache-maven-3.2.3/lib/plexus-component-annotations-1.5.5.jar
7f08de3a1000-7f08de3a4000 r--s 0000d000 00:14 49127297                   /gpfs/main/course/cs032/bin/apache-maven-3.2.3/lib/plexus-interpolation-1.19.jar
7f08de3a4000-7f08de3a6000 r--s 00009000 00:14 50783375                   /gpfs/main/course/cs032/bin/apache-maven-3.2.3/lib/maven-settings-builder-3.2.3.jar
7f08de3a6000-7f08de3a9000 r--s 00025000 00:14 50783269                   /gpfs/main/course/cs032/bin/apache-maven-3.2.3/lib/maven-model-3.2.3.jar
7f08de3a9000-7f08de3b5000 r--s 00085000 00:14 49955830                   /gpfs/main/course/cs032/bin/apache-maven-3.2.3/lib/maven-core-3.2.3.jar
7f08de3b5000-7f08de3b9000 r--s 0003a000 00:14 50783382                   /gpfs/main/course/cs032/bin/apache-maven-3.2.3/lib/plexus-utils-3.0.17.jar
7f08de3b9000-7f08de45f000 r--s 00000000 00:0e 5118                       /run/nscd/dbUYo3ip (deleted)
7f08de45f000-7f08de462000 ---p 00000000 00:00 0 
7f08de462000-7f08de564000 rw-p 00000000 00:00 0 
7f08de564000-7f08de565000 r--s 00001000 00:14 50783425                   /gpfs/main/course/cs032/bin/apache-maven-3.2.3/lib/jsr250-api-1.0.jar
7f08de565000-7f08de566000 r--s 00006000 00:14 50783328                   /gpfs/main/course/cs032/bin/apache-maven-3.2.3/lib/plexus-sec-dispatcher-1.3.jar
7f08de566000-7f08de568000 r--s 00009000 00:14 50783265                   /gpfs/main/course/cs032/bin/apache-maven-3.2.3/lib/maven-settings-3.2.3.jar
7f08de568000-7f08de56a000 r--s 0000d000 00:14 49955724                   /gpfs/main/course/cs032/bin/apache-maven-3.2.3/lib/maven-embedder-3.2.3.jar
7f08de56a000-7f08de592000 rw-p 00000000 00:00 0 
7f08de592000-7f08de59a000 rw-s 00000000 fe:04 174                        /tmp/hsperfdata_ajl4/12742
7f08de59a000-7f08de59b000 rw-p 00000000 00:00 0 
7f08de59b000-7f08de59c000 r--p 00000000 00:00 0 
7f08de59c000-7f08de59e000 rw-p 00000000 00:00 0 
7f08de59e000-7f08de59f000 r--p 0001f000 fe:00 2586                       /lib/x86_64-linux-gnu/ld-2.13.so
7f08de59f000-7f08de5a0000 rw-p 00020000 fe:00 2586                       /lib/x86_64-linux-gnu/ld-2.13.so
7f08de5a0000-7f08de5a1000 rw-p 00000000 00:00 0 
7ffd969ef000-7ffd96a10000 rw-p 00000000 00:00 0                          [stack]
7ffd96a81000-7ffd96a82000 r-xp 00000000 00:00 0                          [vdso]
ffffffffff600000-ffffffffff601000 r-xp 00000000 00:00 0                  [vsyscall]

VM Arguments:
jvm_args: -Dclassworlds.conf=/course/cs032/bin/apache-maven-3.2.3/bin/m2.conf -Dmaven.home=/course/cs032/bin/apache-maven-3.2.3 
java_command: org.codehaus.plexus.classworlds.launcher.Launcher site
java_class_path (initial): /course/cs032/bin/apache-maven-3.2.3/boot/plexus-classworlds-2.5.1.jar
Launcher Type: SUN_STANDARD

Environment Variables:
JAVA_HOME=/gpfs/main/course/cs032/bin/jdk1.8.0_25
PATH=/course/cs032/bin:/local/bin:/usr/local/bin:/bin:/usr/bin:/usr/X11R6/bin:/usr/games:/contrib/bin:/course/cs032/bin:/course/cs019/bin:/course/cs146/bin
SHELL=/bin/bash
DISPLAY=:1.0

Signal Handlers:
SIGSEGV: [libjvm.so+0xa79a80], sa_mask[0]=11111111011111111101111111111110, sa_flags=SA_RESTART|SA_SIGINFO
SIGBUS: [libjvm.so+0xa79a80], sa_mask[0]=11111111011111111101111111111110, sa_flags=SA_RESTART|SA_SIGINFO
SIGFPE: [libjvm.so+0x8e24e0], sa_mask[0]=11111111011111111101111111111110, sa_flags=SA_RESTART|SA_SIGINFO
SIGPIPE: [libjvm.so+0x8e24e0], sa_mask[0]=11111111011111111101111111111110, sa_flags=SA_RESTART|SA_SIGINFO
SIGXFSZ: [libjvm.so+0x8e24e0], sa_mask[0]=11111111011111111101111111111110, sa_flags=SA_RESTART|SA_SIGINFO
SIGILL: [libjvm.so+0x8e24e0], sa_mask[0]=11111111011111111101111111111110, sa_flags=SA_RESTART|SA_SIGINFO
SIGUSR1: SIG_DFL, sa_mask[0]=00000000000000000000000000000000, sa_flags=none
SIGUSR2: [libjvm.so+0x8e3d10], sa_mask[0]=00000000000000000000000000000000, sa_flags=SA_RESTART|SA_SIGINFO
SIGHUP: [libjvm.so+0x8e50d0], sa_mask[0]=11111111011111111101111111111110, sa_flags=SA_RESTART|SA_SIGINFO
SIGINT: [libjvm.so+0x8e50d0], sa_mask[0]=11111111011111111101111111111110, sa_flags=SA_RESTART|SA_SIGINFO
SIGTERM: [libjvm.so+0x8e50d0], sa_mask[0]=11111111011111111101111111111110, sa_flags=SA_RESTART|SA_SIGINFO
SIGQUIT: [libjvm.so+0x8e50d0], sa_mask[0]=11111111011111111101111111111110, sa_flags=SA_RESTART|SA_SIGINFO


---------------  S Y S T E M  ---------------

OS:PRETTY_NAME="Debian GNU/Linux 7 (wheezy)"
NAME="Debian GNU/Linux"
VERSION_ID="7"
VERSION="7 (wheezy)"
ID=debian
ANSI_COLOR="1;31"
HOME_URL="http://www.debian.org/"
SUPPORT_URL="http://www.debian.org/support/"
BUG_REPORT_URL="http://bugs.debian.org/"

uname:Linux 3.2.0-4-amd64 #1 SMP Debian 3.2.68-1+deb7u1 x86_64
libc:glibc 2.13 NPTL 2.13 
rlimit: STACK 8192k, CORE 0k, NPROC 63961, NOFILE 4096, AS infinity
load average:1.37 0.86 0.96

/proc/meminfo:
MemTotal:        8199880 kB
MemFree:          777640 kB
Buffers:          216472 kB
Cached:          2801444 kB
SwapCached:         1468 kB
Active:          4599408 kB
Inactive:        2197128 kB
Active(anon):    3144556 kB
Inactive(anon):   741020 kB
Active(file):    1454852 kB
Inactive(file):  1456108 kB
Unevictable:          16 kB
Mlocked:              16 kB
SwapTotal:       8388604 kB
SwapFree:        8378796 kB
Dirty:               152 kB
Writeback:             0 kB
AnonPages:       3777356 kB
Mapped:           419068 kB
Shmem:            106956 kB
Slab:             441680 kB
SReclaimable:     388560 kB
SUnreclaim:        53120 kB
KernelStack:        6272 kB
PageTables:        62528 kB
NFS_Unstable:          0 kB
Bounce:                0 kB
WritebackTmp:          0 kB
CommitLimit:    12488544 kB
Committed_AS:    9339016 kB
VmallocTotal:   34359738367 kB
VmallocUsed:      326892 kB
VmallocChunk:   34359403516 kB
HardwareCorrupted:     0 kB
AnonHugePages:         0 kB
HugePages_Total:       0
HugePages_Free:        0
HugePages_Rsvd:        0
HugePages_Surp:        0
Hugepagesize:       2048 kB
DirectMap4k:     4390464 kB
DirectMap2M:     3997696 kB


CPU:total 4 (4 cores per cpu, 1 threads per core) family 6 model 15 stepping 11, cmov, cx8, fxsr, mmx, sse, sse2, sse3, ssse3, tsc

/proc/cpuinfo:
processor	: 0
vendor_id	: GenuineIntel
cpu family	: 6
model		: 15
model name	: Intel(R) Core(TM)2 Quad CPU    Q6600  @ 2.40GHz
stepping	: 11
microcode	: 0xb6
cpu MHz		: 2399.810
cache size	: 4096 KB
physical id	: 0
siblings	: 4
core id		: 0
cpu cores	: 4
apicid		: 0
initial apicid	: 0
fpu		: yes
fpu_exception	: yes
cpuid level	: 10
wp		: yes
flags		: fpu vme de pse tsc msr pae mce cx8 apic sep mtrr pge mca cmov pat pse36 clflush dts acpi mmx fxsr sse sse2 ss ht tm pbe syscall nx lm constant_tsc arch_perfmon pebs bts rep_good nopl aperfmperf pni dtes64 monitor ds_cpl vmx est tm2 ssse3 cx16 xtpr pdcm lahf_lm dtherm tpr_shadow vnmi flexpriority
bogomips	: 4799.62
clflush size	: 64
cache_alignment	: 64
address sizes	: 36 bits physical, 48 bits virtual
power management:

processor	: 1
vendor_id	: GenuineIntel
cpu family	: 6
model		: 15
model name	: Intel(R) Core(TM)2 Quad CPU    Q6600  @ 2.40GHz
stepping	: 11
microcode	: 0xb6
cpu MHz		: 2399.810
cache size	: 4096 KB
physical id	: 0
siblings	: 4
core id		: 1
cpu cores	: 4
apicid		: 1
initial apicid	: 1
fpu		: yes
fpu_exception	: yes
cpuid level	: 10
wp		: yes
flags		: fpu vme de pse tsc msr pae mce cx8 apic sep mtrr pge mca cmov pat pse36 clflush dts acpi mmx fxsr sse sse2 ss ht tm pbe syscall nx lm constant_tsc arch_perfmon pebs bts rep_good nopl aperfmperf pni dtes64 monitor ds_cpl vmx est tm2 ssse3 cx16 xtpr pdcm lahf_lm dtherm tpr_shadow vnmi flexpriority
bogomips	: 4800.23
clflush size	: 64
cache_alignment	: 64
address sizes	: 36 bits physical, 48 bits virtual
power management:

processor	: 2
vendor_id	: GenuineIntel
cpu family	: 6
model		: 15
model name	: Intel(R) Core(TM)2 Quad CPU    Q6600  @ 2.40GHz
stepping	: 11
microcode	: 0xb6
cpu MHz		: 2399.810
cache size	: 4096 KB
physical id	: 0
siblings	: 4
core id		: 2
cpu cores	: 4
apicid		: 2
initial apicid	: 2
fpu		: yes
fpu_exception	: yes
cpuid level	: 10
wp		: yes
flags		: fpu vme de pse tsc msr pae mce cx8 apic sep mtrr pge mca cmov pat pse36 clflush dts acpi mmx fxsr sse sse2 ss ht tm pbe syscall nx lm constant_tsc arch_perfmon pebs bts rep_good nopl aperfmperf pni dtes64 monitor ds_cpl vmx est tm2 ssse3 cx16 xtpr pdcm lahf_lm dtherm tpr_shadow vnmi flexpriority
bogomips	: 4800.28
clflush size	: 64
cache_alignment	: 64
address sizes	: 36 bits physical, 48 bits virtual
power management:

processor	: 3
vendor_id	: GenuineIntel
cpu family	: 6
model		: 15
model name	: Intel(R) Core(TM)2 Quad CPU    Q6600  @ 2.40GHz
stepping	: 11
microcode	: 0xb6
cpu MHz		: 2399.810
cache size	: 4096 KB
physical id	: 0
siblings	: 4
core id		: 3
cpu cores	: 4
apicid		: 3
initial apicid	: 3
fpu		: yes
fpu_exception	: yes
cpuid level	: 10
wp		: yes
flags		: fpu vme de pse tsc msr pae mce cx8 apic sep mtrr pge mca cmov pat pse36 clflush dts acpi mmx fxsr sse sse2 ss ht tm pbe syscall nx lm constant_tsc arch_perfmon pebs bts rep_good nopl aperfmperf pni dtes64 monitor ds_cpl vmx est tm2 ssse3 cx16 xtpr pdcm lahf_lm dtherm tpr_shadow vnmi flexpriority
bogomips	: 4800.27
clflush size	: 64
cache_alignment	: 64
address sizes	: 36 bits physical, 48 bits virtual
power management:



Memory: 4k page, physical 8199880k(777640k free), swap 8388604k(8378796k free)

vm_info: Java HotSpot(TM) 64-Bit Server VM (25.25-b02) for linux-amd64 JRE (1.8.0_25-b17), built on Sep 17 2014 17:32:11 by "java_re" with gcc 4.3.0 20080428 (Red Hat 4.3.0-8)

time: Thu May  7 22:09:38 2015
elapsed time: 12 seconds (0d 0h 0m 12s)

