#
# A fatal error has been detected by the Java Runtime Environment:
#
#  SIGSEGV (0xb) at pc=0x00007fbe45a72060, pid=15389, tid=140456196724480
#
# JRE version: Java(TM) SE Runtime Environment (8.0_25-b17) (build 1.8.0_25-b17)
# Java VM: Java HotSpot(TM) 64-Bit Server VM (25.25-b02 mixed mode linux-amd64 compressed oops)
# Problematic frame:
# C  0x00007fbe45a72060
#
# Failed to write core dump. Core dumps have been disabled. To enable core dumping, try "ulimit -c unlimited" before starting Java again
#
# If you would like to submit a bug report, please visit:
#   http://bugreport.sun.com/bugreport/crash.jsp
#

---------------  T H R E A D  ---------------

Current thread (0x00007fbe7c001000):  JavaThread "Finalizer" daemon [_thread_in_Java, id=15405, stack(0x00007fbe81a65000,0x00007fbe81b66000)]

siginfo: si_signo: 11 (SIGSEGV), si_code: 1 (SEGV_MAPERR), si_addr: 0x00007fbe45a72060

Registers:
RAX=0x00007fbe830633a0, RBX=0x00007fbe830633a0, RCX=0x00007fbe830f2970, RDX=0x00007fbe84a74710
RSP=0x00007fbe81b64808, RBP=0x00007fbe81b64858, RSI=0x00000000006d509c, RDI=0x0000000000004578
R8 =0x000000010002bb68, R9 =0x0000000000003c2d, R10=0x00007fbe954a9440, R11=0x00007fbe84d666e0
R12=0x0000000000000000, R13=0x00007fbe81b64818, R14=0x00007fbe81b64878, R15=0x00007fbe7c001000
RIP=0x00007fbe45a72060, EFLAGS=0x0000000000010202, CSGSFS=0x0000000000000033, ERR=0x0000000000000014
  TRAPNO=0x000000000000000e

Top of Stack: (sp=0x00007fbe81b64808)
0x00007fbe81b64808:   00007fbe84a74710 00007fbe84a74710
0x00007fbe81b64818:   00007fbe81b64818 00007fbe830f28c1
0x00007fbe81b64828:   00007fbe81b64878 00007fbe830f2970
0x00007fbe81b64838:   0000000000000000 00007fbe830f2900
0x00007fbe81b64848:   00007fbe81b64818 00007fbe81b64878
0x00007fbe81b64858:   00007fbe81b648e0 00007fbe84a6d4e7
0x00007fbe81b64868:   00000000daa13890 00000000daa49938
0x00007fbe81b64878:   00000000daa497b8 00007fbe00001fa0
0x00007fbe81b64888:   00007fbe7c001ac0 00007fbe7c001000
0x00007fbe81b64898:   00007fbe81b64960 00007fbe7c001000
0x00007fbe81b648a8:   00007fbe81b64920 00007fbe81b64920
0x00007fbe81b648b8:   00007fbe81b64c18 00007fbe0000000a
0x00007fbe81b648c8:   00007fbe830f2900 00007fbe84a7d940
0x00007fbe81b648d8:   00007fbe81b64b48 00007fbe81b64a50
0x00007fbe81b648e8:   00007fbe94bb1086 0000000000000001
0x00007fbe81b648f8:   00007fbe7c001000 00007fbe81b64b40
0x00007fbe81b64908:   00007fbe81b64c10 00007fbe84a7d940
0x00007fbe81b64918:   000000000000000a 00007fbe7c001000
0x00007fbe81b64928:   0000000001a16fb0 00007fbe830f2900
0x00007fbe81b64938:   00000000daa497b8 0000000000000000
0x00007fbe81b64948:   0000000000000000 0000000000000000
0x00007fbe81b64958:   00007fbe81b64c10 00007fbe7c001000
0x00007fbe81b64968:   00007fbe7c0008e0 00007fbe7c001ab0
0x00007fbe81b64978:   00007fbe7c001ac8 00007fbe7c001b98
0x00007fbe81b64988:   00000000000000d8 00007fbe81b64bd0
0x00007fbe81b64998:   00007fbe7c001ac0 00007fbe830f2900
0x00007fbe81b649a8:   00007fbe7c001000 00007fbe7c001000
0x00007fbe81b649b8:   0000000100015b60 00007fbe830f2900
0x00007fbe81b649c8:   00007fbe7c001000 00007fbe7c001000
0x00007fbe81b649d8:   0000000000000000 0000000000000000
0x00007fbe81b649e8:   00007fbe81b64a10 00007fbe830f2900
0x00007fbe81b649f8:   00007fbe7c001000 00007fbe83066498 

Instructions: (pc=0x00007fbe45a72060)
0x00007fbe45a72040:   
[error occurred during error reporting (printing registers, top of stack, instructions near pc), id 0xb]

Register to memory mapping:

RAX={method} {0x00007fbe830633a0} 'access$000' '()Ljava/lang/ref/ReferenceQueue;' in 'java/lang/ref/Finalizer'
RBX={method} {0x00007fbe830633a0} 'access$000' '()Ljava/lang/ref/ReferenceQueue;' in 'java/lang/ref/Finalizer'
RCX=0x00007fbe830f2970 is pointing into metadata
RDX=0x00007fbe84a74710 is at code_begin+1456 in an Interpreter codelet
invoke return entry points  [0x00007fbe84a74160, 0x00007fbe84a74a60]  2304 bytes
RSP=0x00007fbe81b64808 is pointing into the stack for thread: 0x00007fbe7c001000
RBP=0x00007fbe81b64858 is pointing into the stack for thread: 0x00007fbe7c001000
RSI=0x00000000006d509c is an unknown value
RDI=0x0000000000004578 is an unknown value
R8 =0x000000010002bb68 is pointing into metadata
R9 =0x0000000000003c2d is an unknown value
R10=0x00007fbe954a9440: <offset 0xf5c440> in /gpfs/main/research/java/linux/jdk1.8.0_25/jre/lib/amd64/server/libjvm.so at 0x00007fbe9454d000
R11=0x00007fbe84d666e0 is at entry_point+0 in (nmethod*)0x00007fbe84d66590
R12=0x0000000000000000 is an unknown value
R13=0x00007fbe81b64818 is pointing into the stack for thread: 0x00007fbe7c001000
R14=0x00007fbe81b64878 is pointing into the stack for thread: 0x00007fbe7c001000
R15=0x00007fbe7c001000 is a thread


Stack: [0x00007fbe81a65000,0x00007fbe81b66000],  sp=0x00007fbe81b64808,  free space=1022k
Native frames: (J=compiled Java code, j=interpreted, Vv=VM code, C=native code)
C  0x00007fbe45a72060
v  ~StubRoutines::call_stub
V  [libjvm.so+0x664086]  JavaCalls::call_helper(JavaValue*, methodHandle*, JavaCallArguments*, Thread*)+0x1056
V  [libjvm.so+0x664591]  JavaCalls::call_virtual(JavaValue*, KlassHandle, Symbol*, Symbol*, JavaCallArguments*, Thread*)+0x321
V  [libjvm.so+0x664a37]  JavaCalls::call_virtual(JavaValue*, Handle, KlassHandle, Symbol*, Symbol*, Thread*)+0x47
V  [libjvm.so+0x6dee3e]  thread_entry(JavaThread*, Thread*)+0x7e
V  [libjvm.so+0xa29e8f]  JavaThread::thread_main_inner()+0xdf
V  [libjvm.so+0xa29fbc]  JavaThread::run()+0x11c
V  [libjvm.so+0x8e7d48]  java_start(Thread*)+0x108
C  [libpthread.so.0+0x6b50]  start_thread+0xd0


---------------  P R O C E S S  ---------------

Java Threads: ( => current thread )
  0x00007fbe7400b800 JavaThread "Service Thread" daemon [_thread_blocked, id=15410, stack(0x00007fbe81560000,0x00007fbe81661000)]
  0x00007fbe7c035000 JavaThread "C1 CompilerThread2" daemon [_thread_blocked, id=15409, stack(0x00007fbe81661000,0x00007fbe81762000)]
  0x00007fbe7c032800 JavaThread "C2 CompilerThread1" daemon [_thread_in_native, id=15408, stack(0x00007fbe81762000,0x00007fbe81863000)]
  0x00007fbe7c030000 JavaThread "C2 CompilerThread0" daemon [_thread_in_native, id=15407, stack(0x00007fbe81863000,0x00007fbe81964000)]
  0x00007fbe7c02e000 JavaThread "Signal Dispatcher" daemon [_thread_blocked, id=15406, stack(0x00007fbe81964000,0x00007fbe81a65000)]
=>0x00007fbe7c001000 JavaThread "Finalizer" daemon [_thread_in_Java, id=15405, stack(0x00007fbe81a65000,0x00007fbe81b66000)]
  0x0000000001a0f800 JavaThread "Reference Handler" daemon [_thread_blocked, id=15404, stack(0x00007fbe81b66000,0x00007fbe81c67000)]
  0x000000000199f000 JavaThread "main" [_thread_in_vm, id=15398, stack(0x00007fbe95f72000,0x00007fbe96073000)]

Other Threads:
  0x0000000001a08800 VMThread [stack: 0x00007fbe81c67000,0x00007fbe81d68000] [id=15403]
  0x00007fbe7400e000 WatcherThread [stack: 0x00007fbe8145f000,0x00007fbe81560000] [id=15411]

VM state:not at safepoint (normal execution)

VM Mutex/Monitor currently owned by a thread: None

Heap:
 PSYoungGen      total 70656K, used 8130K [0x00000000d6500000, 0x00000000daf00000, 0x0000000100000000)
  eden space 65536K, 4% used [0x00000000d6500000,0x00000000d67f2690,0x00000000da500000)
  from space 5120K, 99% used [0x00000000daa00000,0x00000000daefe348,0x00000000daf00000)
  to   space 5120K, 0% used [0x00000000da500000,0x00000000da500000,0x00000000daa00000)
 ParOldGen       total 86016K, used 1971K [0x0000000082e00000, 0x0000000088200000, 0x00000000d6500000)
  object space 86016K, 2% used [0x0000000082e00000,0x0000000082fecea0,0x0000000088200000)
 Metaspace       used 12176K, capacity 12356K, committed 12672K, reserved 1060864K
  class space    used 1522K, capacity 1606K, committed 1664K, reserved 1048576K

Card table byte_map: [0x00007fbe842c3000,0x00007fbe846ad000] byte_map_base: 0x00007fbe83eac000

Marking Bits: (ParMarkBitMap*) 0x00007fbe954a72c0
 Begin Bits: [0x00007fbe78170000, 0x00007fbe7a0b8000)
 End Bits:   [0x00007fbe7a0b8000, 0x00007fbe7c000000)

Polling page: 0x00007fbe960ae000

CodeCache: size=245760Kb used=4330Kb max_used=4330Kb free=241429Kb
 bounds [0x00007fbe84a6d000, 0x00007fbe84ead000, 0x00007fbe93a6d000]
 total_blobs=1588 nmethods=1279 adapters=224
 compilation: enabled

Compilation events (10 events):
Event: 1.326 Thread 0x00007fbe7c035000 1272       3       java.util.Collections$EmptySet::toArray (11 bytes)
Event: 1.326 Thread 0x00007fbe7c035000 nmethod 1272 0x00007fbe84ea6110 code [0x00007fbe84ea6280, 0x00007fbe84ea6570]
Event: 1.350 Thread 0x00007fbe7c035000 1274       3       java.util.zip.ZipFile$ZipFileInputStream::finalize (5 bytes)
Event: 1.351 Thread 0x00007fbe7c035000 nmethod 1274 0x00007fbe84ea6690 code [0x00007fbe84ea6800, 0x00007fbe84ea6988]
Event: 1.351 Thread 0x00007fbe7c035000 1275       1       java.lang.ref.Reference::access$100 (4 bytes)
Event: 1.351 Thread 0x00007fbe7c035000 nmethod 1275 0x00007fbe84ea6a10 code [0x00007fbe84ea6b60, 0x00007fbe84ea6c50]
Event: 1.351 Thread 0x00007fbe7c035000 1273       3       java.util.zip.ZipFile$ZipFileInflaterInputStream::finalize (5 bytes)
Event: 1.351 Thread 0x00007fbe7c035000 nmethod 1273 0x00007fbe84ea6c90 code [0x00007fbe84ea6e00, 0x00007fbe84ea6f88]
Event: 1.352 Thread 0x00007fbe7c035000 1276       1       java.lang.ref.Finalizer::access$000 (4 bytes)
Event: 1.352 Thread 0x00007fbe7c035000 nmethod 1276 0x00007fbe84ea7010 code [0x00007fbe84ea7160, 0x00007fbe84ea7250]

GC Heap History (4 events):
Event: 0.717 GC heap before
{Heap before GC invocations=1 (full 0):
 PSYoungGen      total 37888K, used 32768K [0x00000000d6500000, 0x00000000d8f00000, 0x0000000100000000)
  eden space 32768K, 100% used [0x00000000d6500000,0x00000000d8500000,0x00000000d8500000)
  from space 5120K, 0% used [0x00000000d8a00000,0x00000000d8a00000,0x00000000d8f00000)
  to   space 5120K, 0% used [0x00000000d8500000,0x00000000d8500000,0x00000000d8a00000)
 ParOldGen       total 86016K, used 0K [0x0000000082e00000, 0x0000000088200000, 0x00000000d6500000)
  object space 86016K, 0% used [0x0000000082e00000,0x0000000082e00000,0x0000000088200000)
 Metaspace       used 7705K, capacity 7858K, committed 7936K, reserved 1056768K
  class space    used 943K, capacity 985K, committed 1024K, reserved 1048576K
Event: 0.725 GC heap after
Heap after GC invocations=1 (full 0):
 PSYoungGen      total 37888K, used 4697K [0x00000000d6500000, 0x00000000daf00000, 0x0000000100000000)
  eden space 32768K, 0% used [0x00000000d6500000,0x00000000d6500000,0x00000000d8500000)
  from space 5120K, 91% used [0x00000000d8500000,0x00000000d89965c8,0x00000000d8a00000)
  to   space 5120K, 0% used [0x00000000daa00000,0x00000000daa00000,0x00000000daf00000)
 ParOldGen       total 86016K, used 16K [0x0000000082e00000, 0x0000000088200000, 0x00000000d6500000)
  object space 86016K, 0% used [0x0000000082e00000,0x0000000082e04000,0x0000000088200000)
 Metaspace       used 7705K, capacity 7858K, committed 7936K, reserved 1056768K
  class space    used 943K, capacity 985K, committed 1024K, reserved 1048576K
}
Event: 1.327 GC heap before
{Heap before GC invocations=2 (full 0):
 PSYoungGen      total 37888K, used 37465K [0x00000000d6500000, 0x00000000daf00000, 0x0000000100000000)
  eden space 32768K, 100% used [0x00000000d6500000,0x00000000d8500000,0x00000000d8500000)
  from space 5120K, 91% used [0x00000000d8500000,0x00000000d89965c8,0x00000000d8a00000)
  to   space 5120K, 0% used [0x00000000daa00000,0x00000000daa00000,0x00000000daf00000)
 ParOldGen       total 86016K, used 16K [0x0000000082e00000, 0x0000000088200000, 0x00000000d6500000)
  object space 86016K, 0% used [0x0000000082e00000,0x0000000082e04000,0x0000000088200000)
 Metaspace       used 11993K, capacity 12132K, committed 12416K, reserved 1060864K
  class space    used 1498K, capacity 1574K, committed 1664K, reserved 1048576K
Event: 1.348 GC heap after
Heap after GC invocations=2 (full 0):
 PSYoungGen      total 70656K, used 5112K [0x00000000d6500000, 0x00000000daf00000, 0x0000000100000000)
  eden space 65536K, 0% used [0x00000000d6500000,0x00000000d6500000,0x00000000da500000)
  from space 5120K, 99% used [0x00000000daa00000,0x00000000daefe348,0x00000000daf00000)
  to   space 5120K, 0% used [0x00000000da500000,0x00000000da500000,0x00000000daa00000)
 ParOldGen       total 86016K, used 1971K [0x0000000082e00000, 0x0000000088200000, 0x00000000d6500000)
  object space 86016K, 2% used [0x0000000082e00000,0x0000000082fecea0,0x0000000088200000)
 Metaspace       used 11993K, capacity 12132K, committed 12416K, reserved 1060864K
  class space    used 1498K, capacity 1574K, committed 1664K, reserved 1048576K
}

Deoptimization events (0 events):
No events

Internal exceptions (10 events):
Event: 1.323 Thread 0x000000000199f000 Exception <a 'java/security/PrivilegedActionException'> (0x00000000d84e6da8) thrown at [/HUDSON/workspace/8-2-build-linux-amd64/jdk8u25/1514/hotspot/src/share/vm/prims/jvm.cpp, line 1312]
Event: 1.323 Thread 0x000000000199f000 Exception <a 'java/security/PrivilegedActionException'> (0x00000000d84e73c8) thrown at [/HUDSON/workspace/8-2-build-linux-amd64/jdk8u25/1514/hotspot/src/share/vm/prims/jvm.cpp, line 1312]
Event: 1.323 Thread 0x000000000199f000 Exception <a 'java/security/PrivilegedActionException'> (0x00000000d84f09b0) thrown at [/HUDSON/workspace/8-2-build-linux-amd64/jdk8u25/1514/hotspot/src/share/vm/prims/jvm.cpp, line 1312]
Event: 1.323 Thread 0x000000000199f000 Exception <a 'java/security/PrivilegedActionException'> (0x00000000d84f1320) thrown at [/HUDSON/workspace/8-2-build-linux-amd64/jdk8u25/1514/hotspot/src/share/vm/prims/jvm.cpp, line 1312]
Event: 1.326 Thread 0x000000000199f000 Exception <a 'java/security/PrivilegedActionException'> (0x00000000d84fb0c8) thrown at [/HUDSON/workspace/8-2-build-linux-amd64/jdk8u25/1514/hotspot/src/share/vm/prims/jvm.cpp, line 1312]
Event: 1.326 Thread 0x000000000199f000 Exception <a 'java/security/PrivilegedActionException'> (0x00000000d84fb7c8) thrown at [/HUDSON/workspace/8-2-build-linux-amd64/jdk8u25/1514/hotspot/src/share/vm/prims/jvm.cpp, line 1312]
Event: 1.327 Thread 0x000000000199f000 Exception <a 'java/security/PrivilegedActionException'> (0x00000000d84ff6e0) thrown at [/HUDSON/workspace/8-2-build-linux-amd64/jdk8u25/1514/hotspot/src/share/vm/prims/jvm.cpp, line 1312]
Event: 1.327 Thread 0x000000000199f000 Exception <a 'java/security/PrivilegedActionException'> (0x00000000d84ffd80) thrown at [/HUDSON/workspace/8-2-build-linux-amd64/jdk8u25/1514/hotspot/src/share/vm/prims/jvm.cpp, line 1312]
Event: 1.351 Thread 0x000000000199f000 Exception <a 'java/security/PrivilegedActionException'> (0x00000000d650aee0) thrown at [/HUDSON/workspace/8-2-build-linux-amd64/jdk8u25/1514/hotspot/src/share/vm/prims/jvm.cpp, line 1312]
Event: 1.351 Thread 0x000000000199f000 Exception <a 'java/security/PrivilegedActionException'> (0x00000000d650b540) thrown at [/HUDSON/workspace/8-2-build-linux-amd64/jdk8u25/1514/hotspot/src/share/vm/prims/jvm.cpp, line 1312]

Events (10 events):
Event: 1.323 loading class org/apache/maven/execution/AbstractExecutionListener
Event: 1.323 loading class org/apache/maven/execution/AbstractExecutionListener done
Event: 1.326 loading class org/apache/maven/artifact/repository/layout/ArtifactRepositoryLayout2
Event: 1.326 loading class org/apache/maven/artifact/repository/layout/ArtifactRepositoryLayout2 done
Event: 1.327 loading class org/apache/maven/artifact/repository/MavenArtifactRepository
Event: 1.327 loading class org/apache/maven/artifact/repository/MavenArtifactRepository done
Event: 1.327 Executing VM operation: ParallelGCFailedAllocation
Event: 1.348 Executing VM operation: ParallelGCFailedAllocation done
Event: 1.351 loading class org/apache/maven/execution/DefaultMavenExecutionResult
Event: 1.351 loading class org/apache/maven/execution/DefaultMavenExecutionResult done


Dynamic libraries:
00400000-00401000 r-xp 00000000 00:16 219609847                          /gpfs/main/research/java/linux/jdk1.8.0_25/bin/java
00600000-00601000 rw-p 00000000 00:16 219609847                          /gpfs/main/research/java/linux/jdk1.8.0_25/bin/java
01996000-021f7000 rw-p 00000000 00:00 0                                  [heap]
82e00000-88200000 rw-p 00000000 00:00 0 
88200000-d6500000 ---p 00000000 00:00 0 
d6500000-daf00000 rw-p 00000000 00:00 0 
daf00000-100000000 ---p 00000000 00:00 0 
100000000-1001a0000 rw-p 00000000 00:00 0 
1001a0000-140000000 ---p 00000000 00:00 0 
7fbe74000000-7fbe748a6000 rw-p 00000000 00:00 0 
7fbe748a6000-7fbe78000000 ---p 00000000 00:00 0 
7fbe78170000-7fbe7c000000 rw-p 00000000 00:00 0 
7fbe7c000000-7fbe7c551000 rw-p 00000000 00:00 0 
7fbe7c551000-7fbe80000000 ---p 00000000 00:00 0 
7fbe80f88000-7fbe80f91000 rw-p 00000000 00:00 0 
7fbe80f91000-7fbe80f95000 r--s 00093000 00:16 201610623                  /gpfs/main/research/java/linux/jdk1.8.0_25/jre/lib/jsse.jar
7fbe80f95000-7fbe81055000 rw-p 00000000 00:00 0 
7fbe81055000-7fbe81195000 ---p 00000000 00:00 0 
7fbe81195000-7fbe81395000 rw-p 00000000 00:00 0 
7fbe81395000-7fbe813b1000 r--s 00393000 00:16 249259265                  /gpfs/main/research/java/linux/jdk1.8.0_25/jre/lib/ext/cldrdata.jar
7fbe813b1000-7fbe813bb000 r--s 00116000 00:16 240974896                  /gpfs/main/research/java/linux/jdk1.8.0_25/jre/lib/ext/localedata.jar
7fbe813bb000-7fbe813bc000 r--s 00002000 00:14 50783475                   /gpfs/main/course/cs032/bin/apache-maven-3.2.3/lib/slf4j-simple-1.7.5.jar
7fbe813bc000-7fbe813be000 r--s 00007000 00:14 50783474                   /gpfs/main/course/cs032/bin/apache-maven-3.2.3/lib/aether-connector-wagon-0.9.0.M2.jar
7fbe813be000-7fbe813bf000 r--s 00002000 00:14 50783469                   /gpfs/main/course/cs032/bin/apache-maven-3.2.3/lib/wagon-file-2.6.jar
7fbe813bf000-7fbe813c3000 r--s 00027000 00:14 50783464                   /gpfs/main/course/cs032/bin/apache-maven-3.2.3/lib/commons-io-2.2.jar
7fbe813c3000-7fbe813c8000 r--s 00041000 00:14 50783460                   /gpfs/main/course/cs032/bin/apache-maven-3.2.3/lib/commons-lang-2.6.jar
7fbe813c8000-7fbe813ce000 r--s 00042000 00:14 50783457                   /gpfs/main/course/cs032/bin/apache-maven-3.2.3/lib/jsoup-1.7.2.jar
7fbe813ce000-7fbe813cf000 r--s 00002000 00:14 50783454                   /gpfs/main/course/cs032/bin/apache-maven-3.2.3/lib/wagon-http-shared-2.6.jar
7fbe813cf000-7fbe813ee000 r--s 00134000 00:14 50783453                   /gpfs/main/course/cs032/bin/apache-maven-3.2.3/lib/wagon-http-2.6-shaded.jar
7fbe813ee000-7fbe813f0000 r--s 00009000 00:14 50783447                   /gpfs/main/course/cs032/bin/apache-maven-3.2.3/lib/commons-cli-1.2.jar
7fbe813f0000-7fbe813f2000 r--s 00005000 00:14 50783446                   /gpfs/main/course/cs032/bin/apache-maven-3.2.3/lib/slf4j-api-1.7.5.jar
7fbe813f2000-7fbe813f4000 r--s 0000b000 00:14 50783445                   /gpfs/main/course/cs032/bin/apache-maven-3.2.3/lib/wagon-provider-api-2.6.jar
7fbe813f4000-7fbe813fb000 r--s 0003f000 00:14 50783443                   /gpfs/main/course/cs032/bin/apache-maven-3.2.3/lib/maven-compat-3.2.3.jar
7fbe813fb000-7fbe813ff000 r--s 00020000 00:14 50783441                   /gpfs/main/course/cs032/bin/apache-maven-3.2.3/lib/aether-impl-0.9.0.M2.jar
7fbe813ff000-7fbe81403000 r--s 0001d000 00:14 50783440                   /gpfs/main/course/cs032/bin/apache-maven-3.2.3/lib/aether-util-0.9.0.M2.jar
7fbe81403000-7fbe81405000 r--s 00003000 00:14 50783439                   /gpfs/main/course/cs032/bin/apache-maven-3.2.3/lib/aether-spi-0.9.0.M2.jar
7fbe81405000-7fbe81409000 r--s 0001d000 00:14 50783438                   /gpfs/main/course/cs032/bin/apache-maven-3.2.3/lib/aether-api-0.9.0.M2.jar
7fbe81409000-7fbe8140b000 r--s 0000e000 00:14 50783437                   /gpfs/main/course/cs032/bin/apache-maven-3.2.3/lib/maven-aether-provider-3.2.3.jar
7fbe8140b000-7fbe81410000 r--s 00025000 00:14 50783436                   /gpfs/main/course/cs032/bin/apache-maven-3.2.3/lib/maven-model-builder-3.2.3.jar
7fbe81410000-7fbe81416000 r--s 00042000 00:14 50783433                   /gpfs/main/course/cs032/bin/apache-maven-3.2.3/lib/org.eclipse.sisu.inject-0.0.0.M5.jar
7fbe81416000-7fbe81418000 r--s 00000000 00:14 50783432                   /gpfs/main/course/cs032/bin/apache-maven-3.2.3/lib/aopalliance-1.0.jar
7fbe81418000-7fbe81420000 r--s 00050000 00:14 50783431                   /gpfs/main/course/cs032/bin/apache-maven-3.2.3/lib/sisu-guice-3.1.3-no_aop.jar
7fbe81420000-7fbe81449000 r--s 001ee000 00:14 50783429                   /gpfs/main/course/cs032/bin/apache-maven-3.2.3/lib/guava-14.0.1.jar
7fbe81449000-7fbe8144a000 r--s 00000000 00:14 50783426                   /gpfs/main/course/cs032/bin/apache-maven-3.2.3/lib/javax.inject-1.jar
7fbe8144a000-7fbe8144d000 r--s 00008000 00:14 50783419                   /gpfs/main/course/cs032/bin/apache-maven-3.2.3/lib/cdi-api-1.0.jar
7fbe8144d000-7fbe81453000 r--s 0002a000 00:14 50783416                   /gpfs/main/course/cs032/bin/apache-maven-3.2.3/lib/org.eclipse.sisu.plexus-0.0.0.M5.jar
7fbe81453000-7fbe81455000 r--s 0000a000 00:14 50783415                   /gpfs/main/course/cs032/bin/apache-maven-3.2.3/lib/maven-plugin-api-3.2.3.jar
7fbe81455000-7fbe81458000 r--s 0000b000 00:14 50783414                   /gpfs/main/course/cs032/bin/apache-maven-3.2.3/lib/maven-artifact-3.2.3.jar
7fbe81458000-7fbe8145a000 r--s 00005000 00:14 50783378                   /gpfs/main/course/cs032/bin/apache-maven-3.2.3/lib/maven-repository-metadata-3.2.3.jar
7fbe8145a000-7fbe8145c000 r--s 00002000 00:14 49955756                   /gpfs/main/course/cs032/bin/apache-maven-3.2.3/lib/plexus-cipher-1.7.jar
7fbe8145c000-7fbe8145f000 r--s 0000a000 00:14 50783308                   /gpfs/main/course/cs032/bin/apache-maven-3.2.3/boot/plexus-classworlds-2.5.1.jar
7fbe8145f000-7fbe81460000 ---p 00000000 00:00 0 
7fbe81460000-7fbe81560000 rw-p 00000000 00:00 0 
7fbe81560000-7fbe81563000 ---p 00000000 00:00 0 
7fbe81563000-7fbe81661000 rw-p 00000000 00:00 0 
7fbe81661000-7fbe81664000 ---p 00000000 00:00 0 
7fbe81664000-7fbe81762000 rw-p 00000000 00:00 0 
7fbe81762000-7fbe81765000 ---p 00000000 00:00 0 
7fbe81765000-7fbe81863000 rw-p 00000000 00:00 0 
7fbe81863000-7fbe81866000 ---p 00000000 00:00 0 
7fbe81866000-7fbe81964000 rw-p 00000000 00:00 0 
7fbe81964000-7fbe81967000 ---p 00000000 00:00 0 
7fbe81967000-7fbe81a65000 rw-p 00000000 00:00 0 
7fbe81a65000-7fbe81a68000 ---p 00000000 00:00 0 
7fbe81a68000-7fbe81b66000 rw-p 00000000 00:00 0 
7fbe81b66000-7fbe81b69000 ---p 00000000 00:00 0 
7fbe81b69000-7fbe81c67000 rw-p 00000000 00:00 0 
7fbe81c67000-7fbe81c68000 ---p 00000000 00:00 0 
7fbe81c68000-7fbe82d6b000 rw-p 00000000 00:00 0 
7fbe82d6b000-7fbe82f41000 r--s 03caa000 00:16 198297256                  /gpfs/main/research/java/linux/jdk1.8.0_25/jre/lib/rt.jar
7fbe82f41000-7fbe83c23000 rw-p 00000000 00:00 0 
7fbe83c23000-7fbe83c24000 ---p 00000000 00:00 0 
7fbe83c24000-7fbe83d24000 rw-p 00000000 00:00 0 
7fbe83d24000-7fbe83d25000 ---p 00000000 00:00 0 
7fbe83d25000-7fbe83e25000 rw-p 00000000 00:00 0 
7fbe83e25000-7fbe83e26000 ---p 00000000 00:00 0 
7fbe83e26000-7fbe83f26000 rw-p 00000000 00:00 0 
7fbe83f26000-7fbe83f27000 ---p 00000000 00:00 0 
7fbe83f27000-7fbe84051000 rw-p 00000000 00:00 0 
7fbe84051000-7fbe842c3000 ---p 00000000 00:00 0 
7fbe842c3000-7fbe842ed000 rw-p 00000000 00:00 0 
7fbe842ed000-7fbe8455e000 ---p 00000000 00:00 0 
7fbe8455e000-7fbe84584000 rw-p 00000000 00:00 0 
7fbe84584000-7fbe846ac000 ---p 00000000 00:00 0 
7fbe846ac000-7fbe846be000 rw-p 00000000 00:00 0 
7fbe846be000-7fbe84a6d000 ---p 00000000 00:00 0 
7fbe84a6d000-7fbe84ead000 rwxp 00000000 00:00 0 
7fbe84ead000-7fbe93a6d000 ---p 00000000 00:00 0 
7fbe93a6d000-7fbe93a87000 r-xp 00000000 00:16 198296976                  /gpfs/main/research/java/linux/jdk1.8.0_25/jre/lib/amd64/libzip.so
7fbe93a87000-7fbe93c87000 ---p 0001a000 00:16 198296976                  /gpfs/main/research/java/linux/jdk1.8.0_25/jre/lib/amd64/libzip.so
7fbe93c87000-7fbe93c88000 rw-p 0001a000 00:16 198296976                  /gpfs/main/research/java/linux/jdk1.8.0_25/jre/lib/amd64/libzip.so
7fbe93c88000-7fbe93cb2000 r-xp 00000000 00:16 198296912                  /gpfs/main/research/java/linux/jdk1.8.0_25/jre/lib/amd64/libjava.so
7fbe93cb2000-7fbe93eb2000 ---p 0002a000 00:16 198296912                  /gpfs/main/research/java/linux/jdk1.8.0_25/jre/lib/amd64/libjava.so
7fbe93eb2000-7fbe93eb4000 rw-p 0002a000 00:16 198296912                  /gpfs/main/research/java/linux/jdk1.8.0_25/jre/lib/amd64/libjava.so
7fbe93eb4000-7fbe93ec1000 r-xp 00000000 00:16 198296928                  /gpfs/main/research/java/linux/jdk1.8.0_25/jre/lib/amd64/libverify.so
7fbe93ec1000-7fbe940c1000 ---p 0000d000 00:16 198296928                  /gpfs/main/research/java/linux/jdk1.8.0_25/jre/lib/amd64/libverify.so
7fbe940c1000-7fbe940c3000 rw-p 0000d000 00:16 198296928                  /gpfs/main/research/java/linux/jdk1.8.0_25/jre/lib/amd64/libverify.so
7fbe940c3000-7fbe940ca000 r-xp 00000000 fe:00 2588                       /lib/x86_64-linux-gnu/librt-2.13.so
7fbe940ca000-7fbe942c9000 ---p 00007000 fe:00 2588                       /lib/x86_64-linux-gnu/librt-2.13.so
7fbe942c9000-7fbe942ca000 r--p 00006000 fe:00 2588                       /lib/x86_64-linux-gnu/librt-2.13.so
7fbe942ca000-7fbe942cb000 rw-p 00007000 fe:00 2588                       /lib/x86_64-linux-gnu/librt-2.13.so
7fbe942cb000-7fbe9434c000 r-xp 00000000 fe:00 2430                       /lib/x86_64-linux-gnu/libm-2.13.so
7fbe9434c000-7fbe9454b000 ---p 00081000 fe:00 2430                       /lib/x86_64-linux-gnu/libm-2.13.so
7fbe9454b000-7fbe9454c000 r--p 00080000 fe:00 2430                       /lib/x86_64-linux-gnu/libm-2.13.so
7fbe9454c000-7fbe9454d000 rw-p 00081000 fe:00 2430                       /lib/x86_64-linux-gnu/libm-2.13.so
7fbe9454d000-7fbe951ba000 r-xp 00000000 00:16 198297039                  /gpfs/main/research/java/linux/jdk1.8.0_25/jre/lib/amd64/server/libjvm.so
7fbe951ba000-7fbe953b9000 ---p 00c6d000 00:16 198297039                  /gpfs/main/research/java/linux/jdk1.8.0_25/jre/lib/amd64/server/libjvm.so
7fbe953b9000-7fbe9548f000 rw-p 00c6c000 00:16 198297039                  /gpfs/main/research/java/linux/jdk1.8.0_25/jre/lib/amd64/server/libjvm.so
7fbe9548f000-7fbe954d2000 rw-p 00000000 00:00 0 
7fbe954d2000-7fbe95653000 r-xp 00000000 fe:00 2520                       /lib/x86_64-linux-gnu/libc-2.13.so
7fbe95653000-7fbe95853000 ---p 00181000 fe:00 2520                       /lib/x86_64-linux-gnu/libc-2.13.so
7fbe95853000-7fbe95857000 r--p 00181000 fe:00 2520                       /lib/x86_64-linux-gnu/libc-2.13.so
7fbe95857000-7fbe95858000 rw-p 00185000 fe:00 2520                       /lib/x86_64-linux-gnu/libc-2.13.so
7fbe95858000-7fbe9585d000 rw-p 00000000 00:00 0 
7fbe9585d000-7fbe9585f000 r-xp 00000000 fe:00 2572                       /lib/x86_64-linux-gnu/libdl-2.13.so
7fbe9585f000-7fbe95a5f000 ---p 00002000 fe:00 2572                       /lib/x86_64-linux-gnu/libdl-2.13.so
7fbe95a5f000-7fbe95a60000 r--p 00002000 fe:00 2572                       /lib/x86_64-linux-gnu/libdl-2.13.so
7fbe95a60000-7fbe95a61000 rw-p 00003000 fe:00 2572                       /lib/x86_64-linux-gnu/libdl-2.13.so
7fbe95a61000-7fbe95a76000 r-xp 00000000 00:16 100859497                  /gpfs/main/research/java/linux/jdk1.8.0_25/lib/amd64/jli/libjli.so
7fbe95a76000-7fbe95c75000 ---p 00015000 00:16 100859497                  /gpfs/main/research/java/linux/jdk1.8.0_25/lib/amd64/jli/libjli.so
7fbe95c75000-7fbe95c76000 rw-p 00014000 00:16 100859497                  /gpfs/main/research/java/linux/jdk1.8.0_25/lib/amd64/jli/libjli.so
7fbe95c76000-7fbe95c8d000 r-xp 00000000 fe:00 2589                       /lib/x86_64-linux-gnu/libpthread-2.13.so
7fbe95c8d000-7fbe95e8c000 ---p 00017000 fe:00 2589                       /lib/x86_64-linux-gnu/libpthread-2.13.so
7fbe95e8c000-7fbe95e8d000 r--p 00016000 fe:00 2589                       /lib/x86_64-linux-gnu/libpthread-2.13.so
7fbe95e8d000-7fbe95e8e000 rw-p 00017000 fe:00 2589                       /lib/x86_64-linux-gnu/libpthread-2.13.so
7fbe95e8e000-7fbe95e92000 rw-p 00000000 00:00 0 
7fbe95e92000-7fbe95eb2000 r-xp 00000000 fe:00 2583                       /lib/x86_64-linux-gnu/ld-2.13.so
7fbe95eb2000-7fbe95eb4000 r--s 00000000 00:14 50783240                   /gpfs/main/course/cs032/bin/apache-maven-3.2.3/lib/plexus-component-annotations-1.5.5.jar
7fbe95eb4000-7fbe95eb7000 r--s 0000d000 00:14 49127297                   /gpfs/main/course/cs032/bin/apache-maven-3.2.3/lib/plexus-interpolation-1.19.jar
7fbe95eb7000-7fbe95eb9000 r--s 00009000 00:14 50783375                   /gpfs/main/course/cs032/bin/apache-maven-3.2.3/lib/maven-settings-builder-3.2.3.jar
7fbe95eb9000-7fbe95ebc000 r--s 00025000 00:14 50783269                   /gpfs/main/course/cs032/bin/apache-maven-3.2.3/lib/maven-model-3.2.3.jar
7fbe95ebc000-7fbe95ec8000 r--s 00085000 00:14 49955830                   /gpfs/main/course/cs032/bin/apache-maven-3.2.3/lib/maven-core-3.2.3.jar
7fbe95ec8000-7fbe95ecc000 r--s 0003a000 00:14 50783382                   /gpfs/main/course/cs032/bin/apache-maven-3.2.3/lib/plexus-utils-3.0.17.jar
7fbe95ecc000-7fbe95f72000 r--s 00000000 00:0e 7849                       /run/nscd/db2KrLLJ (deleted)
7fbe95f72000-7fbe95f75000 ---p 00000000 00:00 0 
7fbe95f75000-7fbe96077000 rw-p 00000000 00:00 0 
7fbe96077000-7fbe96078000 r--s 00001000 00:14 50783425                   /gpfs/main/course/cs032/bin/apache-maven-3.2.3/lib/jsr250-api-1.0.jar
7fbe96078000-7fbe96079000 r--s 00006000 00:14 50783328                   /gpfs/main/course/cs032/bin/apache-maven-3.2.3/lib/plexus-sec-dispatcher-1.3.jar
7fbe96079000-7fbe9607b000 r--s 00009000 00:14 50783265                   /gpfs/main/course/cs032/bin/apache-maven-3.2.3/lib/maven-settings-3.2.3.jar
7fbe9607b000-7fbe9607d000 r--s 0000d000 00:14 49955724                   /gpfs/main/course/cs032/bin/apache-maven-3.2.3/lib/maven-embedder-3.2.3.jar
7fbe9607d000-7fbe960a5000 rw-p 00000000 00:00 0 
7fbe960a5000-7fbe960ad000 rw-s 00000000 fe:04 1657                       /tmp/hsperfdata_gpane/15389
7fbe960ad000-7fbe960ae000 rw-p 00000000 00:00 0 
7fbe960ae000-7fbe960af000 r--p 00000000 00:00 0 
7fbe960af000-7fbe960b1000 rw-p 00000000 00:00 0 
7fbe960b1000-7fbe960b2000 r--p 0001f000 fe:00 2583                       /lib/x86_64-linux-gnu/ld-2.13.so
7fbe960b2000-7fbe960b3000 rw-p 00020000 fe:00 2583                       /lib/x86_64-linux-gnu/ld-2.13.so
7fbe960b3000-7fbe960b4000 rw-p 00000000 00:00 0 
7fff97d2c000-7fff97d4d000 rw-p 00000000 00:00 0                          [stack]
7fff97db2000-7fff97db3000 r-xp 00000000 00:00 0                          [vdso]
ffffffffff600000-ffffffffff601000 r-xp 00000000 00:00 0                  [vsyscall]

VM Arguments:
jvm_args: -Dclassworlds.conf=/course/cs032/bin/apache-maven-3.2.3/bin/m2.conf -Dmaven.home=/course/cs032/bin/apache-maven-3.2.3 
java_command: org.codehaus.plexus.classworlds.launcher.Launcher package
java_class_path (initial): /course/cs032/bin/apache-maven-3.2.3/boot/plexus-classworlds-2.5.1.jar
Launcher Type: SUN_STANDARD

Environment Variables:
JAVA_HOME=/pro/java/linux/jdk1.8.0
JRE_HOME=/pro/java/linux/jdk1.8.0
PATH=/course/cs032/bin:/local/bin:/usr/local/bin:/bin:/usr/bin:/usr/X11R6/bin:/usr/games:/contrib/bin:/course/cs051/bin:/course/cs022/bin:/course/cs032/bin:/course/cs141/bin:/course/cs018/tabin:/course/cs018/bin:/admin/tasupport/bin:/course/cs033/bin:/course/cs195y/bin:/course/cs018/scala/bin
SHELL=/bin/bash
DISPLAY=:2.0

Signal Handlers:
SIGSEGV: [libjvm.so+0xa79a80], sa_mask[0]=11111111011111111101111111111110, sa_flags=SA_RESTART|SA_SIGINFO
SIGBUS: [libjvm.so+0xa79a80], sa_mask[0]=11111111011111111101111111111110, sa_flags=SA_RESTART|SA_SIGINFO
SIGFPE: [libjvm.so+0x8e24e0], sa_mask[0]=11111111011111111101111111111110, sa_flags=SA_RESTART|SA_SIGINFO
SIGPIPE: [libjvm.so+0x8e24e0], sa_mask[0]=11111111011111111101111111111110, sa_flags=SA_RESTART|SA_SIGINFO
SIGXFSZ: [libjvm.so+0x8e24e0], sa_mask[0]=11111111011111111101111111111110, sa_flags=SA_RESTART|SA_SIGINFO
SIGILL: [libjvm.so+0x8e24e0], sa_mask[0]=11111111011111111101111111111110, sa_flags=SA_RESTART|SA_SIGINFO
SIGUSR1: SIG_DFL, sa_mask[0]=00000000000000000000000000000000, sa_flags=none
SIGUSR2: [libjvm.so+0x8e3d10], sa_mask[0]=00000000000000000000000000000000, sa_flags=SA_RESTART|SA_SIGINFO
SIGHUP: [libjvm.so+0x8e50d0], sa_mask[0]=11111111011111111101111111111110, sa_flags=SA_RESTART|SA_SIGINFO
SIGINT: [libjvm.so+0x8e50d0], sa_mask[0]=11111111011111111101111111111110, sa_flags=SA_RESTART|SA_SIGINFO
SIGTERM: [libjvm.so+0x8e50d0], sa_mask[0]=11111111011111111101111111111110, sa_flags=SA_RESTART|SA_SIGINFO
SIGQUIT: [libjvm.so+0x8e50d0], sa_mask[0]=11111111011111111101111111111110, sa_flags=SA_RESTART|SA_SIGINFO


---------------  S Y S T E M  ---------------

OS:PRETTY_NAME="Debian GNU/Linux 7 (wheezy)"
NAME="Debian GNU/Linux"
VERSION_ID="7"
VERSION="7 (wheezy)"
ID=debian
ANSI_COLOR="1;31"
HOME_URL="http://www.debian.org/"
SUPPORT_URL="http://www.debian.org/support/"
BUG_REPORT_URL="http://bugs.debian.org/"

uname:Linux 3.2.0-4-amd64 #1 SMP Debian 3.2.68-1+deb7u1 x86_64
libc:glibc 2.13 NPTL 2.13 
rlimit: STACK 8192k, CORE 0k, NPROC 63961, NOFILE 4096, AS infinity
load average:0.48 0.88 0.84

/proc/meminfo:
MemTotal:        8199880 kB
MemFree:         1702512 kB
Buffers:          335504 kB
Cached:          3251928 kB
SwapCached:           60 kB
Active:          3564600 kB
Inactive:        2273576 kB
Active(anon):    1786856 kB
Inactive(anon):   489556 kB
Active(file):    1777744 kB
Inactive(file):  1784020 kB
Unevictable:           0 kB
Mlocked:               0 kB
SwapTotal:       8388604 kB
SwapFree:        8387576 kB
Dirty:               272 kB
Writeback:             0 kB
AnonPages:       2251004 kB
Mapped:           228316 kB
Shmem:             25668 kB
Slab:             534372 kB
SReclaimable:     483368 kB
SUnreclaim:        51004 kB
KernelStack:        5336 kB
PageTables:        45512 kB
NFS_Unstable:          4 kB
Bounce:                0 kB
WritebackTmp:          0 kB
CommitLimit:    12488544 kB
Committed_AS:    5916800 kB
VmallocTotal:   34359738367 kB
VmallocUsed:      326588 kB
VmallocChunk:   34359402492 kB
HardwareCorrupted:     0 kB
AnonHugePages:         0 kB
HugePages_Total:       0
HugePages_Free:        0
HugePages_Rsvd:        0
HugePages_Surp:        0
Hugepagesize:       2048 kB
DirectMap4k:      314944 kB
DirectMap2M:     8073216 kB


CPU:total 4 (4 cores per cpu, 1 threads per core) family 6 model 15 stepping 11, cmov, cx8, fxsr, mmx, sse, sse2, sse3, ssse3, tsc

/proc/cpuinfo:
processor	: 0
vendor_id	: GenuineIntel
cpu family	: 6
model		: 15
model name	: Intel(R) Core(TM)2 Quad CPU    Q6600  @ 2.40GHz
stepping	: 11
microcode	: 0xb6
cpu MHz		: 2399.811
cache size	: 4096 KB
physical id	: 0
siblings	: 4
core id		: 0
cpu cores	: 4
apicid		: 0
initial apicid	: 0
fpu		: yes
fpu_exception	: yes
cpuid level	: 10
wp		: yes
flags		: fpu vme de pse tsc msr pae mce cx8 apic sep mtrr pge mca cmov pat pse36 clflush dts acpi mmx fxsr sse sse2 ss ht tm pbe syscall nx lm constant_tsc arch_perfmon pebs bts rep_good nopl aperfmperf pni dtes64 monitor ds_cpl vmx est tm2 ssse3 cx16 xtpr pdcm lahf_lm dtherm tpr_shadow vnmi flexpriority
bogomips	: 4799.62
clflush size	: 64
cache_alignment	: 64
address sizes	: 36 bits physical, 48 bits virtual
power management:

processor	: 1
vendor_id	: GenuineIntel
cpu family	: 6
model		: 15
model name	: Intel(R) Core(TM)2 Quad CPU    Q6600  @ 2.40GHz
stepping	: 11
microcode	: 0xb6
cpu MHz		: 2399.811
cache size	: 4096 KB
physical id	: 0
siblings	: 4
core id		: 1
cpu cores	: 4
apicid		: 1
initial apicid	: 1
fpu		: yes
fpu_exception	: yes
cpuid level	: 10
wp		: yes
flags		: fpu vme de pse tsc msr pae mce cx8 apic sep mtrr pge mca cmov pat pse36 clflush dts acpi mmx fxsr sse sse2 ss ht tm pbe syscall nx lm constant_tsc arch_perfmon pebs bts rep_good nopl aperfmperf pni dtes64 monitor ds_cpl vmx est tm2 ssse3 cx16 xtpr pdcm lahf_lm dtherm tpr_shadow vnmi flexpriority
bogomips	: 4800.23
clflush size	: 64
cache_alignment	: 64
address sizes	: 36 bits physical, 48 bits virtual
power management:

processor	: 2
vendor_id	: GenuineIntel
cpu family	: 6
model		: 15
model name	: Intel(R) Core(TM)2 Quad CPU    Q6600  @ 2.40GHz
stepping	: 11
microcode	: 0xb6
cpu MHz		: 2399.811
cache size	: 4096 KB
physical id	: 0
siblings	: 4
core id		: 2
cpu cores	: 4
apicid		: 2
initial apicid	: 2
fpu		: yes
fpu_exception	: yes
cpuid level	: 10
wp		: yes
flags		: fpu vme de pse tsc msr pae mce cx8 apic sep mtrr pge mca cmov pat pse36 clflush dts acpi mmx fxsr sse sse2 ss ht tm pbe syscall nx lm constant_tsc arch_perfmon pebs bts rep_good nopl aperfmperf pni dtes64 monitor ds_cpl vmx est tm2 ssse3 cx16 xtpr pdcm lahf_lm dtherm tpr_shadow vnmi flexpriority
bogomips	: 4800.28
clflush size	: 64
cache_alignment	: 64
address sizes	: 36 bits physical, 48 bits virtual
power management:

processor	: 3
vendor_id	: GenuineIntel
cpu family	: 6
model		: 15
model name	: Intel(R) Core(TM)2 Quad CPU    Q6600  @ 2.40GHz
stepping	: 11
microcode	: 0xb6
cpu MHz		: 2399.811
cache size	: 4096 KB
physical id	: 0
siblings	: 4
core id		: 3
cpu cores	: 4
apicid		: 3
initial apicid	: 3
fpu		: yes
fpu_exception	: yes
cpuid level	: 10
wp		: yes
flags		: fpu vme de pse tsc msr pae mce cx8 apic sep mtrr pge mca cmov pat pse36 clflush dts acpi mmx fxsr sse sse2 ss ht tm pbe syscall nx lm constant_tsc arch_perfmon pebs bts rep_good nopl aperfmperf pni dtes64 monitor ds_cpl vmx est tm2 ssse3 cx16 xtpr pdcm lahf_lm dtherm tpr_shadow vnmi flexpriority
bogomips	: 4800.26
clflush size	: 64
cache_alignment	: 64
address sizes	: 36 bits physical, 48 bits virtual
power management:



Memory: 4k page, physical 8199880k(1702512k free), swap 8388604k(8387576k free)

vm_info: Java HotSpot(TM) 64-Bit Server VM (25.25-b02) for linux-amd64 JRE (1.8.0_25-b17), built on Sep 17 2014 17:32:11 by "java_re" with gcc 4.3.0 20080428 (Red Hat 4.3.0-8)

time: Mon May  4 15:47:12 2015
elapsed time: 1 seconds (0d 0h 0m 1s)

