#
# A fatal error has been detected by the Java Runtime Environment:
#
#  SIGSEGV (0xb) at pc=0x00007f9b587ae060, pid=7374, tid=140305954313984
#
# JRE version: Java(TM) SE Runtime Environment (8.0_25-b17) (build 1.8.0_25-b17)
# Java VM: Java HotSpot(TM) 64-Bit Server VM (25.25-b02 mixed mode linux-amd64 compressed oops)
# Problematic frame:
# C  0x00007f9b587ae060
#
# Failed to write core dump. Core dumps have been disabled. To enable core dumping, try "ulimit -c unlimited" before starting Java again
#
# If you would like to submit a bug report, please visit:
#   http://bugreport.sun.com/bugreport/crash.jsp
#

---------------  T H R E A D  ---------------

Current thread (0x00007f9b90ece000):  JavaThread "PmdThread 3" [_thread_in_Java, id=7444, stack(0x00007f9b86811000,0x00007f9b86912000)]

siginfo: si_signo: 11 (SIGSEGV), si_code: 1 (SEGV_MAPERR), si_addr: 0x00007f9b587ae060

Registers:
RAX=0x00007f9b865efef8, RBX=0x00007f9b8661c000, RCX=0x00000000df66c710, RDX=0x0000000000000001
RSP=0x00007f9b8690ef18, RBP=0x00007f9b8690efc0, RSI=0x00000000df66c710, RDI=0x00000000df66c710
R8 =0x00000000006fb36e, R9 =0x00007f9b96be8000, R10=0x00007f9ba81e5440, R11=0x00007f9b97d28460
R12=0x0000000000000000, R13=0x00007f9b8690ef70, R14=0x00007f9b8690efd0, R15=0x00007f9b90ece000
RIP=0x00007f9b587ae060, EFLAGS=0x0000000000010202, CSGSFS=0x0000000000000033, ERR=0x0000000000000014
  TRAPNO=0x000000000000000e

Top of Stack: (sp=0x00007f9b8690ef18)
0x00007f9b8690ef18:   00007f9b97d284bc 00000000df66c728
0x00007f9b8690ef28:   00007f9b8690ef28 00007f9b865f4b6e
0x00007f9b8690ef38:   00007f9b8690ef78 00007f9b865f7438
0x00007f9b8690ef48:   0000000000000000 00007f9b8690efc0
0x00007f9b8690ef58:   00007f9b977b03d0 00007f9b8690ef78
0x00007f9b8690ef68:   00007f9b977b03d0 0000000000000001
0x00007f9b8690ef78:   00000000df66c710 00007f9b8690ef80
0x00007f9b8690ef88:   00007f9b865ee6fb 00007f9b8690efd0
0x00007f9b8690ef98:   00007f9b865f0438 0000000000000000
0x00007f9b8690efa8:   00007f9b865ee770 00007f9b8690ef70
0x00007f9b8690efb8:   00007f9b8690efd0 00007f9b8690f018
0x00007f9b8690efc8:   00007f9b977b098d 00000000df66c710
0x00007f9b8690efd8:   00007f9b8690efd8 00007f9b865ee463
0x00007f9b8690efe8:   00007f9b8690f038 00007f9b865f0438
0x00007f9b8690eff8:   0000000000000000 00007f9b865ee4d0
0x00007f9b8690f008:   00007f9b8690efd0 00007f9b8690f030
0x00007f9b8690f018:   00007f9b8690f080 00007f9b977b098d
0x00007f9b8690f028:   0000000000000000 0000000000000000
0x00007f9b8690f038:   00000000df66c710 00007f9b8690f040
0x00007f9b8690f048:   00007f9b865edddd 00007f9b8690f098
0x00007f9b8690f058:   00007f9b865f0438 00007f9b8662e410
0x00007f9b8690f068:   00007f9b865ede78 00007f9b8690f030
0x00007f9b8690f078:   00007f9b8690f098 00007f9b8690f0e0
0x00007f9b8690f088:   00007f9b977b098d 0000000000000000
0x00007f9b8690f098:   00000000df66c710 00007f9b8690f0a0
0x00007f9b8690f0a8:   00007f9b865efcd2 00007f9b8690f0f8
0x00007f9b8690f0b8:   00007f9b865f0438 00007f9b8662dc18
0x00007f9b8690f0c8:   00007f9b865efd38 00007f9b8690f098
0x00007f9b8690f0d8:   00007f9b8690f0f8 00007f9b8690f140
0x00007f9b8690f0e8:   00007f9b977b098d 0000000000000000
0x00007f9b8690f0f8:   00000000df66c710 00007f9b8690f100
0x00007f9b8690f108:   00007f9b865efc1b 00007f9b8690f150 

Instructions: (pc=0x00007f9b587ae060)
0x00007f9b587ae040:   
[error occurred during error reporting (printing registers, top of stack, instructions near pc), id 0xb]

Register to memory mapping:

RAX={method} {0x00007f9b865efef8} 'LA' '(I)I' in 'org/jaxen/saxpath/base/XPathReader'
RBX=0x00007f9b8661c000 is pointing into metadata
RCX=0x00000000df66c710 is an oop
org.jaxen.saxpath.base.XPathReader 
 - klass: 'org/jaxen/saxpath/base/XPathReader'
RDX=0x0000000000000001 is an unknown value
RSP=0x00007f9b8690ef18 is pointing into the stack for thread: 0x00007f9b90ece000
RBP=0x00007f9b8690efc0 is pointing into the stack for thread: 0x00007f9b90ece000
RSI=0x00000000df66c710 is an oop
org.jaxen.saxpath.base.XPathReader 
 - klass: 'org/jaxen/saxpath/base/XPathReader'
RDI=0x00000000df66c710 is an oop
org.jaxen.saxpath.base.XPathReader 
 - klass: 'org/jaxen/saxpath/base/XPathReader'
R8 =0x00000000006fb36e is an unknown value
R9 =0x00007f9b96be8000 is an unknown value
R10=0x00007f9ba81e5440: <offset 0xf5c440> in /gpfs/main/course/cs032/bin/jdk1.8.0_25/jre/lib/amd64/server/libjvm.so at 0x00007f9ba7289000
R11=0x00007f9b97d28460 is at entry_point+32 in (nmethod*)0x00007f9b97d282d0
R12=0x0000000000000000 is an unknown value
R13=0x00007f9b8690ef70 is pointing into the stack for thread: 0x00007f9b90ece000
R14=0x00007f9b8690efd0 is pointing into the stack for thread: 0x00007f9b90ece000
R15=0x00007f9b90ece000 is a thread


Stack: [0x00007f9b86811000,0x00007f9b86912000],  sp=0x00007f9b8690ef18,  free space=1015k
Native frames: (J=compiled Java code, j=interpreted, Vv=VM code, C=native code)
C  0x00007f9b587ae060
j  org.jaxen.saxpath.base.XPathReader.locationPath(Z)V+75
j  org.jaxen.saxpath.base.XPathReader.pathExpr()V+253
j  org.jaxen.saxpath.base.XPathReader.unionExpr()V+10
j  org.jaxen.saxpath.base.XPathReader.unaryExpr()V+59
j  org.jaxen.saxpath.base.XPathReader.multiplicativeExpr()V+1
j  org.jaxen.saxpath.base.XPathReader.additiveExpr()V+1
j  org.jaxen.saxpath.base.XPathReader.relationalExpr()V+1
j  org.jaxen.saxpath.base.XPathReader.equalityExpr()V+1
j  org.jaxen.saxpath.base.XPathReader.andExpr()V+10
j  org.jaxen.saxpath.base.XPathReader.orExpr()V+10
j  org.jaxen.saxpath.base.XPathReader.expr()V+1
j  org.jaxen.saxpath.base.XPathReader.filterExpr()V+125
j  org.jaxen.saxpath.base.XPathReader.pathExpr()V+146
j  org.jaxen.saxpath.base.XPathReader.unionExpr()V+10
j  org.jaxen.saxpath.base.XPathReader.unaryExpr()V+59
j  org.jaxen.saxpath.base.XPathReader.multiplicativeExpr()V+1
j  org.jaxen.saxpath.base.XPathReader.additiveExpr()V+1
j  org.jaxen.saxpath.base.XPathReader.relationalExpr()V+1
j  org.jaxen.saxpath.base.XPathReader.equalityExpr()V+1
j  org.jaxen.saxpath.base.XPathReader.andExpr()V+10
j  org.jaxen.saxpath.base.XPathReader.orExpr()V+10
j  org.jaxen.saxpath.base.XPathReader.expr()V+1
j  org.jaxen.saxpath.base.XPathReader.predicateExpr()V+1
j  org.jaxen.saxpath.base.XPathReader.predicate()V+17
j  org.jaxen.saxpath.base.XPathReader.predicates()V+11
j  org.jaxen.saxpath.base.XPathReader.nameTest(I)V+143
j  org.jaxen.saxpath.base.XPathReader.nodeTest(I)V+66
j  org.jaxen.saxpath.base.XPathReader.step()V+96
j  org.jaxen.saxpath.base.XPathReader.steps()V+261
j  org.jaxen.saxpath.base.XPathReader.relativeLocationPath()V+78
j  org.jaxen.saxpath.base.XPathReader.locationPath(Z)V+75
j  org.jaxen.saxpath.base.XPathReader.pathExpr()V+253
j  org.jaxen.saxpath.base.XPathReader.unionExpr()V+10
j  org.jaxen.saxpath.base.XPathReader.unaryExpr()V+59
j  org.jaxen.saxpath.base.XPathReader.multiplicativeExpr()V+1
j  org.jaxen.saxpath.base.XPathReader.additiveExpr()V+1
j  org.jaxen.saxpath.base.XPathReader.relationalExpr()V+1
j  org.jaxen.saxpath.base.XPathReader.equalityExpr()V+1
j  org.jaxen.saxpath.base.XPathReader.andExpr()V+10
j  org.jaxen.saxpath.base.XPathReader.orExpr()V+10
j  org.jaxen.saxpath.base.XPathReader.expr()V+1
j  org.jaxen.saxpath.base.XPathReader.parse(Ljava/lang/String;)V+15
j  org.jaxen.BaseXPath.<init>(Ljava/lang/String;)V+25
j  org.jaxen.BaseXPath.<init>(Ljava/lang/String;Lorg/jaxen/Navigator;)V+2
j  net.sourceforge.pmd.lang.rule.xpath.JaxenXPathRuleQuery.createXPath(Ljava/lang/String;Lorg/jaxen/Navigator;)Lorg/jaxen/BaseXPath;+6
j  net.sourceforge.pmd.lang.rule.xpath.JaxenXPathRuleQuery.initializeXPathExpression(Lorg/jaxen/Navigator;)V+351
j  net.sourceforge.pmd.lang.rule.xpath.JaxenXPathRuleQuery.getRuleChainVisits()Ljava/util/List;+2
j  net.sourceforge.pmd.lang.rule.XPathRule.getRuleChainVisits()Ljava/util/List;+11
j  net.sourceforge.pmd.lang.rule.AbstractRule.usesRuleChain()Z+1
j  net.sourceforge.pmd.lang.rule.AbstractRuleChainVisitor.initialize()V+90
j  net.sourceforge.pmd.lang.rule.AbstractRuleChainVisitor.visitAll(Ljava/util/List;Lnet/sourceforge/pmd/RuleContext;)V+1
j  net.sourceforge.pmd.RuleChain.apply(Ljava/util/List;Lnet/sourceforge/pmd/RuleContext;Lnet/sourceforge/pmd/lang/Language;)V+16
j  net.sourceforge.pmd.RuleSets.apply(Ljava/util/List;Lnet/sourceforge/pmd/RuleContext;Lnet/sourceforge/pmd/lang/Language;)V+7
j  net.sourceforge.pmd.SourceCodeProcessor.processSource(Ljava/io/Reader;Lnet/sourceforge/pmd/RuleSets;Lnet/sourceforge/pmd/RuleContext;)V+96
j  net.sourceforge.pmd.SourceCodeProcessor.processSourceCode(Ljava/io/Reader;Lnet/sourceforge/pmd/RuleSets;Lnet/sourceforge/pmd/RuleContext;)V+23
j  net.sourceforge.pmd.SourceCodeProcessor.processSourceCode(Ljava/io/InputStream;Lnet/sourceforge/pmd/RuleSets;Lnet/sourceforge/pmd/RuleContext;)V+18
j  net.sourceforge.pmd.processor.PmdRunnable.call()Lnet/sourceforge/pmd/Report;+153
j  net.sourceforge.pmd.processor.PmdRunnable.call()Ljava/lang/Object;+1
j  java.util.concurrent.FutureTask.run()V+42
j  java.util.concurrent.ThreadPoolExecutor.runWorker(Ljava/util/concurrent/ThreadPoolExecutor$Worker;)V+95
j  java.util.concurrent.ThreadPoolExecutor$Worker.run()V+5
j  java.lang.Thread.run()V+11
v  ~StubRoutines::call_stub
V  [libjvm.so+0x664086]  JavaCalls::call_helper(JavaValue*, methodHandle*, JavaCallArguments*, Thread*)+0x1056
V  [libjvm.so+0x664591]  JavaCalls::call_virtual(JavaValue*, KlassHandle, Symbol*, Symbol*, JavaCallArguments*, Thread*)+0x321
V  [libjvm.so+0x664a37]  JavaCalls::call_virtual(JavaValue*, Handle, KlassHandle, Symbol*, Symbol*, Thread*)+0x47
V  [libjvm.so+0x6dee3e]  thread_entry(JavaThread*, Thread*)+0x7e
V  [libjvm.so+0xa29e8f]  JavaThread::thread_main_inner()+0xdf
V  [libjvm.so+0xa29fbc]  JavaThread::run()+0x11c
V  [libjvm.so+0x8e7d48]  java_start(Thread*)+0x108
C  [libpthread.so.0+0x6b50]  start_thread+0xd0


---------------  P R O C E S S  ---------------

Java Threads: ( => current thread )
  0x00007f9b90ed0000 JavaThread "PmdThread 4" [_thread_in_Java, id=7445, stack(0x00007f9b86710000,0x00007f9b86811000)]
=>0x00007f9b90ece000 JavaThread "PmdThread 3" [_thread_in_Java, id=7444, stack(0x00007f9b86811000,0x00007f9b86912000)]
  0x00007f9b90ecc000 JavaThread "PmdThread 2" [_thread_in_Java, id=7443, stack(0x00007f9b86912000,0x00007f9b86a13000)]
  0x00007f9b90eca800 JavaThread "PmdThread 1" [_thread_in_Java, id=7442, stack(0x00007f9b86a13000,0x00007f9b86b14000)]
  0x0000000002451800 JavaThread "Service Thread" daemon [_thread_blocked, id=7402, stack(0x00007f9b8c06f000,0x00007f9b8c170000)]
  0x00007f9b90034800 JavaThread "C1 CompilerThread2" daemon [_thread_in_vm, id=7401, stack(0x00007f9b9439d000,0x00007f9b9449e000)]
  0x00007f9b90032800 JavaThread "C2 CompilerThread1" daemon [_thread_in_native, id=7400, stack(0x00007f9b9449e000,0x00007f9b9459f000)]
  0x00007f9b9002f800 JavaThread "C2 CompilerThread0" daemon [_thread_in_native, id=7399, stack(0x00007f9b9459f000,0x00007f9b946a0000)]
  0x00007f9b9002d800 JavaThread "Signal Dispatcher" daemon [_thread_blocked, id=7398, stack(0x00007f9b946a0000,0x00007f9b947a1000)]
  0x00007f9b90001000 JavaThread "Finalizer" daemon [_thread_blocked, id=7397, stack(0x00007f9b947a1000,0x00007f9b948a2000)]
  0x0000000002436800 JavaThread "Reference Handler" daemon [_thread_blocked, id=7396, stack(0x00007f9b948a2000,0x00007f9b949a3000)]
  0x00000000023c6000 JavaThread "main" [_thread_blocked, id=7390, stack(0x00007f9ba8cae000,0x00007f9ba8daf000)]

Other Threads:
  0x000000000242f800 VMThread [stack: 0x00007f9b949a3000,0x00007f9b94aa4000] [id=7395]
  0x0000000002454000 WatcherThread [stack: 0x00007f9b9429c000,0x00007f9b9439d000] [id=7403]

VM state:not at safepoint (normal execution)

VM Mutex/Monitor currently owned by a thread: None

Heap:
 PSYoungGen      total 279040K, used 153903K [0x00000000d6500000, 0x00000000e8700000, 0x0000000100000000)
  eden space 262144K, 58% used [0x00000000d6500000,0x00000000dfb4bf28,0x00000000e6500000)
  from space 16896K, 0% used [0x00000000e7680000,0x00000000e7680000,0x00000000e8700000)
  to   space 17408K, 0% used [0x00000000e6500000,0x00000000e6500000,0x00000000e7600000)
 ParOldGen       total 71680K, used 18925K [0x0000000082e00000, 0x0000000087400000, 0x00000000d6500000)
  object space 71680K, 26% used [0x0000000082e00000,0x000000008407b6b0,0x0000000087400000)
 Metaspace       used 28769K, capacity 29502K, committed 29824K, reserved 1075200K
  class space    used 3651K, capacity 3869K, committed 3968K, reserved 1048576K

Card table byte_map: [0x00007f9b96fff000,0x00007f9b973e9000] byte_map_base: 0x00007f9b96be8000

Marking Bits: (ParMarkBitMap*) 0x00007f9ba81e32c0
 Begin Bits: [0x00007f9b8c170000, 0x00007f9b8e0b8000)
 End Bits:   [0x00007f9b8e0b8000, 0x00007f9b90000000)

Polling page: 0x00007f9ba8dea000

CodeCache: size=245760Kb used=12650Kb max_used=14115Kb free=233109Kb
 bounds [0x00007f9b977a9000, 0x00007f9b98589000, 0x00007f9ba67a9000]
 total_blobs=4149 nmethods=3795 adapters=268
 compilation: enabled

Compilation events (10 events):
Event: 9.090 Thread 0x00007f9b90032800 nmethod 4406 0x00007f9b978e0650 code [0x00007f9b978e07a0, 0x00007f9b978e0818]
Event: 9.090 Thread 0x00007f9b90032800 3823       4       java.lang.CharacterDataLatin1::digit (91 bytes)
Event: 9.091 Thread 0x00007f9b90032800 nmethod 3823 0x00007f9b9791bc10 code [0x00007f9b9791bd60, 0x00007f9b9791be58]
Event: 9.091 Thread 0x00007f9b90032800 4411       4       org.jaxen.saxpath.base.XPathReader::LT (55 bytes)
Event: 9.098 Thread 0x00007f9b90034800 4408       1       java.util.Collections::emptyIterator (4 bytes)
Event: 9.099 Thread 0x00007f9b90034800 nmethod 4408 0x00007f9b97c0e150 code [0x00007f9b97c0e2a0, 0x00007f9b97c0e390]
Event: 9.099 Thread 0x00007f9b90034800 4394       3       org.apache.xerces.util.AugmentationsImpl$SmallContainer::getItem (43 bytes)
Event: 9.099 Thread 0x00007f9b90034800 nmethod 4394 0x00007f9b9791b510 code [0x00007f9b9791b6a0, 0x00007f9b9791ba28]
Event: 9.099 Thread 0x00007f9b90034800 4419       3       org.apache.xerces.dom.DeferredDocumentImpl::createNode (46 bytes)
Event: 9.099 Thread 0x00007f9b90032800 nmethod 4411 0x00007f9b982df510 code [0x00007f9b982df6c0, 0x00007f9b982dfbd8]

GC Heap History (10 events):
Event: 3.063 GC heap before
{Heap before GC invocations=3 (full 0):
 PSYoungGen      total 70656K, used 70642K [0x00000000d6500000, 0x00000000daf00000, 0x0000000100000000)
  eden space 65536K, 100% used [0x00000000d6500000,0x00000000da500000,0x00000000da500000)
  from space 5120K, 99% used [0x00000000daa00000,0x00000000daefca68,0x00000000daf00000)
  to   space 5120K, 0% used [0x00000000da500000,0x00000000da500000,0x00000000daa00000)
 ParOldGen       total 86016K, used 1895K [0x0000000082e00000, 0x0000000088200000, 0x00000000d6500000)
  object space 86016K, 2% used [0x0000000082e00000,0x0000000082fd9eb8,0x0000000088200000)
 Metaspace       used 14161K, capacity 14378K, committed 14720K, reserved 1062912K
  class space    used 1686K, capacity 1803K, committed 1920K, reserved 1048576K
Event: 3.086 GC heap after
Heap after GC invocations=3 (full 0):
 PSYoungGen      total 70656K, used 5104K [0x00000000d6500000, 0x00000000def00000, 0x0000000100000000)
  eden space 65536K, 0% used [0x00000000d6500000,0x00000000d6500000,0x00000000da500000)
  from space 5120K, 99% used [0x00000000da500000,0x00000000da9fc010,0x00000000daa00000)
  to   space 5120K, 0% used [0x00000000dea00000,0x00000000dea00000,0x00000000def00000)
 ParOldGen       total 86016K, used 4905K [0x0000000082e00000, 0x0000000088200000, 0x00000000d6500000)
  object space 86016K, 5% used [0x0000000082e00000,0x00000000832ca520,0x0000000088200000)
 Metaspace       used 14161K, capacity 14378K, committed 14720K, reserved 1062912K
  class space    used 1686K, capacity 1803K, committed 1920K, reserved 1048576K
}
Event: 4.435 GC heap before
{Heap before GC invocations=4 (full 0):
 PSYoungGen      total 70656K, used 70640K [0x00000000d6500000, 0x00000000def00000, 0x0000000100000000)
  eden space 65536K, 100% used [0x00000000d6500000,0x00000000da500000,0x00000000da500000)
  from space 5120K, 99% used [0x00000000da500000,0x00000000da9fc010,0x00000000daa00000)
  to   space 5120K, 0% used [0x00000000dea00000,0x00000000dea00000,0x00000000def00000)
 ParOldGen       total 86016K, used 4905K [0x0000000082e00000, 0x0000000088200000, 0x00000000d6500000)
  object space 86016K, 5% used [0x0000000082e00000,0x00000000832ca520,0x0000000088200000)
 Metaspace       used 16889K, capacity 17238K, committed 17664K, reserved 1064960K
  class space    used 2040K, capacity 2177K, committed 2304K, reserved 1048576K
Event: 4.461 GC heap after
Heap after GC invocations=4 (full 0):
 PSYoungGen      total 136192K, used 5088K [0x00000000d6500000, 0x00000000def00000, 0x0000000100000000)
  eden space 131072K, 0% used [0x00000000d6500000,0x00000000d6500000,0x00000000de500000)
  from space 5120K, 99% used [0x00000000dea00000,0x00000000deef8240,0x00000000def00000)
  to   space 5120K, 0% used [0x00000000de500000,0x00000000de500000,0x00000000dea00000)
 ParOldGen       total 86016K, used 12717K [0x0000000082e00000, 0x0000000088200000, 0x00000000d6500000)
  object space 86016K, 14% used [0x0000000082e00000,0x0000000083a6b750,0x0000000088200000)
 Metaspace       used 16889K, capacity 17238K, committed 17664K, reserved 1064960K
  class space    used 2040K, capacity 2177K, committed 2304K, reserved 1048576K
}
Event: 6.582 GC heap before
{Heap before GC invocations=5 (full 0):
 PSYoungGen      total 136192K, used 136160K [0x00000000d6500000, 0x00000000def00000, 0x0000000100000000)
  eden space 131072K, 100% used [0x00000000d6500000,0x00000000de500000,0x00000000de500000)
  from space 5120K, 99% used [0x00000000dea00000,0x00000000deef8240,0x00000000def00000)
  to   space 5120K, 0% used [0x00000000de500000,0x00000000de500000,0x00000000dea00000)
 ParOldGen       total 86016K, used 12717K [0x0000000082e00000, 0x0000000088200000, 0x00000000d6500000)
  object space 86016K, 14% used [0x0000000082e00000,0x0000000083a6b750,0x0000000088200000)
 Metaspace       used 20076K, capacity 20602K, committed 20864K, reserved 1067008K
  class space    used 2421K, capacity 2591K, committed 2688K, reserved 1048576K
Event: 6.629 GC heap after
Heap after GC invocations=5 (full 0):
 PSYoungGen      total 136192K, used 5088K [0x00000000d6500000, 0x00000000e8800000, 0x0000000100000000)
  eden space 131072K, 0% used [0x00000000d6500000,0x00000000d6500000,0x00000000de500000)
  from space 5120K, 99% used [0x00000000de500000,0x00000000de9f8260,0x00000000dea00000)
  to   space 17920K, 0% used [0x00000000e7680000,0x00000000e7680000,0x00000000e8800000)
 ParOldGen       total 86016K, used 23352K [0x0000000082e00000, 0x0000000088200000, 0x00000000d6500000)
  object space 86016K, 27% used [0x0000000082e00000,0x00000000844ce2f8,0x0000000088200000)
 Metaspace       used 20076K, capacity 20602K, committed 20864K, reserved 1067008K
  class space    used 2421K, capacity 2591K, committed 2688K, reserved 1048576K
}
Event: 6.692 GC heap before
{Heap before GC invocations=6 (full 0):
 PSYoungGen      total 136192K, used 10266K [0x00000000d6500000, 0x00000000e8800000, 0x0000000100000000)
  eden space 131072K, 3% used [0x00000000d6500000,0x00000000d6a0e6a8,0x00000000de500000)
  from space 5120K, 99% used [0x00000000de500000,0x00000000de9f8260,0x00000000dea00000)
  to   space 17920K, 0% used [0x00000000e7680000,0x00000000e7680000,0x00000000e8800000)
 ParOldGen       total 86016K, used 23352K [0x0000000082e00000, 0x0000000088200000, 0x00000000d6500000)
  object space 86016K, 27% used [0x0000000082e00000,0x00000000844ce2f8,0x0000000088200000)
 Metaspace       used 20523K, capacity 20998K, committed 21296K, reserved 1069056K
  class space    used 2490K, capacity 2663K, committed 2688K, reserved 1048576K
Event: 6.713 GC heap after
Heap after GC invocations=6 (full 0):
 PSYoungGen      total 279040K, used 5579K [0x00000000d6500000, 0x00000000e8700000, 0x0000000100000000)
  eden space 262144K, 0% used [0x00000000d6500000,0x00000000d6500000,0x00000000e6500000)
  from space 16896K, 33% used [0x00000000e7680000,0x00000000e7bf2c20,0x00000000e8700000)
  to   space 17408K, 0% used [0x00000000e6500000,0x00000000e6500000,0x00000000e7600000)
 ParOldGen       total 86016K, used 23352K [0x0000000082e00000, 0x0000000088200000, 0x00000000d6500000)
  object space 86016K, 27% used [0x0000000082e00000,0x00000000844ce2f8,0x0000000088200000)
 Metaspace       used 20523K, capacity 20998K, committed 21296K, reserved 1069056K
  class space    used 2490K, capacity 2663K, committed 2688K, reserved 1048576K
}
Event: 6.713 GC heap before
{Heap before GC invocations=7 (full 1):
 PSYoungGen      total 279040K, used 5579K [0x00000000d6500000, 0x00000000e8700000, 0x0000000100000000)
  eden space 262144K, 0% used [0x00000000d6500000,0x00000000d6500000,0x00000000e6500000)
  from space 16896K, 33% used [0x00000000e7680000,0x00000000e7bf2c20,0x00000000e8700000)
  to   space 17408K, 0% used [0x00000000e6500000,0x00000000e6500000,0x00000000e7600000)
 ParOldGen       total 86016K, used 23352K [0x0000000082e00000, 0x0000000088200000, 0x00000000d6500000)
  object space 86016K, 27% used [0x0000000082e00000,0x00000000844ce2f8,0x0000000088200000)
 Metaspace       used 20523K, capacity 20998K, committed 21296K, reserved 1069056K
  class space    used 2490K, capacity 2663K, committed 2688K, reserved 1048576K
Event: 6.871 GC heap after
Heap after GC invocations=7 (full 1):
 PSYoungGen      total 279040K, used 0K [0x00000000d6500000, 0x00000000e8700000, 0x0000000100000000)
  eden space 262144K, 0% used [0x00000000d6500000,0x00000000d6500000,0x00000000e6500000)
  from space 16896K, 0% used [0x00000000e7680000,0x00000000e7680000,0x00000000e8700000)
  to   space 17408K, 0% used [0x00000000e6500000,0x00000000e6500000,0x00000000e7600000)
 ParOldGen       total 71680K, used 18925K [0x0000000082e00000, 0x0000000087400000, 0x00000000d6500000)
  object space 71680K, 26% used [0x0000000082e00000,0x000000008407b6b0,0x0000000087400000)
 Metaspace       used 20523K, capacity 20998K, committed 21296K, reserved 1069056K
  class space    used 2490K, capacity 2663K, committed 2688K, reserved 1048576K
}

Deoptimization events (10 events):
Event: 7.533 Thread 0x00000000023c6000 Uncommon trap: reason=unreached action=reinterpret pc=0x00007f9b97fd366c method=org.apache.maven.model.Contributor.clone()Lorg/apache/maven/model/Contributor; @ 44
Event: 7.533 Thread 0x00000000023c6000 Uncommon trap: reason=unreached action=reinterpret pc=0x00007f9b97fa6358 method=org.apache.maven.model.Contributor.clone()Lorg/apache/maven/model/Contributor; @ 44
Event: 7.582 Thread 0x00000000023c6000 Uncommon trap: reason=unreached action=reinterpret pc=0x00007f9b984bcc68 method=org.apache.maven.model.Contributor.clone()Lorg/apache/maven/model/Contributor; @ 44
Event: 8.375 Thread 0x00000000023c6000 Uncommon trap: reason=null_check action=make_not_entrant pc=0x00007f9b97e33df0 method=org.eclipse.sisu.inject.LocatedBeans$Itr.hasNext()Z @ 35
Event: 8.935 Thread 0x00007f9b90eca800 Uncommon trap: reason=unloaded action=reinterpret pc=0x00007f9b97e4218c method=sun.nio.cs.StreamDecoder.ensureOpen()V @ 7
Event: 8.964 Thread 0x00007f9b90ece000 Uncommon trap: reason=null_check action=make_not_entrant pc=0x00007f9b984ee5cc method=java.lang.StringCoding.deref(Ljava/lang/ThreadLocal;)Ljava/lang/Object; @ 4
Event: 8.987 Thread 0x00007f9b90eca800 Uncommon trap: reason=bimorphic action=maybe_recompile pc=0x00007f9b97c14170 method=java.lang.ClassLoader.loadClass(Ljava/lang/String;Z)Ljava/lang/Class; @ 38
Event: 8.988 Thread 0x00007f9b90eca800 Uncommon trap: reason=bimorphic action=maybe_recompile pc=0x00007f9b97c14170 method=java.lang.ClassLoader.loadClass(Ljava/lang/String;Z)Ljava/lang/Class; @ 38
Event: 8.988 Thread 0x00007f9b90eca800 Uncommon trap: reason=bimorphic action=maybe_recompile pc=0x00007f9b97c14170 method=java.lang.ClassLoader.loadClass(Ljava/lang/String;Z)Ljava/lang/Class; @ 38
Event: 8.989 Thread 0x00007f9b90eca800 Uncommon trap: reason=bimorphic action=maybe_recompile pc=0x00007f9b97c14170 method=java.lang.ClassLoader.loadClass(Ljava/lang/String;Z)Ljava/lang/Class; @ 38

Internal exceptions (10 events):
Event: 9.059 Thread 0x00007f9b90ece000 Exception <a 'java/security/PrivilegedActionException'> (0x00000000de1a9248) thrown at [/HUDSON/workspace/8-2-build-linux-amd64/jdk8u25/1514/hotspot/src/share/vm/prims/jvm.cpp, line 1312]
Event: 9.059 Thread 0x00007f9b90ece000 Exception <a 'java/security/PrivilegedActionException'> (0x00000000de1af708) thrown at [/HUDSON/workspace/8-2-build-linux-amd64/jdk8u25/1514/hotspot/src/share/vm/prims/jvm.cpp, line 1312]
Event: 9.060 Thread 0x00007f9b90ece000 Exception <a 'java/security/PrivilegedActionException'> (0x00000000df632358) thrown at [/HUDSON/workspace/8-2-build-linux-amd64/jdk8u25/1514/hotspot/src/share/vm/prims/jvm.cpp, line 1312]
Event: 9.061 Thread 0x00007f9b90ece000 Exception <a 'java/security/PrivilegedActionException'> (0x00000000df639980) thrown at [/HUDSON/workspace/8-2-build-linux-amd64/jdk8u25/1514/hotspot/src/share/vm/prims/jvm.cpp, line 1312]
Event: 9.061 Thread 0x00007f9b90ece000 Exception <a 'java/security/PrivilegedActionException'> (0x00000000df6403f0) thrown at [/HUDSON/workspace/8-2-build-linux-amd64/jdk8u25/1514/hotspot/src/share/vm/prims/jvm.cpp, line 1312]
Event: 9.062 Thread 0x00007f9b90ece000 Exception <a 'java/security/PrivilegedActionException'> (0x00000000df646630) thrown at [/HUDSON/workspace/8-2-build-linux-amd64/jdk8u25/1514/hotspot/src/share/vm/prims/jvm.cpp, line 1312]
Event: 9.067 Thread 0x00007f9b90eca800 Exception <a 'java/security/PrivilegedActionException'> (0x00000000decc3580) thrown at [/HUDSON/workspace/8-2-build-linux-amd64/jdk8u25/1514/hotspot/src/share/vm/prims/jvm.cpp, line 1312]
Event: 9.068 Thread 0x00007f9b90eca800 Exception <a 'java/security/PrivilegedActionException'> (0x00000000deccc140) thrown at [/HUDSON/workspace/8-2-build-linux-amd64/jdk8u25/1514/hotspot/src/share/vm/prims/jvm.cpp, line 1312]
Event: 9.086 Thread 0x00007f9b90ed0000 Exception <a 'java/security/PrivilegedActionException'> (0x00000000df3f38d0) thrown at [/HUDSON/workspace/8-2-build-linux-amd64/jdk8u25/1514/hotspot/src/share/vm/prims/jvm.cpp, line 1312]
Event: 9.088 Thread 0x00007f9b90ed0000 Exception <a 'java/security/PrivilegedActionException'> (0x00000000df40b298) thrown at [/HUDSON/workspace/8-2-build-linux-amd64/jdk8u25/1514/hotspot/src/share/vm/prims/jvm.cpp, line 1312]

Events (10 events):
Event: 9.068 loading class org/jaxen/expr/DefaultUnionExpr
Event: 9.068 loading class org/jaxen/expr/DefaultUnionExpr done
Event: 9.086 loading class org/jaxen/expr/DefaultNotEqualsExpr
Event: 9.086 loading class org/jaxen/expr/DefaultNotEqualsExpr done
Event: 9.086 loading class org/jaxen/expr/DefaultNotEqualsExpr
Event: 9.086 loading class org/jaxen/expr/DefaultNotEqualsExpr done
Event: 9.088 loading class org/jaxen/expr/DefaultOrExpr
Event: 9.088 loading class org/jaxen/expr/DefaultOrExpr done
Event: 9.088 loading class org/jaxen/expr/DefaultOrExpr
Event: 9.088 loading class org/jaxen/expr/DefaultOrExpr done


Dynamic libraries:
00400000-00401000 r-xp 00000000 00:14 138267735                          /gpfs/main/course/cs032/bin/jdk1.8.0_25/bin/java
00600000-00601000 rw-p 00000000 00:14 138267735                          /gpfs/main/course/cs032/bin/jdk1.8.0_25/bin/java
023bd000-04a3d000 rw-p 00000000 00:00 0                                  [heap]
82e00000-87400000 rw-p 00000000 00:00 0 
87400000-d6500000 ---p 00000000 00:00 0 
d6500000-e8700000 rw-p 00000000 00:00 0 
e8700000-100000000 ---p 00000000 00:00 0 
100000000-1003e0000 rw-p 00000000 00:00 0 
1003e0000-140000000 ---p 00000000 00:00 0 
7f9b86507000-7f9b86650000 rw-p 00000000 00:00 0 
7f9b86650000-7f9b86710000 ---p 00000000 00:00 0 
7f9b86710000-7f9b86713000 ---p 00000000 00:00 0 
7f9b86713000-7f9b86811000 rw-p 00000000 00:00 0 
7f9b86811000-7f9b86814000 ---p 00000000 00:00 0 
7f9b86814000-7f9b86912000 rw-p 00000000 00:00 0 
7f9b86912000-7f9b86915000 ---p 00000000 00:00 0 
7f9b86915000-7f9b86a13000 rw-p 00000000 00:00 0 
7f9b86a13000-7f9b86a16000 ---p 00000000 00:00 0 
7f9b86a16000-7f9b86d14000 rw-p 00000000 00:00 0 
7f9b86d14000-7f9b86d17000 r--s 00014000 00:18 53609564                   /gpfs/nbu/people/ajl4/.m2/repository/net/sourceforge/pmd/pmd-jsp/5.2.1/pmd-jsp-5.2.1.jar
7f9b86d17000-7f9b86d24000 r--s 00109000 00:18 53609560                   /gpfs/nbu/people/ajl4/.m2/repository/org/mozilla/rhino/1.7R4/rhino-1.7R4.jar
7f9b86d24000-7f9b86d28000 r--s 00014000 00:18 53609782                   /gpfs/nbu/people/ajl4/.m2/repository/net/sourceforge/pmd/pmd-javascript/5.2.1/pmd-javascript-5.2.1.jar
7f9b86d28000-7f9b86d31000 r--s 0002d000 00:18 53609780                   /gpfs/nbu/people/ajl4/.m2/repository/xml-apis/xml-apis/1.4.01/xml-apis-1.4.01.jar
7f9b86d31000-7f9b86d4a000 r--s 00135000 00:18 53609779                   /gpfs/nbu/people/ajl4/.m2/repository/xerces/xercesImpl/2.11.0/xercesImpl-2.11.0.jar
7f9b86d4a000-7f9b86d57000 r--s 000a0000 00:18 53609777                   /gpfs/nbu/people/ajl4/.m2/repository/net/sourceforge/pmd/pmd-java/5.2.1/pmd-java-5.2.1.jar
7f9b86d57000-7f9b86d59000 r--s 0001e000 00:18 53609774                   /gpfs/nbu/people/ajl4/.m2/repository/net/sourceforge/saxon/saxon/9.1.0.8/saxon-9.1.0.8-dom.jar
7f9b86d59000-7f9b86d5a000 r--s 0000c000 00:18 53609771                   /gpfs/nbu/people/ajl4/.m2/repository/org/ow2/asm/asm/5.0.3/asm-5.0.3.jar
7f9b86d5a000-7f9b86d61000 r--s 0005e000 00:18 53609772                   /gpfs/nbu/people/ajl4/.m2/repository/org/apache/commons/commons-lang3/3.3.2/commons-lang3-3.3.2.jar
7f9b86d61000-7f9b86d7c000 r--s 004b6000 00:18 53609770                   /gpfs/nbu/people/ajl4/.m2/repository/net/sourceforge/saxon/saxon/9.1.0.8/saxon-9.1.0.8.jar
7f9b86d7c000-7f9b86d80000 r--s 00045000 00:18 53609767                   /gpfs/nbu/people/ajl4/.m2/repository/net/java/dev/javacc/javacc/5.0/javacc-5.0.jar
7f9b86d80000-7f9b86d86000 r--s 00032000 00:18 53609764                   /gpfs/nbu/people/ajl4/.m2/repository/jaxen/jaxen/1.1.4/jaxen-1.1.4.jar
7f9b86d86000-7f9b86d8a000 r--s 0002a000 00:18 53609763                   /gpfs/nbu/people/ajl4/.m2/repository/commons-io/commons-io/2.4/commons-io-2.4.jar
7f9b86d8a000-7f9b86d8c000 r--s 0000d000 00:18 53609760                   /gpfs/nbu/people/ajl4/.m2/repository/com/beust/jcommander/1.35/jcommander-1.35.jar
7f9b86d8c000-7f9b86d99000 r--s 00096000 00:18 53609759                   /gpfs/nbu/people/ajl4/.m2/repository/net/sourceforge/pmd/pmd-core/5.2.1/pmd-core-5.2.1.jar
7f9b86d99000-7f9b86d9d000 r--s 00035000 00:18 53609758                   /gpfs/nbu/people/ajl4/.m2/repository/org/codehaus/plexus/plexus-utils/3.0.9/plexus-utils-3.0.9.jar
7f9b86d9d000-7f9b86da2000 r--s 00048000 00:18 53609757                   /gpfs/nbu/people/ajl4/.m2/repository/dom4j/dom4j/1.6.1/dom4j-1.6.1.jar
7f9b86da2000-7f9b86fa2000 rw-p 00000000 00:00 0 
7f9b86fa2000-7f9b86fa5000 r--s 00018000 00:18 53609558                   /gpfs/nbu/people/ajl4/.m2/repository/org/apache/maven/plugins/maven-pmd-plugin/3.3/maven-pmd-plugin-3.3.jar
7f9b86fa5000-7f9b86fcc000 r--s 001c3000 00:18 53609655                   /gpfs/nbu/people/ajl4/.m2/repository/com/google/guava/guava-jdk5/14.0.1/guava-jdk5-14.0.1.jar
7f9b86fcc000-7f9b86fd0000 r--s 0002f000 00:18 53609654                   /gpfs/nbu/people/ajl4/.m2/repository/commons-beanutils/commons-beanutils-core/1.8.3/commons-beanutils-core-1.8.3.jar
7f9b86fd0000-7f9b86fd5000 r--s 00068000 00:18 53609652                   /gpfs/nbu/people/ajl4/.m2/repository/antlr/antlr/2.7.7/antlr-2.7.7.jar
7f9b86fd5000-7f9b86fd7000 r--s 00004000 00:18 53609648                   /gpfs/nbu/people/ajl4/.m2/repository/org/codehaus/plexus/plexus-resources/1.0-alpha-7/plexus-resources-1.0-alpha-7.jar
7f9b86fd7000-7f9b86fd8000 r--s 0000a000 00:18 53609647                   /gpfs/nbu/people/ajl4/.m2/repository/org/apache/maven/doxia/doxia-integration-tools/1.6/doxia-integration-tools-1.6.jar
7f9b86fd8000-7f9b871d8000 rw-p 00000000 00:00 0 
7f9b871d8000-7f9b873d8000 rw-p 00000000 00:00 0 
7f9b873d8000-7f9b875d8000 rw-p 00000000 00:00 0 
7f9b875d8000-7f9b877d8000 rw-p 00000000 00:00 0 
7f9b877d8000-7f9b877e9000 r-xp 00000000 00:14 136611464                  /gpfs/main/course/cs032/bin/jdk1.8.0_25/jre/lib/amd64/libnio.so
7f9b877e9000-7f9b879e8000 ---p 00011000 00:14 136611464                  /gpfs/main/course/cs032/bin/jdk1.8.0_25/jre/lib/amd64/libnio.so
7f9b879e8000-7f9b879e9000 rw-p 00010000 00:14 136611464                  /gpfs/main/course/cs032/bin/jdk1.8.0_25/jre/lib/amd64/libnio.so
7f9b879e9000-7f9b879ff000 r-xp 00000000 00:14 136610987                  /gpfs/main/course/cs032/bin/jdk1.8.0_25/jre/lib/amd64/libnet.so
7f9b879ff000-7f9b87bff000 ---p 00016000 00:14 136610987                  /gpfs/main/course/cs032/bin/jdk1.8.0_25/jre/lib/amd64/libnet.so
7f9b87bff000-7f9b87c00000 rw-p 00016000 00:14 136610987                  /gpfs/main/course/cs032/bin/jdk1.8.0_25/jre/lib/amd64/libnet.so
7f9b87c00000-7f9b87e00000 rw-p 00000000 00:00 0 
7f9b87e00000-7f9b88000000 rw-p 00000000 00:00 0 
7f9b88000000-7f9b893d0000 rw-p 00000000 00:00 0 
7f9b893d0000-7f9b8c000000 ---p 00000000 00:00 0 
7f9b8c000000-7f9b8c002000 r--s 00003000 00:18 53609756                   /gpfs/nbu/people/ajl4/.m2/repository/org/apache/maven/reporting/maven-reporting-impl/2.2/maven-reporting-impl-2.2.jar
7f9b8c002000-7f9b8c012000 r--s 00092000 00:18 53609649                   /gpfs/nbu/people/ajl4/.m2/repository/com/puppycrawl/tools/checkstyle/5.7/checkstyle-5.7.jar
7f9b8c012000-7f9b8c015000 r--s 0000d000 00:18 53609646                   /gpfs/nbu/people/ajl4/.m2/repository/org/codehaus/plexus/plexus-interpolation/1.19/plexus-interpolation-1.19.jar
7f9b8c015000-7f9b8c017000 r--s 0001a000 00:18 53609569                   /gpfs/nbu/people/ajl4/.m2/repository/org/apache/maven/plugins/maven-checkstyle-plugin/2.13/maven-checkstyle-plugin-2.13.jar
7f9b8c017000-7f9b8c01b000 r--s 00037000 00:18 52782046                   /gpfs/nbu/people/ajl4/.m2/repository/org/codehaus/plexus/plexus-utils/3.0.15/plexus-utils-3.0.15.jar
7f9b8c01b000-7f9b8c022000 r--s 00053000 00:18 52782041                   /gpfs/nbu/people/ajl4/.m2/repository/org/apache/commons/commons-compress/1.8.1/commons-compress-1.8.1.jar
7f9b8c022000-7f9b8c024000 r--s 0000d000 00:18 52781768                   /gpfs/nbu/people/ajl4/.m2/repository/org/codehaus/plexus/plexus-io/2.0.12/plexus-io-2.0.12.jar
7f9b8c024000-7f9b8c027000 r--s 0001c000 00:18 53609540                   /gpfs/nbu/people/ajl4/.m2/repository/org/codehaus/plexus/plexus-archiver/2.5/plexus-archiver-2.5.jar
7f9b8c027000-7f9b8c02b000 r--s 00028000 00:18 53609537                   /gpfs/nbu/people/ajl4/.m2/repository/com/thoughtworks/qdox/qdox/1.12.1/qdox-1.12.1.jar
7f9b8c02b000-7f9b8c032000 r--s 00053000 00:18 53609538                   /gpfs/nbu/people/ajl4/.m2/repository/log4j/log4j/1.2.14/log4j-1.2.14.jar
7f9b8c032000-7f9b8c038000 r--s 00033000 00:18 53609534                   /gpfs/nbu/people/ajl4/.m2/repository/commons-codec/commons-codec/1.6/commons-codec-1.6.jar
7f9b8c038000-7f9b8c03e000 r--s 00031000 00:18 53609532                   /gpfs/nbu/people/ajl4/.m2/repository/org/apache/httpcomponents/httpcore/4.2.2/httpcore-4.2.2.jar
7f9b8c03e000-7f9b8c047000 r--s 00061000 00:18 53609531                   /gpfs/nbu/people/ajl4/.m2/repository/org/apache/httpcomponents/httpclient/4.2.3/httpclient-4.2.3.jar
7f9b8c047000-7f9b8c04b000 r--s 00027000 00:18 53609528                   /gpfs/nbu/people/ajl4/.m2/repository/commons-io/commons-io/2.2/commons-io-2.2.jar
7f9b8c04b000-7f9b8c04f000 r--s 0003c000 00:18 53609529                   /gpfs/nbu/people/ajl4/.m2/repository/commons-lang/commons-lang/2.4/commons-lang-2.4.jar
7f9b8c04f000-7f9b8c051000 r--s 00004000 00:18 53609526                   /gpfs/nbu/people/ajl4/.m2/repository/org/apache/maven/doxia/doxia-module-xhtml/1.0/doxia-module-xhtml-1.0.jar
7f9b8c051000-7f9b8c052000 r--s 00006000 00:18 53609523                   /gpfs/nbu/people/ajl4/.m2/repository/org/apache/maven/doxia/doxia-module-xdoc/1.0/doxia-module-xdoc-1.0.jar
7f9b8c052000-7f9b8c053000 r--s 00004000 00:18 53609521                   /gpfs/nbu/people/ajl4/.m2/repository/org/apache/maven/doxia/doxia-module-fml/1.0/doxia-module-fml-1.0.jar
7f9b8c053000-7f9b8c055000 r--s 0000a000 00:18 53609519                   /gpfs/nbu/people/ajl4/.m2/repository/org/apache/maven/doxia/doxia-module-apt/1.0/doxia-module-apt-1.0.jar
7f9b8c055000-7f9b8c062000 r--s 0007f000 00:18 53609516                   /gpfs/nbu/people/ajl4/.m2/repository/commons-collections/commons-collections/3.2/commons-collections-3.2.jar
7f9b8c062000-7f9b8c063000 r--s 0000b000 00:18 53609515                   /gpfs/nbu/people/ajl4/.m2/repository/org/apache/maven/doxia/doxia-decoration-model/1.0/doxia-decoration-model-1.0.jar
7f9b8c063000-7f9b8c066000 r--s 0000b000 00:18 53609514                   /gpfs/nbu/people/ajl4/.m2/repository/org/apache/maven/doxia/doxia-core/1.0/doxia-core-1.0.jar
7f9b8c066000-7f9b8c068000 r--s 00006000 00:18 53609513                   /gpfs/nbu/people/ajl4/.m2/repository/org/apache/maven/shared/maven-common-artifact-filters/1.3/maven-common-artifact-filters-1.3.jar
7f9b8c068000-7f9b8c069000 r--s 00006000 00:18 52782015                   /gpfs/nbu/people/ajl4/.m2/repository/org/apache/maven/shared/maven-invoker/2.0.9/maven-invoker-2.0.9.jar
7f9b8c069000-7f9b8c06b000 r--s 00004000 00:18 52781999                   /gpfs/nbu/people/ajl4/.m2/repository/org/apache/maven/maven-archiver/2.5/maven-archiver-2.5.jar
7f9b8c06b000-7f9b8c06d000 r--s 00002000 00:18 53609512                   /gpfs/nbu/people/ajl4/.m2/repository/org/codehaus/plexus/plexus-interactivity-api/1.0-alpha-4/plexus-interactivity-api-1.0-alpha-4.jar
7f9b8c06d000-7f9b8c06f000 r--s 00009000 00:18 53609511                   /gpfs/nbu/people/ajl4/.m2/repository/commons-cli/commons-cli/1.2/commons-cli-1.2.jar
7f9b8c06f000-7f9b8c072000 ---p 00000000 00:00 0 
7f9b8c072000-7f9b90000000 rw-p 00000000 00:00 0 
7f9b90000000-7f9b91166000 rw-p 00000000 00:00 0 
7f9b91166000-7f9b94000000 ---p 00000000 00:00 0 
7f9b94000000-7f9b94002000 r--s 00003000 00:18 52781994                   /gpfs/nbu/people/ajl4/.m2/repository/org/slf4j/jcl-over-slf4j/1.5.6/jcl-over-slf4j-1.5.6.jar
7f9b94002000-7f9b94004000 r--s 00004000 00:18 53609510                   /gpfs/nbu/people/ajl4/.m2/repository/org/slf4j/slf4j-api/1.5.6/slf4j-api-1.5.6.jar
7f9b94004000-7f9b94006000 r--s 00001000 00:18 53609508                   /gpfs/nbu/people/ajl4/.m2/repository/org/slf4j/slf4j-jdk14/1.5.6/slf4j-jdk14-1.5.6.jar
7f9b94006000-7f9b94009000 r--s 00062000 00:18 52781627                   /gpfs/nbu/people/ajl4/.m2/repository/org/apache/maven/plugins/maven-javadoc-plugin/2.10.1/maven-javadoc-plugin-2.10.1.jar
7f9b94009000-7f9b94027000 r--s 0027d000 00:18 52781736                   /gpfs/nbu/people/ajl4/.m2/repository/xalan/xalan/2.7.0/xalan-2.7.0.jar
7f9b94027000-7f9b9402c000 r--s 00016000 00:18 52781735                   /gpfs/nbu/people/ajl4/.m2/repository/xml-apis/xml-apis/1.0.b2/xml-apis-1.0.b2.jar
7f9b9402c000-7f9b94030000 r--s 00038000 00:18 52781731                   /gpfs/nbu/people/ajl4/.m2/repository/org/codehaus/plexus/plexus-utils/3.0.20/plexus-utils-3.0.20.jar
7f9b94030000-7f9b94032000 r--s 00008000 00:18 52781730                   /gpfs/nbu/people/ajl4/.m2/repository/commons-logging/commons-logging/1.0.4/commons-logging-1.0.4.jar
7f9b94032000-7f9b94036000 r--s 00026000 00:18 52781728                   /gpfs/nbu/people/ajl4/.m2/repository/commons-digester/commons-digester/1.6/commons-digester-1.6.jar
7f9b94036000-7f9b9403a000 r--s 00022000 00:18 52781726                   /gpfs/nbu/people/ajl4/.m2/repository/org/apache/maven/doxia/doxia-core/1.2/doxia-core-1.2.jar
7f9b9403a000-7f9b9403e000 r--s 00025000 00:18 52781725                   /gpfs/nbu/people/ajl4/.m2/repository/org/apache/maven/shared/maven-shared-utils/0.6/maven-shared-utils-0.6.jar
7f9b9403e000-7f9b9403f000 r--s 00004000 00:18 52781720                   /gpfs/nbu/people/ajl4/.m2/repository/org/apache/maven/reporting/maven-reporting-impl/2.3/maven-reporting-impl-2.3.jar
7f9b9403f000-7f9b94041000 r--s 0000b000 00:18 52781717                   /gpfs/nbu/people/ajl4/.m2/repository/org/codehaus/plexus/plexus-interpolation/1.11/plexus-interpolation-1.11.jar
7f9b94041000-7f9b94044000 r--s 00024000 00:18 52781719                   /gpfs/nbu/people/ajl4/.m2/repository/commons-io/commons-io/2.0.1/commons-io-2.0.1.jar
7f9b94044000-7f9b94046000 r--s 0000a000 00:18 52781718                   /gpfs/nbu/people/ajl4/.m2/repository/org/apache/maven/maven-jxr/2.5/maven-jxr-2.5.jar
7f9b94046000-7f9b9404a000 r--s 0002f000 00:18 52781721                   /gpfs/nbu/people/ajl4/.m2/repository/commons-lang/commons-lang/2.1/commons-lang-2.1.jar
7f9b9404a000-7f9b9404c000 r--s 00009000 00:18 52781669                   /gpfs/nbu/people/ajl4/.m2/repository/org/apache/maven/plugins/maven-jxr-plugin/2.5/maven-jxr-plugin-2.5.jar
7f9b9404c000-7f9b9405b000 r--s 00076000 00:18 52781615                   /gpfs/nbu/people/ajl4/.m2/repository/joda-time/joda-time/1.6.2/joda-time-1.6.2.jar
7f9b9405b000-7f9b94060000 r--s 00034000 00:18 52781612                   /gpfs/nbu/people/ajl4/.m2/repository/commons-beanutils/commons-beanutils/1.8.3/commons-beanutils-1.8.3.jar
7f9b94060000-7f9b94064000 r--s 00028000 00:18 52781610                   /gpfs/nbu/people/ajl4/.m2/repository/commons-validator/commons-validator/1.4.0/commons-validator-1.4.0.jar
7f9b94064000-7f9b94066000 r--s 0000b000 00:18 52781608                   /gpfs/nbu/people/ajl4/.m2/repository/org/codehaus/plexus/plexus-interpolation/1.9/plexus-interpolation-1.9.jar
7f9b94066000-7f9b9406a000 r--s 00035000 00:18 52781606                   /gpfs/nbu/people/ajl4/.m2/repository/org/codehaus/plexus/plexus-utils/3.0.8/plexus-utils-3.0.8.jar
7f9b9406a000-7f9b9406b000 r--s 00001000 00:18 52781604                   /gpfs/nbu/people/ajl4/.m2/repository/org/codehaus/plexus/plexus-velocity/1.1.7/plexus-velocity-1.1.7.jar
7f9b9406b000-7f9b9406d000 r--s 00008000 00:18 52781605                   /gpfs/nbu/people/ajl4/.m2/repository/org/apache/maven/doxia/doxia-module-fml/1.2/doxia-module-fml-1.2.jar
7f9b9406d000-7f9b9406f000 r--s 0000d000 00:18 52781599                   /gpfs/nbu/people/ajl4/.m2/repository/org/apache/maven/doxia/doxia-decoration-model/1.2/doxia-decoration-model-1.2.jar
7f9b9406f000-7f9b94071000 r--s 00008000 00:18 52781598                   /gpfs/nbu/people/ajl4/.m2/repository/org/apache/maven/scm/maven-scm-provider-git-commons/1.8/maven-scm-provider-git-commons-1.8.jar
7f9b94071000-7f9b94074000 r--s 0000d000 00:18 52781596                   /gpfs/nbu/people/ajl4/.m2/repository/org/apache/maven/scm/maven-scm-provider-gitexe/1.8/maven-scm-provider-gitexe-1.8.jar
7f9b94074000-7f9b94078000 r--s 00038000 00:18 52781593                   /gpfs/nbu/people/ajl4/.m2/repository/ch/ethz/ganymed/ganymed-ssh2/build210/ganymed-ssh2-build210.jar
7f9b94078000-7f9b94080000 r--s 00090000 00:18 52781591                   /gpfs/nbu/people/ajl4/.m2/repository/org/netbeans/lib/cvsclient/20060125/cvsclient-20060125.jar
7f9b94080000-7f9b94082000 r--s 00009000 00:18 52781590                   /gpfs/nbu/people/ajl4/.m2/repository/org/apache/maven/scm/maven-scm-provider-cvsjava/1.8/maven-scm-provider-cvsjava-1.8.jar
7f9b94082000-7f9b94084000 r--s 00006000 00:18 52781592                   /gpfs/nbu/people/ajl4/.m2/repository/org/apache/maven/scm/maven-scm-provider-cvsexe/1.8/maven-scm-provider-cvsexe-1.8.jar
7f9b94084000-7f9b94087000 r--s 00011000 00:18 52781586                   /gpfs/nbu/people/ajl4/.m2/repository/org/apache/maven/scm/maven-scm-provider-cvs-commons/1.8/maven-scm-provider-cvs-commons-1.8.jar
7f9b94087000-7f9b9408c000 r--s 00041000 00:18 52781584                   /gpfs/nbu/people/ajl4/.m2/repository/commons-lang/commons-lang/2.6/commons-lang-2.6.jar
7f9b9408c000-7f9b9408f000 r--s 00010000 00:18 52781583                   /gpfs/nbu/people/ajl4/.m2/repository/org/apache/maven/scm/maven-scm-provider-svnexe/1.8/maven-scm-provider-svnexe-1.8.jar
7f9b9408f000-7f9b94091000 r--s 00008000 00:18 52781582                   /gpfs/nbu/people/ajl4/.m2/repository/org/apache/maven/scm/maven-scm-provider-svn-commons/1.8/maven-scm-provider-svn-commons-1.8.jar
7f9b94091000-7f9b94094000 r--s 00010000 00:18 52781580                   /gpfs/nbu/people/ajl4/.m2/repository/org/apache/maven/scm/maven-scm-provider-starteam/1.8/maven-scm-provider-starteam-1.8.jar
7f9b94094000-7f9b94096000 r--s 00012000 00:18 52781576                   /gpfs/nbu/people/ajl4/.m2/repository/org/apache/maven/scm/maven-scm-provider-perforce/1.8/maven-scm-provider-perforce-1.8.jar
7f9b94096000-7f9b94098000 r--s 00005000 00:18 52781574                   /gpfs/nbu/people/ajl4/.m2/repository/regexp/regexp/1.3/regexp-1.3.jar
7f9b94098000-7f9b9409b000 r--s 0000e000 00:18 52781474                   /gpfs/nbu/people/ajl4/.m2/repository/org/apache/maven/scm/maven-scm-provider-hg/1.8/maven-scm-provider-hg-1.8.jar
7f9b9409b000-7f9b9409c000 r--s 00002000 00:18 52781459                   /gpfs/nbu/people/ajl4/.m2/repository/org/apache/maven/scm/maven-scm-manager-plexus/1.8/maven-scm-manager-plexus-1.8.jar
7f9b9409c000-7f9b940a0000 r--s 00016000 00:18 52781468                   /gpfs/nbu/people/ajl4/.m2/repository/org/apache/maven/scm/maven-scm-api/1.8/maven-scm-api-1.8.jar
7f9b940a0000-7f9b940a5000 r--s 00040000 00:18 52781447                   /gpfs/nbu/people/ajl4/.m2/repository/org/jsoup/jsoup/1.6.1/jsoup-1.6.1.jar
7f9b940a5000-7f9b940a7000 r--s 00005000 00:18 52781571                   /gpfs/nbu/people/ajl4/.m2/repository/org/apache/maven/wagon/wagon-http-shared/1.0/wagon-http-shared-1.0.jar
7f9b940a7000-7f9b940a8000 r--s 00003000 00:18 52781570                   /gpfs/nbu/people/ajl4/.m2/repository/org/apache/maven/wagon/wagon-http-lightweight/1.0/wagon-http-lightweight-1.0.jar
7f9b940a8000-7f9b940a9000 r--s 00002000 00:18 52781566                   /gpfs/nbu/people/ajl4/.m2/repository/org/apache/maven/wagon/wagon-file/1.0/wagon-file-1.0.jar
7f9b940a9000-7f9b940aa000 r--s 00002000 00:18 52781565                   /gpfs/nbu/people/ajl4/.m2/repository/org/codehaus/plexus/plexus-interactivity-api/1.0-alpha-6/plexus-interactivity-api-1.0-alpha-6.jar
7f9b940aa000-7f9b940ac000 r--s 00005000 00:18 52781562                   /gpfs/nbu/people/ajl4/.m2/repository/org/apache/maven/wagon/wagon-ssh-common/1.0/wagon-ssh-common-1.0.jar
7f9b940ac000-7f9b940b0000 r--s 00031000 00:18 52781560                   /gpfs/nbu/people/ajl4/.m2/repository/com/jcraft/jsch/0.1.44-1/jsch-0.1.44-1.jar
7f9b940b0000-7f9b940b1000 r--s 00006000 00:18 52781559                   /gpfs/nbu/people/ajl4/.m2/repository/org/apache/maven/wagon/wagon-ssh/1.0/wagon-ssh-1.0.jar
7f9b940b1000-7f9b940be000 r--s 0007c000 00:18 52781557                   /gpfs/nbu/people/ajl4/.m2/repository/commons-collections/commons-collections/3.1/commons-collections-3.1.jar
7f9b940be000-7f9b940bf000 r--s 00006000 00:18 52781555                   /gpfs/nbu/people/ajl4/.m2/repository/jakarta-regexp/jakarta-regexp/1.4/jakarta-regexp-1.4.jar
7f9b940bf000-7f9b940c9000 r--s 00079000 00:18 52781554                   /gpfs/nbu/people/ajl4/.m2/repository/org/apache/bcel/bcel/5.2/bcel-5.2.jar
7f9b940c9000-7f9b940ca000 r--s 00002000 00:18 52781551                   /gpfs/nbu/people/ajl4/.m2/repository/org/codehaus/plexus/plexus-digest/1.0/plexus-digest-1.0.jar
7f9b940ca000-7f9b940cc000 r--s 00008000 00:18 52781548                   /gpfs/nbu/people/ajl4/.m2/repository/org/apache/maven/shared/maven-shared-jar/1.1/maven-shared-jar-1.1.jar
7f9b940cc000-7f9b940ce000 r--s 0000a000 00:18 52781441                   /gpfs/nbu/people/ajl4/.m2/repository/org/apache/maven/shared/maven-doxia-tools/1.4/maven-doxia-tools-1.4.jar
7f9b940ce000-7f9b940d1000 r--s 0000c000 00:18 52781436                   /gpfs/nbu/people/ajl4/.m2/repository/org/apache/maven/shared/maven-dependency-tree/2.1/maven-dependency-tree-2.1.jar
7f9b940d1000-7f9b940d9000 r--s 00049000 00:18 52781547                   /gpfs/nbu/people/ajl4/.m2/repository/backport-util-concurrent/backport-util-concurrent/3.1/backport-util-concurrent-3.1.jar
7f9b940d9000-7f9b940db000 r--s 00003000 00:18 52781546                   /gpfs/nbu/people/ajl4/.m2/repository/org/apache/maven/reporting/maven-reporting-impl/2.1/maven-reporting-impl-2.1.jar
7f9b940db000-7f9b940dd000 r--s 0001a000 00:14 135783392                  /gpfs/main/course/cs032/bin/jdk1.8.0_25/jre/lib/jce.jar
7f9b940dd000-7f9b940e0000 r--s 00042000 00:18 52781058                   /gpfs/nbu/people/ajl4/.m2/repository/org/apache/maven/plugins/maven-project-info-reports-plugin/2.7/maven-project-info-reports-plugin-2.7.jar
7f9b940e0000-7f9b940e3000 r--s 00018000 00:18 51953608                   /gpfs/nbu/people/ajl4/.m2/repository/commons-io/commons-io/1.4/commons-io-1.4.jar
7f9b940e3000-7f9b940e8000 r--s 00040000 00:18 51953606                   /gpfs/nbu/people/ajl4/.m2/repository/commons-lang/commons-lang/2.5/commons-lang-2.5.jar
7f9b940e8000-7f9b940ec000 r--s 00028000 00:18 51953603                   /gpfs/nbu/people/ajl4/.m2/repository/org/mortbay/jetty/jetty-util/6.1.25/jetty-util-6.1.25.jar
7f9b940ec000-7f9b940ee000 r--s 0001f000 00:18 51953601                   /gpfs/nbu/people/ajl4/.m2/repository/org/mortbay/jetty/servlet-api/2.5-20081211/servlet-api-2.5-20081211.jar
7f9b940ee000-7f9b940f5000 r--s 0007d000 00:18 51953600                   /gpfs/nbu/people/ajl4/.m2/repository/org/mortbay/jetty/jetty/6.1.25/jetty-6.1.25.jar
7f9b940f5000-7f9b940fa000 r--s 00040000 00:18 51953598                   /gpfs/nbu/people/ajl4/.m2/repository/org/codehaus/plexus/plexus-utils/1.5.10/plexus-utils-1.5.10.jar
7f9b940fa000-7f9b940fb000 r--s 00001000 00:18 51953596                   /gpfs/nbu/people/ajl4/.m2/repository/org/codehaus/plexus/plexus-velocity/1.1.8/plexus-velocity-1.1.8.jar
7f9b940fb000-7f9b940fd000 r--s 0000e000 00:18 51953372                   /gpfs/nbu/people/ajl4/.m2/repository/oro/oro/2.0.8/oro-2.0.8.jar
7f9b940fd000-7f9b94105000 r--s 00058000 00:18 51953367                   /gpfs/nbu/people/ajl4/.m2/repository/org/apache/velocity/velocity/1.5/velocity-1.5.jar
7f9b94105000-7f9b94106000 r--s 00002000 00:18 51953355                   /gpfs/nbu/people/ajl4/.m2/repository/org/codehaus/plexus/plexus-i18n/1.0-beta-7/plexus-i18n-1.0-beta-7.jar
7f9b94106000-7f9b94109000 r--s 0000a000 00:18 51953349                   /gpfs/nbu/people/ajl4/.m2/repository/org/codehaus/plexus/plexus-io/1.0/plexus-io-1.0.jar
7f9b94109000-7f9b9410d000 r--s 00028000 00:18 51953338                   /gpfs/nbu/people/ajl4/.m2/repository/org/codehaus/plexus/plexus-archiver/1.0/plexus-archiver-1.0.jar
7f9b9410d000-7f9b9410f000 r--s 0000a000 00:18 51953327                   /gpfs/nbu/people/ajl4/.m2/repository/org/apache/maven/doxia/doxia-integration-tools/1.5/doxia-integration-tools-1.5.jar
7f9b9410f000-7f9b9411d000 r--s 0007f000 00:18 51953321                   /gpfs/nbu/people/ajl4/.m2/repository/commons-collections/commons-collections/3.2.1/commons-collections-3.2.1.jar
7f9b9411d000-7f9b94120000 r--s 0001b000 00:18 51953594                   /gpfs/nbu/people/ajl4/.m2/repository/org/apache/struts/struts-tiles/1.3.8/struts-tiles-1.3.8.jar
7f9b94120000-7f9b94125000 r--s 00039000 00:18 51953593                   /gpfs/nbu/people/ajl4/.m2/repository/org/apache/struts/struts-taglib/1.3.8/struts-taglib-1.3.8.jar
7f9b94125000-7f9b9412a000 r--s 00053000 00:18 51953591                   /gpfs/nbu/people/ajl4/.m2/repository/antlr/antlr/2.7.2/antlr-2.7.2.jar
7f9b9412a000-7f9b94130000 r--s 0004b000 00:18 51953589                   /gpfs/nbu/people/ajl4/.m2/repository/org/apache/struts/struts-core/1.3.8/struts-core-1.3.8.jar
7f9b94130000-7f9b94132000 r--s 00005000 00:18 51953586                   /gpfs/nbu/people/ajl4/.m2/repository/sslext/sslext/1.2-0/sslext-1.2-0.jar
7f9b94132000-7f9b9413a000 r--s 00068000 00:18 51953585                   /gpfs/nbu/people/ajl4/.m2/repository/dom4j/dom4j/1.1/dom4j-1.1.jar
7f9b9413a000-7f9b9413d000 r--s 0001f000 00:18 51953584                   /gpfs/nbu/people/ajl4/.m2/repository/commons-validator/commons-validator/1.3.1/commons-validator-1.3.1.jar
7f9b9413d000-7f9b9413f000 r--s 00014000 00:18 51953580                   /gpfs/nbu/people/ajl4/.m2/repository/commons-chain/commons-chain/1.1/commons-chain-1.1.jar
7f9b9413f000-7f9b94143000 r--s 00020000 00:18 51953578                   /gpfs/nbu/people/ajl4/.m2/repository/commons-digester/commons-digester/1.8/commons-digester-1.8.jar
7f9b94143000-7f9b94148000 r--s 0002a000 00:18 51953577                   /gpfs/nbu/people/ajl4/.m2/repository/commons-beanutils/commons-beanutils/1.7.0/commons-beanutils-1.7.0.jar
7f9b94148000-7f9b9414e000 r--s 0004f000 00:18 51953574                   /gpfs/nbu/people/ajl4/.m2/repository/org/apache/velocity/velocity-tools/2.0/velocity-tools-2.0.jar
7f9b9414e000-7f9b94150000 r--s 0000b000 00:18 51953573                   /gpfs/nbu/people/ajl4/.m2/repository/org/apache/maven/doxia/doxia-site-renderer/1.4/doxia-site-renderer-1.4.jar
7f9b94150000-7f9b94151000 r--s 0000e000 00:18 51953572                   /gpfs/nbu/people/ajl4/.m2/repository/org/apache/maven/doxia/doxia-decoration-model/1.4/doxia-decoration-model-1.4.jar
7f9b94151000-7f9b94153000 r--s 00018000 00:18 51953568                   /gpfs/nbu/people/ajl4/.m2/repository/javax/servlet/servlet-api/2.5/servlet-api-2.5.jar
7f9b94153000-7f9b94155000 r--s 00008000 00:18 51953567                   /gpfs/nbu/people/ajl4/.m2/repository/org/ow2/asm/asm-util/4.1/asm-util-4.1.jar
7f9b94155000-7f9b94156000 r--s 00004000 00:18 51953566                   /gpfs/nbu/people/ajl4/.m2/repository/org/ow2/asm/asm-analysis/4.1/asm-analysis-4.1.jar
7f9b94156000-7f9b94158000 r--s 00004000 00:18 51953561                   /gpfs/nbu/people/ajl4/.m2/repository/org/ow2/asm/asm-tree/4.1/asm-tree-4.1.jar
7f9b94158000-7f9b94159000 r--s 0000b000 00:18 51953560                   /gpfs/nbu/people/ajl4/.m2/repository/org/ow2/asm/asm/4.1/asm-4.1.jar
7f9b94159000-7f9b9415f000 r--s 00028000 00:18 51953562                   /gpfs/nbu/people/ajl4/.m2/repository/org/parboiled/parboiled-core/1.1.4/parboiled-core-1.1.4.jar
7f9b9415f000-7f9b94161000 r--s 00010000 00:18 51953559                   /gpfs/nbu/people/ajl4/.m2/repository/org/parboiled/parboiled-java/1.1.4/parboiled-java-1.1.4.jar
7f9b94161000-7f9b94163000 r--s 0000d000 00:18 51953555                   /gpfs/nbu/people/ajl4/.m2/repository/org/pegdown/pegdown/1.2.1/pegdown-1.2.1.jar
7f9b94163000-7f9b94164000 r--s 00002000 00:18 51953553                   /gpfs/nbu/people/ajl4/.m2/repository/org/apache/maven/doxia/doxia-module-markdown/1.4/doxia-module-markdown-1.4.jar
7f9b94164000-7f9b94166000 r--s 00008000 00:18 51953552                   /gpfs/nbu/people/ajl4/.m2/repository/org/apache/maven/doxia/doxia-module-fml/1.4/doxia-module-fml-1.4.jar
7f9b94166000-7f9b94167000 r--s 00008000 00:18 51953548                   /gpfs/nbu/people/ajl4/.m2/repository/org/apache/maven/doxia/doxia-module-xdoc/1.4/doxia-module-xdoc-1.4.jar
7f9b94167000-7f9b94169000 r--s 0000b000 00:18 51953546                   /gpfs/nbu/people/ajl4/.m2/repository/org/apache/maven/doxia/doxia-module-apt/1.4/doxia-module-apt-1.4.jar
7f9b94169000-7f9b9416a000 r--s 00003000 00:18 51953545                   /gpfs/nbu/people/ajl4/.m2/repository/org/apache/maven/doxia/doxia-module-xhtml/1.4/doxia-module-xhtml-1.4.jar
7f9b9416a000-7f9b9416f000 r--s 00026000 00:18 51953542                   /gpfs/nbu/people/ajl4/.m2/repository/org/apache/httpcomponents/httpcore/4.0.1/httpcore-4.0.1.jar
7f9b9416f000-7f9b94171000 r--s 0000a000 00:18 51953541                   /gpfs/nbu/people/ajl4/.m2/repository/commons-codec/commons-codec/1.3/commons-codec-1.3.jar
7f9b94171000-7f9b94173000 r--s 0000d000 00:18 51953539                   /gpfs/nbu/people/ajl4/.m2/repository/commons-logging/commons-logging/1.1.1/commons-logging-1.1.1.jar
7f9b94173000-7f9b9417a000 r--s 00041000 00:18 51953537                   /gpfs/nbu/people/ajl4/.m2/repository/org/apache/httpcomponents/httpclient/4.0.2/httpclient-4.0.2.jar
7f9b9417a000-7f9b94182000 r--s 00028000 00:18 51953533                   /gpfs/nbu/people/ajl4/.m2/repository/xml-apis/xml-apis/1.3.04/xml-apis-1.3.04.jar
7f9b94182000-7f9b9419a000 r--s 00115000 00:18 51953534                   /gpfs/nbu/people/ajl4/.m2/repository/xerces/xercesImpl/2.9.1/xercesImpl-2.9.1.jar
7f9b9419a000-7f9b9419e000 r--s 00025000 00:18 51953532                   /gpfs/nbu/people/ajl4/.m2/repository/org/apache/maven/doxia/doxia-core/1.4/doxia-core-1.4.jar
7f9b9419e000-7f9b941a1000 r--s 0001b000 00:18 51953529                   /gpfs/nbu/people/ajl4/.m2/repository/junit/junit/3.8.1/junit-3.8.1.jar
7f9b941a1000-7f9b941a2000 r--s 00002000 00:18 51953527                   /gpfs/nbu/people/ajl4/.m2/repository/org/apache/maven/doxia/doxia-logging-api/1.4/doxia-logging-api-1.4.jar
7f9b941a2000-7f9b941a3000 r--s 00002000 00:18 51953310                   /gpfs/nbu/people/ajl4/.m2/repository/org/apache/maven/doxia/doxia-sink-api/1.4/doxia-sink-api-1.4.jar
7f9b941a3000-7f9b941a4000 r--s 00004000 00:18 51953296                   /gpfs/nbu/people/ajl4/.m2/repository/org/apache/maven/maven-archiver/2.4.2/maven-archiver-2.4.2.jar
7f9b941a4000-7f9b941a6000 r--s 00002000 00:18 51953277                   /gpfs/nbu/people/ajl4/.m2/repository/org/sonatype/plexus/plexus-cipher/1.4/plexus-cipher-1.4.jar
7f9b941a6000-7f9b941a7000 r--s 00006000 00:18 51953267                   /gpfs/nbu/people/ajl4/.m2/repository/org/sonatype/plexus/plexus-sec-dispatcher/1.3/plexus-sec-dispatcher-1.3.jar
7f9b941a7000-7f9b941a9000 r--s 0000d000 00:18 51953257                   /gpfs/nbu/people/ajl4/.m2/repository/org/codehaus/plexus/plexus-interpolation/1.14/plexus-interpolation-1.14.jar
7f9b941a9000-7f9b941b4000 r--s 00069000 00:18 51953242                   /gpfs/nbu/people/ajl4/.m2/repository/org/sonatype/sisu/sisu-guice/2.1.7/sisu-guice-2.1.7-noaop.jar
7f9b941b4000-7f9b941b9000 r--s 00021000 00:18 51953001                   /gpfs/nbu/people/ajl4/.m2/repository/org/sonatype/sisu/sisu-inject-bean/1.4.2/sisu-inject-bean-1.4.2.jar
7f9b941b9000-7f9b941bd000 r--s 0001d000 00:18 51952941                   /gpfs/nbu/people/ajl4/.m2/repository/org/eclipse/aether/aether-util/0.9.0.M2/aether-util-0.9.0.M2.jar
7f9b941bd000-7f9b941c1000 r--s 00017000 00:18 51952968                   /gpfs/nbu/people/ajl4/.m2/repository/org/sonatype/aether/aether-util/1.7/aether-util-1.7.jar
7f9b941c1000-7f9b941c3000 r--s 00000000 00:18 51953523                   /gpfs/nbu/people/ajl4/.m2/repository/org/codehaus/plexus/plexus-component-annotations/1.5.5/plexus-component-annotations-1.5.5.jar
7f9b941c3000-7f9b941c5000 r--s 00006000 00:18 51953522                   /gpfs/nbu/people/ajl4/.m2/repository/com/google/code/findbugs/jsr305/2.0.1/jsr305-2.0.1.jar
7f9b941c5000-7f9b941c8000 r--s 00023000 00:18 51953521                   /gpfs/nbu/people/ajl4/.m2/repository/org/apache/maven/shared/maven-shared-utils/0.3/maven-shared-utils-0.3.jar
7f9b941c8000-7f9b941c9000 r--s 00002000 00:18 51953520                   /gpfs/nbu/people/ajl4/.m2/repository/org/apache/maven/reporting/maven-reporting-api/3.0/maven-reporting-api-3.0.jar
7f9b941c9000-7f9b941cb000 r--s 00005000 00:18 51953519                   /gpfs/nbu/people/ajl4/.m2/repository/org/apache/maven/reporting/maven-reporting-exec/1.1/maven-reporting-exec-1.1.jar
7f9b941cb000-7f9b941ce000 r--s 0001c000 00:18 31917760                   /gpfs/nbu/people/ajl4/.m2/repository/org/apache/maven/plugins/maven-site-plugin/3.3/maven-site-plugin-3.3.jar
7f9b941ce000-7f9b941d2000 r--s 00093000 00:14 136611567                  /gpfs/main/course/cs032/bin/jdk1.8.0_25/jre/lib/jsse.jar
7f9b941d2000-7f9b941ee000 r--s 00393000 00:14 136611667                  /gpfs/main/course/cs032/bin/jdk1.8.0_25/jre/lib/ext/cldrdata.jar
7f9b941ee000-7f9b941f8000 r--s 00116000 00:14 136611642                  /gpfs/main/course/cs032/bin/jdk1.8.0_25/jre/lib/ext/localedata.jar
7f9b941f8000-7f9b941f9000 r--s 00002000 00:14 50783475                   /gpfs/main/course/cs032/bin/apache-maven-3.2.3/lib/slf4j-simple-1.7.5.jar
7f9b941f9000-7f9b941fb000 r--s 00007000 00:14 50783474                   /gpfs/main/course/cs032/bin/apache-maven-3.2.3/lib/aether-connector-wagon-0.9.0.M2.jar
7f9b941fb000-7f9b941fc000 r--s 00002000 00:14 50783469                   /gpfs/main/course/cs032/bin/apache-maven-3.2.3/lib/wagon-file-2.6.jar
7f9b941fc000-7f9b94200000 r--s 00027000 00:14 50783464                   /gpfs/main/course/cs032/bin/apache-maven-3.2.3/lib/commons-io-2.2.jar
7f9b94200000-7f9b94205000 r--s 00041000 00:14 50783460                   /gpfs/main/course/cs032/bin/apache-maven-3.2.3/lib/commons-lang-2.6.jar
7f9b94205000-7f9b9420b000 r--s 00042000 00:14 50783457                   /gpfs/main/course/cs032/bin/apache-maven-3.2.3/lib/jsoup-1.7.2.jar
7f9b9420b000-7f9b9420c000 r--s 00002000 00:14 50783454                   /gpfs/main/course/cs032/bin/apache-maven-3.2.3/lib/wagon-http-shared-2.6.jar
7f9b9420c000-7f9b9422b000 r--s 00134000 00:14 50783453                   /gpfs/main/course/cs032/bin/apache-maven-3.2.3/lib/wagon-http-2.6-shaded.jar
7f9b9422b000-7f9b9422d000 r--s 00009000 00:14 50783447                   /gpfs/main/course/cs032/bin/apache-maven-3.2.3/lib/commons-cli-1.2.jar
7f9b9422d000-7f9b9422f000 r--s 00005000 00:14 50783446                   /gpfs/main/course/cs032/bin/apache-maven-3.2.3/lib/slf4j-api-1.7.5.jar
7f9b9422f000-7f9b94231000 r--s 0000b000 00:14 50783445                   /gpfs/main/course/cs032/bin/apache-maven-3.2.3/lib/wagon-provider-api-2.6.jar
7f9b94231000-7f9b94238000 r--s 0003f000 00:14 50783443                   /gpfs/main/course/cs032/bin/apache-maven-3.2.3/lib/maven-compat-3.2.3.jar
7f9b94238000-7f9b9423c000 r--s 00020000 00:14 50783441                   /gpfs/main/course/cs032/bin/apache-maven-3.2.3/lib/aether-impl-0.9.0.M2.jar
7f9b9423c000-7f9b94240000 r--s 0001d000 00:14 50783440                   /gpfs/main/course/cs032/bin/apache-maven-3.2.3/lib/aether-util-0.9.0.M2.jar
7f9b94240000-7f9b94242000 r--s 00003000 00:14 50783439                   /gpfs/main/course/cs032/bin/apache-maven-3.2.3/lib/aether-spi-0.9.0.M2.jar
7f9b94242000-7f9b94246000 r--s 0001d000 00:14 50783438                   /gpfs/main/course/cs032/bin/apache-maven-3.2.3/lib/aether-api-0.9.0.M2.jar
7f9b94246000-7f9b94248000 r--s 0000e000 00:14 50783437                   /gpfs/main/course/cs032/bin/apache-maven-3.2.3/lib/maven-aether-provider-3.2.3.jar
7f9b94248000-7f9b9424d000 r--s 00025000 00:14 50783436                   /gpfs/main/course/cs032/bin/apache-maven-3.2.3/lib/maven-model-builder-3.2.3.jar
7f9b9424d000-7f9b94253000 r--s 00042000 00:14 50783433                   /gpfs/main/course/cs032/bin/apache-maven-3.2.3/lib/org.eclipse.sisu.inject-0.0.0.M5.jar
7f9b94253000-7f9b94255000 r--s 00000000 00:14 50783432                   /gpfs/main/course/cs032/bin/apache-maven-3.2.3/lib/aopalliance-1.0.jar
7f9b94255000-7f9b9425d000 r--s 00050000 00:14 50783431                   /gpfs/main/course/cs032/bin/apache-maven-3.2.3/lib/sisu-guice-3.1.3-no_aop.jar
7f9b9425d000-7f9b94286000 r--s 001ee000 00:14 50783429                   /gpfs/main/course/cs032/bin/apache-maven-3.2.3/lib/guava-14.0.1.jar
7f9b94286000-7f9b94287000 r--s 00000000 00:14 50783426                   /gpfs/main/course/cs032/bin/apache-maven-3.2.3/lib/javax.inject-1.jar
7f9b94287000-7f9b9428a000 r--s 00008000 00:14 50783419                   /gpfs/main/course/cs032/bin/apache-maven-3.2.3/lib/cdi-api-1.0.jar
7f9b9428a000-7f9b94290000 r--s 0002a000 00:14 50783416                   /gpfs/main/course/cs032/bin/apache-maven-3.2.3/lib/org.eclipse.sisu.plexus-0.0.0.M5.jar
7f9b94290000-7f9b94292000 r--s 0000a000 00:14 50783415                   /gpfs/main/course/cs032/bin/apache-maven-3.2.3/lib/maven-plugin-api-3.2.3.jar
7f9b94292000-7f9b94295000 r--s 0000b000 00:14 50783414                   /gpfs/main/course/cs032/bin/apache-maven-3.2.3/lib/maven-artifact-3.2.3.jar
7f9b94295000-7f9b94297000 r--s 00005000 00:14 50783378                   /gpfs/main/course/cs032/bin/apache-maven-3.2.3/lib/maven-repository-metadata-3.2.3.jar
7f9b94297000-7f9b94299000 r--s 00002000 00:14 49955756                   /gpfs/main/course/cs032/bin/apache-maven-3.2.3/lib/plexus-cipher-1.7.jar
7f9b94299000-7f9b9429c000 r--s 0000a000 00:14 50783308                   /gpfs/main/course/cs032/bin/apache-maven-3.2.3/boot/plexus-classworlds-2.5.1.jar
7f9b9429c000-7f9b9429d000 ---p 00000000 00:00 0 
7f9b9429d000-7f9b9439d000 rw-p 00000000 00:00 0 
7f9b9439d000-7f9b943a0000 ---p 00000000 00:00 0 
7f9b943a0000-7f9b9449e000 rw-p 00000000 00:00 0 
7f9b9449e000-7f9b944a1000 ---p 00000000 00:00 0 
7f9b944a1000-7f9b9459f000 rw-p 00000000 00:00 0 
7f9b9459f000-7f9b945a2000 ---p 00000000 00:00 0 
7f9b945a2000-7f9b946a0000 rw-p 00000000 00:00 0 
7f9b946a0000-7f9b946a3000 ---p 00000000 00:00 0 
7f9b946a3000-7f9b947a1000 rw-p 00000000 00:00 0 
7f9b947a1000-7f9b947a4000 ---p 00000000 00:00 0 
7f9b947a4000-7f9b948a2000 rw-p 00000000 00:00 0 
7f9b948a2000-7f9b948a5000 ---p 00000000 00:00 0 
7f9b948a5000-7f9b949a3000 rw-p 00000000 00:00 0 
7f9b949a3000-7f9b949a4000 ---p 00000000 00:00 0 
7f9b949a4000-7f9b95aa7000 rw-p 00000000 00:00 0 
7f9b95aa7000-7f9b95c7d000 r--s 03caa000 00:14 136611550                  /gpfs/main/course/cs032/bin/jdk1.8.0_25/jre/lib/rt.jar
7f9b95c7d000-7f9b9695f000 rw-p 00000000 00:00 0 
7f9b9695f000-7f9b96960000 ---p 00000000 00:00 0 
7f9b96960000-7f9b96a60000 rw-p 00000000 00:00 0 
7f9b96a60000-7f9b96a61000 ---p 00000000 00:00 0 
7f9b96a61000-7f9b96b61000 rw-p 00000000 00:00 0 
7f9b96b61000-7f9b96b62000 ---p 00000000 00:00 0 
7f9b96b62000-7f9b96c62000 rw-p 00000000 00:00 0 
7f9b96c62000-7f9b96c63000 ---p 00000000 00:00 0 
7f9b96c63000-7f9b96d86000 rw-p 00000000 00:00 0 
7f9b96d86000-7f9b96fff000 ---p 00000000 00:00 0 
7f9b96fff000-7f9b97022000 rw-p 00000000 00:00 0 
7f9b97022000-7f9b9729a000 ---p 00000000 00:00 0 
7f9b9729a000-7f9b9732c000 rw-p 00000000 00:00 0 
7f9b9732c000-7f9b973e8000 ---p 00000000 00:00 0 
7f9b973e8000-7f9b97421000 rw-p 00000000 00:00 0 
7f9b97421000-7f9b977a9000 ---p 00000000 00:00 0 
7f9b977a9000-7f9b98589000 rwxp 00000000 00:00 0 
7f9b98589000-7f9ba67a9000 ---p 00000000 00:00 0 
7f9ba67a9000-7f9ba67c3000 r-xp 00000000 00:14 136610880                  /gpfs/main/course/cs032/bin/jdk1.8.0_25/jre/lib/amd64/libzip.so
7f9ba67c3000-7f9ba69c3000 ---p 0001a000 00:14 136610880                  /gpfs/main/course/cs032/bin/jdk1.8.0_25/jre/lib/amd64/libzip.so
7f9ba69c3000-7f9ba69c4000 rw-p 0001a000 00:14 136610880                  /gpfs/main/course/cs032/bin/jdk1.8.0_25/jre/lib/amd64/libzip.so
7f9ba69c4000-7f9ba69ee000 r-xp 00000000 00:14 136610822                  /gpfs/main/course/cs032/bin/jdk1.8.0_25/jre/lib/amd64/libjava.so
7f9ba69ee000-7f9ba6bee000 ---p 0002a000 00:14 136610822                  /gpfs/main/course/cs032/bin/jdk1.8.0_25/jre/lib/amd64/libjava.so
7f9ba6bee000-7f9ba6bf0000 rw-p 0002a000 00:14 136610822                  /gpfs/main/course/cs032/bin/jdk1.8.0_25/jre/lib/amd64/libjava.so
7f9ba6bf0000-7f9ba6bfd000 r-xp 00000000 00:14 136610855                  /gpfs/main/course/cs032/bin/jdk1.8.0_25/jre/lib/amd64/libverify.so
7f9ba6bfd000-7f9ba6dfd000 ---p 0000d000 00:14 136610855                  /gpfs/main/course/cs032/bin/jdk1.8.0_25/jre/lib/amd64/libverify.so
7f9ba6dfd000-7f9ba6dff000 rw-p 0000d000 00:14 136610855                  /gpfs/main/course/cs032/bin/jdk1.8.0_25/jre/lib/amd64/libverify.so
7f9ba6dff000-7f9ba6e06000 r-xp 00000000 fe:00 2595                       /lib/x86_64-linux-gnu/librt-2.13.so
7f9ba6e06000-7f9ba7005000 ---p 00007000 fe:00 2595                       /lib/x86_64-linux-gnu/librt-2.13.so
7f9ba7005000-7f9ba7006000 r--p 00006000 fe:00 2595                       /lib/x86_64-linux-gnu/librt-2.13.so
7f9ba7006000-7f9ba7007000 rw-p 00007000 fe:00 2595                       /lib/x86_64-linux-gnu/librt-2.13.so
7f9ba7007000-7f9ba7088000 r-xp 00000000 fe:00 2470                       /lib/x86_64-linux-gnu/libm-2.13.so
7f9ba7088000-7f9ba7287000 ---p 00081000 fe:00 2470                       /lib/x86_64-linux-gnu/libm-2.13.so
7f9ba7287000-7f9ba7288000 r--p 00080000 fe:00 2470                       /lib/x86_64-linux-gnu/libm-2.13.so
7f9ba7288000-7f9ba7289000 rw-p 00081000 fe:00 2470                       /lib/x86_64-linux-gnu/libm-2.13.so
7f9ba7289000-7f9ba7ef6000 r-xp 00000000 00:14 136611394                  /gpfs/main/course/cs032/bin/jdk1.8.0_25/jre/lib/amd64/server/libjvm.so
7f9ba7ef6000-7f9ba80f5000 ---p 00c6d000 00:14 136611394                  /gpfs/main/course/cs032/bin/jdk1.8.0_25/jre/lib/amd64/server/libjvm.so
7f9ba80f5000-7f9ba81cb000 rw-p 00c6c000 00:14 136611394                  /gpfs/main/course/cs032/bin/jdk1.8.0_25/jre/lib/amd64/server/libjvm.so
7f9ba81cb000-7f9ba820e000 rw-p 00000000 00:00 0 
7f9ba820e000-7f9ba838f000 r-xp 00000000 fe:00 2496                       /lib/x86_64-linux-gnu/libc-2.13.so
7f9ba838f000-7f9ba858f000 ---p 00181000 fe:00 2496                       /lib/x86_64-linux-gnu/libc-2.13.so
7f9ba858f000-7f9ba8593000 r--p 00181000 fe:00 2496                       /lib/x86_64-linux-gnu/libc-2.13.so
7f9ba8593000-7f9ba8594000 rw-p 00185000 fe:00 2496                       /lib/x86_64-linux-gnu/libc-2.13.so
7f9ba8594000-7f9ba8599000 rw-p 00000000 00:00 0 
7f9ba8599000-7f9ba859b000 r-xp 00000000 fe:00 2564                       /lib/x86_64-linux-gnu/libdl-2.13.so
7f9ba859b000-7f9ba879b000 ---p 00002000 fe:00 2564                       /lib/x86_64-linux-gnu/libdl-2.13.so
7f9ba879b000-7f9ba879c000 r--p 00002000 fe:00 2564                       /lib/x86_64-linux-gnu/libdl-2.13.so
7f9ba879c000-7f9ba879d000 rw-p 00003000 fe:00 2564                       /lib/x86_64-linux-gnu/libdl-2.13.so
7f9ba879d000-7f9ba87b2000 r-xp 00000000 00:14 174988983                  /gpfs/main/course/cs032/bin/jdk1.8.0_25/lib/amd64/jli/libjli.so
7f9ba87b2000-7f9ba89b1000 ---p 00015000 00:14 174988983                  /gpfs/main/course/cs032/bin/jdk1.8.0_25/lib/amd64/jli/libjli.so
7f9ba89b1000-7f9ba89b2000 rw-p 00014000 00:14 174988983                  /gpfs/main/course/cs032/bin/jdk1.8.0_25/lib/amd64/jli/libjli.so
7f9ba89b2000-7f9ba89c9000 r-xp 00000000 fe:00 2603                       /lib/x86_64-linux-gnu/libpthread-2.13.so
7f9ba89c9000-7f9ba8bc8000 ---p 00017000 fe:00 2603                       /lib/x86_64-linux-gnu/libpthread-2.13.so
7f9ba8bc8000-7f9ba8bc9000 r--p 00016000 fe:00 2603                       /lib/x86_64-linux-gnu/libpthread-2.13.so
7f9ba8bc9000-7f9ba8bca000 rw-p 00017000 fe:00 2603                       /lib/x86_64-linux-gnu/libpthread-2.13.so
7f9ba8bca000-7f9ba8bce000 rw-p 00000000 00:00 0 
7f9ba8bce000-7f9ba8bee000 r-xp 00000000 fe:00 2586                       /lib/x86_64-linux-gnu/ld-2.13.so
7f9ba8bee000-7f9ba8bf0000 r--s 00000000 00:14 50783240                   /gpfs/main/course/cs032/bin/apache-maven-3.2.3/lib/plexus-component-annotations-1.5.5.jar
7f9ba8bf0000-7f9ba8bf3000 r--s 0000d000 00:14 49127297                   /gpfs/main/course/cs032/bin/apache-maven-3.2.3/lib/plexus-interpolation-1.19.jar
7f9ba8bf3000-7f9ba8bf5000 r--s 00009000 00:14 50783375                   /gpfs/main/course/cs032/bin/apache-maven-3.2.3/lib/maven-settings-builder-3.2.3.jar
7f9ba8bf5000-7f9ba8bf8000 r--s 00025000 00:14 50783269                   /gpfs/main/course/cs032/bin/apache-maven-3.2.3/lib/maven-model-3.2.3.jar
7f9ba8bf8000-7f9ba8c04000 r--s 00085000 00:14 49955830                   /gpfs/main/course/cs032/bin/apache-maven-3.2.3/lib/maven-core-3.2.3.jar
7f9ba8c04000-7f9ba8c08000 r--s 0003a000 00:14 50783382                   /gpfs/main/course/cs032/bin/apache-maven-3.2.3/lib/plexus-utils-3.0.17.jar
7f9ba8c08000-7f9ba8cae000 r--s 00000000 00:0e 5118                       /run/nscd/dbUYo3ip (deleted)
7f9ba8cae000-7f9ba8cb1000 ---p 00000000 00:00 0 
7f9ba8cb1000-7f9ba8db3000 rw-p 00000000 00:00 0 
7f9ba8db3000-7f9ba8db4000 r--s 00001000 00:14 50783425                   /gpfs/main/course/cs032/bin/apache-maven-3.2.3/lib/jsr250-api-1.0.jar
7f9ba8db4000-7f9ba8db5000 r--s 00006000 00:14 50783328                   /gpfs/main/course/cs032/bin/apache-maven-3.2.3/lib/plexus-sec-dispatcher-1.3.jar
7f9ba8db5000-7f9ba8db7000 r--s 00009000 00:14 50783265                   /gpfs/main/course/cs032/bin/apache-maven-3.2.3/lib/maven-settings-3.2.3.jar
7f9ba8db7000-7f9ba8db9000 r--s 0000d000 00:14 49955724                   /gpfs/main/course/cs032/bin/apache-maven-3.2.3/lib/maven-embedder-3.2.3.jar
7f9ba8db9000-7f9ba8de1000 rw-p 00000000 00:00 0 
7f9ba8de1000-7f9ba8de9000 rw-s 00000000 fe:04 174                        /tmp/hsperfdata_ajl4/7374
7f9ba8de9000-7f9ba8dea000 rw-p 00000000 00:00 0 
7f9ba8dea000-7f9ba8deb000 r--p 00000000 00:00 0 
7f9ba8deb000-7f9ba8ded000 rw-p 00000000 00:00 0 
7f9ba8ded000-7f9ba8dee000 r--p 0001f000 fe:00 2586                       /lib/x86_64-linux-gnu/ld-2.13.so
7f9ba8dee000-7f9ba8def000 rw-p 00020000 fe:00 2586                       /lib/x86_64-linux-gnu/ld-2.13.so
7f9ba8def000-7f9ba8df0000 rw-p 00000000 00:00 0 
7fffc9aff000-7fffc9b20000 rw-p 00000000 00:00 0                          [stack]
7fffc9b95000-7fffc9b96000 r-xp 00000000 00:00 0                          [vdso]
ffffffffff600000-ffffffffff601000 r-xp 00000000 00:00 0                  [vsyscall]

VM Arguments:
jvm_args: -Dclassworlds.conf=/course/cs032/bin/apache-maven-3.2.3/bin/m2.conf -Dmaven.home=/course/cs032/bin/apache-maven-3.2.3 
java_command: org.codehaus.plexus.classworlds.launcher.Launcher site
java_class_path (initial): /course/cs032/bin/apache-maven-3.2.3/boot/plexus-classworlds-2.5.1.jar
Launcher Type: SUN_STANDARD

Environment Variables:
JAVA_HOME=/gpfs/main/course/cs032/bin/jdk1.8.0_25
PATH=/course/cs032/bin:/local/bin:/usr/local/bin:/bin:/usr/bin:/usr/X11R6/bin:/usr/games:/contrib/bin:/course/cs032/bin:/course/cs019/bin:/course/cs146/bin
SHELL=/bin/bash
DISPLAY=:1.0

Signal Handlers:
SIGSEGV: [libjvm.so+0xa79a80], sa_mask[0]=11111111011111111101111111111110, sa_flags=SA_RESTART|SA_SIGINFO
SIGBUS: [libjvm.so+0xa79a80], sa_mask[0]=11111111011111111101111111111110, sa_flags=SA_RESTART|SA_SIGINFO
SIGFPE: [libjvm.so+0x8e24e0], sa_mask[0]=11111111011111111101111111111110, sa_flags=SA_RESTART|SA_SIGINFO
SIGPIPE: [libjvm.so+0x8e24e0], sa_mask[0]=11111111011111111101111111111110, sa_flags=SA_RESTART|SA_SIGINFO
SIGXFSZ: [libjvm.so+0x8e24e0], sa_mask[0]=11111111011111111101111111111110, sa_flags=SA_RESTART|SA_SIGINFO
SIGILL: [libjvm.so+0x8e24e0], sa_mask[0]=11111111011111111101111111111110, sa_flags=SA_RESTART|SA_SIGINFO
SIGUSR1: SIG_DFL, sa_mask[0]=00000000000000000000000000000000, sa_flags=none
SIGUSR2: [libjvm.so+0x8e3d10], sa_mask[0]=00000000000000000000000000000000, sa_flags=SA_RESTART|SA_SIGINFO
SIGHUP: [libjvm.so+0x8e50d0], sa_mask[0]=11111111011111111101111111111110, sa_flags=SA_RESTART|SA_SIGINFO
SIGINT: [libjvm.so+0x8e50d0], sa_mask[0]=11111111011111111101111111111110, sa_flags=SA_RESTART|SA_SIGINFO
SIGTERM: [libjvm.so+0x8e50d0], sa_mask[0]=11111111011111111101111111111110, sa_flags=SA_RESTART|SA_SIGINFO
SIGQUIT: [libjvm.so+0x8e50d0], sa_mask[0]=11111111011111111101111111111110, sa_flags=SA_RESTART|SA_SIGINFO


---------------  S Y S T E M  ---------------

OS:PRETTY_NAME="Debian GNU/Linux 7 (wheezy)"
NAME="Debian GNU/Linux"
VERSION_ID="7"
VERSION="7 (wheezy)"
ID=debian
ANSI_COLOR="1;31"
HOME_URL="http://www.debian.org/"
SUPPORT_URL="http://www.debian.org/support/"
BUG_REPORT_URL="http://bugs.debian.org/"

uname:Linux 3.2.0-4-amd64 #1 SMP Debian 3.2.68-1+deb7u1 x86_64
libc:glibc 2.13 NPTL 2.13 
rlimit: STACK 8192k, CORE 0k, NPROC 63961, NOFILE 4096, AS infinity
load average:1.56 1.53 1.28

/proc/meminfo:
MemTotal:        8199880 kB
MemFree:          894904 kB
Buffers:          217792 kB
Cached:          2854732 kB
SwapCached:         1512 kB
Active:          4449076 kB
Inactive:        2228880 kB
Active(anon):    2972656 kB
Inactive(anon):   752088 kB
Active(file):    1476420 kB
Inactive(file):  1476792 kB
Unevictable:          16 kB
Mlocked:              16 kB
SwapTotal:       8388604 kB
SwapFree:        8379240 kB
Dirty:               404 kB
Writeback:             0 kB
AnonPages:       3604424 kB
Mapped:           430056 kB
Shmem:            119312 kB
Slab:             444820 kB
SReclaimable:     391964 kB
SUnreclaim:        52856 kB
KernelStack:        6200 kB
PageTables:        61184 kB
NFS_Unstable:         48 kB
Bounce:                0 kB
WritebackTmp:          0 kB
CommitLimit:    12488544 kB
Committed_AS:    8964836 kB
VmallocTotal:   34359738367 kB
VmallocUsed:      326892 kB
VmallocChunk:   34359403516 kB
HardwareCorrupted:     0 kB
AnonHugePages:         0 kB
HugePages_Total:       0
HugePages_Free:        0
HugePages_Rsvd:        0
HugePages_Surp:        0
Hugepagesize:       2048 kB
DirectMap4k:     4390464 kB
DirectMap2M:     3997696 kB


CPU:total 4 (4 cores per cpu, 1 threads per core) family 6 model 15 stepping 11, cmov, cx8, fxsr, mmx, sse, sse2, sse3, ssse3, tsc

/proc/cpuinfo:
processor	: 0
vendor_id	: GenuineIntel
cpu family	: 6
model		: 15
model name	: Intel(R) Core(TM)2 Quad CPU    Q6600  @ 2.40GHz
stepping	: 11
microcode	: 0xb6
cpu MHz		: 2399.810
cache size	: 4096 KB
physical id	: 0
siblings	: 4
core id		: 0
cpu cores	: 4
apicid		: 0
initial apicid	: 0
fpu		: yes
fpu_exception	: yes
cpuid level	: 10
wp		: yes
flags		: fpu vme de pse tsc msr pae mce cx8 apic sep mtrr pge mca cmov pat pse36 clflush dts acpi mmx fxsr sse sse2 ss ht tm pbe syscall nx lm constant_tsc arch_perfmon pebs bts rep_good nopl aperfmperf pni dtes64 monitor ds_cpl vmx est tm2 ssse3 cx16 xtpr pdcm lahf_lm dtherm tpr_shadow vnmi flexpriority
bogomips	: 4799.62
clflush size	: 64
cache_alignment	: 64
address sizes	: 36 bits physical, 48 bits virtual
power management:

processor	: 1
vendor_id	: GenuineIntel
cpu family	: 6
model		: 15
model name	: Intel(R) Core(TM)2 Quad CPU    Q6600  @ 2.40GHz
stepping	: 11
microcode	: 0xb6
cpu MHz		: 2399.810
cache size	: 4096 KB
physical id	: 0
siblings	: 4
core id		: 1
cpu cores	: 4
apicid		: 1
initial apicid	: 1
fpu		: yes
fpu_exception	: yes
cpuid level	: 10
wp		: yes
flags		: fpu vme de pse tsc msr pae mce cx8 apic sep mtrr pge mca cmov pat pse36 clflush dts acpi mmx fxsr sse sse2 ss ht tm pbe syscall nx lm constant_tsc arch_perfmon pebs bts rep_good nopl aperfmperf pni dtes64 monitor ds_cpl vmx est tm2 ssse3 cx16 xtpr pdcm lahf_lm dtherm tpr_shadow vnmi flexpriority
bogomips	: 4800.23
clflush size	: 64
cache_alignment	: 64
address sizes	: 36 bits physical, 48 bits virtual
power management:

processor	: 2
vendor_id	: GenuineIntel
cpu family	: 6
model		: 15
model name	: Intel(R) Core(TM)2 Quad CPU    Q6600  @ 2.40GHz
stepping	: 11
microcode	: 0xb6
cpu MHz		: 2399.810
cache size	: 4096 KB
physical id	: 0
siblings	: 4
core id		: 2
cpu cores	: 4
apicid		: 2
initial apicid	: 2
fpu		: yes
fpu_exception	: yes
cpuid level	: 10
wp		: yes
flags		: fpu vme de pse tsc msr pae mce cx8 apic sep mtrr pge mca cmov pat pse36 clflush dts acpi mmx fxsr sse sse2 ss ht tm pbe syscall nx lm constant_tsc arch_perfmon pebs bts rep_good nopl aperfmperf pni dtes64 monitor ds_cpl vmx est tm2 ssse3 cx16 xtpr pdcm lahf_lm dtherm tpr_shadow vnmi flexpriority
bogomips	: 4800.28
clflush size	: 64
cache_alignment	: 64
address sizes	: 36 bits physical, 48 bits virtual
power management:

processor	: 3
vendor_id	: GenuineIntel
cpu family	: 6
model		: 15
model name	: Intel(R) Core(TM)2 Quad CPU    Q6600  @ 2.40GHz
stepping	: 11
microcode	: 0xb6
cpu MHz		: 2399.810
cache size	: 4096 KB
physical id	: 0
siblings	: 4
core id		: 3
cpu cores	: 4
apicid		: 3
initial apicid	: 3
fpu		: yes
fpu_exception	: yes
cpuid level	: 10
wp		: yes
flags		: fpu vme de pse tsc msr pae mce cx8 apic sep mtrr pge mca cmov pat pse36 clflush dts acpi mmx fxsr sse sse2 ss ht tm pbe syscall nx lm constant_tsc arch_perfmon pebs bts rep_good nopl aperfmperf pni dtes64 monitor ds_cpl vmx est tm2 ssse3 cx16 xtpr pdcm lahf_lm dtherm tpr_shadow vnmi flexpriority
bogomips	: 4800.27
clflush size	: 64
cache_alignment	: 64
address sizes	: 36 bits physical, 48 bits virtual
power management:



Memory: 4k page, physical 8199880k(894904k free), swap 8388604k(8379240k free)

vm_info: Java HotSpot(TM) 64-Bit Server VM (25.25-b02) for linux-amd64 JRE (1.8.0_25-b17), built on Sep 17 2014 17:32:11 by "java_re" with gcc 4.3.0 20080428 (Red Hat 4.3.0-8)

time: Thu May  7 21:52:41 2015
elapsed time: 9 seconds (0d 0h 0m 9s)

