#
# A fatal error has been detected by the Java Runtime Environment:
#
#  SIGSEGV (0xb) at pc=0x00007ffae57c0060, pid=10251, tid=140716917131008
#
# JRE version: Java(TM) SE Runtime Environment (8.0_25-b17) (build 1.8.0_25-b17)
# Java VM: Java HotSpot(TM) 64-Bit Server VM (25.25-b02 mixed mode linux-amd64 compressed oops)
# Problematic frame:
# C  0x00007ffae57c0060
#
# Failed to write core dump. Core dumps have been disabled. To enable core dumping, try "ulimit -c unlimited" before starting Java again
#
# If you would like to submit a bug report, please visit:
#   http://bugreport.sun.com/bugreport/crash.jsp
#

---------------  T H R E A D  ---------------

Current thread (0x0000000001281000):  JavaThread "main" [_thread_in_Java, id=10260, stack(0x00007ffb35cc0000,0x00007ffb35dc1000)]

siginfo: si_signo: 11 (SIGSEGV), si_code: 1 (SEGV_MAPERR), si_addr: 0x00007ffae57c0060

Registers:
RAX=0x00007ffb1efa97b0, RBX=0x00007ffb1efa97b0, RCX=0x00000000d78dd848, RDX=0x0000000000000000
RSP=0x00007ffb35dbce98, RBP=0x00007ffb35dbcef0, RSI=0x00000000d78dd848, RDI=0x00000000000001c8
R8 =0x000000002003360a, R9 =0x00000000d67ac920, R10=0x00007ffb351f7440, R11=0x00007ffb24b774a0
R12=0x0000000000000000, R13=0x00007ffb35dbcea8, R14=0x0000000000000000, R15=0x0000000001281000
RIP=0x00007ffae57c0060, EFLAGS=0x0000000000010206, CSGSFS=0x0000000000000033, ERR=0x0000000000000014
  TRAPNO=0x000000000000000e

Top of Stack: (sp=0x00007ffb35dbce98)
0x00007ffb35dbce98:   00007ffb247c2160 00007ffb247c2160
0x00007ffb35dbcea8:   00000000d78dd848 00007ffb35dbceb0
0x00007ffb35dbceb8:   00007ffb1cf4f474 00007ffb35dbcf08
0x00007ffb35dbcec8:   00007ffb1cf4fc40 0000000000000000
0x00007ffb35dbced8:   00007ffb1cf4f4b8 00007ffb35dbcea8
0x00007ffb35dbcee8:   00007ffb35dbcf08 00007ffb35dbcf70
0x00007ffb35dbcef8:   00007ffb247bb4e7 00000000d78dba38
0x00007ffb35dbcf08:   00000000d78dd828 0000000000001fa0
0x00007ffb35dbcf18:   0000000001280ca0 0000000001281000
0x00007ffb35dbcf28:   00007ffb35dbcff0 00007ffb35dbd8e0
0x00007ffb35dbcf38:   00007ffb35dbcfb0 00007ffb35dbcfb0
0x00007ffb35dbcf48:   00007ffb35dbd8f8 00007ffb0000000c
0x00007ffb35dbcf58:   00007ffb1cf4f4b8 00007ffb247cb940
0x00007ffb35dbcf68:   00007ffb35dbd828 00007ffb35dbd0e0
0x00007ffb35dbcf78:   00007ffb348ff086 00007ffb00000001
0x00007ffb35dbcf88:   0000000001281000 00007ffb35dbd820
0x00007ffb35dbcf98:   00007ffb35dbd8f0 00007ffb247cb940
0x00007ffb35dbcfa8:   01007ffb0000000c 0000000001281000
0x00007ffb35dbcfb8:   00007ffb1800b470 00007ffb1cf4f4b8
0x00007ffb35dbcfc8:   00000000d78dd828 00007ffb35dbd990
0x00007ffb35dbcfd8:   00007ffb24b0464f 0000000000000000
0x00007ffb35dbcfe8:   00007ffb35dbd8f0 0000000001281000
0x00007ffb35dbcff8:   0000000001280c20 0000000001280c60
0x00007ffb35dbd008:   0000000001280ca8 0000000001280d48
0x00007ffb35dbd018:   00000000000000d8 00007ffb35dbf040
0x00007ffb35dbd028:   00007ffb34b0f047 00007ffb1cf4f4b8
0x00007ffb35dbd038:   0000000001281000 00007ffb35dbd0e0
0x00007ffb35dbd048:   00007ffb34d0b6dc 00007ffb1cf4f4b8
0x00007ffb35dbd058:   0000000001281000 00007ffb35dbd9e0
0x00007ffb35dbd068:   00007ffb247c2710 00007ffb247c0310
0x00007ffb35dbd078:   00007ffb00000000 00007ffb1cf4f4b8
0x00007ffb35dbd088:   0000000001281000 0000000000000000 

Instructions: (pc=0x00007ffae57c0060)
0x00007ffae57c0040:   
[error occurred during error reporting (printing registers, top of stack, instructions near pc), id 0xb]

Register to memory mapping:

RAX={method} {0x00007ffb1efa97b0} 'isEmpty' '()Z' in 'java/util/AbstractCollection'
RBX={method} {0x00007ffb1efa97b0} 'isEmpty' '()Z' in 'java/util/AbstractCollection'
RCX=0x00000000d78dd848 is an oop
java.util.LinkedList 
 - klass: 'java/util/LinkedList'
RDX=0x0000000000000000 is an unknown value
RSP=0x00007ffb35dbce98 is pointing into the stack for thread: 0x0000000001281000
RBP=0x00007ffb35dbcef0 is pointing into the stack for thread: 0x0000000001281000
RSI=0x00000000d78dd848 is an oop
java.util.LinkedList 
 - klass: 'java/util/LinkedList'
RDI=0x00000000000001c8 is an unknown value
R8 =0x000000002003360a is an unknown value
R9 =0x00000000d67ac920 is an oop
sun.reflect.UnsafeQualifiedStaticObjectFieldAccessorImpl 
 - klass: 'sun/reflect/UnsafeQualifiedStaticObjectFieldAccessorImpl'
R10=0x00007ffb351f7440: <offset 0xf5c440> in /gpfs/main/research/java/linux/jdk1.8.0_25/jre/lib/amd64/server/libjvm.so at 0x00007ffb3429b000
R11=0x00007ffb24b774a0 is at entry_point+32 in (nmethod*)0x00007ffb24b77310
R12=0x0000000000000000 is an unknown value
R13=0x00007ffb35dbcea8 is pointing into the stack for thread: 0x0000000001281000
R14=0x0000000000000000 is an unknown value
R15=0x0000000001281000 is a thread


Stack: [0x00007ffb35cc0000,0x00007ffb35dc1000],  sp=0x00007ffb35dbce98,  free space=1011k
Native frames: (J=compiled Java code, j=interpreted, Vv=VM code, C=native code)
C  0x00007ffae57c0060
v  ~StubRoutines::call_stub
V  [libjvm.so+0x664086]  JavaCalls::call_helper(JavaValue*, methodHandle*, JavaCallArguments*, Thread*)+0x1056
V  [libjvm.so+0x6f8fec]  JVM_DoPrivileged+0x27c
J 879  java.security.AccessController.doPrivileged(Ljava/security/PrivilegedAction;)Ljava/lang/Object; (0 bytes) @ 0x00007ffb24b046bf [0x00007ffb24b04600+0xbf]
j  org.apache.maven.model.interpolation.StringSearchModelInterpolator.interpolateObject(Ljava/lang/Object;Lorg/apache/maven/model/Model;Ljava/io/File;Lorg/apache/maven/model/building/ModelBuildingRequest;Lorg/apache/maven/model/building/ModelProblemCollector;)V+41
j  org.apache.maven.model.interpolation.StringSearchModelInterpolator.interpolateModel(Lorg/apache/maven/model/Model;Ljava/io/File;Lorg/apache/maven/model/building/ModelBuildingRequest;Lorg/apache/maven/model/building/ModelProblemCollector;)Lorg/apache/maven/model/Model;+7
j  org.apache.maven.model.building.DefaultModelBuilder.interpolateModel(Lorg/apache/maven/model/Model;Lorg/apache/maven/model/building/ModelBuildingRequest;Lorg/apache/maven/model/building/ModelProblemCollector;)Lorg/apache/maven/model/Model;+19
j  org.apache.maven.model.building.DefaultModelBuilder.build(Lorg/apache/maven/model/building/ModelBuildingRequest;)Lorg/apache/maven/model/building/ModelBuildingResult;+788
j  org.apache.maven.repository.internal.DefaultArtifactDescriptorReader.loadPom(Lorg/eclipse/aether/RepositorySystemSession;Lorg/eclipse/aether/resolution/ArtifactDescriptorRequest;Lorg/eclipse/aether/resolution/ArtifactDescriptorResult;)Lorg/apache/maven/model/Model;+588
j  org.apache.maven.repository.internal.DefaultArtifactDescriptorReader.readArtifactDescriptor(Lorg/eclipse/aether/RepositorySystemSession;Lorg/eclipse/aether/resolution/ArtifactDescriptorRequest;)Lorg/eclipse/aether/resolution/ArtifactDescriptorResult;+13
j  org.eclipse.aether.internal.impl.DefaultDependencyCollector.process(Lorg/eclipse/aether/internal/impl/DefaultDependencyCollector$Args;Ljava/util/List;Ljava/util/List;Lorg/eclipse/aether/collection/DependencySelector;Lorg/eclipse/aether/collection/DependencyManager;Lorg/eclipse/aether/collection/DependencyTraverser;)V+665
j  org.eclipse.aether.internal.impl.DefaultDependencyCollector.process(Lorg/eclipse/aether/internal/impl/DefaultDependencyCollector$Args;Ljava/util/List;Ljava/util/List;Lorg/eclipse/aether/collection/DependencySelector;Lorg/eclipse/aether/collection/DependencyManager;Lorg/eclipse/aether/collection/DependencyTraverser;)V+1340
j  org.eclipse.aether.internal.impl.DefaultDependencyCollector.process(Lorg/eclipse/aether/internal/impl/DefaultDependencyCollector$Args;Ljava/util/List;Ljava/util/List;Lorg/eclipse/aether/collection/DependencySelector;Lorg/eclipse/aether/collection/DependencyManager;Lorg/eclipse/aether/collection/DependencyTraverser;)V+1340
j  org.eclipse.aether.internal.impl.DefaultDependencyCollector.process(Lorg/eclipse/aether/internal/impl/DefaultDependencyCollector$Args;Ljava/util/List;Ljava/util/List;Lorg/eclipse/aether/collection/DependencySelector;Lorg/eclipse/aether/collection/DependencyManager;Lorg/eclipse/aether/collection/DependencyTraverser;)V+1340
j  org.eclipse.aether.internal.impl.DefaultDependencyCollector.collectDependencies(Lorg/eclipse/aether/RepositorySystemSession;Lorg/eclipse/aether/collection/CollectRequest;)Lorg/eclipse/aether/collection/CollectResult;+691
j  org.eclipse.aether.internal.impl.DefaultRepositorySystem.collectDependencies(Lorg/eclipse/aether/RepositorySystemSession;Lorg/eclipse/aether/collection/CollectRequest;)Lorg/eclipse/aether/collection/CollectResult;+11
j  org.apache.maven.project.DefaultProjectDependenciesResolver.resolve(Lorg/apache/maven/project/DependencyResolutionRequest;)Lorg/apache/maven/project/DependencyResolutionResult;+620
j  org.apache.maven.lifecycle.internal.LifecycleDependencyResolver.getDependencies(Lorg/apache/maven/project/MavenProject;Ljava/util/Collection;Ljava/util/Collection;Lorg/apache/maven/execution/MavenSession;ZLjava/util/Set;)Ljava/util/Set;+152
j  org.apache.maven.lifecycle.internal.LifecycleDependencyResolver.resolveProjectDependencies(Lorg/apache/maven/project/MavenProject;Ljava/util/Collection;Ljava/util/Collection;Lorg/apache/maven/execution/MavenSession;ZLjava/util/Set;)V+80
j  org.apache.maven.lifecycle.internal.MojoExecutor.ensureDependenciesAreResolved(Lorg/apache/maven/plugin/descriptor/MojoDescriptor;Lorg/apache/maven/execution/MavenSession;Lorg/apache/maven/lifecycle/internal/DependencyContext;)V+47
j  org.apache.maven.lifecycle.internal.MojoExecutor.execute(Lorg/apache/maven/execution/MavenSession;Lorg/apache/maven/plugin/MojoExecution;Lorg/apache/maven/lifecycle/internal/ProjectIndex;Lorg/apache/maven/lifecycle/internal/DependencyContext;)V+192
j  org.apache.maven.lifecycle.internal.MojoExecutor.execute(Lorg/apache/maven/execution/MavenSession;Lorg/apache/maven/plugin/MojoExecution;Lorg/apache/maven/lifecycle/internal/ProjectIndex;Lorg/apache/maven/lifecycle/internal/DependencyContext;Lorg/apache/maven/lifecycle/internal/PhaseRecorder;)V+6
j  org.apache.maven.lifecycle.internal.MojoExecutor.execute(Lorg/apache/maven/execution/MavenSession;Ljava/util/List;Lorg/apache/maven/lifecycle/internal/ProjectIndex;)V+60
j  org.apache.maven.lifecycle.internal.LifecycleModuleBuilder.buildProject(Lorg/apache/maven/execution/MavenSession;Lorg/apache/maven/execution/MavenSession;Lorg/apache/maven/lifecycle/internal/ReactorContext;Lorg/apache/maven/project/MavenProject;Lorg/apache/maven/lifecycle/internal/TaskSegment;)V+176
j  org.apache.maven.lifecycle.internal.LifecycleModuleBuilder.buildProject(Lorg/apache/maven/execution/MavenSession;Lorg/apache/maven/lifecycle/internal/ReactorContext;Lorg/apache/maven/project/MavenProject;Lorg/apache/maven/lifecycle/internal/TaskSegment;)V+7
j  org.apache.maven.lifecycle.internal.builder.singlethreaded.SingleThreadedBuilder.build(Lorg/apache/maven/execution/MavenSession;Lorg/apache/maven/lifecycle/internal/ReactorContext;Lorg/apache/maven/lifecycle/internal/ProjectBuildList;Ljava/util/List;Lorg/apache/maven/lifecycle/internal/ReactorBuildStatus;)V+77
j  org.apache.maven.lifecycle.internal.LifecycleStarter.execute(Lorg/apache/maven/execution/MavenSession;)V+346
j  org.apache.maven.DefaultMaven.doExecute(Lorg/apache/maven/execution/MavenExecutionRequest;)Lorg/apache/maven/execution/MavenExecutionResult;+554
j  org.apache.maven.DefaultMaven.execute(Lorg/apache/maven/execution/MavenExecutionRequest;)Lorg/apache/maven/execution/MavenExecutionResult;+11
j  org.apache.maven.cli.MavenCli.execute(Lorg/apache/maven/cli/MavenCli$CliRequest;)I+19
j  org.apache.maven.cli.MavenCli.doMain(Lorg/apache/maven/cli/MavenCli$CliRequest;)I+61
j  org.apache.maven.cli.MavenCli.main([Ljava/lang/String;Lorg/codehaus/plexus/classworlds/ClassWorld;)I+18
v  ~StubRoutines::call_stub
V  [libjvm.so+0x664086]  JavaCalls::call_helper(JavaValue*, methodHandle*, JavaCallArguments*, Thread*)+0x1056
V  [libjvm.so+0x958ab7]  Reflection::invoke(instanceKlassHandle, methodHandle, Handle, bool, objArrayHandle, BasicType, objArrayHandle, bool, Thread*)+0x5d7
V  [libjvm.so+0x95c187]  Reflection::invoke_method(oopDesc*, Handle, objArrayHandle, Thread*)+0x147
V  [libjvm.so+0x6ea3cb]  JVM_InvokeMethod+0x26b
j  sun.reflect.NativeMethodAccessorImpl.invoke0(Ljava/lang/reflect/Method;Ljava/lang/Object;[Ljava/lang/Object;)Ljava/lang/Object;+0
j  sun.reflect.NativeMethodAccessorImpl.invoke(Ljava/lang/Object;[Ljava/lang/Object;)Ljava/lang/Object;+100
j  sun.reflect.DelegatingMethodAccessorImpl.invoke(Ljava/lang/Object;[Ljava/lang/Object;)Ljava/lang/Object;+6
j  java.lang.reflect.Method.invoke(Ljava/lang/Object;[Ljava/lang/Object;)Ljava/lang/Object;+56
j  org.codehaus.plexus.classworlds.launcher.Launcher.launchEnhanced([Ljava/lang/String;)V+45
j  org.codehaus.plexus.classworlds.launcher.Launcher.launch([Ljava/lang/String;)V+2
j  org.codehaus.plexus.classworlds.launcher.Launcher.mainWithExitCode([Ljava/lang/String;)I+101
j  org.codehaus.plexus.classworlds.launcher.Launcher.main([Ljava/lang/String;)V+1
v  ~StubRoutines::call_stub
V  [libjvm.so+0x664086]  JavaCalls::call_helper(JavaValue*, methodHandle*, JavaCallArguments*, Thread*)+0x1056
V  [libjvm.so+0x6ab096]  jni_invoke_static(JNIEnv_*, JavaValue*, _jobject*, JNICallType, _jmethodID*, JNI_ArgumentPusher*, Thread*)+0x346
V  [libjvm.so+0x6b1c2a]  jni_CallStaticVoidMethod+0x17a
C  [libjli.so+0x7b14]  JavaMain+0x844
C  [libpthread.so.0+0x6b50]  start_thread+0xd0


---------------  P R O C E S S  ---------------

Java Threads: ( => current thread )
  0x00007ffb1804c800 JavaThread "Service Thread" daemon [_thread_blocked, id=10272, stack(0x00007ffb1d41e000,0x00007ffb1d51f000)]
  0x00007ffb18035000 JavaThread "C1 CompilerThread2" daemon [_thread_blocked, id=10271, stack(0x00007ffb1d51f000,0x00007ffb1d620000)]
  0x00007ffb18033000 JavaThread "C2 CompilerThread1" daemon [_thread_blocked, id=10270, stack(0x00007ffb1d620000,0x00007ffb1d721000)]
  0x00007ffb18030000 JavaThread "C2 CompilerThread0" daemon [_thread_in_native, id=10269, stack(0x00007ffb1d721000,0x00007ffb1d822000)]
  0x00007ffb1802e000 JavaThread "Signal Dispatcher" daemon [_thread_blocked, id=10268, stack(0x00007ffb1d822000,0x00007ffb1d923000)]
  0x00007ffb18001000 JavaThread "Finalizer" daemon [_thread_blocked, id=10267, stack(0x00007ffb1d923000,0x00007ffb1da24000)]
  0x00000000012f1800 JavaThread "Reference Handler" daemon [_thread_blocked, id=10266, stack(0x00007ffb1da24000,0x00007ffb1db25000)]
=>0x0000000001281000 JavaThread "main" [_thread_in_Java, id=10260, stack(0x00007ffb35cc0000,0x00007ffb35dc1000)]

Other Threads:
  0x00000000012ea800 VMThread [stack: 0x00007ffb1db25000,0x00007ffb1dc26000] [id=10265]
  0x00007ffb1804f000 WatcherThread [stack: 0x00007ffb1d31d000,0x00007ffb1d41e000] [id=10273]

VM state:not at safepoint (normal execution)

VM Mutex/Monitor currently owned by a thread: None

Heap:
 PSYoungGen      total 70656K, used 26043K [0x00000000d6500000, 0x00000000daf00000, 0x0000000100000000)
  eden space 65536K, 31% used [0x00000000d6500000,0x00000000d79730b0,0x00000000da500000)
  from space 5120K, 99% used [0x00000000daa00000,0x00000000daefbd18,0x00000000daf00000)
  to   space 5120K, 0% used [0x00000000da500000,0x00000000da500000,0x00000000daa00000)
 ParOldGen       total 86016K, used 1963K [0x0000000082e00000, 0x0000000088200000, 0x00000000d6500000)
  object space 86016K, 2% used [0x0000000082e00000,0x0000000082feaed0,0x0000000088200000)
 Metaspace       used 13599K, capacity 13768K, committed 14080K, reserved 1060864K
  class space    used 1659K, capacity 1770K, committed 1792K, reserved 1048576K

Card table byte_map: [0x00007ffb24011000,0x00007ffb243fb000] byte_map_base: 0x00007ffb23bfa000

Marking Bits: (ParMarkBitMap*) 0x00007ffb351f52c0
 Begin Bits: [0x00007ffb1fae1000, 0x00007ffb21a29000)
 End Bits:   [0x00007ffb21a29000, 0x00007ffb23971000)

Polling page: 0x00007ffb35dfc000

CodeCache: size=245760Kb used=5820Kb max_used=5831Kb free=239939Kb
 bounds [0x00007ffb247bb000, 0x00007ffb24d7b000, 0x00007ffb337bb000]
 total_blobs=2077 nmethods=1756 adapters=236
 compilation: enabled

Compilation events (10 events):
Event: 2.130 Thread 0x00007ffb18035000 1757       3       org.apache.maven.model.Model::getProfiles (23 bytes)
Event: 2.130 Thread 0x00007ffb18035000 nmethod 1757 0x00007ffb24d68fd0 code [0x00007ffb24d69160, 0x00007ffb24d694f0]
Event: 2.132 Thread 0x00007ffb18035000 1760       3       org.apache.maven.model.interpolation.UrlNormalizingPostProcessor::execute (32 bytes)
Event: 2.133 Thread 0x00007ffb18033000 nmethod 1747 0x00007ffb24d6f790 code [0x00007ffb24d6f9c0, 0x00007ffb24d70400]
Event: 2.133 Thread 0x00007ffb18033000 1727       4       sun.reflect.UnsafeQualifiedObjectFieldAccessorImpl::get (17 bytes)
Event: 2.133 Thread 0x00007ffb18035000 nmethod 1760 0x00007ffb24d68350 code [0x00007ffb24d68520, 0x00007ffb24d68c78]
Event: 2.136 Thread 0x00007ffb18033000 nmethod 1727 0x00007ffb24d67f50 code [0x00007ffb24d680a0, 0x00007ffb24d681e8]
Event: 2.136 Thread 0x00007ffb18033000 1748       4       java.util.AbstractCollection::isEmpty (13 bytes)
Event: 2.136 Thread 0x00007ffb18033000 nmethod 1748 0x00007ffb24d6c8d0 code [0x00007ffb24d6ca20, 0x00007ffb24d6ca98]
Event: 2.136 Thread 0x00007ffb18033000 1758       4       java.util.LinkedList::removeFirst (23 bytes)

GC Heap History (4 events):
Event: 0.806 GC heap before
{Heap before GC invocations=1 (full 0):
 PSYoungGen      total 37888K, used 32768K [0x00000000d6500000, 0x00000000d8f00000, 0x0000000100000000)
  eden space 32768K, 100% used [0x00000000d6500000,0x00000000d8500000,0x00000000d8500000)
  from space 5120K, 0% used [0x00000000d8a00000,0x00000000d8a00000,0x00000000d8f00000)
  to   space 5120K, 0% used [0x00000000d8500000,0x00000000d8500000,0x00000000d8a00000)
 ParOldGen       total 86016K, used 0K [0x0000000082e00000, 0x0000000088200000, 0x00000000d6500000)
  object space 86016K, 0% used [0x0000000082e00000,0x0000000082e00000,0x0000000088200000)
 Metaspace       used 7856K, capacity 7966K, committed 8192K, reserved 1056768K
  class space    used 958K, capacity 1017K, committed 1024K, reserved 1048576K
Event: 0.814 GC heap after
Heap after GC invocations=1 (full 0):
 PSYoungGen      total 37888K, used 4951K [0x00000000d6500000, 0x00000000daf00000, 0x0000000100000000)
  eden space 32768K, 0% used [0x00000000d6500000,0x00000000d6500000,0x00000000d8500000)
  from space 5120K, 96% used [0x00000000d8500000,0x00000000d89d5f80,0x00000000d8a00000)
  to   space 5120K, 0% used [0x00000000daa00000,0x00000000daa00000,0x00000000daf00000)
 ParOldGen       total 86016K, used 16K [0x0000000082e00000, 0x0000000088200000, 0x00000000d6500000)
  object space 86016K, 0% used [0x0000000082e00000,0x0000000082e04000,0x0000000088200000)
 Metaspace       used 7856K, capacity 7966K, committed 8192K, reserved 1056768K
  class space    used 958K, capacity 1017K, committed 1024K, reserved 1048576K
}
Event: 1.498 GC heap before
{Heap before GC invocations=2 (full 0):
 PSYoungGen      total 37888K, used 37719K [0x00000000d6500000, 0x00000000daf00000, 0x0000000100000000)
  eden space 32768K, 100% used [0x00000000d6500000,0x00000000d8500000,0x00000000d8500000)
  from space 5120K, 96% used [0x00000000d8500000,0x00000000d89d5f80,0x00000000d8a00000)
  to   space 5120K, 0% used [0x00000000daa00000,0x00000000daa00000,0x00000000daf00000)
 ParOldGen       total 86016K, used 16K [0x0000000082e00000, 0x0000000088200000, 0x00000000d6500000)
  object space 86016K, 0% used [0x0000000082e00000,0x0000000082e04000,0x0000000088200000)
 Metaspace       used 12247K, capacity 12432K, committed 12672K, reserved 1060864K
  class space    used 1533K, capacity 1606K, committed 1664K, reserved 1048576K
Event: 1.526 GC heap after
Heap after GC invocations=2 (full 0):
 PSYoungGen      total 70656K, used 5103K [0x00000000d6500000, 0x00000000daf00000, 0x0000000100000000)
  eden space 65536K, 0% used [0x00000000d6500000,0x00000000d6500000,0x00000000da500000)
  from space 5120K, 99% used [0x00000000daa00000,0x00000000daefbd18,0x00000000daf00000)
  to   space 5120K, 0% used [0x00000000da500000,0x00000000da500000,0x00000000daa00000)
 ParOldGen       total 86016K, used 1963K [0x0000000082e00000, 0x0000000088200000, 0x00000000d6500000)
  object space 86016K, 2% used [0x0000000082e00000,0x0000000082feaed0,0x0000000088200000)
 Metaspace       used 12247K, capacity 12432K, committed 12672K, reserved 1060864K
  class space    used 1533K, capacity 1606K, committed 1664K, reserved 1048576K
}

Deoptimization events (4 events):
Event: 1.750 Thread 0x0000000001281000 Uncommon trap: reason=unreached action=reinterpret pc=0x00007ffb24a5bbd0 method=java.util.HashMap.hash(Ljava/lang/Object;)I @ 1
Event: 1.750 Thread 0x0000000001281000 Uncommon trap: reason=unreached action=reinterpret pc=0x00007ffb24a662a8 method=java.util.HashMap.hash(Ljava/lang/Object;)I @ 1
Event: 1.903 Thread 0x0000000001281000 Uncommon trap: reason=null_check action=make_not_entrant pc=0x00007ffb24cd5674 method=org.apache.maven.model.io.xpp3.MavenXpp3Reader.checkFieldWithDuplicate(Lorg/codehaus/plexus/util/xml/pull/XmlPullParser;Ljava/lang/String;Ljava/lang/String;Ljava/util/Se
Event: 1.910 Thread 0x0000000001281000 Uncommon trap: reason=predicate action=maybe_recompile pc=0x00007ffb24ce09b4 method=java.nio.charset.CharsetDecoder.decode(Ljava/nio/ByteBuffer;Ljava/nio/CharBuffer;Z)Ljava/nio/charset/CoderResult; @ 54

Internal exceptions (10 events):
Event: 1.898 Thread 0x0000000001281000 Exception <a 'java/security/PrivilegedActionException'> (0x00000000d71e2480) thrown at [/HUDSON/workspace/8-2-build-linux-amd64/jdk8u25/1514/hotspot/src/share/vm/prims/jvm.cpp, line 1312]
Event: 1.898 Thread 0x0000000001281000 Exception <a 'java/security/PrivilegedActionException'> (0x00000000d71e9008) thrown at [/HUDSON/workspace/8-2-build-linux-amd64/jdk8u25/1514/hotspot/src/share/vm/prims/jvm.cpp, line 1312]
Event: 1.898 Thread 0x0000000001281000 Exception <a 'java/security/PrivilegedActionException'> (0x00000000d71e99f0) thrown at [/HUDSON/workspace/8-2-build-linux-amd64/jdk8u25/1514/hotspot/src/share/vm/prims/jvm.cpp, line 1312]
Event: 1.903 Thread 0x0000000001281000 Implicit null exception at 0x00007ffb24cd4ca8 to 0x00007ffb24cd5655
Event: 1.929 Thread 0x0000000001281000 Exception <a 'java/security/PrivilegedActionException'> (0x00000000d7325ab0) thrown at [/HUDSON/workspace/8-2-build-linux-amd64/jdk8u25/1514/hotspot/src/share/vm/prims/jvm.cpp, line 1312]
Event: 1.929 Thread 0x0000000001281000 Exception <a 'java/security/PrivilegedActionException'> (0x00000000d7326448) thrown at [/HUDSON/workspace/8-2-build-linux-amd64/jdk8u25/1514/hotspot/src/share/vm/prims/jvm.cpp, line 1312]
Event: 1.929 Thread 0x0000000001281000 Exception <a 'java/security/PrivilegedActionException'> (0x00000000d732ce70) thrown at [/HUDSON/workspace/8-2-build-linux-amd64/jdk8u25/1514/hotspot/src/share/vm/prims/jvm.cpp, line 1312]
Event: 1.930 Thread 0x0000000001281000 Exception <a 'java/security/PrivilegedActionException'> (0x00000000d732d7e0) thrown at [/HUDSON/workspace/8-2-build-linux-amd64/jdk8u25/1514/hotspot/src/share/vm/prims/jvm.cpp, line 1312]
Event: 1.931 Thread 0x0000000001281000 Exception <a 'java/security/PrivilegedActionException'> (0x00000000d7333308) thrown at [/HUDSON/workspace/8-2-build-linux-amd64/jdk8u25/1514/hotspot/src/share/vm/prims/jvm.cpp, line 1312]
Event: 1.931 Thread 0x0000000001281000 Exception <a 'java/security/PrivilegedActionException'> (0x00000000d7333c58) thrown at [/HUDSON/workspace/8-2-build-linux-amd64/jdk8u25/1514/hotspot/src/share/vm/prims/jvm.cpp, line 1312]

Events (10 events):
Event: 1.931 loading class org/eclipse/aether/internal/impl/DataPool$GraphKey
Event: 1.931 loading class org/eclipse/aether/internal/impl/DataPool$GraphKey done
Event: 1.978 loading class java/util/ArrayList$1
Event: 1.978 loading class java/util/ArrayList$1 done
Event: 2.012 loading class java/util/AbstractMap$SimpleImmutableEntry
Event: 2.012 loading class java/util/AbstractMap$SimpleImmutableEntry done
Event: 2.016 Executing VM operation: ForceSafepoint
Event: 2.016 Executing VM operation: ForceSafepoint done
Event: 2.020 loading class java/util/ArrayList$SubList$1
Event: 2.020 loading class java/util/ArrayList$SubList$1 done


Dynamic libraries:
00400000-00401000 r-xp 00000000 00:16 219609847                          /gpfs/main/research/java/linux/jdk1.8.0_25/bin/java
00600000-00601000 rw-p 00000000 00:16 219609847                          /gpfs/main/research/java/linux/jdk1.8.0_25/bin/java
01278000-024b8000 rw-p 00000000 00:00 0                                  [heap]
82e00000-88200000 rw-p 00000000 00:00 0 
88200000-d6500000 ---p 00000000 00:00 0 
d6500000-daf00000 rw-p 00000000 00:00 0 
daf00000-100000000 ---p 00000000 00:00 0 
100000000-1001c0000 rw-p 00000000 00:00 0 
1001c0000-140000000 ---p 00000000 00:00 0 
7ffb18000000-7ffb18d6c000 rw-p 00000000 00:00 0 
7ffb18d6c000-7ffb1c000000 ---p 00000000 00:00 0 
7ffb1ca39000-7ffb1ca4a000 rw-p 00000000 00:00 0 
7ffb1ca4a000-7ffb1ca5b000 r-xp 00000000 00:16 198297120                  /gpfs/main/research/java/linux/jdk1.8.0_25/jre/lib/amd64/libnio.so
7ffb1ca5b000-7ffb1cc5a000 ---p 00011000 00:16 198297120                  /gpfs/main/research/java/linux/jdk1.8.0_25/jre/lib/amd64/libnio.so
7ffb1cc5a000-7ffb1cc5b000 rw-p 00010000 00:16 198297120                  /gpfs/main/research/java/linux/jdk1.8.0_25/jre/lib/amd64/libnio.so
7ffb1cc5b000-7ffb1cc71000 r-xp 00000000 00:16 198296988                  /gpfs/main/research/java/linux/jdk1.8.0_25/jre/lib/amd64/libnet.so
7ffb1cc71000-7ffb1ce71000 ---p 00016000 00:16 198296988                  /gpfs/main/research/java/linux/jdk1.8.0_25/jre/lib/amd64/libnet.so
7ffb1ce71000-7ffb1ce72000 rw-p 00016000 00:16 198296988                  /gpfs/main/research/java/linux/jdk1.8.0_25/jre/lib/amd64/libnet.so
7ffb1ce72000-7ffb1ce76000 r--s 00093000 00:16 201610623                  /gpfs/main/research/java/linux/jdk1.8.0_25/jre/lib/jsse.jar
7ffb1ce76000-7ffb1d076000 rw-p 00000000 00:00 0 
7ffb1d076000-7ffb1d276000 rw-p 00000000 00:00 0 
7ffb1d276000-7ffb1d292000 r--s 00393000 00:16 249259265                  /gpfs/main/research/java/linux/jdk1.8.0_25/jre/lib/ext/cldrdata.jar
7ffb1d292000-7ffb1d29c000 r--s 00116000 00:16 240974896                  /gpfs/main/research/java/linux/jdk1.8.0_25/jre/lib/ext/localedata.jar
7ffb1d29c000-7ffb1d29d000 r--s 00002000 00:14 50783475                   /gpfs/main/course/cs032/bin/apache-maven-3.2.3/lib/slf4j-simple-1.7.5.jar
7ffb1d29d000-7ffb1d29f000 r--s 00007000 00:14 50783474                   /gpfs/main/course/cs032/bin/apache-maven-3.2.3/lib/aether-connector-wagon-0.9.0.M2.jar
7ffb1d29f000-7ffb1d2a0000 r--s 00002000 00:14 50783469                   /gpfs/main/course/cs032/bin/apache-maven-3.2.3/lib/wagon-file-2.6.jar
7ffb1d2a0000-7ffb1d2a4000 r--s 00027000 00:14 50783464                   /gpfs/main/course/cs032/bin/apache-maven-3.2.3/lib/commons-io-2.2.jar
7ffb1d2a4000-7ffb1d2a9000 r--s 00041000 00:14 50783460                   /gpfs/main/course/cs032/bin/apache-maven-3.2.3/lib/commons-lang-2.6.jar
7ffb1d2a9000-7ffb1d2af000 r--s 00042000 00:14 50783457                   /gpfs/main/course/cs032/bin/apache-maven-3.2.3/lib/jsoup-1.7.2.jar
7ffb1d2af000-7ffb1d2b0000 r--s 00002000 00:14 50783454                   /gpfs/main/course/cs032/bin/apache-maven-3.2.3/lib/wagon-http-shared-2.6.jar
7ffb1d2b0000-7ffb1d2cf000 r--s 00134000 00:14 50783453                   /gpfs/main/course/cs032/bin/apache-maven-3.2.3/lib/wagon-http-2.6-shaded.jar
7ffb1d2cf000-7ffb1d2d1000 r--s 00009000 00:14 50783447                   /gpfs/main/course/cs032/bin/apache-maven-3.2.3/lib/commons-cli-1.2.jar
7ffb1d2d1000-7ffb1d2d3000 r--s 00005000 00:14 50783446                   /gpfs/main/course/cs032/bin/apache-maven-3.2.3/lib/slf4j-api-1.7.5.jar
7ffb1d2d3000-7ffb1d2d5000 r--s 0000b000 00:14 50783445                   /gpfs/main/course/cs032/bin/apache-maven-3.2.3/lib/wagon-provider-api-2.6.jar
7ffb1d2d5000-7ffb1d2dc000 r--s 0003f000 00:14 50783443                   /gpfs/main/course/cs032/bin/apache-maven-3.2.3/lib/maven-compat-3.2.3.jar
7ffb1d2dc000-7ffb1d2e0000 r--s 00020000 00:14 50783441                   /gpfs/main/course/cs032/bin/apache-maven-3.2.3/lib/aether-impl-0.9.0.M2.jar
7ffb1d2e0000-7ffb1d2e4000 r--s 0001d000 00:14 50783440                   /gpfs/main/course/cs032/bin/apache-maven-3.2.3/lib/aether-util-0.9.0.M2.jar
7ffb1d2e4000-7ffb1d2e6000 r--s 00003000 00:14 50783439                   /gpfs/main/course/cs032/bin/apache-maven-3.2.3/lib/aether-spi-0.9.0.M2.jar
7ffb1d2e6000-7ffb1d2ea000 r--s 0001d000 00:14 50783438                   /gpfs/main/course/cs032/bin/apache-maven-3.2.3/lib/aether-api-0.9.0.M2.jar
7ffb1d2ea000-7ffb1d2ec000 r--s 0000e000 00:14 50783437                   /gpfs/main/course/cs032/bin/apache-maven-3.2.3/lib/maven-aether-provider-3.2.3.jar
7ffb1d2ec000-7ffb1d2f1000 r--s 00025000 00:14 50783436                   /gpfs/main/course/cs032/bin/apache-maven-3.2.3/lib/maven-model-builder-3.2.3.jar
7ffb1d2f1000-7ffb1d31a000 r--s 001ee000 00:14 50783429                   /gpfs/main/course/cs032/bin/apache-maven-3.2.3/lib/guava-14.0.1.jar
7ffb1d31a000-7ffb1d31d000 r--s 0000a000 00:14 50783308                   /gpfs/main/course/cs032/bin/apache-maven-3.2.3/boot/plexus-classworlds-2.5.1.jar
7ffb1d31d000-7ffb1d31e000 ---p 00000000 00:00 0 
7ffb1d31e000-7ffb1d41e000 rw-p 00000000 00:00 0 
7ffb1d41e000-7ffb1d421000 ---p 00000000 00:00 0 
7ffb1d421000-7ffb1d51f000 rw-p 00000000 00:00 0 
7ffb1d51f000-7ffb1d522000 ---p 00000000 00:00 0 
7ffb1d522000-7ffb1d620000 rw-p 00000000 00:00 0 
7ffb1d620000-7ffb1d623000 ---p 00000000 00:00 0 
7ffb1d623000-7ffb1d721000 rw-p 00000000 00:00 0 
7ffb1d721000-7ffb1d724000 ---p 00000000 00:00 0 
7ffb1d724000-7ffb1d822000 rw-p 00000000 00:00 0 
7ffb1d822000-7ffb1d825000 ---p 00000000 00:00 0 
7ffb1d825000-7ffb1d923000 rw-p 00000000 00:00 0 
7ffb1d923000-7ffb1d926000 ---p 00000000 00:00 0 
7ffb1d926000-7ffb1da24000 rw-p 00000000 00:00 0 
7ffb1da24000-7ffb1da27000 ---p 00000000 00:00 0 
7ffb1da27000-7ffb1db25000 rw-p 00000000 00:00 0 
7ffb1db25000-7ffb1db26000 ---p 00000000 00:00 0 
7ffb1db26000-7ffb1ec29000 rw-p 00000000 00:00 0 
7ffb1ec29000-7ffb1edff000 r--s 03caa000 00:16 198297256                  /gpfs/main/research/java/linux/jdk1.8.0_25/jre/lib/rt.jar
7ffb1edff000-7ffb23971000 rw-p 00000000 00:00 0 
7ffb23971000-7ffb23972000 ---p 00000000 00:00 0 
7ffb23972000-7ffb23a72000 rw-p 00000000 00:00 0 
7ffb23a72000-7ffb23a73000 ---p 00000000 00:00 0 
7ffb23a73000-7ffb23b73000 rw-p 00000000 00:00 0 
7ffb23b73000-7ffb23b74000 ---p 00000000 00:00 0 
7ffb23b74000-7ffb23c74000 rw-p 00000000 00:00 0 
7ffb23c74000-7ffb23c75000 ---p 00000000 00:00 0 
7ffb23c75000-7ffb23d9f000 rw-p 00000000 00:00 0 
7ffb23d9f000-7ffb24011000 ---p 00000000 00:00 0 
7ffb24011000-7ffb2403b000 rw-p 00000000 00:00 0 
7ffb2403b000-7ffb242ac000 ---p 00000000 00:00 0 
7ffb242ac000-7ffb242d2000 rw-p 00000000 00:00 0 
7ffb242d2000-7ffb243fa000 ---p 00000000 00:00 0 
7ffb243fa000-7ffb24412000 rw-p 00000000 00:00 0 
7ffb24412000-7ffb247bb000 ---p 00000000 00:00 0 
7ffb247bb000-7ffb24d7b000 rwxp 00000000 00:00 0 
7ffb24d7b000-7ffb337bb000 ---p 00000000 00:00 0 
7ffb337bb000-7ffb337d5000 r-xp 00000000 00:16 198296976                  /gpfs/main/research/java/linux/jdk1.8.0_25/jre/lib/amd64/libzip.so
7ffb337d5000-7ffb339d5000 ---p 0001a000 00:16 198296976                  /gpfs/main/research/java/linux/jdk1.8.0_25/jre/lib/amd64/libzip.so
7ffb339d5000-7ffb339d6000 rw-p 0001a000 00:16 198296976                  /gpfs/main/research/java/linux/jdk1.8.0_25/jre/lib/amd64/libzip.so
7ffb339d6000-7ffb33a00000 r-xp 00000000 00:16 198296912                  /gpfs/main/research/java/linux/jdk1.8.0_25/jre/lib/amd64/libjava.so
7ffb33a00000-7ffb33c00000 ---p 0002a000 00:16 198296912                  /gpfs/main/research/java/linux/jdk1.8.0_25/jre/lib/amd64/libjava.so
7ffb33c00000-7ffb33c02000 rw-p 0002a000 00:16 198296912                  /gpfs/main/research/java/linux/jdk1.8.0_25/jre/lib/amd64/libjava.so
7ffb33c02000-7ffb33c0f000 r-xp 00000000 00:16 198296928                  /gpfs/main/research/java/linux/jdk1.8.0_25/jre/lib/amd64/libverify.so
7ffb33c0f000-7ffb33e0f000 ---p 0000d000 00:16 198296928                  /gpfs/main/research/java/linux/jdk1.8.0_25/jre/lib/amd64/libverify.so
7ffb33e0f000-7ffb33e11000 rw-p 0000d000 00:16 198296928                  /gpfs/main/research/java/linux/jdk1.8.0_25/jre/lib/amd64/libverify.so
7ffb33e11000-7ffb33e18000 r-xp 00000000 fe:00 2217                       /lib/x86_64-linux-gnu/librt-2.13.so
7ffb33e18000-7ffb34017000 ---p 00007000 fe:00 2217                       /lib/x86_64-linux-gnu/librt-2.13.so
7ffb34017000-7ffb34018000 r--p 00006000 fe:00 2217                       /lib/x86_64-linux-gnu/librt-2.13.so
7ffb34018000-7ffb34019000 rw-p 00007000 fe:00 2217                       /lib/x86_64-linux-gnu/librt-2.13.so
7ffb34019000-7ffb3409a000 r-xp 00000000 fe:00 2190                       /lib/x86_64-linux-gnu/libm-2.13.so
7ffb3409a000-7ffb34299000 ---p 00081000 fe:00 2190                       /lib/x86_64-linux-gnu/libm-2.13.so
7ffb34299000-7ffb3429a000 r--p 00080000 fe:00 2190                       /lib/x86_64-linux-gnu/libm-2.13.so
7ffb3429a000-7ffb3429b000 rw-p 00081000 fe:00 2190                       /lib/x86_64-linux-gnu/libm-2.13.so
7ffb3429b000-7ffb34f08000 r-xp 00000000 00:16 198297039                  /gpfs/main/research/java/linux/jdk1.8.0_25/jre/lib/amd64/server/libjvm.so
7ffb34f08000-7ffb35107000 ---p 00c6d000 00:16 198297039                  /gpfs/main/research/java/linux/jdk1.8.0_25/jre/lib/amd64/server/libjvm.so
7ffb35107000-7ffb351dd000 rw-p 00c6c000 00:16 198297039                  /gpfs/main/research/java/linux/jdk1.8.0_25/jre/lib/amd64/server/libjvm.so
7ffb351dd000-7ffb35220000 rw-p 00000000 00:00 0 
7ffb35220000-7ffb353a1000 r-xp 00000000 fe:00 2197                       /lib/x86_64-linux-gnu/libc-2.13.so
7ffb353a1000-7ffb355a1000 ---p 00181000 fe:00 2197                       /lib/x86_64-linux-gnu/libc-2.13.so
7ffb355a1000-7ffb355a5000 r--p 00181000 fe:00 2197                       /lib/x86_64-linux-gnu/libc-2.13.so
7ffb355a5000-7ffb355a6000 rw-p 00185000 fe:00 2197                       /lib/x86_64-linux-gnu/libc-2.13.so
7ffb355a6000-7ffb355ab000 rw-p 00000000 00:00 0 
7ffb355ab000-7ffb355ad000 r-xp 00000000 fe:00 2205                       /lib/x86_64-linux-gnu/libdl-2.13.so
7ffb355ad000-7ffb357ad000 ---p 00002000 fe:00 2205                       /lib/x86_64-linux-gnu/libdl-2.13.so
7ffb357ad000-7ffb357ae000 r--p 00002000 fe:00 2205                       /lib/x86_64-linux-gnu/libdl-2.13.so
7ffb357ae000-7ffb357af000 rw-p 00003000 fe:00 2205                       /lib/x86_64-linux-gnu/libdl-2.13.so
7ffb357af000-7ffb357c4000 r-xp 00000000 00:16 100859497                  /gpfs/main/research/java/linux/jdk1.8.0_25/lib/amd64/jli/libjli.so
7ffb357c4000-7ffb359c3000 ---p 00015000 00:16 100859497                  /gpfs/main/research/java/linux/jdk1.8.0_25/lib/amd64/jli/libjli.so
7ffb359c3000-7ffb359c4000 rw-p 00014000 00:16 100859497                  /gpfs/main/research/java/linux/jdk1.8.0_25/lib/amd64/jli/libjli.so
7ffb359c4000-7ffb359db000 r-xp 00000000 fe:00 2218                       /lib/x86_64-linux-gnu/libpthread-2.13.so
7ffb359db000-7ffb35bda000 ---p 00017000 fe:00 2218                       /lib/x86_64-linux-gnu/libpthread-2.13.so
7ffb35bda000-7ffb35bdb000 r--p 00016000 fe:00 2218                       /lib/x86_64-linux-gnu/libpthread-2.13.so
7ffb35bdb000-7ffb35bdc000 rw-p 00017000 fe:00 2218                       /lib/x86_64-linux-gnu/libpthread-2.13.so
7ffb35bdc000-7ffb35be0000 rw-p 00000000 00:00 0 
7ffb35be0000-7ffb35c00000 r-xp 00000000 fe:00 2214                       /lib/x86_64-linux-gnu/ld-2.13.so
7ffb35c00000-7ffb35c06000 r--s 00042000 00:14 50783433                   /gpfs/main/course/cs032/bin/apache-maven-3.2.3/lib/org.eclipse.sisu.inject-0.0.0.M5.jar
7ffb35c06000-7ffb35c0e000 r--s 00050000 00:14 50783431                   /gpfs/main/course/cs032/bin/apache-maven-3.2.3/lib/sisu-guice-3.1.3-no_aop.jar
7ffb35c0e000-7ffb35c0f000 r--s 00000000 00:14 50783426                   /gpfs/main/course/cs032/bin/apache-maven-3.2.3/lib/javax.inject-1.jar
7ffb35c0f000-7ffb35c10000 r--s 00001000 00:14 50783425                   /gpfs/main/course/cs032/bin/apache-maven-3.2.3/lib/jsr250-api-1.0.jar
7ffb35c10000-7ffb35c13000 r--s 00008000 00:14 50783419                   /gpfs/main/course/cs032/bin/apache-maven-3.2.3/lib/cdi-api-1.0.jar
7ffb35c13000-7ffb35c19000 r--s 0002a000 00:14 50783416                   /gpfs/main/course/cs032/bin/apache-maven-3.2.3/lib/org.eclipse.sisu.plexus-0.0.0.M5.jar
7ffb35c19000-7ffb35c1b000 r--s 0000a000 00:14 50783415                   /gpfs/main/course/cs032/bin/apache-maven-3.2.3/lib/maven-plugin-api-3.2.3.jar
7ffb35c1b000-7ffb35c1e000 r--s 0000b000 00:14 50783414                   /gpfs/main/course/cs032/bin/apache-maven-3.2.3/lib/maven-artifact-3.2.3.jar
7ffb35c1e000-7ffb35c20000 r--s 00005000 00:14 50783378                   /gpfs/main/course/cs032/bin/apache-maven-3.2.3/lib/maven-repository-metadata-3.2.3.jar
7ffb35c20000-7ffb35c22000 r--s 00002000 00:14 49955756                   /gpfs/main/course/cs032/bin/apache-maven-3.2.3/lib/plexus-cipher-1.7.jar
7ffb35c22000-7ffb35c23000 r--s 00006000 00:14 50783328                   /gpfs/main/course/cs032/bin/apache-maven-3.2.3/lib/plexus-sec-dispatcher-1.3.jar
7ffb35c23000-7ffb35c25000 r--s 00000000 00:14 50783240                   /gpfs/main/course/cs032/bin/apache-maven-3.2.3/lib/plexus-component-annotations-1.5.5.jar
7ffb35c25000-7ffb35c28000 r--s 0000d000 00:14 49127297                   /gpfs/main/course/cs032/bin/apache-maven-3.2.3/lib/plexus-interpolation-1.19.jar
7ffb35c28000-7ffb35c2a000 r--s 00009000 00:14 50783375                   /gpfs/main/course/cs032/bin/apache-maven-3.2.3/lib/maven-settings-builder-3.2.3.jar
7ffb35c2a000-7ffb35c2d000 r--s 00025000 00:14 50783269                   /gpfs/main/course/cs032/bin/apache-maven-3.2.3/lib/maven-model-3.2.3.jar
7ffb35c2d000-7ffb35c39000 r--s 00085000 00:14 49955830                   /gpfs/main/course/cs032/bin/apache-maven-3.2.3/lib/maven-core-3.2.3.jar
7ffb35c39000-7ffb35c3d000 r--s 0003a000 00:14 50783382                   /gpfs/main/course/cs032/bin/apache-maven-3.2.3/lib/plexus-utils-3.0.17.jar
7ffb35c3d000-7ffb35cc0000 r--s 00000000 00:0e 6629                       /run/nscd/dbfzWBdR (deleted)
7ffb35cc0000-7ffb35cc3000 ---p 00000000 00:00 0 
7ffb35cc3000-7ffb35dc5000 rw-p 00000000 00:00 0 
7ffb35dc5000-7ffb35dc7000 r--s 00000000 00:14 50783432                   /gpfs/main/course/cs032/bin/apache-maven-3.2.3/lib/aopalliance-1.0.jar
7ffb35dc7000-7ffb35dc9000 r--s 00009000 00:14 50783265                   /gpfs/main/course/cs032/bin/apache-maven-3.2.3/lib/maven-settings-3.2.3.jar
7ffb35dc9000-7ffb35dcb000 r--s 0000d000 00:14 49955724                   /gpfs/main/course/cs032/bin/apache-maven-3.2.3/lib/maven-embedder-3.2.3.jar
7ffb35dcb000-7ffb35df3000 rw-p 00000000 00:00 0 
7ffb35df3000-7ffb35dfb000 rw-s 00000000 fe:04 28                         /tmp/hsperfdata_gpane/10251
7ffb35dfb000-7ffb35dfc000 rw-p 00000000 00:00 0 
7ffb35dfc000-7ffb35dfd000 r--p 00000000 00:00 0 
7ffb35dfd000-7ffb35dff000 rw-p 00000000 00:00 0 
7ffb35dff000-7ffb35e00000 r--p 0001f000 fe:00 2214                       /lib/x86_64-linux-gnu/ld-2.13.so
7ffb35e00000-7ffb35e01000 rw-p 00020000 fe:00 2214                       /lib/x86_64-linux-gnu/ld-2.13.so
7ffb35e01000-7ffb35e02000 rw-p 00000000 00:00 0 
7ffd877d7000-7ffd877f8000 rw-p 00000000 00:00 0                          [stack]
7ffd877fc000-7ffd877fd000 r-xp 00000000 00:00 0                          [vdso]
ffffffffff600000-ffffffffff601000 r-xp 00000000 00:00 0                  [vsyscall]

VM Arguments:
jvm_args: -Dclassworlds.conf=/course/cs032/bin/apache-maven-3.2.3/bin/m2.conf -Dmaven.home=/course/cs032/bin/apache-maven-3.2.3 
java_command: org.codehaus.plexus.classworlds.launcher.Launcher package
java_class_path (initial): /course/cs032/bin/apache-maven-3.2.3/boot/plexus-classworlds-2.5.1.jar
Launcher Type: SUN_STANDARD

Environment Variables:
JAVA_HOME=/pro/java/linux/jdk1.8.0
JRE_HOME=/pro/java/linux/jdk1.8.0
PATH=/course/cs032/bin:/local/bin:/usr/local/bin:/bin:/usr/bin:/usr/X11R6/bin:/usr/games:/contrib/bin:/course/cs051/bin:/course/cs022/bin:/course/cs032/bin:/course/cs141/bin:/course/cs018/tabin:/course/cs018/bin:/admin/tasupport/bin:/course/cs033/bin:/course/cs195y/bin:/course/cs018/scala/bin
SHELL=/bin/bash
DISPLAY=:0.0

Signal Handlers:
SIGSEGV: [libjvm.so+0xa79a80], sa_mask[0]=11111111011111111101111111111110, sa_flags=SA_RESTART|SA_SIGINFO
SIGBUS: [libjvm.so+0xa79a80], sa_mask[0]=11111111011111111101111111111110, sa_flags=SA_RESTART|SA_SIGINFO
SIGFPE: [libjvm.so+0x8e24e0], sa_mask[0]=11111111011111111101111111111110, sa_flags=SA_RESTART|SA_SIGINFO
SIGPIPE: [libjvm.so+0x8e24e0], sa_mask[0]=11111111011111111101111111111110, sa_flags=SA_RESTART|SA_SIGINFO
SIGXFSZ: [libjvm.so+0x8e24e0], sa_mask[0]=11111111011111111101111111111110, sa_flags=SA_RESTART|SA_SIGINFO
SIGILL: [libjvm.so+0x8e24e0], sa_mask[0]=11111111011111111101111111111110, sa_flags=SA_RESTART|SA_SIGINFO
SIGUSR1: SIG_DFL, sa_mask[0]=00000000000000000000000000000000, sa_flags=none
SIGUSR2: [libjvm.so+0x8e3d10], sa_mask[0]=00000000000000000000000000000000, sa_flags=SA_RESTART|SA_SIGINFO
SIGHUP: [libjvm.so+0x8e50d0], sa_mask[0]=11111111011111111101111111111110, sa_flags=SA_RESTART|SA_SIGINFO
SIGINT: [libjvm.so+0x8e50d0], sa_mask[0]=11111111011111111101111111111110, sa_flags=SA_RESTART|SA_SIGINFO
SIGTERM: [libjvm.so+0x8e50d0], sa_mask[0]=11111111011111111101111111111110, sa_flags=SA_RESTART|SA_SIGINFO
SIGQUIT: [libjvm.so+0x8e50d0], sa_mask[0]=11111111011111111101111111111110, sa_flags=SA_RESTART|SA_SIGINFO


---------------  S Y S T E M  ---------------

OS:PRETTY_NAME="Debian GNU/Linux 7 (wheezy)"
NAME="Debian GNU/Linux"
VERSION_ID="7"
VERSION="7 (wheezy)"
ID=debian
ANSI_COLOR="1;31"
HOME_URL="http://www.debian.org/"
SUPPORT_URL="http://www.debian.org/support/"
BUG_REPORT_URL="http://bugs.debian.org/"

uname:Linux 3.2.0-4-amd64 #1 SMP Debian 3.2.68-1+deb7u1 x86_64
libc:glibc 2.13 NPTL 2.13 
rlimit: STACK 8192k, CORE 0k, NPROC 63961, NOFILE 4096, AS infinity
load average:1.29 1.27 0.95

/proc/meminfo:
MemTotal:        8199880 kB
MemFree:         5170940 kB
Buffers:           56344 kB
Cached:           854316 kB
SwapCached:            0 kB
Active:          2241680 kB
Inactive:         624468 kB
Active(anon):    1956156 kB
Inactive(anon):   125444 kB
Active(file):     285524 kB
Inactive(file):   499024 kB
Unevictable:           0 kB
Mlocked:               0 kB
SwapTotal:       8388604 kB
SwapFree:        8388604 kB
Dirty:               328 kB
Writeback:             0 kB
AnonPages:       1955744 kB
Mapped:           310076 kB
Shmem:            126132 kB
Slab:              57948 kB
SReclaimable:      27968 kB
SUnreclaim:        29980 kB
KernelStack:        3640 kB
PageTables:        25900 kB
NFS_Unstable:          0 kB
Bounce:                0 kB
WritebackTmp:          0 kB
CommitLimit:    12488544 kB
Committed_AS:    4677340 kB
VmallocTotal:   34359738367 kB
VmallocUsed:      326568 kB
VmallocChunk:   34359407612 kB
HardwareCorrupted:     0 kB
AnonHugePages:         0 kB
HugePages_Total:       0
HugePages_Free:        0
HugePages_Rsvd:        0
HugePages_Surp:        0
Hugepagesize:       2048 kB
DirectMap4k:      124480 kB
DirectMap2M:     8263680 kB


CPU:total 4 (4 cores per cpu, 1 threads per core) family 6 model 15 stepping 11, cmov, cx8, fxsr, mmx, sse, sse2, sse3, ssse3, tsc

/proc/cpuinfo:
processor	: 0
vendor_id	: GenuineIntel
cpu family	: 6
model		: 15
model name	: Intel(R) Core(TM)2 Quad CPU    Q6600  @ 2.40GHz
stepping	: 11
microcode	: 0xb6
cpu MHz		: 2400.053
cache size	: 4096 KB
physical id	: 0
siblings	: 4
core id		: 0
cpu cores	: 4
apicid		: 0
initial apicid	: 0
fpu		: yes
fpu_exception	: yes
cpuid level	: 10
wp		: yes
flags		: fpu vme de pse tsc msr pae mce cx8 apic sep mtrr pge mca cmov pat pse36 clflush dts acpi mmx fxsr sse sse2 ss ht tm pbe syscall nx lm constant_tsc arch_perfmon pebs bts rep_good nopl aperfmperf pni dtes64 monitor ds_cpl vmx est tm2 ssse3 cx16 xtpr pdcm lahf_lm dtherm tpr_shadow vnmi flexpriority
bogomips	: 4800.10
clflush size	: 64
cache_alignment	: 64
address sizes	: 36 bits physical, 48 bits virtual
power management:

processor	: 1
vendor_id	: GenuineIntel
cpu family	: 6
model		: 15
model name	: Intel(R) Core(TM)2 Quad CPU    Q6600  @ 2.40GHz
stepping	: 11
microcode	: 0xb6
cpu MHz		: 2400.053
cache size	: 4096 KB
physical id	: 0
siblings	: 4
core id		: 1
cpu cores	: 4
apicid		: 1
initial apicid	: 1
fpu		: yes
fpu_exception	: yes
cpuid level	: 10
wp		: yes
flags		: fpu vme de pse tsc msr pae mce cx8 apic sep mtrr pge mca cmov pat pse36 clflush dts acpi mmx fxsr sse sse2 ss ht tm pbe syscall nx lm constant_tsc arch_perfmon pebs bts rep_good nopl aperfmperf pni dtes64 monitor ds_cpl vmx est tm2 ssse3 cx16 xtpr pdcm lahf_lm dtherm tpr_shadow vnmi flexpriority
bogomips	: 4800.23
clflush size	: 64
cache_alignment	: 64
address sizes	: 36 bits physical, 48 bits virtual
power management:

processor	: 2
vendor_id	: GenuineIntel
cpu family	: 6
model		: 15
model name	: Intel(R) Core(TM)2 Quad CPU    Q6600  @ 2.40GHz
stepping	: 11
microcode	: 0xb6
cpu MHz		: 2400.053
cache size	: 4096 KB
physical id	: 0
siblings	: 4
core id		: 2
cpu cores	: 4
apicid		: 2
initial apicid	: 2
fpu		: yes
fpu_exception	: yes
cpuid level	: 10
wp		: yes
flags		: fpu vme de pse tsc msr pae mce cx8 apic sep mtrr pge mca cmov pat pse36 clflush dts acpi mmx fxsr sse sse2 ss ht tm pbe syscall nx lm constant_tsc arch_perfmon pebs bts rep_good nopl aperfmperf pni dtes64 monitor ds_cpl vmx est tm2 ssse3 cx16 xtpr pdcm lahf_lm dtherm tpr_shadow vnmi flexpriority
bogomips	: 4800.28
clflush size	: 64
cache_alignment	: 64
address sizes	: 36 bits physical, 48 bits virtual
power management:

processor	: 3
vendor_id	: GenuineIntel
cpu family	: 6
model		: 15
model name	: Intel(R) Core(TM)2 Quad CPU    Q6600  @ 2.40GHz
stepping	: 11
microcode	: 0xb6
cpu MHz		: 2400.053
cache size	: 4096 KB
physical id	: 0
siblings	: 4
core id		: 3
cpu cores	: 4
apicid		: 3
initial apicid	: 3
fpu		: yes
fpu_exception	: yes
cpuid level	: 10
wp		: yes
flags		: fpu vme de pse tsc msr pae mce cx8 apic sep mtrr pge mca cmov pat pse36 clflush dts acpi mmx fxsr sse sse2 ss ht tm pbe syscall nx lm constant_tsc arch_perfmon pebs bts rep_good nopl aperfmperf pni dtes64 monitor ds_cpl vmx est tm2 ssse3 cx16 xtpr pdcm lahf_lm dtherm tpr_shadow vnmi flexpriority
bogomips	: 4800.27
clflush size	: 64
cache_alignment	: 64
address sizes	: 36 bits physical, 48 bits virtual
power management:



Memory: 4k page, physical 8199880k(5170940k free), swap 8388604k(8388604k free)

vm_info: Java HotSpot(TM) 64-Bit Server VM (25.25-b02) for linux-amd64 JRE (1.8.0_25-b17), built on Sep 17 2014 17:32:11 by "java_re" with gcc 4.3.0 20080428 (Red Hat 4.3.0-8)

time: Thu May  7 20:37:35 2015
elapsed time: 2 seconds (0d 0h 0m 2s)

