#
# A fatal error has been detected by the Java Runtime Environment:
#
#  SIGSEGV (0xb) at pc=0x00007efd0d6cd060, pid=21600, tid=139626665531136
#
# JRE version: Java(TM) SE Runtime Environment (8.0_25-b17) (build 1.8.0_25-b17)
# Java VM: Java HotSpot(TM) 64-Bit Server VM (25.25-b02 mixed mode linux-amd64 compressed oops)
# Problematic frame:
# C  0x00007efd0d6cd060
#
# Failed to write core dump. Core dumps have been disabled. To enable core dumping, try "ulimit -c unlimited" before starting Java again
#
# If you would like to submit a bug report, please visit:
#   http://bugreport.sun.com/bugreport/crash.jsp
#

---------------  T H R E A D  ---------------

Current thread (0x00000000024b4800):  JavaThread "main" [_thread_in_Java, id=21601, stack(0x00007efd5dbcd000,0x00007efd5dcce000)]

siginfo: si_signo: 11 (SIGSEGV), si_code: 1 (SEGV_MAPERR), si_addr: 0x00007efd0d6cd060

Registers:
RAX=0x00007efd4b133c08, RBX=0x00007efd4b133c08, RCX=0x00000000e7083dd8, RDX=0x00007efd4b0e8800
RSP=0x00007efd5dccc7b8, RBP=0x00007efd5dccc818, RSI=0x00000000e7083dd8, RDI=0x000000010000e530
R8 =0x00000000ffff8d74, R9 =0x00000000ffff728b, R10=0x00007efd5d1044a0, R11=0x00007efd4ca2dd20
R12=0x0000000000000000, R13=0x00007efd5dccc7d0, R14=0x000000010008fa98, R15=0x00000000024b4800
RIP=0x00007efd0d6cd060, EFLAGS=0x0000000000010206, CSGSFS=0x0000000000000033, ERR=0x0000000000000014
  TRAPNO=0x000000000000000e

Top of Stack: (sp=0x00007efd5dccc7b8)
0x00007efd5dccc7b8:   00007efd4c6cf1a5 00000000e705f130
0x00007efd5dccc7c8:   00007efd4c6cf1a5 00000000e7083dd8
0x00007efd5dccc7d8:   00007efd5dccc7d8 00007efd4b0e72e0
0x00007efd5dccc7e8:   00007efd5dccc890 00007efd4b0e7be0
0x00007efd5dccc7f8:   00007efd4b0e8800 00007efd4b0e7430
0x00007efd5dccc808:   00007efd5dccc7d0 00007efd5dccc880
0x00007efd5dccc818:   00007efd5dccc8f0 00007efd4c6cf98d
0x00007efd5dccc828:   00000000ffff8d74 00000000e7083dd8
0x00007efd5dccc838:   000000000000010c 00000000e7070688
0x00007efd5dccc848:   00000000e706e760 00000000e706d7c0
0x00007efd5dccc858:   00000000e704e200 0000000083cc3f90
0x00007efd5dccc868:   00000000e6d75b90 deaddeaf0000000a
0x00007efd5dccc878:   0000000000000000 0000000000000000
0x00007efd5dccc888:   0000000000000000 00000000ea801ef0
0x00007efd5dccc898:   00000000ea801ef0 00000000ea801fc8
0x00007efd5dccc8a8:   00000000ea801fc8 00007efd5dccc8b0
0x00007efd5dccc8b8:   00007efd4b09540c 00007efd5dccc918
0x00007efd5dccc8c8:   00007efd4b095658 0000000000000000
0x00007efd5dccc8d8:   00007efd4b095480 00007efd5dccc880
0x00007efd5dccc8e8:   00007efd5dccc918 00007efd5dccc980
0x00007efd5dccc8f8:   00007efd4c6c84e7 0000000000000000
0x00007efd5dccc908:   0000000087d47eb0 0000000087d47e98
0x00007efd5dccc918:   0000000087d47ec8 0000000000001fa0
0x00007efd5dccc928:   0000000000000000 00000000024b4800
0x00007efd5dccc938:   00007efd5dccca00 00000000024b4800
0x00007efd5dccc948:   00007efd5dccc9c0 00007efd5dccc9c0
0x00007efd5dccc958:   00007efd5dcccd08 000000000000000a
0x00007efd5dccc968:   00007efd4b095480 00007efd4c6d8940
0x00007efd5dccc978:   00007efd5dcccb58 00007efd5dcccaf0
0x00007efd5dccc988:   00007efd5c80c086 0000000000000001
0x00007efd5dccc998:   00000000024b4800 00007efd5dcccb50
0x00007efd5dccc9a8:   00007efd5dcccd00 00007efd4c6d8940 

Instructions: (pc=0x00007efd0d6cd060)
0x00007efd0d6cd040:   
[error occurred during error reporting (printing registers, top of stack, instructions near pc), id 0xb]

Register to memory mapping:

RAX={method} {0x00007efd4b133c08} 'hasNext' '()Z' in 'java/util/TreeMap$PrivateEntryIterator'
RBX={method} {0x00007efd4b133c08} 'hasNext' '()Z' in 'java/util/TreeMap$PrivateEntryIterator'
RCX=0x00000000e7083dd8 is an oop
java.util.TreeMap$KeyIterator 
 - klass: 'java/util/TreeMap$KeyIterator'
RDX=0x00007efd4b0e8800 is pointing into metadata
RSP=0x00007efd5dccc7b8 is pointing into the stack for thread: 0x00000000024b4800
RBP=0x00007efd5dccc818 is pointing into the stack for thread: 0x00000000024b4800
RSI=0x00000000e7083dd8 is an oop
java.util.TreeMap$KeyIterator 
 - klass: 'java/util/TreeMap$KeyIterator'
RDI=0x000000010000e530 is pointing into metadata
R8 =0x00000000ffff8d74 is an unknown value
R9 =0x00000000ffff728b is an unknown value
R10=0x00007efd5d1044a0: <offset 0xf5c4a0> in /gpfs/main/course/cs032/bin/jdk1.8.0_25/jre/lib/amd64/server/libjvm.so at 0x00007efd5c1a8000
R11=0x00007efd4ca2dd20 is at entry_point+32 in (nmethod*)0x00007efd4ca2db90
R12=0x0000000000000000 is an unknown value
R13=0x00007efd5dccc7d0 is pointing into the stack for thread: 0x00000000024b4800
R14=0x000000010008fa98 is pointing into metadata
R15=0x00000000024b4800 is a thread


Stack: [0x00007efd5dbcd000,0x00007efd5dcce000],  sp=0x00007efd5dccc7b8,  free space=1021k
Native frames: (J=compiled Java code, j=interpreted, Vv=VM code, C=native code)
C  0x00007efd0d6cd060
j  edu.brown.cs.group.term_project.Main.main([Ljava/lang/String;)V+44
v  ~StubRoutines::call_stub
V  [libjvm.so+0x664086]  JavaCalls::call_helper(JavaValue*, methodHandle*, JavaCallArguments*, Thread*)+0x1056
V  [libjvm.so+0x6ab096]  jni_invoke_static(JNIEnv_*, JavaValue*, _jobject*, JNICallType, _jmethodID*, JNI_ArgumentPusher*, Thread*)+0x346
V  [libjvm.so+0x6b1c2a]  jni_CallStaticVoidMethod+0x17a
C  [libjli.so+0x7b14]  JavaMain+0x844
C  [libpthread.so.0+0x6b50]  start_thread+0xd0


---------------  P R O C E S S  ---------------

Java Threads: ( => current thread )
  0x00007efd44042800 JavaThread "Service Thread" daemon [_thread_blocked, id=21613, stack(0x00007efd491e3000,0x00007efd492e4000)]
  0x00007efd44004000 JavaThread "C1 CompilerThread2" daemon [_thread_blocked, id=21612, stack(0x00007efd492e4000,0x00007efd493e5000)]
  0x00007efd44002000 JavaThread "C2 CompilerThread1" daemon [_thread_in_vm, id=21611, stack(0x00007efd493e5000,0x00007efd494e6000)]
  0x000000000255c000 JavaThread "C2 CompilerThread0" daemon [_thread_in_native, id=21610, stack(0x00007efd494e6000,0x00007efd495e7000)]
  0x0000000002559800 JavaThread "Signal Dispatcher" daemon [_thread_blocked, id=21609, stack(0x00007efd495e7000,0x00007efd496e8000)]
  0x000000000252d000 JavaThread "Finalizer" daemon [_thread_blocked, id=21608, stack(0x00007efd496e8000,0x00007efd497e9000)]
  0x0000000002525000 JavaThread "Reference Handler" daemon [_thread_blocked, id=21607, stack(0x00007efd497e9000,0x00007efd498ea000)]
=>0x00000000024b4800 JavaThread "main" [_thread_in_Java, id=21601, stack(0x00007efd5dbcd000,0x00007efd5dcce000)]

Other Threads:
  0x000000000251e000 VMThread [stack: 0x00007efd498ea000,0x00007efd499eb000] [id=21606]
  0x00007efd44045000 WatcherThread [stack: 0x00007efd490e2000,0x00007efd491e3000] [id=21614]

VM state:not at safepoint (normal execution)

VM Mutex/Monitor currently owned by a thread: None

Heap:
 PSYoungGen      total 460800K, used 407862K [0x00000000d6500000, 0x0000000100000000, 0x0000000100000000)
  eden space 330752K, 84% used [0x00000000d6500000,0x00000000e7461b60,0x00000000ea800000)
  from space 130048K, 99% used [0x00000000ea800000,0x00000000f26ec020,0x00000000f2700000)
  to   space 178688K, 0% used [0x00000000f5180000,0x00000000f5180000,0x0000000100000000)
 ParOldGen       total 522240K, used 342026K [0x0000000082e00000, 0x00000000a2c00000, 0x00000000d6500000)
  object space 522240K, 65% used [0x0000000082e00000,0x0000000097c02800,0x00000000a2c00000)
 Metaspace       used 5239K, capacity 5360K, committed 5504K, reserved 1056768K
  class space    used 554K, capacity 592K, committed 640K, reserved 1048576K

Card table byte_map: [0x00007efd4bf1e000,0x00007efd4c308000] byte_map_base: 0x00007efd4bb07000

Marking Bits: (ParMarkBitMap*) 0x00007efd5d1022c0
 Begin Bits: [0x00007efd40170000, 0x00007efd420b8000)
 End Bits:   [0x00007efd420b8000, 0x00007efd44000000)

Polling page: 0x00007efd5dd09000

CodeCache: size=245760Kb used=3591Kb max_used=3600Kb free=242168Kb
 bounds [0x00007efd4c6c8000, 0x00007efd4ca58000, 0x00007efd5b6c8000]
 total_blobs=1082 nmethods=799 adapters=197
 compilation: enabled

Compilation events (10 events):
Event: 12.592 Thread 0x000000000255c000 nmethod 791 0x00007efd4ca48ed0 code [0x00007efd4ca490a0, 0x00007efd4ca49a38]
Event: 12.592 Thread 0x000000000255c000  801       4       java.util.TreeMap::successor (66 bytes)
Event: 12.594 Thread 0x00007efd44004000  806 %     3       java.util.HashMap::clear @ 33 (50 bytes)
Event: 12.594 Thread 0x00007efd44004000 nmethod 806% 0x00007efd4ca487d0 code [0x00007efd4ca48960, 0x00007efd4ca48d70]
Event: 12.595 Thread 0x000000000255c000 nmethod 801 0x00007efd4ca3f910 code [0x00007efd4ca3fa60, 0x00007efd4ca3fb18]
Event: 12.595 Thread 0x000000000255c000  796       4       java.util.TreeMap$Entry::<init> (25 bytes)
Event: 12.596 Thread 0x000000000255c000 nmethod 796 0x00007efd4ca43810 code [0x00007efd4ca43960, 0x00007efd4ca439f8]
Event: 12.596 Thread 0x000000000255c000  800       4       java.util.TreeMap$PrivateEntryIterator::hasNext (13 bytes)
Event: 12.596 Thread 0x000000000255c000 nmethod 800 0x00007efd4ca3f690 code [0x00007efd4ca3f7e0, 0x00007efd4ca3f858]
Event: 12.596 Thread 0x000000000255c000  802       4       java.util.TreeMap$KeyIterator::next (8 bytes)

GC Heap History (10 events):
Event: 9.844 GC heap before
{Heap before GC invocations=20 (full 3):
 PSYoungGen      total 475648K, used 419088K [0x00000000d6500000, 0x00000000fdd80000, 0x0000000100000000)
  eden space 305664K, 100% used [0x00000000d6500000,0x00000000e8f80000,0x00000000e8f80000)
  from space 169984K, 66% used [0x00000000f3780000,0x00000000fa644020,0x00000000fdd80000)
  to   space 171008K, 0% used [0x00000000e8f80000,0x00000000e8f80000,0x00000000f3680000)
 ParOldGen       total 522240K, used 342010K [0x0000000082e00000, 0x00000000a2c00000, 0x00000000d6500000)
  object space 522240K, 65% used [0x0000000082e00000,0x0000000097bfe800,0x00000000a2c00000)
 Metaspace       used 5115K, capacity 5232K, committed 5504K, reserved 1056768K
  class space    used 543K, capacity 592K, committed 640K, reserved 1048576K
Event: 10.012 GC heap after
Heap after GC invocations=20 (full 3):
 PSYoungGen      total 476672K, used 116464K [0x00000000d6500000, 0x0000000100000000, 0x0000000100000000)
  eden space 305664K, 0% used [0x00000000d6500000,0x00000000d6500000,0x00000000e8f80000)
  from space 171008K, 68% used [0x00000000e8f80000,0x00000000f013c020,0x00000000f3680000)
  to   space 171520K, 0% used [0x00000000f5880000,0x00000000f5880000,0x0000000100000000)
 ParOldGen       total 522240K, used 342018K [0x0000000082e00000, 0x00000000a2c00000, 0x00000000d6500000)
  object space 522240K, 65% used [0x0000000082e00000,0x0000000097c00800,0x00000000a2c00000)
 Metaspace       used 5115K, capacity 5232K, committed 5504K, reserved 1056768K
  class space    used 543K, capacity 592K, committed 640K, reserved 1048576K
}
Event: 10.359 GC heap before
{Heap before GC invocations=21 (full 3):
 PSYoungGen      total 476672K, used 422128K [0x00000000d6500000, 0x0000000100000000, 0x0000000100000000)
  eden space 305664K, 100% used [0x00000000d6500000,0x00000000e8f80000,0x00000000e8f80000)
  from space 171008K, 68% used [0x00000000e8f80000,0x00000000f013c020,0x00000000f3680000)
  to   space 171520K, 0% used [0x00000000f5880000,0x00000000f5880000,0x0000000100000000)
 ParOldGen       total 522240K, used 342018K [0x0000000082e00000, 0x00000000a2c00000, 0x00000000d6500000)
  object space 522240K, 65% used [0x0000000082e00000,0x0000000097c00800,0x00000000a2c00000)
 Metaspace       used 5115K, capacity 5232K, committed 5504K, reserved 1056768K
  class space    used 543K, capacity 592K, committed 640K, reserved 1048576K
Event: 10.534 GC heap after
Heap after GC invocations=21 (full 3):
 PSYoungGen      total 509440K, used 119504K [0x00000000d6500000, 0x0000000100000000, 0x0000000100000000)
  eden space 337920K, 0% used [0x00000000d6500000,0x00000000d6500000,0x00000000eaf00000)
  from space 171520K, 69% used [0x00000000f5880000,0x00000000fcd34020,0x0000000100000000)
  to   space 172544K, 0% used [0x00000000eaf00000,0x00000000eaf00000,0x00000000f5780000)
 ParOldGen       total 522240K, used 342026K [0x0000000082e00000, 0x00000000a2c00000, 0x00000000d6500000)
  object space 522240K, 65% used [0x0000000082e00000,0x0000000097c02800,0x00000000a2c00000)
 Metaspace       used 5115K, capacity 5232K, committed 5504K, reserved 1056768K
  class space    used 543K, capacity 592K, committed 640K, reserved 1048576K
}
Event: 10.921 GC heap before
{Heap before GC invocations=22 (full 3):
 PSYoungGen      total 509440K, used 457424K [0x00000000d6500000, 0x0000000100000000, 0x0000000100000000)
  eden space 337920K, 100% used [0x00000000d6500000,0x00000000eaf00000,0x00000000eaf00000)
  from space 171520K, 69% used [0x00000000f5880000,0x00000000fcd34020,0x0000000100000000)
  to   space 172544K, 0% used [0x00000000eaf00000,0x00000000eaf00000,0x00000000f5780000)
 ParOldGen       total 522240K, used 342026K [0x0000000082e00000, 0x00000000a2c00000, 0x00000000d6500000)
  object space 522240K, 65% used [0x0000000082e00000,0x0000000097c02800,0x00000000a2c00000)
 Metaspace       used 5115K, capacity 5232K, committed 5504K, reserved 1056768K
  class space    used 543K, capacity 592K, committed 640K, reserved 1048576K
Event: 11.094 GC heap after
Heap after GC invocations=22 (full 3):
 PSYoungGen      total 461312K, used 123024K [0x00000000d6500000, 0x0000000100000000, 0x0000000100000000)
  eden space 337920K, 0% used [0x00000000d6500000,0x00000000d6500000,0x00000000eaf00000)
  from space 123392K, 99% used [0x00000000eaf00000,0x00000000f2724020,0x00000000f2780000)
  to   space 174080K, 0% used [0x00000000f5600000,0x00000000f5600000,0x0000000100000000)
 ParOldGen       total 522240K, used 342026K [0x0000000082e00000, 0x00000000a2c00000, 0x00000000d6500000)
  object space 522240K, 65% used [0x0000000082e00000,0x0000000097c02800,0x00000000a2c00000)
 Metaspace       used 5115K, capacity 5232K, committed 5504K, reserved 1056768K
  class space    used 543K, capacity 592K, committed 640K, reserved 1048576K
}
Event: 11.483 GC heap before
{Heap before GC invocations=23 (full 3):
 PSYoungGen      total 461312K, used 460944K [0x00000000d6500000, 0x0000000100000000, 0x0000000100000000)
  eden space 337920K, 100% used [0x00000000d6500000,0x00000000eaf00000,0x00000000eaf00000)
  from space 123392K, 99% used [0x00000000eaf00000,0x00000000f2724020,0x00000000f2780000)
  to   space 174080K, 0% used [0x00000000f5600000,0x00000000f5600000,0x0000000100000000)
 ParOldGen       total 522240K, used 342026K [0x0000000082e00000, 0x00000000a2c00000, 0x00000000d6500000)
  object space 522240K, 65% used [0x0000000082e00000,0x0000000097c02800,0x00000000a2c00000)
 Metaspace       used 5120K, capacity 5232K, committed 5504K, reserved 1056768K
  class space    used 543K, capacity 592K, committed 640K, reserved 1048576K
Event: 11.661 GC heap after
Heap after GC invocations=23 (full 3):
 PSYoungGen      total 504832K, used 126544K [0x00000000d6500000, 0x0000000100000000, 0x0000000100000000)
  eden space 330752K, 0% used [0x00000000d6500000,0x00000000d6500000,0x00000000ea800000)
  from space 174080K, 72% used [0x00000000f5600000,0x00000000fd194020,0x0000000100000000)
  to   space 176128K, 0% used [0x00000000ea800000,0x00000000ea800000,0x00000000f5400000)
 ParOldGen       total 522240K, used 342026K [0x0000000082e00000, 0x00000000a2c00000, 0x00000000d6500000)
  object space 522240K, 65% used [0x0000000082e00000,0x0000000097c02800,0x00000000a2c00000)
 Metaspace       used 5120K, capacity 5232K, committed 5504K, reserved 1056768K
  class space    used 543K, capacity 592K, committed 640K, reserved 1048576K
}
Event: 12.043 GC heap before
{Heap before GC invocations=24 (full 3):
 PSYoungGen      total 504832K, used 457296K [0x00000000d6500000, 0x0000000100000000, 0x0000000100000000)
  eden space 330752K, 100% used [0x00000000d6500000,0x00000000ea800000,0x00000000ea800000)
  from space 174080K, 72% used [0x00000000f5600000,0x00000000fd194020,0x0000000100000000)
  to   space 176128K, 0% used [0x00000000ea800000,0x00000000ea800000,0x00000000f5400000)
 ParOldGen       total 522240K, used 342026K [0x0000000082e00000, 0x00000000a2c00000, 0x00000000d6500000)
  object space 522240K, 65% used [0x0000000082e00000,0x0000000097c02800,0x00000000a2c00000)
 Metaspace       used 5120K, capacity 5232K, committed 5504K, reserved 1056768K
  class space    used 543K, capacity 592K, committed 640K, reserved 1048576K
Event: 12.225 GC heap after
Heap after GC invocations=24 (full 3):
 PSYoungGen      total 460800K, used 129968K [0x00000000d6500000, 0x0000000100000000, 0x0000000100000000)
  eden space 330752K, 0% used [0x00000000d6500000,0x00000000d6500000,0x00000000ea800000)
  from space 130048K, 99% used [0x00000000ea800000,0x00000000f26ec020,0x00000000f2700000)
  to   space 178688K, 0% used [0x00000000f5180000,0x00000000f5180000,0x0000000100000000)
 ParOldGen       total 522240K, used 342026K [0x0000000082e00000, 0x00000000a2c00000, 0x00000000d6500000)
  object space 522240K, 65% used [0x0000000082e00000,0x0000000097c02800,0x00000000a2c00000)
 Metaspace       used 5120K, capacity 5232K, committed 5504K, reserved 1056768K
  class space    used 543K, capacity 592K, committed 640K, reserved 1048576K
}

Deoptimization events (10 events):
Event: 6.689 Thread 0x00000000024b4800 Uncommon trap: reason=class_check action=maybe_recompile pc=0x00007efd4c9605a4 method=java.util.regex.Pattern$Curly.match0(Ljava/util/regex/Matcher;IILjava/lang/CharSequence;)Z @ 170
Event: 6.694 Thread 0x00000000024b4800 Uncommon trap: reason=class_check action=maybe_recompile pc=0x00007efd4c9605a4 method=java.util.regex.Pattern$Curly.match0(Ljava/util/regex/Matcher;IILjava/lang/CharSequence;)Z @ 170
Event: 6.989 Thread 0x00000000024b4800 Uncommon trap: reason=class_check action=maybe_recompile pc=0x00007efd4c96e440 method=java.util.regex.Pattern$Curly.match0(Ljava/util/regex/Matcher;IILjava/lang/CharSequence;)Z @ 170
Event: 12.532 Thread 0x00000000024b4800 Uncommon trap: reason=unreached action=reinterpret pc=0x00007efd4ca0d934 method=java.util.Scanner.hasNextLine()Z @ 14
Event: 12.532 Thread 0x00000000024b4800 Uncommon trap: reason=unloaded action=reinterpret pc=0x00007efd4ca1ee6c method=edu.brown.cs.group.matcher.SongSourceDistance.<init>(Ljava/io/BufferedReader;Ljava/util/List;)V @ 181
Event: 12.533 Thread 0x00000000024b4800 Uncommon trap: reason=class_check action=maybe_recompile pc=0x00007efd4c8635f8 method=java.util.HashMap.putVal(ILjava/lang/Object;Ljava/lang/Object;ZZ)Ljava/lang/Object; @ 91
Event: 12.533 Thread 0x00000000024b4800 Uncommon trap: reason=class_check action=maybe_recompile pc=0x00007efd4c8635f8 method=java.util.HashMap.putVal(ILjava/lang/Object;Ljava/lang/Object;ZZ)Ljava/lang/Object; @ 91
Event: 12.533 Thread 0x00000000024b4800 Uncommon trap: reason=class_check action=maybe_recompile pc=0x00007efd4c8635f8 method=java.util.HashMap.putVal(ILjava/lang/Object;Ljava/lang/Object;ZZ)Ljava/lang/Object; @ 91
Event: 12.533 Thread 0x00000000024b4800 Uncommon trap: reason=class_check action=maybe_recompile pc=0x00007efd4c8de768 method=java.util.HashMap.putVal(ILjava/lang/Object;Ljava/lang/Object;ZZ)Ljava/lang/Object; @ 91
Event: 12.574 Thread 0x00000000024b4800 Uncommon trap: reason=unreached action=reinterpret pc=0x00007efd4ca42e2c method=java.util.TreeMap.put(Ljava/lang/Object;Ljava/lang/Object;)Ljava/lang/Object; @ 6

Internal exceptions (10 events):
Event: 0.313 Thread 0x00000000024b4800 Exception <a 'java/security/PrivilegedActionException'> (0x00000000d68deb70) thrown at [/HUDSON/workspace/8-2-build-linux-amd64/jdk8u25/1514/hotspot/src/share/vm/prims/jvm.cpp, line 1312]
Event: 0.313 Thread 0x00000000024b4800 Exception <a 'java/security/PrivilegedActionException'> (0x00000000d68e3b88) thrown at [/HUDSON/workspace/8-2-build-linux-amd64/jdk8u25/1514/hotspot/src/share/vm/prims/jvm.cpp, line 1312]
Event: 0.314 Thread 0x00000000024b4800 Exception <a 'java/security/PrivilegedActionException'> (0x00000000d68e8618) thrown at [/HUDSON/workspace/8-2-build-linux-amd64/jdk8u25/1514/hotspot/src/share/vm/prims/jvm.cpp, line 1312]
Event: 0.315 Thread 0x00000000024b4800 Exception <a 'java/security/PrivilegedActionException'> (0x00000000d68fa980) thrown at [/HUDSON/workspace/8-2-build-linux-amd64/jdk8u25/1514/hotspot/src/share/vm/prims/jvm.cpp, line 1312]
Event: 0.332 Thread 0x00000000024b4800 Exception <a 'java/security/PrivilegedActionException'> (0x00000000d6915030) thrown at [/HUDSON/workspace/8-2-build-linux-amd64/jdk8u25/1514/hotspot/src/share/vm/prims/jvm.cpp, line 1312]
Event: 0.333 Thread 0x00000000024b4800 Exception <a 'java/security/PrivilegedActionException'> (0x00000000d691a7e0) thrown at [/HUDSON/workspace/8-2-build-linux-amd64/jdk8u25/1514/hotspot/src/share/vm/prims/jvm.cpp, line 1312]
Event: 0.333 Thread 0x00000000024b4800 Exception <a 'java/security/PrivilegedActionException'> (0x00000000d6926458) thrown at [/HUDSON/workspace/8-2-build-linux-amd64/jdk8u25/1514/hotspot/src/share/vm/prims/jvm.cpp, line 1312]
Event: 0.336 Thread 0x00000000024b4800 Exception <a 'java/security/PrivilegedActionException'> (0x00000000d6931808) thrown at [/HUDSON/workspace/8-2-build-linux-amd64/jdk8u25/1514/hotspot/src/share/vm/prims/jvm.cpp, line 1312]
Event: 6.062 Thread 0x00000000024b4800 Exception <a 'java/security/PrivilegedActionException'> (0x00000000d6a3af48) thrown at [/HUDSON/workspace/8-2-build-linux-amd64/jdk8u25/1514/hotspot/src/share/vm/prims/jvm.cpp, line 1312]
Event: 6.063 Thread 0x00000000024b4800 Exception <a 'java/security/PrivilegedActionException'> (0x00000000d6a3faa0) thrown at [/HUDSON/workspace/8-2-build-linux-amd64/jdk8u25/1514/hotspot/src/share/vm/prims/jvm.cpp, line 1312]

Events (10 events):
Event: 12.543 loading class java/util/TreeMap$Entry done
Event: 12.552 loading class java/util/TreeMap$KeySet
Event: 12.552 loading class java/util/TreeMap$KeySet done
Event: 12.552 loading class java/util/TreeMap$KeyIterator
Event: 12.552 loading class java/util/TreeMap$PrivateEntryIterator
Event: 12.552 loading class java/util/TreeMap$PrivateEntryIterator done
Event: 12.552 loading class java/util/TreeMap$KeyIterator done
Event: 12.573 Thread 0x00000000024b4800 Uncommon trap: trap_request=0xffffffad fr.pc=0x00007efd4ca42e2c
Event: 12.574 Thread 0x00000000024b4800 DEOPT PACKING pc=0x00007efd4ca42e2c sp=0x00007efd5dccc5c0
Event: 12.574 Thread 0x00000000024b4800 DEOPT UNPACKING pc=0x00007efd4c6ccf69 sp=0x00007efd5dccc578 mode 2


Dynamic libraries:
00400000-00401000 r-xp 00000000 00:14 138267735                          /gpfs/main/course/cs032/bin/jdk1.8.0_25/bin/java
00600000-00601000 rw-p 00000000 00:14 138267735                          /gpfs/main/course/cs032/bin/jdk1.8.0_25/bin/java
024a9000-02bc3000 rw-p 00000000 00:00 0                                  [heap]
82e00000-a2c00000 rw-p 00000000 00:00 0 
a2c00000-d6500000 ---p 00000000 00:00 0 
d6500000-100000000 rw-p 00000000 00:00 0 
100000000-1000a0000 rw-p 00000000 00:00 0 
1000a0000-140000000 ---p 00000000 00:00 0 
7efd3c000000-7efd3c93b000 rw-p 00000000 00:00 0 
7efd3c93b000-7efd40000000 ---p 00000000 00:00 0 
7efd40170000-7efd44000000 rw-p 00000000 00:00 0 
7efd44000000-7efd44a20000 rw-p 00000000 00:00 0 
7efd44a20000-7efd48000000 ---p 00000000 00:00 0 
7efd48d1e000-7efd48d2f000 rw-p 00000000 00:00 0 
7efd48d2f000-7efd48de3000 r-xp 00000000 fe:04 44                         /tmp/sqlite-3.8.7-21e9b2c9-67b3-4ebf-8f07-24f587b493ea-libsqlitejdbc.so
7efd48de3000-7efd48fe3000 ---p 000b4000 fe:04 44                         /tmp/sqlite-3.8.7-21e9b2c9-67b3-4ebf-8f07-24f587b493ea-libsqlitejdbc.so
7efd48fe3000-7efd48fe8000 rw-p 000b4000 fe:04 44                         /tmp/sqlite-3.8.7-21e9b2c9-67b3-4ebf-8f07-24f587b493ea-libsqlitejdbc.so
7efd48fe8000-7efd48fec000 r--s 00093000 00:14 136611567                  /gpfs/main/course/cs032/bin/jdk1.8.0_25/jre/lib/jsse.jar
7efd48fec000-7efd49008000 r--s 00393000 00:14 136611667                  /gpfs/main/course/cs032/bin/jdk1.8.0_25/jre/lib/ext/cldrdata.jar
7efd49008000-7efd49012000 r--s 00116000 00:14 136611642                  /gpfs/main/course/cs032/bin/jdk1.8.0_25/jre/lib/ext/localedata.jar
7efd49012000-7efd49014000 r--s 020ff000 00:18 17123846                   /gpfs/nbu/people/gpane/.m2/repository/edu/cmu/sphinx/sphinx4-data/1.0-SNAPSHOT/sphinx4-data-1.0-SNAPSHOT.jar
7efd49014000-7efd49032000 r--s 00180000 00:18 17123853                   /gpfs/nbu/people/gpane/.m2/repository/org/apache/commons/commons-math3/3.2/commons-math3-3.2.jar
7efd49032000-7efd49044000 r--s 00121000 00:18 17123855                   /gpfs/nbu/people/gpane/.m2/repository/edu/cmu/sphinx/sphinx4-core/1.0-SNAPSHOT/sphinx4-core-1.0-SNAPSHOT.jar
7efd49044000-7efd4904a000 r--s 00044000 00:18 17124041                   /gpfs/nbu/people/gpane/.m2/repository/org/jsoup/jsoup/1.8.1/jsoup-1.8.1.jar
7efd4904a000-7efd4904b000 r--s 00002000 00:18 518532                     /gpfs/nbu/people/gpane/.m2/repository/com/google/oauth-client/google-oauth-client-java6/1.15.0-rc/google-oauth-client-java6-1.15.0-rc.jar
7efd4904b000-7efd4904f000 r--s 0002f000 00:18 518533                     /gpfs/nbu/people/gpane/.m2/repository/com/fasterxml/jackson/core/jackson-core/2.1.3/jackson-core-2.1.3.jar
7efd4904f000-7efd49052000 r--s 0001b000 00:18 518525                     /gpfs/nbu/people/gpane/.m2/repository/xpp3/xpp3/1.1.4c/xpp3-1.1.4c.jar
7efd49052000-7efd49054000 r--s 0000a000 00:18 41221350                   /gpfs/nbu/people/gpane/.m2/repository/commons-codec/commons-codec/1.3/commons-codec-1.3.jar
7efd49054000-7efd49056000 r--s 0000d000 00:18 41221215                   /gpfs/nbu/people/gpane/.m2/repository/commons-logging/commons-logging/1.1.1/commons-logging-1.1.1.jar
7efd49056000-7efd4905b000 r--s 00026000 00:18 41221351                   /gpfs/nbu/people/gpane/.m2/repository/org/apache/httpcomponents/httpcore/4.0.1/httpcore-4.0.1.jar
7efd4905b000-7efd49063000 r--s 00040000 00:18 17123958                   /gpfs/nbu/people/gpane/.m2/repository/org/apache/httpcomponents/httpclient/4.0.1/httpclient-4.0.1.jar
7efd49063000-7efd4906a000 r--s 0003e000 00:18 518520                     /gpfs/nbu/people/gpane/.m2/repository/com/google/http-client/google-http-client/1.15.0-rc/google-http-client-1.15.0-rc.jar
7efd4906a000-7efd4906b000 r--s 00001000 00:18 518519                     /gpfs/nbu/people/gpane/.m2/repository/com/google/http-client/google-http-client-jackson2/1.15.0-rc/google-http-client-jackson2-1.15.0-rc.jar
7efd4906b000-7efd49071000 r--s 00031000 00:18 17124026                   /gpfs/nbu/people/gpane/.m2/repository/com/google/apis/google-api-services-youtube/v3-rev130-1.20.0/google-api-services-youtube-v3-rev130-1.20.0.jar
7efd49071000-7efd49074000 r--s 00006000 00:18 17123960                   /gpfs/nbu/people/gpane/.m2/repository/com/google/code/findbugs/jsr305/1.3.9/jsr305-1.3.9.jar
7efd49074000-7efd49076000 r--s 0000d000 00:18 17123956                   /gpfs/nbu/people/gpane/.m2/repository/com/google/oauth-client/google-oauth-client/1.18.0-rc/google-oauth-client-1.18.0-rc.jar
7efd49076000-7efd4907a000 r--s 00025000 00:18 17123959                   /gpfs/nbu/people/gpane/.m2/repository/com/google/api-client/google-api-client/1.18.0-rc/google-api-client-1.18.0-rc.jar
7efd4907a000-7efd4907d000 r--s 003c4000 00:18 24839702                   /gpfs/nbu/people/gpane/.m2/repository/org/xerial/sqlite-jdbc/3.8.7/sqlite-jdbc-3.8.7.jar
7efd4907d000-7efd4908e000 r--s 000d3000 00:18 24839730                   /gpfs/nbu/people/gpane/.m2/repository/org/freemarker/freemarker/2.3.19/freemarker-2.3.19.jar
7efd4908e000-7efd4908f000 r--s 00000000 00:18 24839727                   /gpfs/nbu/people/gpane/.m2/repository/com/sparkjava/spark-template-freemarker/2.0.0/spark-template-freemarker-2.0.0.jar
7efd4908f000-7efd49092000 r--s 00014000 00:18 24839726                   /gpfs/nbu/people/gpane/.m2/repository/org/eclipse/jetty/jetty-security/9.0.2.v20130417/jetty-security-9.0.2.v20130417.jar
7efd49092000-7efd49094000 r--s 00018000 00:18 24839725                   /gpfs/nbu/people/gpane/.m2/repository/org/eclipse/jetty/jetty-servlet/9.0.2.v20130417/jetty-servlet-9.0.2.v20130417.jar
7efd49094000-7efd49096000 r--s 00009000 00:18 24839721                   /gpfs/nbu/people/gpane/.m2/repository/org/eclipse/jetty/jetty-xml/9.0.2.v20130417/jetty-xml-9.0.2.v20130417.jar
7efd49096000-7efd49099000 r--s 00019000 00:18 24839719                   /gpfs/nbu/people/gpane/.m2/repository/org/eclipse/jetty/jetty-webapp/9.0.2.v20130417/jetty-webapp-9.0.2.v20130417.jar
7efd49099000-7efd4909c000 r--s 00012000 00:18 24839717                   /gpfs/nbu/people/gpane/.m2/repository/org/eclipse/jetty/jetty-io/9.0.2.v20130417/jetty-io-9.0.2.v20130417.jar
7efd4909c000-7efd490a1000 r--s 0004c000 00:18 24839596                   /gpfs/nbu/people/gpane/.m2/repository/org/eclipse/jetty/jetty-util/9.0.2.v20130417/jetty-util-9.0.2.v20130417.jar
7efd490a1000-7efd490a4000 r--s 00017000 00:18 24839575                   /gpfs/nbu/people/gpane/.m2/repository/org/eclipse/jetty/jetty-http/9.0.2.v20130417/jetty-http-9.0.2.v20130417.jar
7efd490a4000-7efd490a7000 r--s 0002e000 00:18 24839562                   /gpfs/nbu/people/gpane/.m2/repository/org/eclipse/jetty/orbit/javax.servlet/3.0.0.v201112011016/javax.servlet-3.0.0.v201112011016.jar
7efd490a7000-7efd490ac000 r--s 0004d000 00:18 24839556                   /gpfs/nbu/people/gpane/.m2/repository/org/eclipse/jetty/jetty-server/9.0.2.v20130417/jetty-server-9.0.2.v20130417.jar
7efd490ac000-7efd490af000 r--s 0000d000 00:18 24839714                   /gpfs/nbu/people/gpane/.m2/repository/com/sparkjava/spark-core/2.0.0/spark-core-2.0.0.jar
7efd490af000-7efd490b4000 r--s 0002f000 00:18 24839713                   /gpfs/nbu/people/gpane/.m2/repository/com/google/code/gson/gson/2.3.1/gson-2.3.1.jar
7efd490b4000-7efd490df000 r--s 001fc000 00:18 24839712                   /gpfs/nbu/people/gpane/.m2/repository/com/google/guava/guava/18.0/guava-18.0.jar
7efd490df000-7efd490e2000 r--s 0001c000 00:15 262104128                  /gpfs/main/home/gpane/course/cs032/term-project/target/term-project-1.0.jar
7efd490e2000-7efd490e3000 ---p 00000000 00:00 0 
7efd490e3000-7efd491e3000 rw-p 00000000 00:00 0 
7efd491e3000-7efd491e6000 ---p 00000000 00:00 0 
7efd491e6000-7efd492e4000 rw-p 00000000 00:00 0 
7efd492e4000-7efd492e7000 ---p 00000000 00:00 0 
7efd492e7000-7efd493e5000 rw-p 00000000 00:00 0 
7efd493e5000-7efd493e8000 ---p 00000000 00:00 0 
7efd493e8000-7efd494e6000 rw-p 00000000 00:00 0 
7efd494e6000-7efd494e9000 ---p 00000000 00:00 0 
7efd494e9000-7efd495e7000 rw-p 00000000 00:00 0 
7efd495e7000-7efd495ea000 ---p 00000000 00:00 0 
7efd495ea000-7efd496e8000 rw-p 00000000 00:00 0 
7efd496e8000-7efd496eb000 ---p 00000000 00:00 0 
7efd496eb000-7efd497e9000 rw-p 00000000 00:00 0 
7efd497e9000-7efd497ec000 ---p 00000000 00:00 0 
7efd497ec000-7efd498ea000 rw-p 00000000 00:00 0 
7efd498ea000-7efd498eb000 ---p 00000000 00:00 0 
7efd498eb000-7efd4a9ee000 rw-p 00000000 00:00 0 
7efd4a9ee000-7efd4abc4000 r--s 03caa000 00:14 136611550                  /gpfs/main/course/cs032/bin/jdk1.8.0_25/jre/lib/rt.jar
7efd4abc4000-7efd4b155000 rw-p 00000000 00:00 0 
7efd4b155000-7efd4b495000 ---p 00000000 00:00 0 
7efd4b495000-7efd4b87e000 rw-p 00000000 00:00 0 
7efd4b87e000-7efd4b87f000 ---p 00000000 00:00 0 
7efd4b87f000-7efd4b97f000 rw-p 00000000 00:00 0 
7efd4b97f000-7efd4b980000 ---p 00000000 00:00 0 
7efd4b980000-7efd4ba80000 rw-p 00000000 00:00 0 
7efd4ba80000-7efd4ba81000 ---p 00000000 00:00 0 
7efd4ba81000-7efd4bb81000 rw-p 00000000 00:00 0 
7efd4bb81000-7efd4bb82000 ---p 00000000 00:00 0 
7efd4bb82000-7efd4bd81000 rw-p 00000000 00:00 0 
7efd4bd81000-7efd4bf1e000 ---p 00000000 00:00 0 
7efd4bf1e000-7efd4c01d000 rw-p 00000000 00:00 0 
7efd4c01d000-7efd4c1b9000 ---p 00000000 00:00 0 
7efd4c1b9000-7efd4c307000 rw-p 00000000 00:00 0 
7efd4c307000-7efd4c317000 rw-p 00000000 00:00 0 
7efd4c317000-7efd4c6c8000 ---p 00000000 00:00 0 
7efd4c6c8000-7efd4ca58000 rwxp 00000000 00:00 0 
7efd4ca58000-7efd5b6c8000 ---p 00000000 00:00 0 
7efd5b6c8000-7efd5b6e2000 r-xp 00000000 00:14 136610880                  /gpfs/main/course/cs032/bin/jdk1.8.0_25/jre/lib/amd64/libzip.so
7efd5b6e2000-7efd5b8e2000 ---p 0001a000 00:14 136610880                  /gpfs/main/course/cs032/bin/jdk1.8.0_25/jre/lib/amd64/libzip.so
7efd5b8e2000-7efd5b8e3000 rw-p 0001a000 00:14 136610880                  /gpfs/main/course/cs032/bin/jdk1.8.0_25/jre/lib/amd64/libzip.so
7efd5b8e3000-7efd5b90d000 r-xp 00000000 00:14 136610822                  /gpfs/main/course/cs032/bin/jdk1.8.0_25/jre/lib/amd64/libjava.so
7efd5b90d000-7efd5bb0d000 ---p 0002a000 00:14 136610822                  /gpfs/main/course/cs032/bin/jdk1.8.0_25/jre/lib/amd64/libjava.so
7efd5bb0d000-7efd5bb0f000 rw-p 0002a000 00:14 136610822                  /gpfs/main/course/cs032/bin/jdk1.8.0_25/jre/lib/amd64/libjava.so
7efd5bb0f000-7efd5bb1c000 r-xp 00000000 00:14 136610855                  /gpfs/main/course/cs032/bin/jdk1.8.0_25/jre/lib/amd64/libverify.so
7efd5bb1c000-7efd5bd1c000 ---p 0000d000 00:14 136610855                  /gpfs/main/course/cs032/bin/jdk1.8.0_25/jre/lib/amd64/libverify.so
7efd5bd1c000-7efd5bd1e000 rw-p 0000d000 00:14 136610855                  /gpfs/main/course/cs032/bin/jdk1.8.0_25/jre/lib/amd64/libverify.so
7efd5bd1e000-7efd5bd25000 r-xp 00000000 fe:00 2642                       /lib/x86_64-linux-gnu/librt-2.13.so
7efd5bd25000-7efd5bf24000 ---p 00007000 fe:00 2642                       /lib/x86_64-linux-gnu/librt-2.13.so
7efd5bf24000-7efd5bf25000 r--p 00006000 fe:00 2642                       /lib/x86_64-linux-gnu/librt-2.13.so
7efd5bf25000-7efd5bf26000 rw-p 00007000 fe:00 2642                       /lib/x86_64-linux-gnu/librt-2.13.so
7efd5bf26000-7efd5bfa7000 r-xp 00000000 fe:00 2416                       /lib/x86_64-linux-gnu/libm-2.13.so
7efd5bfa7000-7efd5c1a6000 ---p 00081000 fe:00 2416                       /lib/x86_64-linux-gnu/libm-2.13.so
7efd5c1a6000-7efd5c1a7000 r--p 00080000 fe:00 2416                       /lib/x86_64-linux-gnu/libm-2.13.so
7efd5c1a7000-7efd5c1a8000 rw-p 00081000 fe:00 2416                       /lib/x86_64-linux-gnu/libm-2.13.so
7efd5c1a8000-7efd5ce15000 r-xp 00000000 00:14 136611394                  /gpfs/main/course/cs032/bin/jdk1.8.0_25/jre/lib/amd64/server/libjvm.so
7efd5ce15000-7efd5d014000 ---p 00c6d000 00:14 136611394                  /gpfs/main/course/cs032/bin/jdk1.8.0_25/jre/lib/amd64/server/libjvm.so
7efd5d014000-7efd5d0ea000 rw-p 00c6c000 00:14 136611394                  /gpfs/main/course/cs032/bin/jdk1.8.0_25/jre/lib/amd64/server/libjvm.so
7efd5d0ea000-7efd5d12d000 rw-p 00000000 00:00 0 
7efd5d12d000-7efd5d2ae000 r-xp 00000000 fe:00 2479                       /lib/x86_64-linux-gnu/libc-2.13.so
7efd5d2ae000-7efd5d4ae000 ---p 00181000 fe:00 2479                       /lib/x86_64-linux-gnu/libc-2.13.so
7efd5d4ae000-7efd5d4b2000 r--p 00181000 fe:00 2479                       /lib/x86_64-linux-gnu/libc-2.13.so
7efd5d4b2000-7efd5d4b3000 rw-p 00185000 fe:00 2479                       /lib/x86_64-linux-gnu/libc-2.13.so
7efd5d4b3000-7efd5d4b8000 rw-p 00000000 00:00 0 
7efd5d4b8000-7efd5d4ba000 r-xp 00000000 fe:00 2541                       /lib/x86_64-linux-gnu/libdl-2.13.so
7efd5d4ba000-7efd5d6ba000 ---p 00002000 fe:00 2541                       /lib/x86_64-linux-gnu/libdl-2.13.so
7efd5d6ba000-7efd5d6bb000 r--p 00002000 fe:00 2541                       /lib/x86_64-linux-gnu/libdl-2.13.so
7efd5d6bb000-7efd5d6bc000 rw-p 00003000 fe:00 2541                       /lib/x86_64-linux-gnu/libdl-2.13.so
7efd5d6bc000-7efd5d6d1000 r-xp 00000000 00:14 174988983                  /gpfs/main/course/cs032/bin/jdk1.8.0_25/lib/amd64/jli/libjli.so
7efd5d6d1000-7efd5d8d0000 ---p 00015000 00:14 174988983                  /gpfs/main/course/cs032/bin/jdk1.8.0_25/lib/amd64/jli/libjli.so
7efd5d8d0000-7efd5d8d1000 rw-p 00014000 00:14 174988983                  /gpfs/main/course/cs032/bin/jdk1.8.0_25/lib/amd64/jli/libjli.so
7efd5d8d1000-7efd5d8e8000 r-xp 00000000 fe:00 2651                       /lib/x86_64-linux-gnu/libpthread-2.13.so
7efd5d8e8000-7efd5dae7000 ---p 00017000 fe:00 2651                       /lib/x86_64-linux-gnu/libpthread-2.13.so
7efd5dae7000-7efd5dae8000 r--p 00016000 fe:00 2651                       /lib/x86_64-linux-gnu/libpthread-2.13.so
7efd5dae8000-7efd5dae9000 rw-p 00017000 fe:00 2651                       /lib/x86_64-linux-gnu/libpthread-2.13.so
7efd5dae9000-7efd5daed000 rw-p 00000000 00:00 0 
7efd5daed000-7efd5db0d000 r-xp 00000000 fe:00 2628                       /lib/x86_64-linux-gnu/ld-2.13.so
7efd5db0e000-7efd5db0f000 r--s 00001000 00:18 24839707                   /gpfs/nbu/people/gpane/.m2/repository/org/slf4j/slf4j-jdk14/1.7.7/slf4j-jdk14-1.7.7.jar
7efd5db0f000-7efd5db11000 r--s 00006000 00:18 24839706                   /gpfs/nbu/people/gpane/.m2/repository/org/slf4j/slf4j-api/1.7.7/slf4j-api-1.7.7.jar
7efd5db11000-7efd5db13000 r--s 00009000 00:18 24839701                   /gpfs/nbu/people/gpane/.m2/repository/org/hamcrest/hamcrest-core/1.3/hamcrest-core-1.3.jar
7efd5db13000-7efd5db19000 r--s 00036000 00:18 24839698                   /gpfs/nbu/people/gpane/.m2/repository/junit/junit/4.11/junit-4.11.jar
7efd5db19000-7efd5db1b000 r--s 0000e000 00:18 24839699                   /gpfs/nbu/people/gpane/.m2/repository/net/sf/jopt-simple/jopt-simple/4.8/jopt-simple-4.8.jar
7efd5db1b000-7efd5db22000 r--s 0005e000 00:18 42049789                   /gpfs/nbu/people/gpane/.m2/repository/org/apache/commons/commons-lang3/3.3.2/commons-lang3-3.3.2.jar
7efd5db22000-7efd5db4a000 rw-p 00000000 00:00 0 
7efd5db4a000-7efd5dbcd000 r--s 00000000 00:0e 6595                       /run/nscd/dbVH2AzW (deleted)
7efd5dbcd000-7efd5dbd0000 ---p 00000000 00:00 0 
7efd5dbd0000-7efd5dcd2000 rw-p 00000000 00:00 0 
7efd5dcd2000-7efd5dcd8000 r--s 00045000 00:18 24839705                   /gpfs/nbu/people/gpane/.m2/repository/org/hamcrest/hamcrest-all/1.3/hamcrest-all-1.3.jar
7efd5dcd8000-7efd5dd00000 rw-p 00000000 00:00 0 
7efd5dd00000-7efd5dd08000 rw-s 00000000 fe:04 40                         /tmp/hsperfdata_gpane/21600
7efd5dd08000-7efd5dd09000 rw-p 00000000 00:00 0 
7efd5dd09000-7efd5dd0a000 r--p 00000000 00:00 0 
7efd5dd0a000-7efd5dd0c000 rw-p 00000000 00:00 0 
7efd5dd0c000-7efd5dd0d000 r--p 0001f000 fe:00 2628                       /lib/x86_64-linux-gnu/ld-2.13.so
7efd5dd0d000-7efd5dd0e000 rw-p 00020000 fe:00 2628                       /lib/x86_64-linux-gnu/ld-2.13.so
7efd5dd0e000-7efd5dd0f000 rw-p 00000000 00:00 0 
7ffdbf34a000-7ffdbf36c000 rw-p 00000000 00:00 0                          [stack]
7ffdbf395000-7ffdbf396000 r-xp 00000000 00:00 0                          [vdso]
ffffffffff600000-ffffffffff601000 r-xp 00000000 00:00 0                  [vsyscall]

VM Arguments:
jvm_args: -verbose:gc 
java_command: edu.brown.cs.group.term_project.Main evenBiggerDB.sqlite3 alls.words NRCnice.txt
java_class_path (initial): target/term-project-1.0.jar:/home/gpane/.m2/repository/org/apache/commons/commons-lang3/3.3.2/commons-lang3-3.3.2.jar:/home/gpane/.m2/repository/net/sf/jopt-simple/jopt-simple/4.8/jopt-simple-4.8.jar:/home/gpane/.m2/repository/junit/junit/4.11/junit-4.11.jar:/home/gpane/.m2/repository/org/hamcrest/hamcrest-core/1.3/hamcrest-core-1.3.jar:/home/gpane/.m2/repository/org/hamcrest/hamcrest-all/1.3/hamcrest-all-1.3.jar:/home/gpane/.m2/repository/org/slf4j/slf4j-api/1.7.7/slf4j-api-1.7.7.jar:/home/gpane/.m2/repository/org/slf4j/slf4j-jdk14/1.7.7/slf4j-jdk14-1.7.7.jar:/home/gpane/.m2/repository/com/google/guava/guava/18.0/guava-18.0.jar:/home/gpane/.m2/repository/com/google/code/gson/gson/2.3.1/gson-2.3.1.jar:/home/gpane/.m2/repository/com/sparkjava/spark-core/2.0.0/spark-core-2.0.0.jar:/home/gpane/.m2/repository/org/eclipse/jetty/jetty-server/9.0.2.v20130417/jetty-server-9.0.2.v20130417.jar:/home/gpane/.m2/repository/org/eclipse/jetty/orbit/javax.servlet/3.0.0.v201112011016/javax.servlet-3.0.0.v201112011016.jar:/home/gpane/.m2/repository/org/eclipse/jetty/jetty-http/9.0.2.v20130417/jetty-http-9.0.2.v20130417.jar:/home/gpane/.m2/repository/org/eclipse/jetty/jetty-util/9.0.2.v20130417/jetty-util-9.0.2.v20130417.jar:/home/gpane/.m2/repository/org/eclipse/jetty/jetty-io/9.0.2.v20130417/jetty-io-9.0.2.v20130417.jar:/home/gpane/.m2/repository/org/eclipse/jetty/jetty-webapp/9.0.2.v20130417/jetty-webapp-9.0.2.v20130417.jar:/home/gpane/.m2/repository/org/eclipse/jetty/jetty-xml/9.0.2.v20130417/jetty-xml-9.0.2.v20130417.jar:/home/gpane/.m2/repository/org/eclipse/jetty/jetty-servlet/9.0.2.v20130417/jetty-servlet-9.0.2.v20130417.jar:/home/gpane/.m2/repository/org/eclipse/jetty/jetty-security/9.0.2.v20130417/jetty-security-9.0.2.v20130417.jar:/home/gpane/.m2/repository/com/sparkjava/spark-template-freemarker/2.0.0/spark-template-freemarker-2.0.0.jar:/home/gpane/.m2/repository/org/freemarker/freemarker/2.3.19/freemarker-2.3.19.jar:/home/gpane/.m2/repository/
Launcher Type: SUN_STANDARD

Environment Variables:
JAVA_HOME=/pro/java/linux/jdk1.8.0
JRE_HOME=/pro/java/linux/jdk1.8.0
PATH=/course/cs032/bin:/local/bin:/usr/local/bin:/bin:/usr/bin:/usr/X11R6/bin:/usr/games:/contrib/bin:/course/cs051/bin:/course/cs022/bin:/course/cs032/bin:/course/cs141/bin:/course/cs018/tabin:/course/cs018/bin:/admin/tasupport/bin:/course/cs033/bin:/course/cs195y/bin:/course/cs018/scala/bin
SHELL=/bin/bash
DISPLAY=:0.0

Signal Handlers:
SIGSEGV: [libjvm.so+0xa79a80], sa_mask[0]=11111111011111111101111111111110, sa_flags=SA_RESTART|SA_SIGINFO
SIGBUS: [libjvm.so+0xa79a80], sa_mask[0]=11111111011111111101111111111110, sa_flags=SA_RESTART|SA_SIGINFO
SIGFPE: [libjvm.so+0x8e24e0], sa_mask[0]=11111111011111111101111111111110, sa_flags=SA_RESTART|SA_SIGINFO
SIGPIPE: [libjvm.so+0x8e24e0], sa_mask[0]=11111111011111111101111111111110, sa_flags=SA_RESTART|SA_SIGINFO
SIGXFSZ: [libjvm.so+0x8e24e0], sa_mask[0]=11111111011111111101111111111110, sa_flags=SA_RESTART|SA_SIGINFO
SIGILL: [libjvm.so+0x8e24e0], sa_mask[0]=11111111011111111101111111111110, sa_flags=SA_RESTART|SA_SIGINFO
SIGUSR1: SIG_DFL, sa_mask[0]=00000000000000000000000000000000, sa_flags=none
SIGUSR2: [libjvm.so+0x8e3d10], sa_mask[0]=00000000000000000000000000000000, sa_flags=SA_RESTART|SA_SIGINFO
SIGHUP: [libjvm.so+0x8e50d0], sa_mask[0]=11111111011111111101111111111110, sa_flags=SA_RESTART|SA_SIGINFO
SIGINT: [libjvm.so+0x8e50d0], sa_mask[0]=11111111011111111101111111111110, sa_flags=SA_RESTART|SA_SIGINFO
SIGTERM: [libjvm.so+0x8e50d0], sa_mask[0]=11111111011111111101111111111110, sa_flags=SA_RESTART|SA_SIGINFO
SIGQUIT: [libjvm.so+0x8e50d0], sa_mask[0]=11111111011111111101111111111110, sa_flags=SA_RESTART|SA_SIGINFO


---------------  S Y S T E M  ---------------

OS:PRETTY_NAME="Debian GNU/Linux 7 (wheezy)"
NAME="Debian GNU/Linux"
VERSION_ID="7"
VERSION="7 (wheezy)"
ID=debian
ANSI_COLOR="1;31"
HOME_URL="http://www.debian.org/"
SUPPORT_URL="http://www.debian.org/support/"
BUG_REPORT_URL="http://bugs.debian.org/"

uname:Linux 3.2.0-4-amd64 #1 SMP Debian 3.2.68-1+deb7u1 x86_64
libc:glibc 2.13 NPTL 2.13 
rlimit: STACK 8192k, CORE 0k, NPROC 63961, NOFILE 4096, AS infinity
load average:0.83 0.88 0.90

/proc/meminfo:
MemTotal:        8199880 kB
MemFree:         3796224 kB
Buffers:           99564 kB
Cached:           909832 kB
SwapCached:            0 kB
Active:          3576288 kB
Inactive:         650020 kB
Active(anon):    3217316 kB
Inactive(anon):    84396 kB
Active(file):     358972 kB
Inactive(file):   565624 kB
Unevictable:           0 kB
Mlocked:               0 kB
SwapTotal:       8388604 kB
SwapFree:        8388604 kB
Dirty:               940 kB
Writeback:             0 kB
AnonPages:       3217088 kB
Mapped:           290760 kB
Shmem:             84820 kB
Slab:              64176 kB
SReclaimable:      33604 kB
SUnreclaim:        30572 kB
KernelStack:        4112 kB
PageTables:        30588 kB
NFS_Unstable:          0 kB
Bounce:                0 kB
WritebackTmp:          0 kB
CommitLimit:    12488544 kB
Committed_AS:    5956456 kB
VmallocTotal:   34359738367 kB
VmallocUsed:      326588 kB
VmallocChunk:   34359403516 kB
HardwareCorrupted:     0 kB
AnonHugePages:         0 kB
HugePages_Total:       0
HugePages_Free:        0
HugePages_Rsvd:        0
HugePages_Surp:        0
Hugepagesize:       2048 kB
DirectMap4k:      126528 kB
DirectMap2M:     8261632 kB


CPU:total 4 (4 cores per cpu, 1 threads per core) family 6 model 15 stepping 11, cmov, cx8, fxsr, mmx, sse, sse2, sse3, ssse3, tsc

/proc/cpuinfo:
processor	: 0
vendor_id	: GenuineIntel
cpu family	: 6
model		: 15
model name	: Intel(R) Core(TM)2 Quad CPU    Q6600  @ 2.40GHz
stepping	: 11
microcode	: 0xb6
cpu MHz		: 2400.428
cache size	: 4096 KB
physical id	: 0
siblings	: 4
core id		: 0
cpu cores	: 4
apicid		: 0
initial apicid	: 0
fpu		: yes
fpu_exception	: yes
cpuid level	: 10
wp		: yes
flags		: fpu vme de pse tsc msr pae mce cx8 apic sep mtrr pge mca cmov pat pse36 clflush dts acpi mmx fxsr sse sse2 ss ht tm pbe syscall nx lm constant_tsc arch_perfmon pebs bts rep_good nopl aperfmperf pni dtes64 monitor ds_cpl vmx est tm2 ssse3 cx16 xtpr pdcm lahf_lm dtherm tpr_shadow vnmi flexpriority
bogomips	: 4800.85
clflush size	: 64
cache_alignment	: 64
address sizes	: 36 bits physical, 48 bits virtual
power management:

processor	: 1
vendor_id	: GenuineIntel
cpu family	: 6
model		: 15
model name	: Intel(R) Core(TM)2 Quad CPU    Q6600  @ 2.40GHz
stepping	: 11
microcode	: 0xb6
cpu MHz		: 2400.428
cache size	: 4096 KB
physical id	: 0
siblings	: 4
core id		: 1
cpu cores	: 4
apicid		: 1
initial apicid	: 1
fpu		: yes
fpu_exception	: yes
cpuid level	: 10
wp		: yes
flags		: fpu vme de pse tsc msr pae mce cx8 apic sep mtrr pge mca cmov pat pse36 clflush dts acpi mmx fxsr sse sse2 ss ht tm pbe syscall nx lm constant_tsc arch_perfmon pebs bts rep_good nopl aperfmperf pni dtes64 monitor ds_cpl vmx est tm2 ssse3 cx16 xtpr pdcm lahf_lm dtherm tpr_shadow vnmi flexpriority
bogomips	: 4800.22
clflush size	: 64
cache_alignment	: 64
address sizes	: 36 bits physical, 48 bits virtual
power management:

processor	: 2
vendor_id	: GenuineIntel
cpu family	: 6
model		: 15
model name	: Intel(R) Core(TM)2 Quad CPU    Q6600  @ 2.40GHz
stepping	: 11
microcode	: 0xb6
cpu MHz		: 2400.428
cache size	: 4096 KB
physical id	: 0
siblings	: 4
core id		: 2
cpu cores	: 4
apicid		: 2
initial apicid	: 2
fpu		: yes
fpu_exception	: yes
cpuid level	: 10
wp		: yes
flags		: fpu vme de pse tsc msr pae mce cx8 apic sep mtrr pge mca cmov pat pse36 clflush dts acpi mmx fxsr sse sse2 ss ht tm pbe syscall nx lm constant_tsc arch_perfmon pebs bts rep_good nopl aperfmperf pni dtes64 monitor ds_cpl vmx est tm2 ssse3 cx16 xtpr pdcm lahf_lm dtherm tpr_shadow vnmi flexpriority
bogomips	: 4800.29
clflush size	: 64
cache_alignment	: 64
address sizes	: 36 bits physical, 48 bits virtual
power management:

processor	: 3
vendor_id	: GenuineIntel
cpu family	: 6
model		: 15
model name	: Intel(R) Core(TM)2 Quad CPU    Q6600  @ 2.40GHz
stepping	: 11
microcode	: 0xb6
cpu MHz		: 2400.428
cache size	: 4096 KB
physical id	: 0
siblings	: 4
core id		: 3
cpu cores	: 4
apicid		: 3
initial apicid	: 3
fpu		: yes
fpu_exception	: yes
cpuid level	: 10
wp		: yes
flags		: fpu vme de pse tsc msr pae mce cx8 apic sep mtrr pge mca cmov pat pse36 clflush dts acpi mmx fxsr sse sse2 ss ht tm pbe syscall nx lm constant_tsc arch_perfmon pebs bts rep_good nopl aperfmperf pni dtes64 monitor ds_cpl vmx est tm2 ssse3 cx16 xtpr pdcm lahf_lm dtherm tpr_shadow vnmi flexpriority
bogomips	: 4800.26
clflush size	: 64
cache_alignment	: 64
address sizes	: 36 bits physical, 48 bits virtual
power management:



Memory: 4k page, physical 8199880k(3796224k free), swap 8388604k(8388604k free)

vm_info: Java HotSpot(TM) 64-Bit Server VM (25.25-b02) for linux-amd64 JRE (1.8.0_25-b17), built on Sep 17 2014 17:32:11 by "java_re" with gcc 4.3.0 20080428 (Red Hat 4.3.0-8)

time: Thu Apr 30 20:31:11 2015
elapsed time: 12 seconds (0d 0h 0m 12s)

