#
# A fatal error has been detected by the Java Runtime Environment:
#
#  SIGSEGV (0xb) at pc=0x00007fd513dc9060, pid=9544, tid=140554486454016
#
# JRE version: Java(TM) SE Runtime Environment (8.0_25-b17) (build 1.8.0_25-b17)
# Java VM: Java HotSpot(TM) 64-Bit Server VM (25.25-b02 mixed mode linux-amd64 compressed oops)
# Problematic frame:
# C  0x00007fd513dc9060
#
# Failed to write core dump. Core dumps have been disabled. To enable core dumping, try "ulimit -c unlimited" before starting Java again
#
# If you would like to submit a bug report, please visit:
#   http://bugreport.sun.com/bugreport/crash.jsp
#

---------------  T H R E A D  ---------------

Current thread (0x0000000000f7f000):  JavaThread "main" [_thread_in_Java, id=9553, stack(0x00007fd5642c9000,0x00007fd5643ca000)]

siginfo: si_signo: 11 (SIGSEGV), si_code: 1 (SEGV_MAPERR), si_addr: 0x00007fd513dc9060

Registers:
RAX=0x000000010000ee10, RBX=0x00007fd54d590ba8, RCX=0x00000000dab401d0, RDX=0x00000000dab401d0
RSP=0x00007fd5643c6e48, RBP=0x00000000d9667530, RSI=0x00000000dab401d0, RDI=0x0000000000000000
R8 =0x0000000000000239, R9 =0x00000001001aacb0, R10=0x00007fd54d590ba8, R11=0x00007fd54d501648
R12=0x0000000000000000, R13=0x0000000000000028, R14=0x00007fd5643c6e80, R15=0x0000000000f7f000
RIP=0x00007fd513dc9060, EFLAGS=0x0000000000010202, CSGSFS=0xffff000000000033, ERR=0x0000000000000014
  TRAPNO=0x000000000000000e

Top of Stack: (sp=0x00007fd5643c6e48)
0x00007fd5643c6e48:   00007fd55343eb00 00000000d92cbab8
0x00007fd5643c6e58:   00000000dab401d0 00000000d9667530
0x00007fd5643c6e68:   00007fd55343eb00 0000000000f7f000
0x00007fd5643c6e78:   00000000dab401d0 00007fd5643c7200
0x00007fd5643c6e88:   00007fd55343be64 00007fd5643c7200
0x00007fd5643c6e98:   00007fd5531a00bc 00007fd5643c7200
0x00007fd5643c6ea8:   00007fd55343a974 0000000000f7f000
0x00007fd5643c6eb8:   00007fd5637fe7e0 00007fd5643c6f00
0x00007fd5643c6ec8:   00007fd5632914b2 00000000d9667500
0x00007fd5643c6ed8:   00007fd55340a490 0000000000000100
0x00007fd5643c6ee8:   00000000d9667de8 00000000d9667478
0x00007fd5643c6ef8:   0000000000000000 0000000082e02c40
0x00007fd5643c6f08:   00007fd562f86604 00007fd5643c7200
0x00007fd5643c6f18:   00007fd553436ca4 00000000d9667de8
0x00007fd5643c6f28:   0000000000000100 0000000000000000
0x00007fd5643c6f38:   0000000000000028 00007fd5643c6f90
0x00007fd5643c6f48:   0000000000f7f000 00007fd5643c6fa0
0x00007fd5643c6f58:   00007fd55309917f 00000000d92cba80
0x00007fd5643c6f68:   00000000d96679b0 0000000000000014
0x00007fd5643c6f78:   00000000dab401d0 00000000d92400f0
0x00007fd5643c6f88:   00007fd562f86604 00000000d92cba80
0x00007fd5643c6f98:   00000000d9667de8 00007fd5643c7200
0x00007fd5643c6fa8:   00000000d9667478 00000000dab401d0
0x00007fd5643c6fb8:   00000000d92cbab8 00007fd500000002
0x00007fd5643c6fc8:   00000000dacd7590 00000000d966fc30
0x00007fd5643c6fd8:   0000000000000000 00000000d966fc50
0x00007fd5643c6fe8:   00007fd5532fc6f0 00000000d9667530
0x00007fd5643c6ff8:   00000000dab401d0 00000000d92cba80
0x00007fd5643c7008:   00000000d8f6eeb0 00007fd5643c7200
0x00007fd5643c7018:   00007fd55343429c 00007fd5643c7200
0x00007fd5643c7028:   00000000d9667478 00000000dab40220
0x00007fd5643c7038:   00000000d90e1648 0000000000000001 

Instructions: (pc=0x00007fd513dc9060)
0x00007fd513dc9040:   
[error occurred during error reporting (printing registers, top of stack, instructions near pc), id 0xb]

Register to memory mapping:

RAX=0x000000010000ee10 is pointing into metadata
RBX={method} {0x00007fd54d590ba8} 'hashCode' '()I' in 'java/lang/Integer'
RCX=0x00000000dab401d0 is an oop
java.lang.Integer 
 - klass: 'java/lang/Integer'
RDX=0x00000000dab401d0 is an oop
java.lang.Integer 
 - klass: 'java/lang/Integer'
RSP=0x00007fd5643c6e48 is pointing into the stack for thread: 0x0000000000f7f000
RBP=0x00000000d9667530 is an oop
java.util.HashMap 
 - klass: 'java/util/HashMap'
RSI=0x00000000dab401d0 is an oop
java.lang.Integer 
 - klass: 'java/lang/Integer'
RDI=0x0000000000000000 is an unknown value
R8 =0x0000000000000239 is an unknown value
R9 =0x00000001001aacb0 is pointing into metadata
R10={method} {0x00007fd54d590ba8} 'hashCode' '()I' in 'java/lang/Integer'
R11={method} {0x00007fd54d501648} 'hashCode' '()I' in 'java/lang/Object'
R12=0x0000000000000000 is an unknown value
R13=0x0000000000000028 is an unknown value
R14=0x00007fd5643c6e80 is pointing into the stack for thread: 0x0000000000f7f000
R15=0x0000000000f7f000 is a thread


Stack: [0x00007fd5642c9000,0x00007fd5643ca000],  sp=0x00007fd5643c6e48,  free space=1015k
Native frames: (J=compiled Java code, j=interpreted, Vv=VM code, C=native code)
C  0x00007fd513dc9060


---------------  P R O C E S S  ---------------

Java Threads: ( => current thread )
  0x00007fd54401c800 JavaThread "Service Thread" daemon [_thread_blocked, id=9565, stack(0x00007fd54ba27000,0x00007fd54bb28000)]
  0x0000000001030800 JavaThread "C1 CompilerThread2" daemon [_thread_blocked, id=9564, stack(0x00007fd54bb28000,0x00007fd54bc29000)]
  0x000000000102e800 JavaThread "C2 CompilerThread1" daemon [_thread_in_native, id=9563, stack(0x00007fd54bc29000,0x00007fd54bd2a000)]
  0x000000000102c000 JavaThread "C2 CompilerThread0" daemon [_thread_blocked, id=9562, stack(0x00007fd54bd2a000,0x00007fd54be2b000)]
  0x0000000001029800 JavaThread "Signal Dispatcher" daemon [_thread_blocked, id=9561, stack(0x00007fd54be2b000,0x00007fd54bf2c000)]
  0x0000000000ff1800 JavaThread "Finalizer" daemon [_thread_blocked, id=9560, stack(0x00007fd54bf2c000,0x00007fd54c02d000)]
  0x0000000000fef800 JavaThread "Reference Handler" daemon [_thread_blocked, id=9559, stack(0x00007fd54c02d000,0x00007fd54c12e000)]
=>0x0000000000f7f000 JavaThread "main" [_thread_in_Java, id=9553, stack(0x00007fd5642c9000,0x00007fd5643ca000)]

Other Threads:
  0x0000000000fe8800 VMThread [stack: 0x00007fd54c12e000,0x00007fd54c22f000] [id=9558]
  0x00007fd54401f800 WatcherThread [stack: 0x00007fd54b926000,0x00007fd54ba27000] [id=9566]

VM state:not at safepoint (normal execution)

VM Mutex/Monitor currently owned by a thread: None

Heap:
 PSYoungGen      total 70656K, used 56920K [0x00000000d6500000, 0x00000000daf00000, 0x0000000100000000)
  eden space 65536K, 79% used [0x00000000d6500000,0x00000000d9797200,0x00000000da500000)
  from space 5120K, 99% used [0x00000000daa00000,0x00000000daefee38,0x00000000daf00000)
  to   space 5120K, 0% used [0x00000000da500000,0x00000000da500000,0x00000000daa00000)
 ParOldGen       total 86016K, used 2023K [0x0000000082e00000, 0x0000000088200000, 0x00000000d6500000)
  object space 86016K, 2% used [0x0000000082e00000,0x0000000082ff9ce8,0x0000000088200000)
 Metaspace       used 14064K, capacity 14274K, committed 14592K, reserved 1062912K
  class space    used 1684K, capacity 1771K, committed 1792K, reserved 1048576K

Card table byte_map: [0x00007fd55261a000,0x00007fd552a04000] byte_map_base: 0x00007fd552203000

Marking Bits: (ParMarkBitMap*) 0x00007fd5637fe2c0
 Begin Bits: [0x00007fd54e0ea000, 0x00007fd550032000)
 End Bits:   [0x00007fd550032000, 0x00007fd551f7a000)

Polling page: 0x00007fd564405000

CodeCache: size=245760Kb used=7239Kb max_used=7250Kb free=238520Kb
 bounds [0x00007fd552dc4000, 0x00007fd5534e4000, 0x00007fd561dc4000]
 total_blobs=2572 nmethods=2248 adapters=239
 compilation: enabled

Compilation events (10 events):
Event: 2.879 Thread 0x0000000001030800 nmethod 2248 0x00007fd5534d9310 code [0x00007fd5534d9480, 0x00007fd5534d9710]
Event: 2.879 Thread 0x0000000001030800 2245       1       org.eclipse.aether.graph.DefaultDependencyNode::getAliases (5 bytes)
Event: 2.879 Thread 0x0000000001030800 nmethod 2245 0x00007fd5534c7b50 code [0x00007fd5534c7ca0, 0x00007fd5534c7db0]
Event: 2.879 Thread 0x0000000001030800 2250       1       org.eclipse.aether.util.graph.transformer.ConflictResolver$ConflictItem::getDepth (5 bytes)
Event: 2.879 Thread 0x000000000102c000 2251       4       java.lang.Integer::hashCode (8 bytes)
Event: 2.879 Thread 0x0000000001030800 nmethod 2250 0x00007fd5534d9050 code [0x00007fd5534d91a0, 0x00007fd5534d92b0]
Event: 2.879 Thread 0x0000000001030800 2249       1       org.eclipse.aether.util.graph.transformer.ConflictResolver$ConflictContext::getItems (5 bytes)
Event: 2.879 Thread 0x0000000001030800 nmethod 2249 0x00007fd5534d8d90 code [0x00007fd5534d8ee0, 0x00007fd5534d8ff0]
Event: 2.879 Thread 0x000000000102c000 nmethod 2251 0x00007fd5533c5c90 code [0x00007fd5533c5de0, 0x00007fd5533c5e38]
Event: 2.879 Thread 0x000000000102c000 2252       4       java.util.HashSet::<init> (16 bytes)

GC Heap History (4 events):
Event: 0.847 GC heap before
{Heap before GC invocations=1 (full 0):
 PSYoungGen      total 37888K, used 32768K [0x00000000d6500000, 0x00000000d8f00000, 0x0000000100000000)
  eden space 32768K, 100% used [0x00000000d6500000,0x00000000d8500000,0x00000000d8500000)
  from space 5120K, 0% used [0x00000000d8a00000,0x00000000d8a00000,0x00000000d8f00000)
  to   space 5120K, 0% used [0x00000000d8500000,0x00000000d8500000,0x00000000d8a00000)
 ParOldGen       total 86016K, used 0K [0x0000000082e00000, 0x0000000088200000, 0x00000000d6500000)
  object space 86016K, 0% used [0x0000000082e00000,0x0000000082e00000,0x0000000088200000)
 Metaspace       used 7921K, capacity 8088K, committed 8192K, reserved 1056768K
  class space    used 965K, capacity 1018K, committed 1024K, reserved 1048576K
Event: 0.857 GC heap after
Heap after GC invocations=1 (full 0):
 PSYoungGen      total 37888K, used 5067K [0x00000000d6500000, 0x00000000daf00000, 0x0000000100000000)
  eden space 32768K, 0% used [0x00000000d6500000,0x00000000d6500000,0x00000000d8500000)
  from space 5120K, 98% used [0x00000000d8500000,0x00000000d89f2cc8,0x00000000d8a00000)
  to   space 5120K, 0% used [0x00000000daa00000,0x00000000daa00000,0x00000000daf00000)
 ParOldGen       total 86016K, used 8K [0x0000000082e00000, 0x0000000088200000, 0x00000000d6500000)
  object space 86016K, 0% used [0x0000000082e00000,0x0000000082e02000,0x0000000088200000)
 Metaspace       used 7921K, capacity 8088K, committed 8192K, reserved 1056768K
  class space    used 965K, capacity 1018K, committed 1024K, reserved 1048576K
}
Event: 1.512 GC heap before
{Heap before GC invocations=2 (full 0):
 PSYoungGen      total 37888K, used 37835K [0x00000000d6500000, 0x00000000daf00000, 0x0000000100000000)
  eden space 32768K, 100% used [0x00000000d6500000,0x00000000d8500000,0x00000000d8500000)
  from space 5120K, 98% used [0x00000000d8500000,0x00000000d89f2cc8,0x00000000d8a00000)
  to   space 5120K, 0% used [0x00000000daa00000,0x00000000daa00000,0x00000000daf00000)
 ParOldGen       total 86016K, used 8K [0x0000000082e00000, 0x0000000088200000, 0x00000000d6500000)
  object space 86016K, 0% used [0x0000000082e00000,0x0000000082e02000,0x0000000088200000)
 Metaspace       used 12413K, capacity 12548K, committed 12672K, reserved 1060864K
  class space    used 1542K, capacity 1606K, committed 1664K, reserved 1048576K
Event: 1.529 GC heap after
Heap after GC invocations=2 (full 0):
 PSYoungGen      total 70656K, used 5115K [0x00000000d6500000, 0x00000000daf00000, 0x0000000100000000)
  eden space 65536K, 0% used [0x00000000d6500000,0x00000000d6500000,0x00000000da500000)
  from space 5120K, 99% used [0x00000000daa00000,0x00000000daefee38,0x00000000daf00000)
  to   space 5120K, 0% used [0x00000000da500000,0x00000000da500000,0x00000000daa00000)
 ParOldGen       total 86016K, used 2023K [0x0000000082e00000, 0x0000000088200000, 0x00000000d6500000)
  object space 86016K, 2% used [0x0000000082e00000,0x0000000082ff9ce8,0x0000000088200000)
 Metaspace       used 12413K, capacity 12548K, committed 12672K, reserved 1060864K
  class space    used 1542K, capacity 1606K, committed 1664K, reserved 1048576K
}

Deoptimization events (10 events):
Event: 2.406 Thread 0x0000000000f7f000 Uncommon trap: reason=bimorphic action=maybe_recompile pc=0x00007fd55338b900 method=java.util.regex.Pattern$Curly.match0(Ljava/util/regex/Matcher;IILjava/lang/CharSequence;)Z @ 170
Event: 2.406 Thread 0x0000000000f7f000 Uncommon trap: reason=bimorphic action=maybe_recompile pc=0x00007fd55338b900 method=java.util.regex.Pattern$Curly.match0(Ljava/util/regex/Matcher;IILjava/lang/CharSequence;)Z @ 170
Event: 2.408 Thread 0x0000000000f7f000 Uncommon trap: reason=bimorphic action=maybe_recompile pc=0x00007fd55338b900 method=java.util.regex.Pattern$Curly.match0(Ljava/util/regex/Matcher;IILjava/lang/CharSequence;)Z @ 170
Event: 2.408 Thread 0x0000000000f7f000 Uncommon trap: reason=bimorphic action=maybe_recompile pc=0x00007fd55338b900 method=java.util.regex.Pattern$Curly.match0(Ljava/util/regex/Matcher;IILjava/lang/CharSequence;)Z @ 170
Event: 2.464 Thread 0x0000000000f7f000 Uncommon trap: reason=unreached action=reinterpret pc=0x00007fd553403df0 method=java.util.HashMap.getNode(ILjava/lang/Object;)Ljava/util/HashMap$Node; @ 53
Event: 2.465 Thread 0x0000000000f7f000 Uncommon trap: reason=unreached action=reinterpret pc=0x00007fd55306f3ec method=java.util.HashMap.getNode(ILjava/lang/Object;)Ljava/util/HashMap$Node; @ 53
Event: 2.555 Thread 0x0000000000f7f000 Uncommon trap: reason=class_check action=maybe_recompile pc=0x00007fd553410b88 method=java.util.regex.Pattern$Curly.match0(Ljava/util/regex/Matcher;IILjava/lang/CharSequence;)Z @ 16
Event: 2.555 Thread 0x0000000000f7f000 Uncommon trap: reason=class_check action=maybe_recompile pc=0x00007fd553410b88 method=java.util.regex.Pattern$Curly.match0(Ljava/util/regex/Matcher;IILjava/lang/CharSequence;)Z @ 16
Event: 2.555 Thread 0x0000000000f7f000 Uncommon trap: reason=class_check action=maybe_recompile pc=0x00007fd553410b88 method=java.util.regex.Pattern$Curly.match0(Ljava/util/regex/Matcher;IILjava/lang/CharSequence;)Z @ 16
Event: 2.555 Thread 0x0000000000f7f000 Uncommon trap: reason=class_check action=maybe_recompile pc=0x00007fd553410b88 method=java.util.regex.Pattern$Curly.match0(Ljava/util/regex/Matcher;IILjava/lang/CharSequence;)Z @ 16

Internal exceptions (10 events):
Event: 2.560 Thread 0x0000000000f7f000 Exception <a 'java/security/PrivilegedActionException'> (0x00000000d8b62108) thrown at [/HUDSON/workspace/8-2-build-linux-amd64/jdk8u25/1514/hotspot/src/share/vm/prims/jvm.cpp, line 1312]
Event: 2.560 Thread 0x0000000000f7f000 Exception <a 'java/security/PrivilegedActionException'> (0x00000000d8b62a38) thrown at [/HUDSON/workspace/8-2-build-linux-amd64/jdk8u25/1514/hotspot/src/share/vm/prims/jvm.cpp, line 1312]
Event: 2.561 Thread 0x0000000000f7f000 Exception <a 'java/security/PrivilegedActionException'> (0x00000000d8b66050) thrown at [/HUDSON/workspace/8-2-build-linux-amd64/jdk8u25/1514/hotspot/src/share/vm/prims/jvm.cpp, line 1312]
Event: 2.561 Thread 0x0000000000f7f000 Exception <a 'java/security/PrivilegedActionException'> (0x00000000d8b66980) thrown at [/HUDSON/workspace/8-2-build-linux-amd64/jdk8u25/1514/hotspot/src/share/vm/prims/jvm.cpp, line 1312]
Event: 2.561 Thread 0x0000000000f7f000 Exception <a 'java/security/PrivilegedActionException'> (0x00000000d8b6ab50) thrown at [/HUDSON/workspace/8-2-build-linux-amd64/jdk8u25/1514/hotspot/src/share/vm/prims/jvm.cpp, line 1312]
Event: 2.561 Thread 0x0000000000f7f000 Exception <a 'java/security/PrivilegedActionException'> (0x00000000d8b6b4c0) thrown at [/HUDSON/workspace/8-2-build-linux-amd64/jdk8u25/1514/hotspot/src/share/vm/prims/jvm.cpp, line 1312]
Event: 2.765 Thread 0x0000000000f7f000 Exception <a 'java/security/PrivilegedActionException'> (0x00000000d9266080) thrown at [/HUDSON/workspace/8-2-build-linux-amd64/jdk8u25/1514/hotspot/src/share/vm/prims/jvm.cpp, line 1312]
Event: 2.765 Thread 0x0000000000f7f000 Exception <a 'java/security/PrivilegedActionException'> (0x00000000d92669c8) thrown at [/HUDSON/workspace/8-2-build-linux-amd64/jdk8u25/1514/hotspot/src/share/vm/prims/jvm.cpp, line 1312]
Event: 2.766 Thread 0x0000000000f7f000 Exception <a 'java/security/PrivilegedActionException'> (0x00000000d926c530) thrown at [/HUDSON/workspace/8-2-build-linux-amd64/jdk8u25/1514/hotspot/src/share/vm/prims/jvm.cpp, line 1312]
Event: 2.766 Thread 0x0000000000f7f000 Exception <a 'java/security/PrivilegedActionException'> (0x00000000d926cff0) thrown at [/HUDSON/workspace/8-2-build-linux-amd64/jdk8u25/1514/hotspot/src/share/vm/prims/jvm.cpp, line 1312]

Events (10 events):
Event: 2.560 loading class org/apache/maven/ArtifactFilterManagerDelegate
Event: 2.560 loading class org/apache/maven/ArtifactFilterManagerDelegate done
Event: 2.560 loading class org/apache/maven/plugin/internal/WagonExcluder
Event: 2.560 loading class org/apache/maven/plugin/internal/WagonExcluder done
Event: 2.561 loading class org/apache/maven/plugin/internal/PlexusUtilsInjector
Event: 2.561 loading class org/apache/maven/plugin/internal/PlexusUtilsInjector done
Event: 2.765 loading class org/eclipse/aether/graph/Dependency$Exclusions$1
Event: 2.765 loading class org/eclipse/aether/graph/Dependency$Exclusions$1 done
Event: 2.766 loading class org/eclipse/aether/util/graph/selector/ExclusionDependencySelector$ExclusionComparator
Event: 2.766 loading class org/eclipse/aether/util/graph/selector/ExclusionDependencySelector$ExclusionComparator done


Dynamic libraries:
00400000-00401000 r-xp 00000000 00:16 219609847                          /gpfs/main/research/java/linux/jdk1.8.0_25/bin/java
00600000-00601000 rw-p 00000000 00:16 219609847                          /gpfs/main/research/java/linux/jdk1.8.0_25/bin/java
00f76000-01e0d000 rw-p 00000000 00:00 0                                  [heap]
82e00000-88200000 rw-p 00000000 00:00 0 
88200000-d6500000 ---p 00000000 00:00 0 
d6500000-daf00000 rw-p 00000000 00:00 0 
daf00000-100000000 ---p 00000000 00:00 0 
100000000-1001c0000 rw-p 00000000 00:00 0 
1001c0000-140000000 ---p 00000000 00:00 0 
7fd53c000000-7fd53cc3e000 rw-p 00000000 00:00 0 
7fd53cc3e000-7fd540000000 ---p 00000000 00:00 0 
7fd544000000-7fd544900000 rw-p 00000000 00:00 0 
7fd544900000-7fd548000000 ---p 00000000 00:00 0 
7fd54ae53000-7fd54aed3000 rw-p 00000000 00:00 0 
7fd54aed3000-7fd54b053000 ---p 00000000 00:00 0 
7fd54b053000-7fd54b064000 r-xp 00000000 00:16 198297120                  /gpfs/main/research/java/linux/jdk1.8.0_25/jre/lib/amd64/libnio.so
7fd54b064000-7fd54b263000 ---p 00011000 00:16 198297120                  /gpfs/main/research/java/linux/jdk1.8.0_25/jre/lib/amd64/libnio.so
7fd54b263000-7fd54b264000 rw-p 00010000 00:16 198297120                  /gpfs/main/research/java/linux/jdk1.8.0_25/jre/lib/amd64/libnio.so
7fd54b264000-7fd54b27a000 r-xp 00000000 00:16 198296988                  /gpfs/main/research/java/linux/jdk1.8.0_25/jre/lib/amd64/libnet.so
7fd54b27a000-7fd54b47a000 ---p 00016000 00:16 198296988                  /gpfs/main/research/java/linux/jdk1.8.0_25/jre/lib/amd64/libnet.so
7fd54b47a000-7fd54b47b000 rw-p 00016000 00:16 198296988                  /gpfs/main/research/java/linux/jdk1.8.0_25/jre/lib/amd64/libnet.so
7fd54b47b000-7fd54b47f000 r--s 00093000 00:16 201610623                  /gpfs/main/research/java/linux/jdk1.8.0_25/jre/lib/jsse.jar
7fd54b47f000-7fd54b67f000 rw-p 00000000 00:00 0 
7fd54b67f000-7fd54b87f000 rw-p 00000000 00:00 0 
7fd54b87f000-7fd54b89b000 r--s 00393000 00:16 249259265                  /gpfs/main/research/java/linux/jdk1.8.0_25/jre/lib/ext/cldrdata.jar
7fd54b89b000-7fd54b8a5000 r--s 00116000 00:16 240974896                  /gpfs/main/research/java/linux/jdk1.8.0_25/jre/lib/ext/localedata.jar
7fd54b8a5000-7fd54b8a6000 r--s 00002000 00:14 50783475                   /gpfs/main/course/cs032/bin/apache-maven-3.2.3/lib/slf4j-simple-1.7.5.jar
7fd54b8a6000-7fd54b8a8000 r--s 00007000 00:14 50783474                   /gpfs/main/course/cs032/bin/apache-maven-3.2.3/lib/aether-connector-wagon-0.9.0.M2.jar
7fd54b8a8000-7fd54b8a9000 r--s 00002000 00:14 50783469                   /gpfs/main/course/cs032/bin/apache-maven-3.2.3/lib/wagon-file-2.6.jar
7fd54b8a9000-7fd54b8ad000 r--s 00027000 00:14 50783464                   /gpfs/main/course/cs032/bin/apache-maven-3.2.3/lib/commons-io-2.2.jar
7fd54b8ad000-7fd54b8b2000 r--s 00041000 00:14 50783460                   /gpfs/main/course/cs032/bin/apache-maven-3.2.3/lib/commons-lang-2.6.jar
7fd54b8b2000-7fd54b8b8000 r--s 00042000 00:14 50783457                   /gpfs/main/course/cs032/bin/apache-maven-3.2.3/lib/jsoup-1.7.2.jar
7fd54b8b8000-7fd54b8b9000 r--s 00002000 00:14 50783454                   /gpfs/main/course/cs032/bin/apache-maven-3.2.3/lib/wagon-http-shared-2.6.jar
7fd54b8b9000-7fd54b8d8000 r--s 00134000 00:14 50783453                   /gpfs/main/course/cs032/bin/apache-maven-3.2.3/lib/wagon-http-2.6-shaded.jar
7fd54b8d8000-7fd54b8da000 r--s 00009000 00:14 50783447                   /gpfs/main/course/cs032/bin/apache-maven-3.2.3/lib/commons-cli-1.2.jar
7fd54b8da000-7fd54b8dc000 r--s 00005000 00:14 50783446                   /gpfs/main/course/cs032/bin/apache-maven-3.2.3/lib/slf4j-api-1.7.5.jar
7fd54b8dc000-7fd54b8de000 r--s 0000b000 00:14 50783445                   /gpfs/main/course/cs032/bin/apache-maven-3.2.3/lib/wagon-provider-api-2.6.jar
7fd54b8de000-7fd54b8e5000 r--s 0003f000 00:14 50783443                   /gpfs/main/course/cs032/bin/apache-maven-3.2.3/lib/maven-compat-3.2.3.jar
7fd54b8e5000-7fd54b8e9000 r--s 00020000 00:14 50783441                   /gpfs/main/course/cs032/bin/apache-maven-3.2.3/lib/aether-impl-0.9.0.M2.jar
7fd54b8e9000-7fd54b8ed000 r--s 0001d000 00:14 50783440                   /gpfs/main/course/cs032/bin/apache-maven-3.2.3/lib/aether-util-0.9.0.M2.jar
7fd54b8ed000-7fd54b8ef000 r--s 00003000 00:14 50783439                   /gpfs/main/course/cs032/bin/apache-maven-3.2.3/lib/aether-spi-0.9.0.M2.jar
7fd54b8ef000-7fd54b8f3000 r--s 0001d000 00:14 50783438                   /gpfs/main/course/cs032/bin/apache-maven-3.2.3/lib/aether-api-0.9.0.M2.jar
7fd54b8f3000-7fd54b8f5000 r--s 0000e000 00:14 50783437                   /gpfs/main/course/cs032/bin/apache-maven-3.2.3/lib/maven-aether-provider-3.2.3.jar
7fd54b8f5000-7fd54b8fa000 r--s 00025000 00:14 50783436                   /gpfs/main/course/cs032/bin/apache-maven-3.2.3/lib/maven-model-builder-3.2.3.jar
7fd54b8fa000-7fd54b923000 r--s 001ee000 00:14 50783429                   /gpfs/main/course/cs032/bin/apache-maven-3.2.3/lib/guava-14.0.1.jar
7fd54b923000-7fd54b926000 r--s 0000a000 00:14 50783308                   /gpfs/main/course/cs032/bin/apache-maven-3.2.3/boot/plexus-classworlds-2.5.1.jar
7fd54b926000-7fd54b927000 ---p 00000000 00:00 0 
7fd54b927000-7fd54ba27000 rw-p 00000000 00:00 0 
7fd54ba27000-7fd54ba2a000 ---p 00000000 00:00 0 
7fd54ba2a000-7fd54bb28000 rw-p 00000000 00:00 0 
7fd54bb28000-7fd54bb2b000 ---p 00000000 00:00 0 
7fd54bb2b000-7fd54bc29000 rw-p 00000000 00:00 0 
7fd54bc29000-7fd54bc2c000 ---p 00000000 00:00 0 
7fd54bc2c000-7fd54bd2a000 rw-p 00000000 00:00 0 
7fd54bd2a000-7fd54bd2d000 ---p 00000000 00:00 0 
7fd54bd2d000-7fd54be2b000 rw-p 00000000 00:00 0 
7fd54be2b000-7fd54be2e000 ---p 00000000 00:00 0 
7fd54be2e000-7fd54bf2c000 rw-p 00000000 00:00 0 
7fd54bf2c000-7fd54bf2f000 ---p 00000000 00:00 0 
7fd54bf2f000-7fd54c02d000 rw-p 00000000 00:00 0 
7fd54c02d000-7fd54c030000 ---p 00000000 00:00 0 
7fd54c030000-7fd54c12e000 rw-p 00000000 00:00 0 
7fd54c12e000-7fd54c12f000 ---p 00000000 00:00 0 
7fd54c12f000-7fd54d232000 rw-p 00000000 00:00 0 
7fd54d232000-7fd54d408000 r--s 03caa000 00:16 198297256                  /gpfs/main/research/java/linux/jdk1.8.0_25/jre/lib/rt.jar
7fd54d408000-7fd551f7a000 rw-p 00000000 00:00 0 
7fd551f7a000-7fd551f7b000 ---p 00000000 00:00 0 
7fd551f7b000-7fd55207b000 rw-p 00000000 00:00 0 
7fd55207b000-7fd55207c000 ---p 00000000 00:00 0 
7fd55207c000-7fd55217c000 rw-p 00000000 00:00 0 
7fd55217c000-7fd55217d000 ---p 00000000 00:00 0 
7fd55217d000-7fd55227d000 rw-p 00000000 00:00 0 
7fd55227d000-7fd55227e000 ---p 00000000 00:00 0 
7fd55227e000-7fd5523a8000 rw-p 00000000 00:00 0 
7fd5523a8000-7fd55261a000 ---p 00000000 00:00 0 
7fd55261a000-7fd552644000 rw-p 00000000 00:00 0 
7fd552644000-7fd5528b5000 ---p 00000000 00:00 0 
7fd5528b5000-7fd5528db000 rw-p 00000000 00:00 0 
7fd5528db000-7fd552a03000 ---p 00000000 00:00 0 
7fd552a03000-7fd552a21000 rw-p 00000000 00:00 0 
7fd552a21000-7fd552dc4000 ---p 00000000 00:00 0 
7fd552dc4000-7fd5534e4000 rwxp 00000000 00:00 0 
7fd5534e4000-7fd561dc4000 ---p 00000000 00:00 0 
7fd561dc4000-7fd561dde000 r-xp 00000000 00:16 198296976                  /gpfs/main/research/java/linux/jdk1.8.0_25/jre/lib/amd64/libzip.so
7fd561dde000-7fd561fde000 ---p 0001a000 00:16 198296976                  /gpfs/main/research/java/linux/jdk1.8.0_25/jre/lib/amd64/libzip.so
7fd561fde000-7fd561fdf000 rw-p 0001a000 00:16 198296976                  /gpfs/main/research/java/linux/jdk1.8.0_25/jre/lib/amd64/libzip.so
7fd561fdf000-7fd562009000 r-xp 00000000 00:16 198296912                  /gpfs/main/research/java/linux/jdk1.8.0_25/jre/lib/amd64/libjava.so
7fd562009000-7fd562209000 ---p 0002a000 00:16 198296912                  /gpfs/main/research/java/linux/jdk1.8.0_25/jre/lib/amd64/libjava.so
7fd562209000-7fd56220b000 rw-p 0002a000 00:16 198296912                  /gpfs/main/research/java/linux/jdk1.8.0_25/jre/lib/amd64/libjava.so
7fd56220b000-7fd562218000 r-xp 00000000 00:16 198296928                  /gpfs/main/research/java/linux/jdk1.8.0_25/jre/lib/amd64/libverify.so
7fd562218000-7fd562418000 ---p 0000d000 00:16 198296928                  /gpfs/main/research/java/linux/jdk1.8.0_25/jre/lib/amd64/libverify.so
7fd562418000-7fd56241a000 rw-p 0000d000 00:16 198296928                  /gpfs/main/research/java/linux/jdk1.8.0_25/jre/lib/amd64/libverify.so
7fd56241a000-7fd562421000 r-xp 00000000 fe:00 2217                       /lib/x86_64-linux-gnu/librt-2.13.so
7fd562421000-7fd562620000 ---p 00007000 fe:00 2217                       /lib/x86_64-linux-gnu/librt-2.13.so
7fd562620000-7fd562621000 r--p 00006000 fe:00 2217                       /lib/x86_64-linux-gnu/librt-2.13.so
7fd562621000-7fd562622000 rw-p 00007000 fe:00 2217                       /lib/x86_64-linux-gnu/librt-2.13.so
7fd562622000-7fd5626a3000 r-xp 00000000 fe:00 2190                       /lib/x86_64-linux-gnu/libm-2.13.so
7fd5626a3000-7fd5628a2000 ---p 00081000 fe:00 2190                       /lib/x86_64-linux-gnu/libm-2.13.so
7fd5628a2000-7fd5628a3000 r--p 00080000 fe:00 2190                       /lib/x86_64-linux-gnu/libm-2.13.so
7fd5628a3000-7fd5628a4000 rw-p 00081000 fe:00 2190                       /lib/x86_64-linux-gnu/libm-2.13.so
7fd5628a4000-7fd563511000 r-xp 00000000 00:16 198297039                  /gpfs/main/research/java/linux/jdk1.8.0_25/jre/lib/amd64/server/libjvm.so
7fd563511000-7fd563710000 ---p 00c6d000 00:16 198297039                  /gpfs/main/research/java/linux/jdk1.8.0_25/jre/lib/amd64/server/libjvm.so
7fd563710000-7fd5637e6000 rw-p 00c6c000 00:16 198297039                  /gpfs/main/research/java/linux/jdk1.8.0_25/jre/lib/amd64/server/libjvm.so
7fd5637e6000-7fd563829000 rw-p 00000000 00:00 0 
7fd563829000-7fd5639aa000 r-xp 00000000 fe:00 2197                       /lib/x86_64-linux-gnu/libc-2.13.so
7fd5639aa000-7fd563baa000 ---p 00181000 fe:00 2197                       /lib/x86_64-linux-gnu/libc-2.13.so
7fd563baa000-7fd563bae000 r--p 00181000 fe:00 2197                       /lib/x86_64-linux-gnu/libc-2.13.so
7fd563bae000-7fd563baf000 rw-p 00185000 fe:00 2197                       /lib/x86_64-linux-gnu/libc-2.13.so
7fd563baf000-7fd563bb4000 rw-p 00000000 00:00 0 
7fd563bb4000-7fd563bb6000 r-xp 00000000 fe:00 2205                       /lib/x86_64-linux-gnu/libdl-2.13.so
7fd563bb6000-7fd563db6000 ---p 00002000 fe:00 2205                       /lib/x86_64-linux-gnu/libdl-2.13.so
7fd563db6000-7fd563db7000 r--p 00002000 fe:00 2205                       /lib/x86_64-linux-gnu/libdl-2.13.so
7fd563db7000-7fd563db8000 rw-p 00003000 fe:00 2205                       /lib/x86_64-linux-gnu/libdl-2.13.so
7fd563db8000-7fd563dcd000 r-xp 00000000 00:16 100859497                  /gpfs/main/research/java/linux/jdk1.8.0_25/lib/amd64/jli/libjli.so
7fd563dcd000-7fd563fcc000 ---p 00015000 00:16 100859497                  /gpfs/main/research/java/linux/jdk1.8.0_25/lib/amd64/jli/libjli.so
7fd563fcc000-7fd563fcd000 rw-p 00014000 00:16 100859497                  /gpfs/main/research/java/linux/jdk1.8.0_25/lib/amd64/jli/libjli.so
7fd563fcd000-7fd563fe4000 r-xp 00000000 fe:00 2218                       /lib/x86_64-linux-gnu/libpthread-2.13.so
7fd563fe4000-7fd5641e3000 ---p 00017000 fe:00 2218                       /lib/x86_64-linux-gnu/libpthread-2.13.so
7fd5641e3000-7fd5641e4000 r--p 00016000 fe:00 2218                       /lib/x86_64-linux-gnu/libpthread-2.13.so
7fd5641e4000-7fd5641e5000 rw-p 00017000 fe:00 2218                       /lib/x86_64-linux-gnu/libpthread-2.13.so
7fd5641e5000-7fd5641e9000 rw-p 00000000 00:00 0 
7fd5641e9000-7fd564209000 r-xp 00000000 fe:00 2214                       /lib/x86_64-linux-gnu/ld-2.13.so
7fd564209000-7fd56420f000 r--s 00042000 00:14 50783433                   /gpfs/main/course/cs032/bin/apache-maven-3.2.3/lib/org.eclipse.sisu.inject-0.0.0.M5.jar
7fd56420f000-7fd564217000 r--s 00050000 00:14 50783431                   /gpfs/main/course/cs032/bin/apache-maven-3.2.3/lib/sisu-guice-3.1.3-no_aop.jar
7fd564217000-7fd564218000 r--s 00000000 00:14 50783426                   /gpfs/main/course/cs032/bin/apache-maven-3.2.3/lib/javax.inject-1.jar
7fd564218000-7fd564219000 r--s 00001000 00:14 50783425                   /gpfs/main/course/cs032/bin/apache-maven-3.2.3/lib/jsr250-api-1.0.jar
7fd564219000-7fd56421c000 r--s 00008000 00:14 50783419                   /gpfs/main/course/cs032/bin/apache-maven-3.2.3/lib/cdi-api-1.0.jar
7fd56421c000-7fd564222000 r--s 0002a000 00:14 50783416                   /gpfs/main/course/cs032/bin/apache-maven-3.2.3/lib/org.eclipse.sisu.plexus-0.0.0.M5.jar
7fd564222000-7fd564224000 r--s 0000a000 00:14 50783415                   /gpfs/main/course/cs032/bin/apache-maven-3.2.3/lib/maven-plugin-api-3.2.3.jar
7fd564224000-7fd564227000 r--s 0000b000 00:14 50783414                   /gpfs/main/course/cs032/bin/apache-maven-3.2.3/lib/maven-artifact-3.2.3.jar
7fd564227000-7fd564229000 r--s 00005000 00:14 50783378                   /gpfs/main/course/cs032/bin/apache-maven-3.2.3/lib/maven-repository-metadata-3.2.3.jar
7fd564229000-7fd56422b000 r--s 00002000 00:14 49955756                   /gpfs/main/course/cs032/bin/apache-maven-3.2.3/lib/plexus-cipher-1.7.jar
7fd56422b000-7fd56422c000 r--s 00006000 00:14 50783328                   /gpfs/main/course/cs032/bin/apache-maven-3.2.3/lib/plexus-sec-dispatcher-1.3.jar
7fd56422c000-7fd56422e000 r--s 00000000 00:14 50783240                   /gpfs/main/course/cs032/bin/apache-maven-3.2.3/lib/plexus-component-annotations-1.5.5.jar
7fd56422e000-7fd564231000 r--s 0000d000 00:14 49127297                   /gpfs/main/course/cs032/bin/apache-maven-3.2.3/lib/plexus-interpolation-1.19.jar
7fd564231000-7fd564233000 r--s 00009000 00:14 50783375                   /gpfs/main/course/cs032/bin/apache-maven-3.2.3/lib/maven-settings-builder-3.2.3.jar
7fd564233000-7fd564236000 r--s 00025000 00:14 50783269                   /gpfs/main/course/cs032/bin/apache-maven-3.2.3/lib/maven-model-3.2.3.jar
7fd564236000-7fd564242000 r--s 00085000 00:14 49955830                   /gpfs/main/course/cs032/bin/apache-maven-3.2.3/lib/maven-core-3.2.3.jar
7fd564242000-7fd564246000 r--s 0003a000 00:14 50783382                   /gpfs/main/course/cs032/bin/apache-maven-3.2.3/lib/plexus-utils-3.0.17.jar
7fd564246000-7fd5642c9000 r--s 00000000 00:0e 6629                       /run/nscd/dbfzWBdR (deleted)
7fd5642c9000-7fd5642cc000 ---p 00000000 00:00 0 
7fd5642cc000-7fd5643ce000 rw-p 00000000 00:00 0 
7fd5643ce000-7fd5643d0000 r--s 00000000 00:14 50783432                   /gpfs/main/course/cs032/bin/apache-maven-3.2.3/lib/aopalliance-1.0.jar
7fd5643d0000-7fd5643d2000 r--s 00009000 00:14 50783265                   /gpfs/main/course/cs032/bin/apache-maven-3.2.3/lib/maven-settings-3.2.3.jar
7fd5643d2000-7fd5643d4000 r--s 0000d000 00:14 49955724                   /gpfs/main/course/cs032/bin/apache-maven-3.2.3/lib/maven-embedder-3.2.3.jar
7fd5643d4000-7fd5643fc000 rw-p 00000000 00:00 0 
7fd5643fc000-7fd564404000 rw-s 00000000 fe:04 28                         /tmp/hsperfdata_gpane/9544
7fd564404000-7fd564405000 rw-p 00000000 00:00 0 
7fd564405000-7fd564406000 r--p 00000000 00:00 0 
7fd564406000-7fd564408000 rw-p 00000000 00:00 0 
7fd564408000-7fd564409000 r--p 0001f000 fe:00 2214                       /lib/x86_64-linux-gnu/ld-2.13.so
7fd564409000-7fd56440a000 rw-p 00020000 fe:00 2214                       /lib/x86_64-linux-gnu/ld-2.13.so
7fd56440a000-7fd56440b000 rw-p 00000000 00:00 0 
7ffd2f152000-7ffd2f173000 rw-p 00000000 00:00 0                          [stack]
7ffd2f1ff000-7ffd2f200000 r-xp 00000000 00:00 0                          [vdso]
ffffffffff600000-ffffffffff601000 r-xp 00000000 00:00 0                  [vsyscall]

VM Arguments:
jvm_args: -Dclassworlds.conf=/course/cs032/bin/apache-maven-3.2.3/bin/m2.conf -Dmaven.home=/course/cs032/bin/apache-maven-3.2.3 
java_command: org.codehaus.plexus.classworlds.launcher.Launcher package
java_class_path (initial): /course/cs032/bin/apache-maven-3.2.3/boot/plexus-classworlds-2.5.1.jar
Launcher Type: SUN_STANDARD

Environment Variables:
JAVA_HOME=/pro/java/linux/jdk1.8.0
JRE_HOME=/pro/java/linux/jdk1.8.0
PATH=/course/cs032/bin:/local/bin:/usr/local/bin:/bin:/usr/bin:/usr/X11R6/bin:/usr/games:/contrib/bin:/course/cs051/bin:/course/cs022/bin:/course/cs032/bin:/course/cs141/bin:/course/cs018/tabin:/course/cs018/bin:/admin/tasupport/bin:/course/cs033/bin:/course/cs195y/bin:/course/cs018/scala/bin
SHELL=/bin/bash
DISPLAY=:0.0

Signal Handlers:
SIGSEGV: [libjvm.so+0xa79a80], sa_mask[0]=11111111011111111101111111111110, sa_flags=SA_RESTART|SA_SIGINFO
SIGBUS: [libjvm.so+0xa79a80], sa_mask[0]=11111111011111111101111111111110, sa_flags=SA_RESTART|SA_SIGINFO
SIGFPE: [libjvm.so+0x8e24e0], sa_mask[0]=11111111011111111101111111111110, sa_flags=SA_RESTART|SA_SIGINFO
SIGPIPE: [libjvm.so+0x8e24e0], sa_mask[0]=11111111011111111101111111111110, sa_flags=SA_RESTART|SA_SIGINFO
SIGXFSZ: [libjvm.so+0x8e24e0], sa_mask[0]=11111111011111111101111111111110, sa_flags=SA_RESTART|SA_SIGINFO
SIGILL: [libjvm.so+0x8e24e0], sa_mask[0]=11111111011111111101111111111110, sa_flags=SA_RESTART|SA_SIGINFO
SIGUSR1: SIG_DFL, sa_mask[0]=00000000000000000000000000000000, sa_flags=none
SIGUSR2: [libjvm.so+0x8e3d10], sa_mask[0]=00000000000000000000000000000000, sa_flags=SA_RESTART|SA_SIGINFO
SIGHUP: [libjvm.so+0x8e50d0], sa_mask[0]=11111111011111111101111111111110, sa_flags=SA_RESTART|SA_SIGINFO
SIGINT: [libjvm.so+0x8e50d0], sa_mask[0]=11111111011111111101111111111110, sa_flags=SA_RESTART|SA_SIGINFO
SIGTERM: [libjvm.so+0x8e50d0], sa_mask[0]=11111111011111111101111111111110, sa_flags=SA_RESTART|SA_SIGINFO
SIGQUIT: [libjvm.so+0x8e50d0], sa_mask[0]=11111111011111111101111111111110, sa_flags=SA_RESTART|SA_SIGINFO


---------------  S Y S T E M  ---------------

OS:PRETTY_NAME="Debian GNU/Linux 7 (wheezy)"
NAME="Debian GNU/Linux"
VERSION_ID="7"
VERSION="7 (wheezy)"
ID=debian
ANSI_COLOR="1;31"
HOME_URL="http://www.debian.org/"
SUPPORT_URL="http://www.debian.org/support/"
BUG_REPORT_URL="http://bugs.debian.org/"

uname:Linux 3.2.0-4-amd64 #1 SMP Debian 3.2.68-1+deb7u1 x86_64
libc:glibc 2.13 NPTL 2.13 
rlimit: STACK 8192k, CORE 0k, NPROC 63961, NOFILE 4096, AS infinity
load average:0.86 1.20 0.88

/proc/meminfo:
MemTotal:        8199880 kB
MemFree:         5283272 kB
Buffers:           56060 kB
Cached:           773616 kB
SwapCached:            0 kB
Active:          2212076 kB
Inactive:         544920 kB
Active(anon):    1927868 kB
Inactive(anon):    44928 kB
Active(file):     284208 kB
Inactive(file):   499992 kB
Unevictable:           0 kB
Mlocked:               0 kB
SwapTotal:       8388604 kB
SwapFree:        8388604 kB
Dirty:               160 kB
Writeback:             0 kB
AnonPages:       1927908 kB
Mapped:           227008 kB
Shmem:             45492 kB
Slab:              57816 kB
SReclaimable:      27944 kB
SUnreclaim:        29872 kB
KernelStack:        3632 kB
PageTables:        25548 kB
NFS_Unstable:          0 kB
Bounce:                0 kB
WritebackTmp:          0 kB
CommitLimit:    12488544 kB
Committed_AS:    4573256 kB
VmallocTotal:   34359738367 kB
VmallocUsed:      326568 kB
VmallocChunk:   34359407612 kB
HardwareCorrupted:     0 kB
AnonHugePages:         0 kB
HugePages_Total:       0
HugePages_Free:        0
HugePages_Rsvd:        0
HugePages_Surp:        0
Hugepagesize:       2048 kB
DirectMap4k:      124480 kB
DirectMap2M:     8263680 kB


CPU:total 4 (4 cores per cpu, 1 threads per core) family 6 model 15 stepping 11, cmov, cx8, fxsr, mmx, sse, sse2, sse3, ssse3, tsc

/proc/cpuinfo:
processor	: 0
vendor_id	: GenuineIntel
cpu family	: 6
model		: 15
model name	: Intel(R) Core(TM)2 Quad CPU    Q6600  @ 2.40GHz
stepping	: 11
microcode	: 0xb6
cpu MHz		: 2400.053
cache size	: 4096 KB
physical id	: 0
siblings	: 4
core id		: 0
cpu cores	: 4
apicid		: 0
initial apicid	: 0
fpu		: yes
fpu_exception	: yes
cpuid level	: 10
wp		: yes
flags		: fpu vme de pse tsc msr pae mce cx8 apic sep mtrr pge mca cmov pat pse36 clflush dts acpi mmx fxsr sse sse2 ss ht tm pbe syscall nx lm constant_tsc arch_perfmon pebs bts rep_good nopl aperfmperf pni dtes64 monitor ds_cpl vmx est tm2 ssse3 cx16 xtpr pdcm lahf_lm dtherm tpr_shadow vnmi flexpriority
bogomips	: 4800.10
clflush size	: 64
cache_alignment	: 64
address sizes	: 36 bits physical, 48 bits virtual
power management:

processor	: 1
vendor_id	: GenuineIntel
cpu family	: 6
model		: 15
model name	: Intel(R) Core(TM)2 Quad CPU    Q6600  @ 2.40GHz
stepping	: 11
microcode	: 0xb6
cpu MHz		: 2400.053
cache size	: 4096 KB
physical id	: 0
siblings	: 4
core id		: 1
cpu cores	: 4
apicid		: 1
initial apicid	: 1
fpu		: yes
fpu_exception	: yes
cpuid level	: 10
wp		: yes
flags		: fpu vme de pse tsc msr pae mce cx8 apic sep mtrr pge mca cmov pat pse36 clflush dts acpi mmx fxsr sse sse2 ss ht tm pbe syscall nx lm constant_tsc arch_perfmon pebs bts rep_good nopl aperfmperf pni dtes64 monitor ds_cpl vmx est tm2 ssse3 cx16 xtpr pdcm lahf_lm dtherm tpr_shadow vnmi flexpriority
bogomips	: 4800.23
clflush size	: 64
cache_alignment	: 64
address sizes	: 36 bits physical, 48 bits virtual
power management:

processor	: 2
vendor_id	: GenuineIntel
cpu family	: 6
model		: 15
model name	: Intel(R) Core(TM)2 Quad CPU    Q6600  @ 2.40GHz
stepping	: 11
microcode	: 0xb6
cpu MHz		: 2400.053
cache size	: 4096 KB
physical id	: 0
siblings	: 4
core id		: 2
cpu cores	: 4
apicid		: 2
initial apicid	: 2
fpu		: yes
fpu_exception	: yes
cpuid level	: 10
wp		: yes
flags		: fpu vme de pse tsc msr pae mce cx8 apic sep mtrr pge mca cmov pat pse36 clflush dts acpi mmx fxsr sse sse2 ss ht tm pbe syscall nx lm constant_tsc arch_perfmon pebs bts rep_good nopl aperfmperf pni dtes64 monitor ds_cpl vmx est tm2 ssse3 cx16 xtpr pdcm lahf_lm dtherm tpr_shadow vnmi flexpriority
bogomips	: 4800.28
clflush size	: 64
cache_alignment	: 64
address sizes	: 36 bits physical, 48 bits virtual
power management:

processor	: 3
vendor_id	: GenuineIntel
cpu family	: 6
model		: 15
model name	: Intel(R) Core(TM)2 Quad CPU    Q6600  @ 2.40GHz
stepping	: 11
microcode	: 0xb6
cpu MHz		: 2400.053
cache size	: 4096 KB
physical id	: 0
siblings	: 4
core id		: 3
cpu cores	: 4
apicid		: 3
initial apicid	: 3
fpu		: yes
fpu_exception	: yes
cpuid level	: 10
wp		: yes
flags		: fpu vme de pse tsc msr pae mce cx8 apic sep mtrr pge mca cmov pat pse36 clflush dts acpi mmx fxsr sse sse2 ss ht tm pbe syscall nx lm constant_tsc arch_perfmon pebs bts rep_good nopl aperfmperf pni dtes64 monitor ds_cpl vmx est tm2 ssse3 cx16 xtpr pdcm lahf_lm dtherm tpr_shadow vnmi flexpriority
bogomips	: 4800.27
clflush size	: 64
cache_alignment	: 64
address sizes	: 36 bits physical, 48 bits virtual
power management:



Memory: 4k page, physical 8199880k(5283272k free), swap 8388604k(8388604k free)

vm_info: Java HotSpot(TM) 64-Bit Server VM (25.25-b02) for linux-amd64 JRE (1.8.0_25-b17), built on Sep 17 2014 17:32:11 by "java_re" with gcc 4.3.0 20080428 (Red Hat 4.3.0-8)

time: Thu May  7 20:35:46 2015
elapsed time: 2 seconds (0d 0h 0m 2s)

